ARM GAS  C:\Users\schmi\AppData\Local\Temp\cc6jaHDZ.s 			page 1


   1              		.syntax unified
   2              		.cpu cortex-m3
   3              		.fpu softvfp
   4              		.eabi_attribute 20, 1
   5              		.eabi_attribute 21, 1
   6              		.eabi_attribute 23, 3
   7              		.eabi_attribute 24, 1
   8              		.eabi_attribute 25, 1
   9              		.eabi_attribute 26, 1
  10              		.eabi_attribute 30, 6
  11              		.eabi_attribute 34, 1
  12              		.eabi_attribute 18, 4
  13              		.thumb
  14              		.syntax unified
  15              		.file	"button.c"
  16              		.text
  17              	.Ltext0:
  18              		.cfi_sections	.debug_frame
  19              		.section	.text.BUTTON_Init,"ax",%progbits
  20              		.align	2
  21              		.global	BUTTON_Init
  22              		.thumb
  23              		.thumb_func
  24              		.type	BUTTON_Init, %function
  25              	BUTTON_Init:
  26              	.LFB110:
  27              		.file 1 "source\\bsw\\labboard\\button.c"
   1:source\bsw\labboard/button.c **** /**
   2:source\bsw\labboard/button.c **** * \file button.c
   3:source\bsw\labboard/button.c **** * \author P. Fromm
   4:source\bsw\labboard/button.c **** * \date 29.7.17
   5:source\bsw\labboard/button.c **** *
   6:source\bsw\labboard/button.c **** * \brief Simple button driver
   7:source\bsw\labboard/button.c **** *
   8:source\bsw\labboard/button.c **** * \copyright Copyright ©2016
   9:source\bsw\labboard/button.c **** * Department of electrical engineering and information technology, Hochschule Darmstadt - Universit
  10:source\bsw\labboard/button.c **** * Permission to use, copy, modify, and distribute this software and its documentation for education
  11:source\bsw\labboard/button.c **** * (unless permitted by h_da) and official h_da projects, is hereby granted for enrolled students of
  12:source\bsw\labboard/button.c **** * this paragraph and the following paragraph appear in all copies, modifications, and distributions
  13:source\bsw\labboard/button.c **** * Contact Prof.Dr.-Ing. Peter Fromm, peter.fromm@h-da.de, Birkenweg 8 64295 Darmstadt - GERMANY for
  14:source\bsw\labboard/button.c **** *
  15:source\bsw\labboard/button.c **** * \warning This software is a PROTOTYPE version and is not designed or intended for use in producti
  16:source\bsw\labboard/button.c **** * The user represents and warrants that it will NOT use or redistribute the Software for such purpo
  17:source\bsw\labboard/button.c **** * This prototype is for research purposes only. This software is provided "AS IS," without a warran
  18:source\bsw\labboard/button.c **** */
  19:source\bsw\labboard/button.c **** 
  20:source\bsw\labboard/button.c **** /*****************************************************************************/
  21:source\bsw\labboard/button.c **** /* Include files                                                             */
  22:source\bsw\labboard/button.c **** /*****************************************************************************/
  23:source\bsw\labboard/button.c **** #include "project.h"
  24:source\bsw\labboard/button.c **** #include "button.h"
  25:source\bsw\labboard/button.c **** 
  26:source\bsw\labboard/button.c **** #include "button_1.h"
  27:source\bsw\labboard/button.c **** #include "button_2.h"
  28:source\bsw\labboard/button.c **** #include "button_3.h"
  29:source\bsw\labboard/button.c **** #include "button_4.h"
  30:source\bsw\labboard/button.c **** 
ARM GAS  C:\Users\schmi\AppData\Local\Temp\cc6jaHDZ.s 			page 2


  31:source\bsw\labboard/button.c **** 
  32:source\bsw\labboard/button.c **** /*****************************************************************************/
  33:source\bsw\labboard/button.c **** /* Local pre-processor symbols/macros ('#define')                            */
  34:source\bsw\labboard/button.c **** /*****************************************************************************/
  35:source\bsw\labboard/button.c **** 
  36:source\bsw\labboard/button.c **** /*****************************************************************************/
  37:source\bsw\labboard/button.c **** /* Global variable definitions (declared in header file with 'extern')       */
  38:source\bsw\labboard/button.c **** /*****************************************************************************/
  39:source\bsw\labboard/button.c **** 
  40:source\bsw\labboard/button.c **** /*****************************************************************************/
  41:source\bsw\labboard/button.c **** /* Local type definitions ('typedef')                                        */
  42:source\bsw\labboard/button.c **** /*****************************************************************************/
  43:source\bsw\labboard/button.c **** 
  44:source\bsw\labboard/button.c **** /*****************************************************************************/
  45:source\bsw\labboard/button.c **** /* Local variable definitions ('static')                                     */
  46:source\bsw\labboard/button.c **** /*****************************************************************************/
  47:source\bsw\labboard/button.c **** 
  48:source\bsw\labboard/button.c **** 
  49:source\bsw\labboard/button.c **** 
  50:source\bsw\labboard/button.c **** /*****************************************************************************/
  51:source\bsw\labboard/button.c **** /* Local function prototypes ('static')                                      */
  52:source\bsw\labboard/button.c **** /*****************************************************************************/
  53:source\bsw\labboard/button.c **** 
  54:source\bsw\labboard/button.c **** 
  55:source\bsw\labboard/button.c **** /*****************************************************************************/
  56:source\bsw\labboard/button.c **** /* Function implementation - global ('extern') and local ('static')          */
  57:source\bsw\labboard/button.c **** /*****************************************************************************/
  58:source\bsw\labboard/button.c **** 
  59:source\bsw\labboard/button.c **** /**
  60:source\bsw\labboard/button.c ****  * Initialize Button
  61:source\bsw\labboard/button.c ****  * @return RC_SUCCESS if ok
  62:source\bsw\labboard/button.c ****  */
  63:source\bsw\labboard/button.c **** RC_t BUTTON_Init(cyisraddress address)
  64:source\bsw\labboard/button.c **** {
  28              		.loc 1 64 0
  29              		.cfi_startproc
  30              		@ args = 0, pretend = 0, frame = 8
  31              		@ frame_needed = 1, uses_anonymous_args = 0
  32 0000 80B5     		push	{r7, lr}
  33              		.cfi_def_cfa_offset 8
  34              		.cfi_offset 7, -8
  35              		.cfi_offset 14, -4
  36 0002 82B0     		sub	sp, sp, #8
  37              		.cfi_def_cfa_offset 16
  38 0004 00AF     		add	r7, sp, #0
  39              		.cfi_def_cfa_register 7
  40 0006 7860     		str	r0, [r7, #4]
  65:source\bsw\labboard/button.c ****  
  66:source\bsw\labboard/button.c ****     if (address != 0)
  41              		.loc 1 66 0
  42 0008 7B68     		ldr	r3, [r7, #4]
  43 000a 002B     		cmp	r3, #0
  44 000c 02D0     		beq	.L2
  45              	.LBB2:
  67:source\bsw\labboard/button.c ****     {
  68:source\bsw\labboard/button.c ****         isr_Button_StartEx(address);
  46              		.loc 1 68 0
ARM GAS  C:\Users\schmi\AppData\Local\Temp\cc6jaHDZ.s 			page 3


  47 000e 7868     		ldr	r0, [r7, #4]
  48 0010 FFF7FEFF 		bl	isr_Button_StartEx
  49              	.L2:
  50              	.LBE2:
  69:source\bsw\labboard/button.c ****     }
  70:source\bsw\labboard/button.c ****     
  71:source\bsw\labboard/button.c ****     return RC_SUCCESS;
  51              		.loc 1 71 0
  52 0014 0023     		movs	r3, #0
  72:source\bsw\labboard/button.c **** }
  53              		.loc 1 72 0
  54 0016 1846     		mov	r0, r3
  55 0018 0837     		adds	r7, r7, #8
  56              		.cfi_def_cfa_offset 8
  57 001a BD46     		mov	sp, r7
  58              		.cfi_def_cfa_register 13
  59              		@ sp needed
  60 001c 80BD     		pop	{r7, pc}
  61              		.cfi_endproc
  62              	.LFE110:
  63              		.size	BUTTON_Init, .-BUTTON_Init
  64 001e 00BF     		.section	.text.BUTTON_IsPressed,"ax",%progbits
  65              		.align	2
  66              		.global	BUTTON_IsPressed
  67              		.thumb
  68              		.thumb_func
  69              		.type	BUTTON_IsPressed, %function
  70              	BUTTON_IsPressed:
  71              	.LFB111:
  73:source\bsw\labboard/button.c **** 
  74:source\bsw\labboard/button.c **** /**
  75:source\bsw\labboard/button.c ****  * Initialize Button
  76:source\bsw\labboard/button.c ****  * @param BUTTON_id_t button - check if the corresponding button is pressed
  77:source\bsw\labboard/button.c ****  * @return TRUE if button is pressed
  78:source\bsw\labboard/button.c ****  */
  79:source\bsw\labboard/button.c **** boolean_t BUTTON_IsPressed(BUTTON_id_t button)
  80:source\bsw\labboard/button.c **** {
  72              		.loc 1 80 0
  73              		.cfi_startproc
  74              		@ args = 0, pretend = 0, frame = 16
  75              		@ frame_needed = 1, uses_anonymous_args = 0
  76 0000 80B5     		push	{r7, lr}
  77              		.cfi_def_cfa_offset 8
  78              		.cfi_offset 7, -8
  79              		.cfi_offset 14, -4
  80 0002 84B0     		sub	sp, sp, #16
  81              		.cfi_def_cfa_offset 24
  82 0004 00AF     		add	r7, sp, #0
  83              		.cfi_def_cfa_register 7
  84 0006 0346     		mov	r3, r0
  85 0008 FB71     		strb	r3, [r7, #7]
  81:source\bsw\labboard/button.c ****     boolean_t result = FALSE;
  86              		.loc 1 81 0
  87 000a 0023     		movs	r3, #0
  88 000c FB73     		strb	r3, [r7, #15]
  82:source\bsw\labboard/button.c ****     
  83:source\bsw\labboard/button.c ****     switch (button)
ARM GAS  C:\Users\schmi\AppData\Local\Temp\cc6jaHDZ.s 			page 4


  89              		.loc 1 83 0
  90 000e FB79     		ldrb	r3, [r7, #7]	@ zero_extendqisi2
  91 0010 032B     		cmp	r3, #3
  92 0012 32D8     		bhi	.L5
  93 0014 01A2     		adr	r2, .L7
  94 0016 52F823F0 		ldr	pc, [r2, r3, lsl #2]
  95 001a 00BF     		.p2align 2
  96              	.L7:
  97 001c 2D000000 		.word	.L6+1
  98 0020 3D000000 		.word	.L8+1
  99 0024 4D000000 		.word	.L9+1
 100 0028 5D000000 		.word	.L10+1
 101              		.p2align 1
 102              	.L6:
 103              	.LBB3:
  84:source\bsw\labboard/button.c ****     {
  85:source\bsw\labboard/button.c ****         case BUTTON_1 : if (BUTTON_1_Read() == 1) result = TRUE; break;
 104              		.loc 1 85 0
 105 002c FFF7FEFF 		bl	BUTTON_1_Read
 106 0030 0346     		mov	r3, r0
 107 0032 012B     		cmp	r3, #1
 108 0034 1AD1     		bne	.L16
 109              		.loc 1 85 0 is_stmt 0 discriminator 1
 110 0036 0123     		movs	r3, #1
 111 0038 FB73     		strb	r3, [r7, #15]
 112              	.LBE3:
 113 003a 17E0     		b	.L16
 114              	.L8:
 115              	.LBB4:
  86:source\bsw\labboard/button.c ****         case BUTTON_2 : if (BUTTON_2_Read() == 1) result = TRUE; break;
 116              		.loc 1 86 0 is_stmt 1
 117 003c FFF7FEFF 		bl	BUTTON_2_Read
 118 0040 0346     		mov	r3, r0
 119 0042 012B     		cmp	r3, #1
 120 0044 14D1     		bne	.L17
 121              		.loc 1 86 0 is_stmt 0 discriminator 1
 122 0046 0123     		movs	r3, #1
 123 0048 FB73     		strb	r3, [r7, #15]
 124              	.LBE4:
 125 004a 11E0     		b	.L17
 126              	.L9:
 127              	.LBB5:
  87:source\bsw\labboard/button.c ****         case BUTTON_3 : if (BUTTON_3_Read() == 1) result = TRUE; break;
 128              		.loc 1 87 0 is_stmt 1
 129 004c FFF7FEFF 		bl	BUTTON_3_Read
 130 0050 0346     		mov	r3, r0
 131 0052 012B     		cmp	r3, #1
 132 0054 0ED1     		bne	.L18
 133              		.loc 1 87 0 is_stmt 0 discriminator 1
 134 0056 0123     		movs	r3, #1
 135 0058 FB73     		strb	r3, [r7, #15]
 136              	.LBE5:
 137 005a 0BE0     		b	.L18
 138              	.L10:
 139              	.LBB6:
  88:source\bsw\labboard/button.c ****         case BUTTON_4 : if (BUTTON_4_Read() == 1) result = TRUE; break;
 140              		.loc 1 88 0 is_stmt 1
ARM GAS  C:\Users\schmi\AppData\Local\Temp\cc6jaHDZ.s 			page 5


 141 005c FFF7FEFF 		bl	BUTTON_4_Read
 142 0060 0346     		mov	r3, r0
 143 0062 012B     		cmp	r3, #1
 144 0064 08D1     		bne	.L19
 145              		.loc 1 88 0 is_stmt 0 discriminator 1
 146 0066 0123     		movs	r3, #1
 147 0068 FB73     		strb	r3, [r7, #15]
 148              	.LBE6:
 149 006a 05E0     		b	.L19
 150              	.L16:
  85:source\bsw\labboard/button.c ****         case BUTTON_2 : if (BUTTON_2_Read() == 1) result = TRUE; break;
 151              		.loc 1 85 0 is_stmt 1
 152 006c 00BF     		nop
 153 006e 04E0     		b	.L5
 154              	.L17:
  86:source\bsw\labboard/button.c ****         case BUTTON_3 : if (BUTTON_3_Read() == 1) result = TRUE; break;
 155              		.loc 1 86 0
 156 0070 00BF     		nop
 157 0072 02E0     		b	.L5
 158              	.L18:
  87:source\bsw\labboard/button.c ****         case BUTTON_4 : if (BUTTON_4_Read() == 1) result = TRUE; break;
 159              		.loc 1 87 0
 160 0074 00BF     		nop
 161 0076 00E0     		b	.L5
 162              	.L19:
 163              		.loc 1 88 0
 164 0078 00BF     		nop
 165              	.L5:
  89:source\bsw\labboard/button.c ****     }
  90:source\bsw\labboard/button.c ****     
  91:source\bsw\labboard/button.c ****     return result;
 166              		.loc 1 91 0
 167 007a FB7B     		ldrb	r3, [r7, #15]	@ zero_extendqisi2
  92:source\bsw\labboard/button.c **** }
 168              		.loc 1 92 0
 169 007c 1846     		mov	r0, r3
 170 007e 1037     		adds	r7, r7, #16
 171              		.cfi_def_cfa_offset 8
 172 0080 BD46     		mov	sp, r7
 173              		.cfi_def_cfa_register 13
 174              		@ sp needed
 175 0082 80BD     		pop	{r7, pc}
 176              		.cfi_endproc
 177              	.LFE111:
 178              		.size	BUTTON_IsPressed, .-BUTTON_IsPressed
 179              		.text
 180              	.Letext0:
 181              		.file 2 "c:\\program files (x86)\\cypress\\psoc creator\\4.4\\psoc creator\\import\\gnu\\arm\\5.4.
 182              		.file 3 "c:\\program files (x86)\\cypress\\psoc creator\\4.4\\psoc creator\\import\\gnu\\arm\\5.4.
 183              		.file 4 "Generated_Source\\PSoC5/cytypes.h"
 184              		.file 5 "Generated_Source\\PSoC5/ErikaOS_1_common_ee_types.inc"
 185              		.file 6 "Generated_Source\\PSoC5/ErikaOS_1_cortex_mx_ee_cpu.inc"
 186              		.file 7 ".\\source\\bsw/global.h"
 187              		.file 8 "source\\bsw\\labboard\\button.h"
 188              		.file 9 "Generated_Source\\PSoC5/ErikaOS_1_ee_oo_intfunc.inc"
 189              		.file 10 "Generated_Source\\PSoC5/ErikaOS_1_cortex_mx_ee_context.inc"
 190              		.file 11 "Generated_Source\\PSoC5/ErikaOS_1_common_ee_primitives.inc"
ARM GAS  C:\Users\schmi\AppData\Local\Temp\cc6jaHDZ.s 			page 6


 191              		.file 12 "Generated_Source\\PSoC5/core_cm3.h"
 192              		.section	.debug_info,"",%progbits
 193              	.Ldebug_info0:
 194 0000 03030000 		.4byte	0x303
 195 0004 0400     		.2byte	0x4
 196 0006 00000000 		.4byte	.Ldebug_abbrev0
 197 000a 04       		.byte	0x4
 198 000b 01       		.uleb128 0x1
 199 000c 8F000000 		.4byte	.LASF70
 200 0010 0C       		.byte	0xc
 201 0011 72000000 		.4byte	.LASF71
 202 0015 72030000 		.4byte	.LASF72
 203 0019 00000000 		.4byte	.Ldebug_ranges0+0
 204 001d 00000000 		.4byte	0
 205 0021 00000000 		.4byte	.Ldebug_line0
 206 0025 02       		.uleb128 0x2
 207 0026 01       		.byte	0x1
 208 0027 06       		.byte	0x6
 209 0028 DB020000 		.4byte	.LASF0
 210 002c 02       		.uleb128 0x2
 211 002d 01       		.byte	0x1
 212 002e 08       		.byte	0x8
 213 002f B4020000 		.4byte	.LASF1
 214 0033 02       		.uleb128 0x2
 215 0034 02       		.byte	0x2
 216 0035 05       		.byte	0x5
 217 0036 39000000 		.4byte	.LASF2
 218 003a 02       		.uleb128 0x2
 219 003b 02       		.byte	0x2
 220 003c 07       		.byte	0x7
 221 003d 4E030000 		.4byte	.LASF3
 222 0041 03       		.uleb128 0x3
 223 0042 60040000 		.4byte	.LASF9
 224 0046 02       		.byte	0x2
 225 0047 3F       		.byte	0x3f
 226 0048 4C000000 		.4byte	0x4c
 227 004c 02       		.uleb128 0x2
 228 004d 04       		.byte	0x4
 229 004e 05       		.byte	0x5
 230 004f 43020000 		.4byte	.LASF4
 231 0053 02       		.uleb128 0x2
 232 0054 04       		.byte	0x4
 233 0055 07       		.byte	0x7
 234 0056 11040000 		.4byte	.LASF5
 235 005a 02       		.uleb128 0x2
 236 005b 08       		.byte	0x8
 237 005c 05       		.byte	0x5
 238 005d F8010000 		.4byte	.LASF6
 239 0061 02       		.uleb128 0x2
 240 0062 08       		.byte	0x8
 241 0063 07       		.byte	0x7
 242 0064 E7020000 		.4byte	.LASF7
 243 0068 04       		.uleb128 0x4
 244 0069 04       		.byte	0x4
 245 006a 05       		.byte	0x5
 246 006b 696E7400 		.ascii	"int\000"
 247 006f 02       		.uleb128 0x2
ARM GAS  C:\Users\schmi\AppData\Local\Temp\cc6jaHDZ.s 			page 7


 248 0070 04       		.byte	0x4
 249 0071 07       		.byte	0x7
 250 0072 FE020000 		.4byte	.LASF8
 251 0076 03       		.uleb128 0x3
 252 0077 E3030000 		.4byte	.LASF10
 253 007b 03       		.byte	0x3
 254 007c 2C       		.byte	0x2c
 255 007d 41000000 		.4byte	0x41
 256 0081 02       		.uleb128 0x2
 257 0082 04       		.byte	0x4
 258 0083 04       		.byte	0x4
 259 0084 E4010000 		.4byte	.LASF11
 260 0088 02       		.uleb128 0x2
 261 0089 08       		.byte	0x8
 262 008a 04       		.byte	0x4
 263 008b 23040000 		.4byte	.LASF12
 264 008f 02       		.uleb128 0x2
 265 0090 01       		.byte	0x1
 266 0091 08       		.byte	0x8
 267 0092 6D030000 		.4byte	.LASF13
 268 0096 05       		.uleb128 0x5
 269 0097 CE020000 		.4byte	.LASF14
 270 009b 04       		.byte	0x4
 271 009c A402     		.2byte	0x2a4
 272 009e A2000000 		.4byte	0xa2
 273 00a2 06       		.uleb128 0x6
 274 00a3 04       		.byte	0x4
 275 00a4 A8000000 		.4byte	0xa8
 276 00a8 07       		.uleb128 0x7
 277 00a9 02       		.uleb128 0x2
 278 00aa 08       		.byte	0x8
 279 00ab 04       		.byte	0x4
 280 00ac C2020000 		.4byte	.LASF15
 281 00b0 02       		.uleb128 0x2
 282 00b1 04       		.byte	0x4
 283 00b2 07       		.byte	0x7
 284 00b3 69000000 		.4byte	.LASF16
 285 00b7 03       		.uleb128 0x3
 286 00b8 3D030000 		.4byte	.LASF17
 287 00bc 05       		.byte	0x5
 288 00bd 53       		.byte	0x53
 289 00be 68000000 		.4byte	0x68
 290 00c2 03       		.uleb128 0x3
 291 00c3 47010000 		.4byte	.LASF18
 292 00c7 05       		.byte	0x5
 293 00c8 54       		.byte	0x54
 294 00c9 6F000000 		.4byte	0x6f
 295 00cd 03       		.uleb128 0x3
 296 00ce 3C040000 		.4byte	.LASF19
 297 00d2 06       		.byte	0x6
 298 00d3 4D       		.byte	0x4d
 299 00d4 C2000000 		.4byte	0xc2
 300 00d8 03       		.uleb128 0x3
 301 00d9 2B010000 		.4byte	.LASF20
 302 00dd 06       		.byte	0x6
 303 00de 4F       		.byte	0x4f
 304 00df C2000000 		.4byte	0xc2
ARM GAS  C:\Users\schmi\AppData\Local\Temp\cc6jaHDZ.s 			page 8


 305 00e3 03       		.uleb128 0x3
 306 00e4 6A010000 		.4byte	.LASF21
 307 00e8 06       		.byte	0x6
 308 00e9 78       		.byte	0x78
 309 00ea B7000000 		.4byte	0xb7
 310 00ee 03       		.uleb128 0x3
 311 00ef AA020000 		.4byte	.LASF22
 312 00f3 07       		.byte	0x7
 313 00f4 9C       		.byte	0x9c
 314 00f5 2C000000 		.4byte	0x2c
 315 00f9 08       		.uleb128 0x8
 316 00fa 01       		.byte	0x1
 317 00fb 25000000 		.4byte	0x25
 318 00ff 07       		.byte	0x7
 319 0100 CF       		.byte	0xcf
 320 0101 A2010000 		.4byte	0x1a2
 321 0105 09       		.uleb128 0x9
 322 0106 1A000000 		.4byte	.LASF23
 323 010a 00       		.byte	0
 324 010b 0A       		.uleb128 0xa
 325 010c C0040000 		.4byte	.LASF24
 326 0110 7F       		.sleb128 -1
 327 0111 0A       		.uleb128 0xa
 328 0112 19030000 		.4byte	.LASF25
 329 0116 7E       		.sleb128 -2
 330 0117 0A       		.uleb128 0xa
 331 0118 1D010000 		.4byte	.LASF26
 332 011c 7D       		.sleb128 -3
 333 011d 0A       		.uleb128 0xa
 334 011e C9040000 		.4byte	.LASF27
 335 0122 7C       		.sleb128 -4
 336 0123 0A       		.uleb128 0xa
 337 0124 C7010000 		.4byte	.LASF28
 338 0128 7B       		.sleb128 -5
 339 0129 0A       		.uleb128 0xa
 340 012a 43000000 		.4byte	.LASF29
 341 012e 7A       		.sleb128 -6
 342 012f 0A       		.uleb128 0xa
 343 0130 4C020000 		.4byte	.LASF30
 344 0134 79       		.sleb128 -7
 345 0135 0A       		.uleb128 0xa
 346 0136 CE030000 		.4byte	.LASF31
 347 013a 78       		.sleb128 -8
 348 013b 0A       		.uleb128 0xa
 349 013c 27030000 		.4byte	.LASF32
 350 0140 77       		.sleb128 -9
 351 0141 0A       		.uleb128 0xa
 352 0142 6D020000 		.4byte	.LASF33
 353 0146 76       		.sleb128 -10
 354 0147 0A       		.uleb128 0xa
 355 0148 F6040000 		.4byte	.LASF34
 356 014c 75       		.sleb128 -11
 357 014d 0A       		.uleb128 0xa
 358 014e 0B030000 		.4byte	.LASF35
 359 0152 74       		.sleb128 -12
 360 0153 0A       		.uleb128 0xa
 361 0154 2A040000 		.4byte	.LASF36
ARM GAS  C:\Users\schmi\AppData\Local\Temp\cc6jaHDZ.s 			page 9


 362 0158 73       		.sleb128 -13
 363 0159 0A       		.uleb128 0xa
 364 015a 07000000 		.4byte	.LASF37
 365 015e 72       		.sleb128 -14
 366 015f 0A       		.uleb128 0xa
 367 0160 25000000 		.4byte	.LASF38
 368 0164 71       		.sleb128 -15
 369 0165 0A       		.uleb128 0xa
 370 0166 87020000 		.4byte	.LASF39
 371 016a 70       		.sleb128 -16
 372 016b 0A       		.uleb128 0xa
 373 016c 33010000 		.4byte	.LASF40
 374 0170 6F       		.sleb128 -17
 375 0171 0A       		.uleb128 0xa
 376 0172 54000000 		.4byte	.LASF41
 377 0176 6E       		.sleb128 -18
 378 0177 0A       		.uleb128 0xa
 379 0178 1F020000 		.4byte	.LASF42
 380 017c 6D       		.sleb128 -19
 381 017d 0A       		.uleb128 0xa
 382 017e EB030000 		.4byte	.LASF43
 383 0182 6C       		.sleb128 -20
 384 0183 0A       		.uleb128 0xa
 385 0184 98020000 		.4byte	.LASF44
 386 0188 6B       		.sleb128 -21
 387 0189 0A       		.uleb128 0xa
 388 018a 8E040000 		.4byte	.LASF45
 389 018e 6A       		.sleb128 -22
 390 018f 0A       		.uleb128 0xa
 391 0190 71010000 		.4byte	.LASF46
 392 0194 69       		.sleb128 -23
 393 0195 0A       		.uleb128 0xa
 394 0196 32020000 		.4byte	.LASF47
 395 019a 68       		.sleb128 -24
 396 019b 0A       		.uleb128 0xa
 397 019c 51010000 		.4byte	.LASF48
 398 01a0 67       		.sleb128 -25
 399 01a1 00       		.byte	0
 400 01a2 03       		.uleb128 0x3
 401 01a3 F1040000 		.4byte	.LASF49
 402 01a7 07       		.byte	0x7
 403 01a8 EA       		.byte	0xea
 404 01a9 F9000000 		.4byte	0xf9
 405 01ad 0B       		.uleb128 0xb
 406 01ae 46030000 		.4byte	.LASF73
 407 01b2 01       		.byte	0x1
 408 01b3 2C000000 		.4byte	0x2c
 409 01b7 08       		.byte	0x8
 410 01b8 59       		.byte	0x59
 411 01b9 D6010000 		.4byte	0x1d6
 412 01bd 09       		.uleb128 0x9
 413 01be 6A040000 		.4byte	.LASF50
 414 01c2 00       		.byte	0
 415 01c3 09       		.uleb128 0x9
 416 01c4 73040000 		.4byte	.LASF51
 417 01c8 01       		.byte	0x1
 418 01c9 09       		.uleb128 0x9
ARM GAS  C:\Users\schmi\AppData\Local\Temp\cc6jaHDZ.s 			page 10


 419 01ca 7C040000 		.4byte	.LASF52
 420 01ce 02       		.byte	0x2
 421 01cf 09       		.uleb128 0x9
 422 01d0 85040000 		.4byte	.LASF53
 423 01d4 03       		.byte	0x3
 424 01d5 00       		.byte	0
 425 01d6 03       		.uleb128 0x3
 426 01d7 7B020000 		.4byte	.LASF54
 427 01db 08       		.byte	0x8
 428 01dc 5F       		.byte	0x5f
 429 01dd AD010000 		.4byte	0x1ad
 430 01e1 0C       		.uleb128 0xc
 431 01e2 61030000 		.4byte	.LASF55
 432 01e6 01       		.byte	0x1
 433 01e7 3F       		.byte	0x3f
 434 01e8 A2010000 		.4byte	0x1a2
 435 01ec 00000000 		.4byte	.LFB110
 436 01f0 1E000000 		.4byte	.LFE110-.LFB110
 437 01f4 01       		.uleb128 0x1
 438 01f5 9C       		.byte	0x9c
 439 01f6 20020000 		.4byte	0x220
 440 01fa 0D       		.uleb128 0xd
 441 01fb 5E020000 		.4byte	.LASF57
 442 01ff 01       		.byte	0x1
 443 0200 3F       		.byte	0x3f
 444 0201 96000000 		.4byte	0x96
 445 0205 02       		.uleb128 0x2
 446 0206 91       		.byte	0x91
 447 0207 74       		.sleb128 -12
 448 0208 0E       		.uleb128 0xe
 449 0209 0E000000 		.4byte	.LBB2
 450 020d 06000000 		.4byte	.LBE2-.LBB2
 451 0211 0F       		.uleb128 0xf
 452 0212 A0040000 		.4byte	.LASF59
 453 0216 01       		.byte	0x1
 454 0217 44       		.byte	0x44
 455 0218 68000000 		.4byte	0x68
 456 021c 10       		.uleb128 0x10
 457 021d 00       		.byte	0
 458 021e 00       		.byte	0
 459 021f 00       		.byte	0
 460 0220 0C       		.uleb128 0xc
 461 0221 9D010000 		.4byte	.LASF56
 462 0225 01       		.byte	0x1
 463 0226 4F       		.byte	0x4f
 464 0227 EE000000 		.4byte	0xee
 465 022b 00000000 		.4byte	.LFB111
 466 022f 84000000 		.4byte	.LFE111-.LFB111
 467 0233 01       		.uleb128 0x1
 468 0234 9C       		.byte	0x9c
 469 0235 BE020000 		.4byte	0x2be
 470 0239 0D       		.uleb128 0xd
 471 023a 66020000 		.4byte	.LASF58
 472 023e 01       		.byte	0x1
 473 023f 4F       		.byte	0x4f
 474 0240 D6010000 		.4byte	0x1d6
 475 0244 02       		.uleb128 0x2
ARM GAS  C:\Users\schmi\AppData\Local\Temp\cc6jaHDZ.s 			page 11


 476 0245 91       		.byte	0x91
 477 0246 6F       		.sleb128 -17
 478 0247 11       		.uleb128 0x11
 479 0248 00000000 		.4byte	.LASF74
 480 024c 01       		.byte	0x1
 481 024d 51       		.byte	0x51
 482 024e EE000000 		.4byte	0xee
 483 0252 02       		.uleb128 0x2
 484 0253 91       		.byte	0x91
 485 0254 77       		.sleb128 -9
 486 0255 12       		.uleb128 0x12
 487 0256 2C000000 		.4byte	.LBB3
 488 025a 0E000000 		.4byte	.LBE3-.LBB3
 489 025e 70020000 		.4byte	0x270
 490 0262 0F       		.uleb128 0xf
 491 0263 EA010000 		.4byte	.LASF60
 492 0267 01       		.byte	0x1
 493 0268 55       		.byte	0x55
 494 0269 68000000 		.4byte	0x68
 495 026d 10       		.uleb128 0x10
 496 026e 00       		.byte	0
 497 026f 00       		.byte	0
 498 0270 12       		.uleb128 0x12
 499 0271 3C000000 		.4byte	.LBB4
 500 0275 0E000000 		.4byte	.LBE4-.LBB4
 501 0279 8B020000 		.4byte	0x28b
 502 027d 0F       		.uleb128 0xf
 503 027e 52040000 		.4byte	.LASF61
 504 0282 01       		.byte	0x1
 505 0283 56       		.byte	0x56
 506 0284 68000000 		.4byte	0x68
 507 0288 10       		.uleb128 0x10
 508 0289 00       		.byte	0
 509 028a 00       		.byte	0
 510 028b 12       		.uleb128 0x12
 511 028c 4C000000 		.4byte	.LBB5
 512 0290 0E000000 		.4byte	.LBE5-.LBB5
 513 0294 A6020000 		.4byte	0x2a6
 514 0298 0F       		.uleb128 0xf
 515 0299 D6010000 		.4byte	.LASF62
 516 029d 01       		.byte	0x1
 517 029e 57       		.byte	0x57
 518 029f 68000000 		.4byte	0x68
 519 02a3 10       		.uleb128 0x10
 520 02a4 00       		.byte	0
 521 02a5 00       		.byte	0
 522 02a6 0E       		.uleb128 0xe
 523 02a7 5C000000 		.4byte	.LBB6
 524 02ab 0E000000 		.4byte	.LBE6-.LBB6
 525 02af 0F       		.uleb128 0xf
 526 02b0 44040000 		.4byte	.LASF63
 527 02b4 01       		.byte	0x1
 528 02b5 58       		.byte	0x58
 529 02b6 68000000 		.4byte	0x68
 530 02ba 10       		.uleb128 0x10
 531 02bb 00       		.byte	0
 532 02bc 00       		.byte	0
ARM GAS  C:\Users\schmi\AppData\Local\Temp\cc6jaHDZ.s 			page 12


 533 02bd 00       		.byte	0
 534 02be 13       		.uleb128 0x13
 535 02bf D9040000 		.4byte	.LASF64
 536 02c3 09       		.byte	0x9
 537 02c4 40       		.byte	0x40
 538 02c5 CD000000 		.4byte	0xcd
 539 02c9 13       		.uleb128 0x13
 540 02ca 06020000 		.4byte	.LASF65
 541 02ce 09       		.byte	0x9
 542 02cf 47       		.byte	0x47
 543 02d0 D8000000 		.4byte	0xd8
 544 02d4 13       		.uleb128 0x13
 545 02d5 FE030000 		.4byte	.LASF66
 546 02d9 09       		.byte	0x9
 547 02da 4A       		.byte	0x4a
 548 02db CD000000 		.4byte	0xcd
 549 02df 13       		.uleb128 0x13
 550 02e0 AE010000 		.4byte	.LASF67
 551 02e4 0A       		.byte	0xa
 552 02e5 48       		.byte	0x48
 553 02e6 E3000000 		.4byte	0xe3
 554 02ea 13       		.uleb128 0x13
 555 02eb 88010000 		.4byte	.LASF68
 556 02ef 0B       		.byte	0xb
 557 02f0 44       		.byte	0x44
 558 02f1 CD000000 		.4byte	0xcd
 559 02f5 14       		.uleb128 0x14
 560 02f6 B3040000 		.4byte	.LASF69
 561 02fa 0C       		.byte	0xc
 562 02fb 1207     		.2byte	0x712
 563 02fd 01030000 		.4byte	0x301
 564 0301 15       		.uleb128 0x15
 565 0302 76000000 		.4byte	0x76
 566 0306 00       		.byte	0
 567              		.section	.debug_abbrev,"",%progbits
 568              	.Ldebug_abbrev0:
 569 0000 01       		.uleb128 0x1
 570 0001 11       		.uleb128 0x11
 571 0002 01       		.byte	0x1
 572 0003 25       		.uleb128 0x25
 573 0004 0E       		.uleb128 0xe
 574 0005 13       		.uleb128 0x13
 575 0006 0B       		.uleb128 0xb
 576 0007 03       		.uleb128 0x3
 577 0008 0E       		.uleb128 0xe
 578 0009 1B       		.uleb128 0x1b
 579 000a 0E       		.uleb128 0xe
 580 000b 55       		.uleb128 0x55
 581 000c 17       		.uleb128 0x17
 582 000d 11       		.uleb128 0x11
 583 000e 01       		.uleb128 0x1
 584 000f 10       		.uleb128 0x10
 585 0010 17       		.uleb128 0x17
 586 0011 00       		.byte	0
 587 0012 00       		.byte	0
 588 0013 02       		.uleb128 0x2
 589 0014 24       		.uleb128 0x24
ARM GAS  C:\Users\schmi\AppData\Local\Temp\cc6jaHDZ.s 			page 13


 590 0015 00       		.byte	0
 591 0016 0B       		.uleb128 0xb
 592 0017 0B       		.uleb128 0xb
 593 0018 3E       		.uleb128 0x3e
 594 0019 0B       		.uleb128 0xb
 595 001a 03       		.uleb128 0x3
 596 001b 0E       		.uleb128 0xe
 597 001c 00       		.byte	0
 598 001d 00       		.byte	0
 599 001e 03       		.uleb128 0x3
 600 001f 16       		.uleb128 0x16
 601 0020 00       		.byte	0
 602 0021 03       		.uleb128 0x3
 603 0022 0E       		.uleb128 0xe
 604 0023 3A       		.uleb128 0x3a
 605 0024 0B       		.uleb128 0xb
 606 0025 3B       		.uleb128 0x3b
 607 0026 0B       		.uleb128 0xb
 608 0027 49       		.uleb128 0x49
 609 0028 13       		.uleb128 0x13
 610 0029 00       		.byte	0
 611 002a 00       		.byte	0
 612 002b 04       		.uleb128 0x4
 613 002c 24       		.uleb128 0x24
 614 002d 00       		.byte	0
 615 002e 0B       		.uleb128 0xb
 616 002f 0B       		.uleb128 0xb
 617 0030 3E       		.uleb128 0x3e
 618 0031 0B       		.uleb128 0xb
 619 0032 03       		.uleb128 0x3
 620 0033 08       		.uleb128 0x8
 621 0034 00       		.byte	0
 622 0035 00       		.byte	0
 623 0036 05       		.uleb128 0x5
 624 0037 16       		.uleb128 0x16
 625 0038 00       		.byte	0
 626 0039 03       		.uleb128 0x3
 627 003a 0E       		.uleb128 0xe
 628 003b 3A       		.uleb128 0x3a
 629 003c 0B       		.uleb128 0xb
 630 003d 3B       		.uleb128 0x3b
 631 003e 05       		.uleb128 0x5
 632 003f 49       		.uleb128 0x49
 633 0040 13       		.uleb128 0x13
 634 0041 00       		.byte	0
 635 0042 00       		.byte	0
 636 0043 06       		.uleb128 0x6
 637 0044 0F       		.uleb128 0xf
 638 0045 00       		.byte	0
 639 0046 0B       		.uleb128 0xb
 640 0047 0B       		.uleb128 0xb
 641 0048 49       		.uleb128 0x49
 642 0049 13       		.uleb128 0x13
 643 004a 00       		.byte	0
 644 004b 00       		.byte	0
 645 004c 07       		.uleb128 0x7
 646 004d 15       		.uleb128 0x15
ARM GAS  C:\Users\schmi\AppData\Local\Temp\cc6jaHDZ.s 			page 14


 647 004e 00       		.byte	0
 648 004f 27       		.uleb128 0x27
 649 0050 19       		.uleb128 0x19
 650 0051 00       		.byte	0
 651 0052 00       		.byte	0
 652 0053 08       		.uleb128 0x8
 653 0054 04       		.uleb128 0x4
 654 0055 01       		.byte	0x1
 655 0056 0B       		.uleb128 0xb
 656 0057 0B       		.uleb128 0xb
 657 0058 49       		.uleb128 0x49
 658 0059 13       		.uleb128 0x13
 659 005a 3A       		.uleb128 0x3a
 660 005b 0B       		.uleb128 0xb
 661 005c 3B       		.uleb128 0x3b
 662 005d 0B       		.uleb128 0xb
 663 005e 01       		.uleb128 0x1
 664 005f 13       		.uleb128 0x13
 665 0060 00       		.byte	0
 666 0061 00       		.byte	0
 667 0062 09       		.uleb128 0x9
 668 0063 28       		.uleb128 0x28
 669 0064 00       		.byte	0
 670 0065 03       		.uleb128 0x3
 671 0066 0E       		.uleb128 0xe
 672 0067 1C       		.uleb128 0x1c
 673 0068 0B       		.uleb128 0xb
 674 0069 00       		.byte	0
 675 006a 00       		.byte	0
 676 006b 0A       		.uleb128 0xa
 677 006c 28       		.uleb128 0x28
 678 006d 00       		.byte	0
 679 006e 03       		.uleb128 0x3
 680 006f 0E       		.uleb128 0xe
 681 0070 1C       		.uleb128 0x1c
 682 0071 0D       		.uleb128 0xd
 683 0072 00       		.byte	0
 684 0073 00       		.byte	0
 685 0074 0B       		.uleb128 0xb
 686 0075 04       		.uleb128 0x4
 687 0076 01       		.byte	0x1
 688 0077 03       		.uleb128 0x3
 689 0078 0E       		.uleb128 0xe
 690 0079 0B       		.uleb128 0xb
 691 007a 0B       		.uleb128 0xb
 692 007b 49       		.uleb128 0x49
 693 007c 13       		.uleb128 0x13
 694 007d 3A       		.uleb128 0x3a
 695 007e 0B       		.uleb128 0xb
 696 007f 3B       		.uleb128 0x3b
 697 0080 0B       		.uleb128 0xb
 698 0081 01       		.uleb128 0x1
 699 0082 13       		.uleb128 0x13
 700 0083 00       		.byte	0
 701 0084 00       		.byte	0
 702 0085 0C       		.uleb128 0xc
 703 0086 2E       		.uleb128 0x2e
ARM GAS  C:\Users\schmi\AppData\Local\Temp\cc6jaHDZ.s 			page 15


 704 0087 01       		.byte	0x1
 705 0088 3F       		.uleb128 0x3f
 706 0089 19       		.uleb128 0x19
 707 008a 03       		.uleb128 0x3
 708 008b 0E       		.uleb128 0xe
 709 008c 3A       		.uleb128 0x3a
 710 008d 0B       		.uleb128 0xb
 711 008e 3B       		.uleb128 0x3b
 712 008f 0B       		.uleb128 0xb
 713 0090 27       		.uleb128 0x27
 714 0091 19       		.uleb128 0x19
 715 0092 49       		.uleb128 0x49
 716 0093 13       		.uleb128 0x13
 717 0094 11       		.uleb128 0x11
 718 0095 01       		.uleb128 0x1
 719 0096 12       		.uleb128 0x12
 720 0097 06       		.uleb128 0x6
 721 0098 40       		.uleb128 0x40
 722 0099 18       		.uleb128 0x18
 723 009a 9642     		.uleb128 0x2116
 724 009c 19       		.uleb128 0x19
 725 009d 01       		.uleb128 0x1
 726 009e 13       		.uleb128 0x13
 727 009f 00       		.byte	0
 728 00a0 00       		.byte	0
 729 00a1 0D       		.uleb128 0xd
 730 00a2 05       		.uleb128 0x5
 731 00a3 00       		.byte	0
 732 00a4 03       		.uleb128 0x3
 733 00a5 0E       		.uleb128 0xe
 734 00a6 3A       		.uleb128 0x3a
 735 00a7 0B       		.uleb128 0xb
 736 00a8 3B       		.uleb128 0x3b
 737 00a9 0B       		.uleb128 0xb
 738 00aa 49       		.uleb128 0x49
 739 00ab 13       		.uleb128 0x13
 740 00ac 02       		.uleb128 0x2
 741 00ad 18       		.uleb128 0x18
 742 00ae 00       		.byte	0
 743 00af 00       		.byte	0
 744 00b0 0E       		.uleb128 0xe
 745 00b1 0B       		.uleb128 0xb
 746 00b2 01       		.byte	0x1
 747 00b3 11       		.uleb128 0x11
 748 00b4 01       		.uleb128 0x1
 749 00b5 12       		.uleb128 0x12
 750 00b6 06       		.uleb128 0x6
 751 00b7 00       		.byte	0
 752 00b8 00       		.byte	0
 753 00b9 0F       		.uleb128 0xf
 754 00ba 2E       		.uleb128 0x2e
 755 00bb 01       		.byte	0x1
 756 00bc 3F       		.uleb128 0x3f
 757 00bd 19       		.uleb128 0x19
 758 00be 03       		.uleb128 0x3
 759 00bf 0E       		.uleb128 0xe
 760 00c0 3A       		.uleb128 0x3a
ARM GAS  C:\Users\schmi\AppData\Local\Temp\cc6jaHDZ.s 			page 16


 761 00c1 0B       		.uleb128 0xb
 762 00c2 3B       		.uleb128 0x3b
 763 00c3 0B       		.uleb128 0xb
 764 00c4 49       		.uleb128 0x49
 765 00c5 13       		.uleb128 0x13
 766 00c6 3C       		.uleb128 0x3c
 767 00c7 19       		.uleb128 0x19
 768 00c8 00       		.byte	0
 769 00c9 00       		.byte	0
 770 00ca 10       		.uleb128 0x10
 771 00cb 18       		.uleb128 0x18
 772 00cc 00       		.byte	0
 773 00cd 00       		.byte	0
 774 00ce 00       		.byte	0
 775 00cf 11       		.uleb128 0x11
 776 00d0 34       		.uleb128 0x34
 777 00d1 00       		.byte	0
 778 00d2 03       		.uleb128 0x3
 779 00d3 0E       		.uleb128 0xe
 780 00d4 3A       		.uleb128 0x3a
 781 00d5 0B       		.uleb128 0xb
 782 00d6 3B       		.uleb128 0x3b
 783 00d7 0B       		.uleb128 0xb
 784 00d8 49       		.uleb128 0x49
 785 00d9 13       		.uleb128 0x13
 786 00da 02       		.uleb128 0x2
 787 00db 18       		.uleb128 0x18
 788 00dc 00       		.byte	0
 789 00dd 00       		.byte	0
 790 00de 12       		.uleb128 0x12
 791 00df 0B       		.uleb128 0xb
 792 00e0 01       		.byte	0x1
 793 00e1 11       		.uleb128 0x11
 794 00e2 01       		.uleb128 0x1
 795 00e3 12       		.uleb128 0x12
 796 00e4 06       		.uleb128 0x6
 797 00e5 01       		.uleb128 0x1
 798 00e6 13       		.uleb128 0x13
 799 00e7 00       		.byte	0
 800 00e8 00       		.byte	0
 801 00e9 13       		.uleb128 0x13
 802 00ea 34       		.uleb128 0x34
 803 00eb 00       		.byte	0
 804 00ec 03       		.uleb128 0x3
 805 00ed 0E       		.uleb128 0xe
 806 00ee 3A       		.uleb128 0x3a
 807 00ef 0B       		.uleb128 0xb
 808 00f0 3B       		.uleb128 0x3b
 809 00f1 0B       		.uleb128 0xb
 810 00f2 49       		.uleb128 0x49
 811 00f3 13       		.uleb128 0x13
 812 00f4 3F       		.uleb128 0x3f
 813 00f5 19       		.uleb128 0x19
 814 00f6 3C       		.uleb128 0x3c
 815 00f7 19       		.uleb128 0x19
 816 00f8 00       		.byte	0
 817 00f9 00       		.byte	0
ARM GAS  C:\Users\schmi\AppData\Local\Temp\cc6jaHDZ.s 			page 17


 818 00fa 14       		.uleb128 0x14
 819 00fb 34       		.uleb128 0x34
 820 00fc 00       		.byte	0
 821 00fd 03       		.uleb128 0x3
 822 00fe 0E       		.uleb128 0xe
 823 00ff 3A       		.uleb128 0x3a
 824 0100 0B       		.uleb128 0xb
 825 0101 3B       		.uleb128 0x3b
 826 0102 05       		.uleb128 0x5
 827 0103 49       		.uleb128 0x49
 828 0104 13       		.uleb128 0x13
 829 0105 3F       		.uleb128 0x3f
 830 0106 19       		.uleb128 0x19
 831 0107 3C       		.uleb128 0x3c
 832 0108 19       		.uleb128 0x19
 833 0109 00       		.byte	0
 834 010a 00       		.byte	0
 835 010b 15       		.uleb128 0x15
 836 010c 35       		.uleb128 0x35
 837 010d 00       		.byte	0
 838 010e 49       		.uleb128 0x49
 839 010f 13       		.uleb128 0x13
 840 0110 00       		.byte	0
 841 0111 00       		.byte	0
 842 0112 00       		.byte	0
 843              		.section	.debug_aranges,"",%progbits
 844 0000 24000000 		.4byte	0x24
 845 0004 0200     		.2byte	0x2
 846 0006 00000000 		.4byte	.Ldebug_info0
 847 000a 04       		.byte	0x4
 848 000b 00       		.byte	0
 849 000c 0000     		.2byte	0
 850 000e 0000     		.2byte	0
 851 0010 00000000 		.4byte	.LFB110
 852 0014 1E000000 		.4byte	.LFE110-.LFB110
 853 0018 00000000 		.4byte	.LFB111
 854 001c 84000000 		.4byte	.LFE111-.LFB111
 855 0020 00000000 		.4byte	0
 856 0024 00000000 		.4byte	0
 857              		.section	.debug_ranges,"",%progbits
 858              	.Ldebug_ranges0:
 859 0000 00000000 		.4byte	.LFB110
 860 0004 1E000000 		.4byte	.LFE110
 861 0008 00000000 		.4byte	.LFB111
 862 000c 84000000 		.4byte	.LFE111
 863 0010 00000000 		.4byte	0
 864 0014 00000000 		.4byte	0
 865              		.section	.debug_line,"",%progbits
 866              	.Ldebug_line0:
 867 0000 86020000 		.section	.debug_str,"MS",%progbits,1
 867      02003502 
 867      00000201 
 867      FB0E0D00 
 867      01010101 
 868              	.LASF74:
 869 0000 72657375 		.ascii	"result\000"
 869      6C7400
ARM GAS  C:\Users\schmi\AppData\Local\Temp\cc6jaHDZ.s 			page 18


 870              	.LASF37:
 871 0007 52435F45 		.ascii	"RC_ERROR_READ_ONLY\000"
 871      52524F52 
 871      5F524541 
 871      445F4F4E 
 871      4C5900
 872              	.LASF23:
 873 001a 52435F53 		.ascii	"RC_SUCCESS\000"
 873      55434345 
 873      535300
 874              	.LASF38:
 875 0025 52435F45 		.ascii	"RC_ERROR_WRITE_ONLY\000"
 875      52524F52 
 875      5F575249 
 875      54455F4F 
 875      4E4C5900 
 876              	.LASF2:
 877 0039 73686F72 		.ascii	"short int\000"
 877      7420696E 
 877      7400
 878              	.LASF29:
 879 0043 52435F45 		.ascii	"RC_ERROR_OVERRUN\000"
 879      52524F52 
 879      5F4F5645 
 879      5252554E 
 879      00
 880              	.LASF41:
 881 0054 52435F45 		.ascii	"RC_ERROR_WRITE_FAILS\000"
 881      52524F52 
 881      5F575249 
 881      54455F46 
 881      41494C53 
 882              	.LASF16:
 883 0069 73697A65 		.ascii	"sizetype\000"
 883      74797065 
 883      00
 884              	.LASF71:
 885 0072 736F7572 		.ascii	"source\\bsw\\labboard\\button.c\000"
 885      63655C62 
 885      73775C6C 
 885      6162626F 
 885      6172645C 
 886              	.LASF70:
 887 008f 474E5520 		.ascii	"GNU C11 5.4.1 20160609 (release) [ARM/embedded-5-br"
 887      43313120 
 887      352E342E 
 887      31203230 
 887      31363036 
 888 00c2 616E6368 		.ascii	"anch revision 237715] -mcpu=cortex-m3 -mthumb -g -O"
 888      20726576 
 888      6973696F 
 888      6E203233 
 888      37373135 
 889 00f5 30202D66 		.ascii	"0 -ffunction-sections -ffat-lto-objects\000"
 889      66756E63 
 889      74696F6E 
 889      2D736563 
ARM GAS  C:\Users\schmi\AppData\Local\Temp\cc6jaHDZ.s 			page 19


 889      74696F6E 
 890              	.LASF26:
 891 011d 52435F45 		.ascii	"RC_ERROR_ZERO\000"
 891      52524F52 
 891      5F5A4552 
 891      4F00
 892              	.LASF20:
 893 012b 45455F46 		.ascii	"EE_FREG\000"
 893      52454700 
 894              	.LASF40:
 895 0133 52435F45 		.ascii	"RC_ERROR_READ_FAILS\000"
 895      52524F52 
 895      5F524541 
 895      445F4641 
 895      494C5300 
 896              	.LASF18:
 897 0147 45455F55 		.ascii	"EE_UINT32\000"
 897      494E5433 
 897      3200
 898              	.LASF48:
 899 0151 52435F45 		.ascii	"RC_ERROR_NOT_IMPLEMENTED\000"
 899      52524F52 
 899      5F4E4F54 
 899      5F494D50 
 899      4C454D45 
 900              	.LASF21:
 901 016a 45455F54 		.ascii	"EE_TID\000"
 901      494400
 902              	.LASF46:
 903 0171 52435F45 		.ascii	"RC_ERROR_INVALID_STATE\000"
 903      52524F52 
 903      5F494E56 
 903      414C4944 
 903      5F535441 
 904              	.LASF68:
 905 0188 45455F49 		.ascii	"EE_IRQ_nesting_level\000"
 905      52515F6E 
 905      65737469 
 905      6E675F6C 
 905      6576656C 
 906              	.LASF56:
 907 019d 42555454 		.ascii	"BUTTON_IsPressed\000"
 907      4F4E5F49 
 907      73507265 
 907      73736564 
 907      00
 908              	.LASF67:
 909 01ae 45455F73 		.ascii	"EE_std_endcycle_next_tid\000"
 909      74645F65 
 909      6E646379 
 909      636C655F 
 909      6E657874 
 910              	.LASF28:
 911 01c7 52435F45 		.ascii	"RC_ERROR_RANGE\000"
 911      52524F52 
 911      5F52414E 
 911      474500
ARM GAS  C:\Users\schmi\AppData\Local\Temp\cc6jaHDZ.s 			page 20


 912              	.LASF62:
 913 01d6 42555454 		.ascii	"BUTTON_3_Read\000"
 913      4F4E5F33 
 913      5F526561 
 913      6400
 914              	.LASF11:
 915 01e4 666C6F61 		.ascii	"float\000"
 915      7400
 916              	.LASF60:
 917 01ea 42555454 		.ascii	"BUTTON_1_Read\000"
 917      4F4E5F31 
 917      5F526561 
 917      6400
 918              	.LASF6:
 919 01f8 6C6F6E67 		.ascii	"long long int\000"
 919      206C6F6E 
 919      6720696E 
 919      7400
 920              	.LASF65:
 921 0206 45455F6F 		.ascii	"EE_oo_IRQ_suspend_status\000"
 921      6F5F4952 
 921      515F7375 
 921      7370656E 
 921      645F7374 
 922              	.LASF42:
 923 021f 52435F45 		.ascii	"RC_ERROR_NOT_MATCH\000"
 923      52524F52 
 923      5F4E4F54 
 923      5F4D4154 
 923      434800
 924              	.LASF47:
 925 0232 52435F45 		.ascii	"RC_ERROR_UNKNOWN\000"
 925      52524F52 
 925      5F554E4B 
 925      4E4F574E 
 925      00
 926              	.LASF4:
 927 0243 6C6F6E67 		.ascii	"long int\000"
 927      20696E74 
 927      00
 928              	.LASF30:
 929 024c 52435F45 		.ascii	"RC_ERROR_UNDERRUN\000"
 929      52524F52 
 929      5F554E44 
 929      45525255 
 929      4E00
 930              	.LASF57:
 931 025e 61646472 		.ascii	"address\000"
 931      65737300 
 932              	.LASF58:
 933 0266 62757474 		.ascii	"button\000"
 933      6F6E00
 934              	.LASF33:
 935 026d 52435F45 		.ascii	"RC_ERROR_BUSY\000"
 935      52524F52 
 935      5F425553 
 935      5900
ARM GAS  C:\Users\schmi\AppData\Local\Temp\cc6jaHDZ.s 			page 21


 936              	.LASF54:
 937 027b 42555454 		.ascii	"BUTTON_id_t\000"
 937      4F4E5F69 
 937      645F7400 
 938              	.LASF39:
 939 0287 52435F45 		.ascii	"RC_ERROR_INVALID\000"
 939      52524F52 
 939      5F494E56 
 939      414C4944 
 939      00
 940              	.LASF44:
 941 0298 52435F45 		.ascii	"RC_ERROR_BAD_DATA\000"
 941      52524F52 
 941      5F424144 
 941      5F444154 
 941      4100
 942              	.LASF22:
 943 02aa 626F6F6C 		.ascii	"boolean_t\000"
 943      65616E5F 
 943      7400
 944              	.LASF1:
 945 02b4 756E7369 		.ascii	"unsigned char\000"
 945      676E6564 
 945      20636861 
 945      7200
 946              	.LASF15:
 947 02c2 6C6F6E67 		.ascii	"long double\000"
 947      20646F75 
 947      626C6500 
 948              	.LASF14:
 949 02ce 63796973 		.ascii	"cyisraddress\000"
 949      72616464 
 949      72657373 
 949      00
 950              	.LASF0:
 951 02db 7369676E 		.ascii	"signed char\000"
 951      65642063 
 951      68617200 
 952              	.LASF7:
 953 02e7 6C6F6E67 		.ascii	"long long unsigned int\000"
 953      206C6F6E 
 953      6720756E 
 953      7369676E 
 953      65642069 
 954              	.LASF8:
 955 02fe 756E7369 		.ascii	"unsigned int\000"
 955      676E6564 
 955      20696E74 
 955      00
 956              	.LASF35:
 957 030b 52435F45 		.ascii	"RC_ERROR_OPEN\000"
 957      52524F52 
 957      5F4F5045 
 957      4E00
 958              	.LASF25:
 959 0319 52435F45 		.ascii	"RC_ERROR_NULL\000"
 959      52524F52 
ARM GAS  C:\Users\schmi\AppData\Local\Temp\cc6jaHDZ.s 			page 22


 959      5F4E554C 
 959      4C00
 960              	.LASF32:
 961 0327 52435F45 		.ascii	"RC_ERROR_BUFFER_EMTPY\000"
 961      52524F52 
 961      5F425546 
 961      4645525F 
 961      454D5450 
 962              	.LASF17:
 963 033d 45455F49 		.ascii	"EE_INT32\000"
 963      4E543332 
 963      00
 964              	.LASF73:
 965 0346 65427574 		.ascii	"eButton\000"
 965      746F6E00 
 966              	.LASF3:
 967 034e 73686F72 		.ascii	"short unsigned int\000"
 967      7420756E 
 967      7369676E 
 967      65642069 
 967      6E7400
 968              	.LASF55:
 969 0361 42555454 		.ascii	"BUTTON_Init\000"
 969      4F4E5F49 
 969      6E697400 
 970              	.LASF13:
 971 036d 63686172 		.ascii	"char\000"
 971      00
 972              	.LASF72:
 973 0372 433A5C55 		.ascii	"C:\\Users\\schmi\\OneDrive\\Dokumente\\PSoC Creator"
 973      73657273 
 973      5C736368 
 973      6D695C4F 
 973      6E654472 
 974 03a0 5C4A736F 		.ascii	"\\JsonParserLAB3\\holidayProject\\setUpEnv.cydsn\000"
 974      6E506172 
 974      7365724C 
 974      4142335C 
 974      686F6C69 
 975              	.LASF31:
 976 03ce 52435F45 		.ascii	"RC_ERROR_BUFFER_FULL\000"
 976      52524F52 
 976      5F425546 
 976      4645525F 
 976      46554C4C 
 977              	.LASF10:
 978 03e3 696E7433 		.ascii	"int32_t\000"
 978      325F7400 
 979              	.LASF43:
 980 03eb 52435F45 		.ascii	"RC_ERROR_BAD_PARAM\000"
 980      52524F52 
 980      5F424144 
 980      5F504152 
 980      414D00
 981              	.LASF66:
 982 03fe 45455F41 		.ascii	"EE_ApplicationMode\000"
 982      70706C69 
ARM GAS  C:\Users\schmi\AppData\Local\Temp\cc6jaHDZ.s 			page 23


 982      63617469 
 982      6F6E4D6F 
 982      646500
 983              	.LASF5:
 984 0411 6C6F6E67 		.ascii	"long unsigned int\000"
 984      20756E73 
 984      69676E65 
 984      6420696E 
 984      7400
 985              	.LASF12:
 986 0423 646F7562 		.ascii	"double\000"
 986      6C6500
 987              	.LASF36:
 988 042a 52435F45 		.ascii	"RC_ERROR_CHECKSUM\000"
 988      52524F52 
 988      5F434845 
 988      434B5355 
 988      4D00
 989              	.LASF19:
 990 043c 45455F55 		.ascii	"EE_UREG\000"
 990      52454700 
 991              	.LASF63:
 992 0444 42555454 		.ascii	"BUTTON_4_Read\000"
 992      4F4E5F34 
 992      5F526561 
 992      6400
 993              	.LASF61:
 994 0452 42555454 		.ascii	"BUTTON_2_Read\000"
 994      4F4E5F32 
 994      5F526561 
 994      6400
 995              	.LASF9:
 996 0460 5F5F696E 		.ascii	"__int32_t\000"
 996      7433325F 
 996      7400
 997              	.LASF50:
 998 046a 42555454 		.ascii	"BUTTON_1\000"
 998      4F4E5F31 
 998      00
 999              	.LASF51:
 1000 0473 42555454 		.ascii	"BUTTON_2\000"
 1000      4F4E5F32 
 1000      00
 1001              	.LASF52:
 1002 047c 42555454 		.ascii	"BUTTON_3\000"
 1002      4F4E5F33 
 1002      00
 1003              	.LASF53:
 1004 0485 42555454 		.ascii	"BUTTON_4\000"
 1004      4F4E5F34 
 1004      00
 1005              	.LASF45:
 1006 048e 52435F45 		.ascii	"RC_ERROR_CANCELED\000"
 1006      52524F52 
 1006      5F43414E 
 1006      43454C45 
 1006      4400
ARM GAS  C:\Users\schmi\AppData\Local\Temp\cc6jaHDZ.s 			page 24


 1007              	.LASF59:
 1008 04a0 6973725F 		.ascii	"isr_Button_StartEx\000"
 1008      42757474 
 1008      6F6E5F53 
 1008      74617274 
 1008      457800
 1009              	.LASF69:
 1010 04b3 49544D5F 		.ascii	"ITM_RxBuffer\000"
 1010      52784275 
 1010      66666572 
 1010      00
 1011              	.LASF24:
 1012 04c0 52435F45 		.ascii	"RC_ERROR\000"
 1012      52524F52 
 1012      00
 1013              	.LASF27:
 1014 04c9 52435F45 		.ascii	"RC_ERROR_MEMORY\000"
 1014      52524F52 
 1014      5F4D454D 
 1014      4F525900 
 1015              	.LASF64:
 1016 04d9 45455F6F 		.ascii	"EE_oo_IRQ_disable_count\000"
 1016      6F5F4952 
 1016      515F6469 
 1016      7361626C 
 1016      655F636F 
 1017              	.LASF49:
 1018 04f1 52435F74 		.ascii	"RC_t\000"
 1018      00
 1019              	.LASF34:
 1020 04f6 52435F45 		.ascii	"RC_ERROR_TIME_OUT\000"
 1020      52524F52 
 1020      5F54494D 
 1020      455F4F55 
 1020      5400
 1021              		.ident	"GCC: (GNU Tools for ARM Embedded Processors) 5.4.1 20160609 (release) [ARM/embedded-5-bran
