ARM GAS  C:\Users\schmi\AppData\Local\Temp\ccNdEXbE.s 			page 1


   1              		.syntax unified
   2              		.cpu cortex-m3
   3              		.fpu softvfp
   4              		.eabi_attribute 20, 1
   5              		.eabi_attribute 21, 1
   6              		.eabi_attribute 23, 3
   7              		.eabi_attribute 24, 1
   8              		.eabi_attribute 25, 1
   9              		.eabi_attribute 26, 1
  10              		.eabi_attribute 30, 6
  11              		.eabi_attribute 34, 1
  12              		.eabi_attribute 18, 4
  13              		.thumb
  14              		.syntax unified
  15              		.file	"drawer.c"
  16              		.text
  17              	.Ltext0:
  18              		.cfi_sections	.debug_frame
  19              		.comm	drawer_commands,70,4
  20              		.section	.text.dw_ringbufferInit,"ax",%progbits
  21              		.align	2
  22              		.global	dw_ringbufferInit
  23              		.thumb
  24              		.thumb_func
  25              		.type	dw_ringbufferInit, %function
  26              	dw_ringbufferInit:
  27              	.LFB111:
  28              		.file 1 "drawer.c"
   1:drawer.c      **** /* ========================================
   2:drawer.c      ****  *
   3:drawer.c      ****  * Copyright YOUR COMPANY, THE YEAR
   4:drawer.c      ****  * All Rights Reserved
   5:drawer.c      ****  * UNPUBLISHED, LICENSED SOFTWARE.
   6:drawer.c      ****  *
   7:drawer.c      ****  * CONFIDENTIAL AND PROPRIETARY INFORMATION
   8:drawer.c      ****  * WHICH IS THE PROPERTY OF your company.
   9:drawer.c      ****  *
  10:drawer.c      ****  * ========================================
  11:drawer.c      **** */
  12:drawer.c      **** 
  13:drawer.c      **** #include "drawer.h"
  14:drawer.c      **** 
  15:drawer.c      **** RC_t dw_ringbufferInit(dw_Ringbuffer_t* const me){
  29              		.loc 1 15 0
  30              		.cfi_startproc
  31              		@ args = 0, pretend = 0, frame = 8
  32              		@ frame_needed = 1, uses_anonymous_args = 0
  33              		@ link register save eliminated.
  34 0000 80B4     		push	{r7}
  35              		.cfi_def_cfa_offset 4
  36              		.cfi_offset 7, -4
  37 0002 83B0     		sub	sp, sp, #12
  38              		.cfi_def_cfa_offset 16
  39 0004 00AF     		add	r7, sp, #0
  40              		.cfi_def_cfa_register 7
  41 0006 7860     		str	r0, [r7, #4]
  16:drawer.c      ****     me->dw_readIndex = 0;
ARM GAS  C:\Users\schmi\AppData\Local\Temp\ccNdEXbE.s 			page 2


  42              		.loc 1 16 0
  43 0008 7B68     		ldr	r3, [r7, #4]
  44 000a 0022     		movs	r2, #0
  45 000c 9A87     		strh	r2, [r3, #60]	@ movhi
  17:drawer.c      ****     me->dw_writeIndex = 0;
  46              		.loc 1 17 0
  47 000e 7B68     		ldr	r3, [r7, #4]
  48 0010 0022     		movs	r2, #0
  49 0012 DA87     		strh	r2, [r3, #62]	@ movhi
  18:drawer.c      ****     me->dw_fillLevel = 0;
  50              		.loc 1 18 0
  51 0014 7B68     		ldr	r3, [r7, #4]
  52 0016 0022     		movs	r2, #0
  53 0018 A3F84020 		strh	r2, [r3, #64]	@ movhi
  19:drawer.c      ****     me->dw_size = DRAWER_SIZE;
  54              		.loc 1 19 0
  55 001c 7B68     		ldr	r3, [r7, #4]
  56 001e 0A22     		movs	r2, #10
  57 0020 A3F84220 		strh	r2, [r3, #66]	@ movhi
  20:drawer.c      ****     me->dw_type = T_DRAWER;
  58              		.loc 1 20 0
  59 0024 7B68     		ldr	r3, [r7, #4]
  60 0026 0022     		movs	r2, #0
  61 0028 83F84420 		strb	r2, [r3, #68]
  21:drawer.c      ****     return RC_SUCCESS;   
  62              		.loc 1 21 0
  63 002c 0023     		movs	r3, #0
  22:drawer.c      **** }
  64              		.loc 1 22 0
  65 002e 1846     		mov	r0, r3
  66 0030 0C37     		adds	r7, r7, #12
  67              		.cfi_def_cfa_offset 4
  68 0032 BD46     		mov	sp, r7
  69              		.cfi_def_cfa_register 13
  70              		@ sp needed
  71 0034 80BC     		pop	{r7}
  72              		.cfi_restore 7
  73              		.cfi_def_cfa_offset 0
  74 0036 7047     		bx	lr
  75              		.cfi_endproc
  76              	.LFE111:
  77              		.size	dw_ringbufferInit, .-dw_ringbufferInit
  78              		.section	.text.dw_writeToRingbuffer,"ax",%progbits
  79              		.align	2
  80              		.global	dw_writeToRingbuffer
  81              		.thumb
  82              		.thumb_func
  83              		.type	dw_writeToRingbuffer, %function
  84              	dw_writeToRingbuffer:
  85              	.LFB112:
  23:drawer.c      **** 
  24:drawer.c      **** RC_t dw_writeToRingbuffer(dw_Ringbuffer_t* const me, Drawer_t byteToWrite){
  86              		.loc 1 24 0
  87              		.cfi_startproc
  88              		@ args = 0, pretend = 0, frame = 16
  89              		@ frame_needed = 1, uses_anonymous_args = 0
  90 0000 80B5     		push	{r7, lr}
ARM GAS  C:\Users\schmi\AppData\Local\Temp\ccNdEXbE.s 			page 3


  91              		.cfi_def_cfa_offset 8
  92              		.cfi_offset 7, -8
  93              		.cfi_offset 14, -4
  94 0002 84B0     		sub	sp, sp, #16
  95              		.cfi_def_cfa_offset 24
  96 0004 00AF     		add	r7, sp, #0
  97              		.cfi_def_cfa_register 7
  98 0006 F860     		str	r0, [r7, #12]
  99 0008 3B1D     		adds	r3, r7, #4
 100 000a 83E80600 		stmia	r3, {r1, r2}
  25:drawer.c      ****     GetResource(res_drawer_RB);
 101              		.loc 1 25 0
 102 000e 0220     		movs	r0, #2
 103 0010 FFF7FEFF 		bl	EE_oo_GetResource
  26:drawer.c      ****     if(me->dw_fillLevel < me->dw_size - 1){
 104              		.loc 1 26 0
 105 0014 FB68     		ldr	r3, [r7, #12]
 106 0016 B3F84030 		ldrh	r3, [r3, #64]
 107 001a 1A46     		mov	r2, r3
 108 001c FB68     		ldr	r3, [r7, #12]
 109 001e B3F84230 		ldrh	r3, [r3, #66]
 110 0022 013B     		subs	r3, r3, #1
 111 0024 9A42     		cmp	r2, r3
 112 0026 29DA     		bge	.L4
  27:drawer.c      ****         me->dw_buffer[(me->dw_writeIndex++)%DRAWER_SIZE] = byteToWrite;
 113              		.loc 1 27 0
 114 0028 FB68     		ldr	r3, [r7, #12]
 115 002a DA8F     		ldrh	r2, [r3, #62]
 116 002c 531C     		adds	r3, r2, #1
 117 002e 99B2     		uxth	r1, r3
 118 0030 FB68     		ldr	r3, [r7, #12]
 119 0032 D987     		strh	r1, [r3, #62]	@ movhi
 120 0034 144B     		ldr	r3, .L7
 121 0036 A3FB0213 		umull	r1, r3, r3, r2
 122 003a D908     		lsrs	r1, r3, #3
 123 003c 0B46     		mov	r3, r1
 124 003e 9B00     		lsls	r3, r3, #2
 125 0040 0B44     		add	r3, r3, r1
 126 0042 5B00     		lsls	r3, r3, #1
 127 0044 D31A     		subs	r3, r2, r3
 128 0046 9BB2     		uxth	r3, r3
 129 0048 1946     		mov	r1, r3
 130 004a FA68     		ldr	r2, [r7, #12]
 131 004c 0B46     		mov	r3, r1
 132 004e 5B00     		lsls	r3, r3, #1
 133 0050 0B44     		add	r3, r3, r1
 134 0052 5B00     		lsls	r3, r3, #1
 135 0054 1344     		add	r3, r3, r2
 136 0056 1A46     		mov	r2, r3
 137 0058 3B1D     		adds	r3, r7, #4
 138 005a 1868     		ldr	r0, [r3]	@ unaligned
 139 005c 1060     		str	r0, [r2]	@ unaligned
 140 005e 9B88     		ldrh	r3, [r3, #4]	@ unaligned
 141 0060 9380     		strh	r3, [r2, #4]	@ unaligned
  28:drawer.c      ****         me->dw_fillLevel++;
 142              		.loc 1 28 0
 143 0062 FB68     		ldr	r3, [r7, #12]
ARM GAS  C:\Users\schmi\AppData\Local\Temp\ccNdEXbE.s 			page 4


 144 0064 B3F84030 		ldrh	r3, [r3, #64]
 145 0068 0133     		adds	r3, r3, #1
 146 006a 9AB2     		uxth	r2, r3
 147 006c FB68     		ldr	r3, [r7, #12]
 148 006e A3F84020 		strh	r2, [r3, #64]	@ movhi
  29:drawer.c      ****     }else{
  30:drawer.c      ****         return RC_ERROR_OVERRUN;
  31:drawer.c      ****     }
  32:drawer.c      ****     ReleaseResource(res_drawer_RB);
 149              		.loc 1 32 0
 150 0072 0220     		movs	r0, #2
 151 0074 FFF7FEFF 		bl	EE_oo_ReleaseResource
  33:drawer.c      ****     return RC_SUCCESS;
 152              		.loc 1 33 0
 153 0078 0023     		movs	r3, #0
 154 007a 01E0     		b	.L6
 155              	.L4:
  30:drawer.c      ****     }
 156              		.loc 1 30 0
 157 007c 6FF00503 		mvn	r3, #5
 158              	.L6:
  34:drawer.c      **** }
 159              		.loc 1 34 0
 160 0080 1846     		mov	r0, r3
 161 0082 1037     		adds	r7, r7, #16
 162              		.cfi_def_cfa_offset 8
 163 0084 BD46     		mov	sp, r7
 164              		.cfi_def_cfa_register 13
 165              		@ sp needed
 166 0086 80BD     		pop	{r7, pc}
 167              	.L8:
 168              		.align	2
 169              	.L7:
 170 0088 CDCCCCCC 		.word	-858993459
 171              		.cfi_endproc
 172              	.LFE112:
 173              		.size	dw_writeToRingbuffer, .-dw_writeToRingbuffer
 174              		.section	.text.dw_readFromRingbuffer,"ax",%progbits
 175              		.align	2
 176              		.global	dw_readFromRingbuffer
 177              		.thumb
 178              		.thumb_func
 179              		.type	dw_readFromRingbuffer, %function
 180              	dw_readFromRingbuffer:
 181              	.LFB113:
  35:drawer.c      **** 
  36:drawer.c      **** RC_t dw_readFromRingbuffer(dw_Ringbuffer_t * const me, Drawer_t* buffer_data){
 182              		.loc 1 36 0
 183              		.cfi_startproc
 184              		@ args = 0, pretend = 0, frame = 16
 185              		@ frame_needed = 1, uses_anonymous_args = 0
 186 0000 80B5     		push	{r7, lr}
 187              		.cfi_def_cfa_offset 8
 188              		.cfi_offset 7, -8
 189              		.cfi_offset 14, -4
 190 0002 84B0     		sub	sp, sp, #16
 191              		.cfi_def_cfa_offset 24
ARM GAS  C:\Users\schmi\AppData\Local\Temp\ccNdEXbE.s 			page 5


 192 0004 00AF     		add	r7, sp, #0
 193              		.cfi_def_cfa_register 7
 194 0006 7860     		str	r0, [r7, #4]
 195 0008 3960     		str	r1, [r7]
  37:drawer.c      ****     RC_t ret = RC_SUCCESS;
 196              		.loc 1 37 0
 197 000a 0023     		movs	r3, #0
 198 000c FB73     		strb	r3, [r7, #15]
  38:drawer.c      ****     GetResource(res_drawer_RB);
 199              		.loc 1 38 0
 200 000e 0220     		movs	r0, #2
 201 0010 FFF7FEFF 		bl	EE_oo_GetResource
  39:drawer.c      ****     if(me->dw_fillLevel > 0){
 202              		.loc 1 39 0
 203 0014 7B68     		ldr	r3, [r7, #4]
 204 0016 B3F84030 		ldrh	r3, [r3, #64]
 205 001a 002B     		cmp	r3, #0
 206 001c 25D0     		beq	.L10
  40:drawer.c      ****        *buffer_data = me->dw_buffer[(me->dw_readIndex++)%DRAWER_SIZE];
 207              		.loc 1 40 0
 208 001e 7B68     		ldr	r3, [r7, #4]
 209 0020 9A8F     		ldrh	r2, [r3, #60]
 210 0022 531C     		adds	r3, r2, #1
 211 0024 99B2     		uxth	r1, r3
 212 0026 7B68     		ldr	r3, [r7, #4]
 213 0028 9987     		strh	r1, [r3, #60]	@ movhi
 214 002a 154B     		ldr	r3, .L13
 215 002c A3FB0213 		umull	r1, r3, r3, r2
 216 0030 D908     		lsrs	r1, r3, #3
 217 0032 0B46     		mov	r3, r1
 218 0034 9B00     		lsls	r3, r3, #2
 219 0036 0B44     		add	r3, r3, r1
 220 0038 5B00     		lsls	r3, r3, #1
 221 003a D31A     		subs	r3, r2, r3
 222 003c 9BB2     		uxth	r3, r3
 223 003e 1946     		mov	r1, r3
 224 0040 3868     		ldr	r0, [r7]
 225 0042 7A68     		ldr	r2, [r7, #4]
 226 0044 0B46     		mov	r3, r1
 227 0046 5B00     		lsls	r3, r3, #1
 228 0048 0B44     		add	r3, r3, r1
 229 004a 5B00     		lsls	r3, r3, #1
 230 004c 1A44     		add	r2, r2, r3
 231 004e 0346     		mov	r3, r0
 232 0050 1168     		ldr	r1, [r2]	@ unaligned
 233 0052 1960     		str	r1, [r3]	@ unaligned
 234 0054 9288     		ldrh	r2, [r2, #4]	@ unaligned
 235 0056 9A80     		strh	r2, [r3, #4]	@ unaligned
  41:drawer.c      ****         me->dw_fillLevel--;
 236              		.loc 1 41 0
 237 0058 7B68     		ldr	r3, [r7, #4]
 238 005a B3F84030 		ldrh	r3, [r3, #64]
 239 005e 013B     		subs	r3, r3, #1
 240 0060 9AB2     		uxth	r2, r3
 241 0062 7B68     		ldr	r3, [r7, #4]
 242 0064 A3F84020 		strh	r2, [r3, #64]	@ movhi
 243 0068 01E0     		b	.L11
ARM GAS  C:\Users\schmi\AppData\Local\Temp\ccNdEXbE.s 			page 6


 244              	.L10:
  42:drawer.c      ****     }else{
  43:drawer.c      ****         ret = RC_ERROR_BUFFER_EMTPY;
 245              		.loc 1 43 0
 246 006a F723     		movs	r3, #247
 247 006c FB73     		strb	r3, [r7, #15]
 248              	.L11:
  44:drawer.c      ****     }
  45:drawer.c      ****     ReleaseResource(res_drawer_RB);
 249              		.loc 1 45 0
 250 006e 0220     		movs	r0, #2
 251 0070 FFF7FEFF 		bl	EE_oo_ReleaseResource
  46:drawer.c      ****     return ret;
 252              		.loc 1 46 0
 253 0074 97F90F30 		ldrsb	r3, [r7, #15]
  47:drawer.c      **** }
 254              		.loc 1 47 0
 255 0078 1846     		mov	r0, r3
 256 007a 1037     		adds	r7, r7, #16
 257              		.cfi_def_cfa_offset 8
 258 007c BD46     		mov	sp, r7
 259              		.cfi_def_cfa_register 13
 260              		@ sp needed
 261 007e 80BD     		pop	{r7, pc}
 262              	.L14:
 263              		.align	2
 264              	.L13:
 265 0080 CDCCCCCC 		.word	-858993459
 266              		.cfi_endproc
 267              	.LFE113:
 268              		.size	dw_readFromRingbuffer, .-dw_readFromRingbuffer
 269              		.section	.text.dw_readSetFromRingbuffer,"ax",%progbits
 270              		.align	2
 271              		.global	dw_readSetFromRingbuffer
 272              		.thumb
 273              		.thumb_func
 274              		.type	dw_readSetFromRingbuffer, %function
 275              	dw_readSetFromRingbuffer:
 276              	.LFB114:
  48:drawer.c      **** 
  49:drawer.c      **** RC_t dw_readSetFromRingbuffer(dw_Ringbuffer_t* const me, Drawer_t* drawerSet){
 277              		.loc 1 49 0
 278              		.cfi_startproc
 279              		@ args = 0, pretend = 0, frame = 16
 280              		@ frame_needed = 1, uses_anonymous_args = 0
 281 0000 80B5     		push	{r7, lr}
 282              		.cfi_def_cfa_offset 8
 283              		.cfi_offset 7, -8
 284              		.cfi_offset 14, -4
 285 0002 84B0     		sub	sp, sp, #16
 286              		.cfi_def_cfa_offset 24
 287 0004 00AF     		add	r7, sp, #0
 288              		.cfi_def_cfa_register 7
 289 0006 7860     		str	r0, [r7, #4]
 290 0008 3960     		str	r1, [r7]
  50:drawer.c      ****     uint16_t set_index = 0;
 291              		.loc 1 50 0
ARM GAS  C:\Users\schmi\AppData\Local\Temp\ccNdEXbE.s 			page 7


 292 000a 0023     		movs	r3, #0
 293 000c FB81     		strh	r3, [r7, #14]	@ movhi
  51:drawer.c      ****     GetResource(res_drawer_RB);
 294              		.loc 1 51 0
 295 000e 0220     		movs	r0, #2
 296 0010 FFF7FEFF 		bl	EE_oo_GetResource
  52:drawer.c      ****     while(me->dw_writeIndex != me->dw_readIndex){
 297              		.loc 1 52 0
 298 0014 0EE0     		b	.L16
 299              	.L17:
  53:drawer.c      ****         dw_readFromRingbuffer(me,&drawerSet[set_index++]);   
 300              		.loc 1 53 0
 301 0016 FB89     		ldrh	r3, [r7, #14]
 302 0018 5A1C     		adds	r2, r3, #1
 303 001a FA81     		strh	r2, [r7, #14]	@ movhi
 304 001c 1A46     		mov	r2, r3
 305 001e 1346     		mov	r3, r2
 306 0020 5B00     		lsls	r3, r3, #1
 307 0022 1344     		add	r3, r3, r2
 308 0024 5B00     		lsls	r3, r3, #1
 309 0026 1A46     		mov	r2, r3
 310 0028 3B68     		ldr	r3, [r7]
 311 002a 1344     		add	r3, r3, r2
 312 002c 1946     		mov	r1, r3
 313 002e 7868     		ldr	r0, [r7, #4]
 314 0030 FFF7FEFF 		bl	dw_readFromRingbuffer
 315              	.L16:
  52:drawer.c      ****     while(me->dw_writeIndex != me->dw_readIndex){
 316              		.loc 1 52 0
 317 0034 7B68     		ldr	r3, [r7, #4]
 318 0036 DA8F     		ldrh	r2, [r3, #62]
 319 0038 7B68     		ldr	r3, [r7, #4]
 320 003a 9B8F     		ldrh	r3, [r3, #60]
 321 003c 9A42     		cmp	r2, r3
 322 003e EAD1     		bne	.L17
  54:drawer.c      ****     }
  55:drawer.c      ****     ReleaseResource(res_drawer_RB);
 323              		.loc 1 55 0
 324 0040 0220     		movs	r0, #2
 325 0042 FFF7FEFF 		bl	EE_oo_ReleaseResource
  56:drawer.c      ****     return RC_SUCCESS;   
 326              		.loc 1 56 0
 327 0046 0023     		movs	r3, #0
  57:drawer.c      **** }
 328              		.loc 1 57 0
 329 0048 1846     		mov	r0, r3
 330 004a 1037     		adds	r7, r7, #16
 331              		.cfi_def_cfa_offset 8
 332 004c BD46     		mov	sp, r7
 333              		.cfi_def_cfa_register 13
 334              		@ sp needed
 335 004e 80BD     		pop	{r7, pc}
 336              		.cfi_endproc
 337              	.LFE114:
 338              		.size	dw_readSetFromRingbuffer, .-dw_readSetFromRingbuffer
 339              		.section	.text.dw_getBufferType,"ax",%progbits
 340              		.align	2
ARM GAS  C:\Users\schmi\AppData\Local\Temp\ccNdEXbE.s 			page 8


 341              		.global	dw_getBufferType
 342              		.thumb
 343              		.thumb_func
 344              		.type	dw_getBufferType, %function
 345              	dw_getBufferType:
 346              	.LFB115:
  58:drawer.c      **** 
  59:drawer.c      **** RingBuffer_type dw_getBufferType(dw_Ringbuffer_t* const me){
 347              		.loc 1 59 0
 348              		.cfi_startproc
 349              		@ args = 0, pretend = 0, frame = 8
 350              		@ frame_needed = 1, uses_anonymous_args = 0
 351              		@ link register save eliminated.
 352 0000 80B4     		push	{r7}
 353              		.cfi_def_cfa_offset 4
 354              		.cfi_offset 7, -4
 355 0002 83B0     		sub	sp, sp, #12
 356              		.cfi_def_cfa_offset 16
 357 0004 00AF     		add	r7, sp, #0
 358              		.cfi_def_cfa_register 7
 359 0006 7860     		str	r0, [r7, #4]
  60:drawer.c      ****     return me->dw_type;
 360              		.loc 1 60 0
 361 0008 7B68     		ldr	r3, [r7, #4]
 362 000a 93F84430 		ldrb	r3, [r3, #68]	@ zero_extendqisi2
  61:drawer.c      **** }
 363              		.loc 1 61 0
 364 000e 1846     		mov	r0, r3
 365 0010 0C37     		adds	r7, r7, #12
 366              		.cfi_def_cfa_offset 4
 367 0012 BD46     		mov	sp, r7
 368              		.cfi_def_cfa_register 13
 369              		@ sp needed
 370 0014 80BC     		pop	{r7}
 371              		.cfi_restore 7
 372              		.cfi_def_cfa_offset 0
 373 0016 7047     		bx	lr
 374              		.cfi_endproc
 375              	.LFE115:
 376              		.size	dw_getBufferType, .-dw_getBufferType
 377              		.section	.text.dw_setBufferType,"ax",%progbits
 378              		.align	2
 379              		.global	dw_setBufferType
 380              		.thumb
 381              		.thumb_func
 382              		.type	dw_setBufferType, %function
 383              	dw_setBufferType:
 384              	.LFB116:
  62:drawer.c      **** 
  63:drawer.c      **** void dw_setBufferType(dw_Ringbuffer_t * const me, RingBuffer_type type){
 385              		.loc 1 63 0
 386              		.cfi_startproc
 387              		@ args = 0, pretend = 0, frame = 8
 388              		@ frame_needed = 1, uses_anonymous_args = 0
 389 0000 80B5     		push	{r7, lr}
 390              		.cfi_def_cfa_offset 8
 391              		.cfi_offset 7, -8
ARM GAS  C:\Users\schmi\AppData\Local\Temp\ccNdEXbE.s 			page 9


 392              		.cfi_offset 14, -4
 393 0002 82B0     		sub	sp, sp, #8
 394              		.cfi_def_cfa_offset 16
 395 0004 00AF     		add	r7, sp, #0
 396              		.cfi_def_cfa_register 7
 397 0006 7860     		str	r0, [r7, #4]
 398 0008 0B46     		mov	r3, r1
 399 000a FB70     		strb	r3, [r7, #3]
  64:drawer.c      ****     GetResource(res_drawer_RB);
 400              		.loc 1 64 0
 401 000c 0220     		movs	r0, #2
 402 000e FFF7FEFF 		bl	EE_oo_GetResource
  65:drawer.c      ****     me->dw_type = type;
 403              		.loc 1 65 0
 404 0012 7B68     		ldr	r3, [r7, #4]
 405 0014 FA78     		ldrb	r2, [r7, #3]
 406 0016 83F84420 		strb	r2, [r3, #68]
  66:drawer.c      ****     ReleaseResource(res_drawer_RB);
 407              		.loc 1 66 0
 408 001a 0220     		movs	r0, #2
 409 001c FFF7FEFF 		bl	EE_oo_ReleaseResource
  67:drawer.c      ****     return;
 410              		.loc 1 67 0
 411 0020 00BF     		nop
  68:drawer.c      **** }
 412              		.loc 1 68 0
 413 0022 0837     		adds	r7, r7, #8
 414              		.cfi_def_cfa_offset 8
 415 0024 BD46     		mov	sp, r7
 416              		.cfi_def_cfa_register 13
 417              		@ sp needed
 418 0026 80BD     		pop	{r7, pc}
 419              		.cfi_endproc
 420              	.LFE116:
 421              		.size	dw_setBufferType, .-dw_setBufferType
 422              		.text
 423              	.Letext0:
 424              		.file 2 ".\\source\\bsw/global.h"
 425              		.file 3 "c:\\program files (x86)\\cypress\\psoc creator\\4.4\\psoc creator\\import\\gnu\\arm\\5.4.
 426              		.file 4 "c:\\program files (x86)\\cypress\\psoc creator\\4.4\\psoc creator\\import\\gnu\\arm\\5.4.
 427              		.file 5 ".\\source\\bsw\\tft/tft.h"
 428              		.file 6 "Generated_Source\\PSoC5/ErikaOS_1_common_ee_types.inc"
 429              		.file 7 "Generated_Source\\PSoC5/ErikaOS_1_cortex_mx_ee_cpu.inc"
 430              		.file 8 "bufferTypes.h"
 431              		.file 9 "drawer.h"
 432              		.file 10 "Generated_Source\\PSoC5/ErikaOS_1_ee_oo_intfunc.inc"
 433              		.file 11 "Generated_Source\\PSoC5/ErikaOS_1_cortex_mx_ee_context.inc"
 434              		.file 12 "Generated_Source\\PSoC5/ErikaOS_1_common_ee_primitives.inc"
 435              		.file 13 "Generated_Source\\PSoC5/core_cm3.h"
 436              		.section	.debug_info,"",%progbits
 437              	.Ldebug_info0:
 438 0000 0E050000 		.4byte	0x50e
 439 0004 0400     		.2byte	0x4
 440 0006 00000000 		.4byte	.Ldebug_abbrev0
 441 000a 04       		.byte	0x4
 442 000b 01       		.uleb128 0x1
 443 000c 96000000 		.4byte	.LASF108
ARM GAS  C:\Users\schmi\AppData\Local\Temp\ccNdEXbE.s 			page 10


 444 0010 0C       		.byte	0xc
 445 0011 65040000 		.4byte	.LASF109
 446 0015 04030000 		.4byte	.LASF110
 447 0019 00000000 		.4byte	.Ldebug_ranges0+0
 448 001d 00000000 		.4byte	0
 449 0021 00000000 		.4byte	.Ldebug_line0
 450 0025 02       		.uleb128 0x2
 451 0026 01       		.byte	0x1
 452 0027 06       		.byte	0x6
 453 0028 A5030000 		.4byte	.LASF0
 454 002c 03       		.uleb128 0x3
 455 002d 81010000 		.4byte	.LASF3
 456 0031 02       		.byte	0x2
 457 0032 91       		.byte	0x91
 458 0033 37000000 		.4byte	0x37
 459 0037 02       		.uleb128 0x2
 460 0038 01       		.byte	0x1
 461 0039 08       		.byte	0x8
 462 003a 7C030000 		.4byte	.LASF1
 463 003e 02       		.uleb128 0x2
 464 003f 02       		.byte	0x2
 465 0040 05       		.byte	0x5
 466 0041 5D000000 		.4byte	.LASF2
 467 0045 03       		.uleb128 0x3
 468 0046 FB030000 		.4byte	.LASF4
 469 004a 02       		.byte	0x2
 470 004b 93       		.byte	0x93
 471 004c 50000000 		.4byte	0x50
 472 0050 02       		.uleb128 0x2
 473 0051 02       		.byte	0x2
 474 0052 07       		.byte	0x7
 475 0053 4A040000 		.4byte	.LASF5
 476 0057 02       		.uleb128 0x2
 477 0058 04       		.byte	0x4
 478 0059 05       		.byte	0x5
 479 005a 7E020000 		.4byte	.LASF6
 480 005e 02       		.uleb128 0x2
 481 005f 04       		.byte	0x4
 482 0060 07       		.byte	0x7
 483 0061 1E050000 		.4byte	.LASF7
 484 0065 02       		.uleb128 0x2
 485 0066 04       		.byte	0x4
 486 0067 04       		.byte	0x4
 487 0068 F4010000 		.4byte	.LASF8
 488 006c 02       		.uleb128 0x2
 489 006d 08       		.byte	0x8
 490 006e 04       		.byte	0x4
 491 006f 54050000 		.4byte	.LASF9
 492 0073 02       		.uleb128 0x2
 493 0074 08       		.byte	0x8
 494 0075 05       		.byte	0x5
 495 0076 2A020000 		.4byte	.LASF10
 496 007a 02       		.uleb128 0x2
 497 007b 08       		.byte	0x8
 498 007c 07       		.byte	0x7
 499 007d B1030000 		.4byte	.LASF11
 500 0081 02       		.uleb128 0x2
ARM GAS  C:\Users\schmi\AppData\Local\Temp\ccNdEXbE.s 			page 11


 501 0082 01       		.byte	0x1
 502 0083 08       		.byte	0x8
 503 0084 88040000 		.4byte	.LASF12
 504 0088 04       		.uleb128 0x4
 505 0089 01       		.byte	0x1
 506 008a 25000000 		.4byte	0x25
 507 008e 02       		.byte	0x2
 508 008f CF       		.byte	0xcf
 509 0090 31010000 		.4byte	0x131
 510 0094 05       		.uleb128 0x5
 511 0095 27000000 		.4byte	.LASF13
 512 0099 00       		.byte	0
 513 009a 06       		.uleb128 0x6
 514 009b F0050000 		.4byte	.LASF14
 515 009f 7F       		.sleb128 -1
 516 00a0 06       		.uleb128 0x6
 517 00a1 04040000 		.4byte	.LASF15
 518 00a5 7E       		.sleb128 -2
 519 00a6 06       		.uleb128 0x6
 520 00a7 24010000 		.4byte	.LASF16
 521 00ab 7D       		.sleb128 -3
 522 00ac 06       		.uleb128 0x6
 523 00ad 93040000 		.4byte	.LASF17
 524 00b1 7C       		.sleb128 -4
 525 00b2 06       		.uleb128 0x6
 526 00b3 DC010000 		.4byte	.LASF18
 527 00b7 7B       		.sleb128 -5
 528 00b8 06       		.uleb128 0x6
 529 00b9 67000000 		.4byte	.LASF19
 530 00bd 7A       		.sleb128 -6
 531 00be 06       		.uleb128 0x6
 532 00bf 26060000 		.4byte	.LASF20
 533 00c3 79       		.sleb128 -7
 534 00c4 06       		.uleb128 0x6
 535 00c5 A3040000 		.4byte	.LASF21
 536 00c9 78       		.sleb128 -8
 537 00ca 06       		.uleb128 0x6
 538 00cb 45060000 		.4byte	.LASF22
 539 00cf 77       		.sleb128 -9
 540 00d0 06       		.uleb128 0x6
 541 00d1 9C020000 		.4byte	.LASF23
 542 00d5 76       		.sleb128 -10
 543 00d6 06       		.uleb128 0x6
 544 00d7 60060000 		.4byte	.LASF24
 545 00db 75       		.sleb128 -11
 546 00dc 06       		.uleb128 0x6
 547 00dd ED030000 		.4byte	.LASF25
 548 00e1 74       		.sleb128 -12
 549 00e2 06       		.uleb128 0x6
 550 00e3 6A050000 		.4byte	.LASF26
 551 00e7 73       		.sleb128 -13
 552 00e8 06       		.uleb128 0x6
 553 00e9 F1020000 		.4byte	.LASF27
 554 00ed 72       		.sleb128 -14
 555 00ee 06       		.uleb128 0x6
 556 00ef 49000000 		.4byte	.LASF28
 557 00f3 71       		.sleb128 -15
ARM GAS  C:\Users\schmi\AppData\Local\Temp\ccNdEXbE.s 			page 12


 558 00f4 06       		.uleb128 0x6
 559 00f5 AF020000 		.4byte	.LASF29
 560 00f9 70       		.sleb128 -16
 561 00fa 06       		.uleb128 0x6
 562 00fb 3A010000 		.4byte	.LASF30
 563 00ff 6F       		.sleb128 -17
 564 0100 06       		.uleb128 0x6
 565 0101 78000000 		.4byte	.LASF31
 566 0105 6E       		.sleb128 -18
 567 0106 06       		.uleb128 0x6
 568 0107 5A020000 		.4byte	.LASF32
 569 010b 6D       		.sleb128 -19
 570 010c 06       		.uleb128 0x6
 571 010d CA040000 		.4byte	.LASF33
 572 0111 6C       		.sleb128 -20
 573 0112 06       		.uleb128 0x6
 574 0113 CA020000 		.4byte	.LASF34
 575 0117 6B       		.sleb128 -21
 576 0118 06       		.uleb128 0x6
 577 0119 AB050000 		.4byte	.LASF35
 578 011d 6A       		.sleb128 -22
 579 011e 06       		.uleb128 0x6
 580 011f 89010000 		.4byte	.LASF36
 581 0123 69       		.sleb128 -23
 582 0124 06       		.uleb128 0x6
 583 0125 6D020000 		.4byte	.LASF37
 584 0129 68       		.sleb128 -24
 585 012a 06       		.uleb128 0x6
 586 012b 11020000 		.4byte	.LASF38
 587 012f 67       		.sleb128 -25
 588 0130 00       		.byte	0
 589 0131 03       		.uleb128 0x3
 590 0132 5B060000 		.4byte	.LASF39
 591 0136 02       		.byte	0x2
 592 0137 EA       		.byte	0xea
 593 0138 88000000 		.4byte	0x88
 594 013c 03       		.uleb128 0x3
 595 013d C0040000 		.4byte	.LASF40
 596 0141 03       		.byte	0x3
 597 0142 3F       		.byte	0x3f
 598 0143 57000000 		.4byte	0x57
 599 0147 07       		.uleb128 0x7
 600 0148 04       		.byte	0x4
 601 0149 05       		.byte	0x5
 602 014a 696E7400 		.ascii	"int\000"
 603 014e 02       		.uleb128 0x2
 604 014f 04       		.byte	0x4
 605 0150 07       		.byte	0x7
 606 0151 E0030000 		.4byte	.LASF41
 607 0155 02       		.uleb128 0x2
 608 0156 08       		.byte	0x8
 609 0157 04       		.byte	0x4
 610 0158 66030000 		.4byte	.LASF42
 611 015c 02       		.uleb128 0x2
 612 015d 04       		.byte	0x4
 613 015e 07       		.byte	0x7
 614 015f 8D000000 		.4byte	.LASF43
ARM GAS  C:\Users\schmi\AppData\Local\Temp\ccNdEXbE.s 			page 13


 615 0163 03       		.uleb128 0x3
 616 0164 B8040000 		.4byte	.LASF44
 617 0168 04       		.byte	0x4
 618 0169 2C       		.byte	0x2c
 619 016a 3C010000 		.4byte	0x13c
 620 016e 04       		.uleb128 0x4
 621 016f 02       		.byte	0x2
 622 0170 50000000 		.4byte	0x50
 623 0174 05       		.byte	0x5
 624 0175 5C       		.byte	0x5c
 625 0176 0C020000 		.4byte	0x20c
 626 017a 08       		.uleb128 0x8
 627 017b 60030000 		.4byte	.LASF45
 628 017f FFFF     		.2byte	0xffff
 629 0181 05       		.uleb128 0x5
 630 0182 DA030000 		.4byte	.LASF46
 631 0186 00       		.byte	0
 632 0187 08       		.uleb128 0x8
 633 0188 09060000 		.4byte	.LASF47
 634 018c 00F8     		.2byte	0xf800
 635 018e 08       		.uleb128 0x8
 636 018f 40060000 		.4byte	.LASF48
 637 0193 1FF8     		.2byte	0xf81f
 638 0195 08       		.uleb128 0x8
 639 0196 C8010000 		.4byte	.LASF49
 640 019a FF07     		.2byte	0x7ff
 641 019c 08       		.uleb128 0x8
 642 019d 7B010000 		.4byte	.LASF50
 643 01a1 E0FF     		.2byte	0xffe0
 644 01a3 09       		.uleb128 0x9
 645 01a4 52454400 		.ascii	"RED\000"
 646 01a8 1F       		.byte	0x1f
 647 01a9 08       		.uleb128 0x8
 648 01aa 62050000 		.4byte	.LASF51
 649 01ae 1FF8     		.2byte	0xf81f
 650 01b0 08       		.uleb128 0x8
 651 01b1 F9050000 		.4byte	.LASF52
 652 01b5 E007     		.2byte	0x7e0
 653 01b7 08       		.uleb128 0x8
 654 01b8 AA020000 		.4byte	.LASF53
 655 01bc E0FF     		.2byte	0xffe0
 656 01be 08       		.uleb128 0x8
 657 01bf A0010000 		.4byte	.LASF54
 658 01c3 FF07     		.2byte	0x7ff
 659 01c5 08       		.uleb128 0x8
 660 01c6 95050000 		.4byte	.LASF55
 661 01ca 3D02     		.2byte	0x23d
 662 01cc 08       		.uleb128 0x8
 663 01cd 8D040000 		.4byte	.LASF56
 664 01d1 3FE0     		.2byte	0xe03f
 665 01d3 08       		.uleb128 0x8
 666 01d4 D7010000 		.4byte	.LASF57
 667 01d8 210C     		.2byte	0xc21
 668 01da 08       		.uleb128 0x8
 669 01db 8C050000 		.4byte	.LASF58
 670 01df 89F3     		.2byte	0xf389
 671 01e1 08       		.uleb128 0x8
ARM GAS  C:\Users\schmi\AppData\Local\Temp\ccNdEXbE.s 			page 14


 672 01e2 C0020000 		.4byte	.LASF59
 673 01e6 BE3E     		.2byte	0x3ebe
 674 01e8 08       		.uleb128 0x8
 675 01e9 41040000 		.4byte	.LASF60
 676 01ed 2A1A     		.2byte	0x1a2a
 677 01ef 08       		.uleb128 0x8
 678 01f0 4E010000 		.4byte	.LASF61
 679 01f4 21F8     		.2byte	0xf821
 680 01f6 08       		.uleb128 0x8
 681 01f7 FA010000 		.4byte	.LASF62
 682 01fb 6318     		.2byte	0x1863
 683 01fd 08       		.uleb128 0x8
 684 01fe CD010000 		.4byte	.LASF63
 685 0202 658A     		.2byte	0x8a65
 686 0204 08       		.uleb128 0x8
 687 0205 E2040000 		.4byte	.LASF64
 688 0209 D448     		.2byte	0x48d4
 689 020b 00       		.byte	0
 690 020c 03       		.uleb128 0x3
 691 020d CD030000 		.4byte	.LASF65
 692 0211 05       		.byte	0x5
 693 0212 72       		.byte	0x72
 694 0213 6E010000 		.4byte	0x16e
 695 0217 03       		.uleb128 0x3
 696 0218 2B040000 		.4byte	.LASF66
 697 021c 06       		.byte	0x6
 698 021d 53       		.byte	0x53
 699 021e 47010000 		.4byte	0x147
 700 0222 03       		.uleb128 0x3
 701 0223 59010000 		.4byte	.LASF67
 702 0227 06       		.byte	0x6
 703 0228 54       		.byte	0x54
 704 0229 4E010000 		.4byte	0x14e
 705 022d 03       		.uleb128 0x3
 706 022e 1F000000 		.4byte	.LASF68
 707 0232 07       		.byte	0x7
 708 0233 4D       		.byte	0x4d
 709 0234 22020000 		.4byte	0x222
 710 0238 03       		.uleb128 0x3
 711 0239 32010000 		.4byte	.LASF69
 712 023d 07       		.byte	0x7
 713 023e 4F       		.byte	0x4f
 714 023f 22020000 		.4byte	0x222
 715 0243 03       		.uleb128 0x3
 716 0244 74010000 		.4byte	.LASF70
 717 0248 07       		.byte	0x7
 718 0249 78       		.byte	0x78
 719 024a 17020000 		.4byte	0x217
 720 024e 04       		.uleb128 0x4
 721 024f 01       		.byte	0x1
 722 0250 37000000 		.4byte	0x37
 723 0254 08       		.byte	0x8
 724 0255 0F       		.byte	0xf
 725 0256 73020000 		.4byte	0x273
 726 025a 05       		.uleb128 0x5
 727 025b 16000000 		.4byte	.LASF71
 728 025f 00       		.byte	0
ARM GAS  C:\Users\schmi\AppData\Local\Temp\ccNdEXbE.s 			page 15


 729 0260 05       		.uleb128 0x5
 730 0261 5D040000 		.4byte	.LASF72
 731 0265 01       		.byte	0x1
 732 0266 05       		.uleb128 0x5
 733 0267 8A030000 		.4byte	.LASF73
 734 026b 02       		.byte	0x2
 735 026c 05       		.uleb128 0x5
 736 026d 5B050000 		.4byte	.LASF74
 737 0271 03       		.byte	0x3
 738 0272 00       		.byte	0
 739 0273 03       		.uleb128 0x3
 740 0274 7C050000 		.4byte	.LASF75
 741 0278 08       		.byte	0x8
 742 0279 0F       		.byte	0xf
 743 027a 4E020000 		.4byte	0x24e
 744 027e 04       		.uleb128 0x4
 745 027f 01       		.byte	0x1
 746 0280 37000000 		.4byte	0x37
 747 0284 09       		.byte	0x9
 748 0285 11       		.byte	0x11
 749 0286 97020000 		.4byte	0x297
 750 028a 05       		.uleb128 0x5
 751 028b 63010000 		.4byte	.LASF76
 752 028f 00       		.byte	0
 753 0290 05       		.uleb128 0x5
 754 0291 9B050000 		.4byte	.LASF77
 755 0295 01       		.byte	0x1
 756 0296 00       		.byte	0
 757 0297 03       		.uleb128 0x3
 758 0298 87020000 		.4byte	.LASF78
 759 029c 09       		.byte	0x9
 760 029d 11       		.byte	0x11
 761 029e 7E020000 		.4byte	0x27e
 762 02a2 0A       		.uleb128 0xa
 763 02a3 04       		.byte	0x4
 764 02a4 09       		.byte	0x9
 765 02a5 14       		.byte	0x14
 766 02a6 C1020000 		.4byte	0x2c1
 767 02aa 0B       		.uleb128 0xb
 768 02ab 00000000 		.4byte	.LASF79
 769 02af 09       		.byte	0x9
 770 02b0 16       		.byte	0x16
 771 02b1 0C020000 		.4byte	0x20c
 772 02b5 0B       		.uleb128 0xb
 773 02b6 49050000 		.4byte	.LASF80
 774 02ba 09       		.byte	0x9
 775 02bb 17       		.byte	0x17
 776 02bc C1020000 		.4byte	0x2c1
 777 02c0 00       		.byte	0
 778 02c1 0C       		.uleb128 0xc
 779 02c2 2C000000 		.4byte	0x2c
 780 02c6 D1020000 		.4byte	0x2d1
 781 02ca 0D       		.uleb128 0xd
 782 02cb 5C010000 		.4byte	0x15c
 783 02cf 03       		.byte	0x3
 784 02d0 00       		.byte	0
 785 02d1 0E       		.uleb128 0xe
ARM GAS  C:\Users\schmi\AppData\Local\Temp\ccNdEXbE.s 			page 16


 786 02d2 EB010000 		.4byte	.LASF111
 787 02d6 06       		.byte	0x6
 788 02d7 09       		.byte	0x9
 789 02d8 12       		.byte	0x12
 790 02d9 F6020000 		.4byte	0x2f6
 791 02dd 0F       		.uleb128 0xf
 792 02de 38060000 		.4byte	.LASF81
 793 02e2 09       		.byte	0x9
 794 02e3 13       		.byte	0x13
 795 02e4 97020000 		.4byte	0x297
 796 02e8 00       		.byte	0
 797 02e9 0F       		.uleb128 0xf
 798 02ea DD040000 		.4byte	.LASF82
 799 02ee 09       		.byte	0x9
 800 02ef 18       		.byte	0x18
 801 02f0 A2020000 		.4byte	0x2a2
 802 02f4 02       		.byte	0x2
 803 02f5 00       		.byte	0
 804 02f6 03       		.uleb128 0x3
 805 02f7 38020000 		.4byte	.LASF83
 806 02fb 09       		.byte	0x9
 807 02fc 1A       		.byte	0x1a
 808 02fd D1020000 		.4byte	0x2d1
 809 0301 10       		.uleb128 0x10
 810 0302 46       		.byte	0x46
 811 0303 09       		.byte	0x9
 812 0304 1D       		.byte	0x1d
 813 0305 52030000 		.4byte	0x352
 814 0309 0F       		.uleb128 0xf
 815 030a 3F000000 		.4byte	.LASF84
 816 030e 09       		.byte	0x9
 817 030f 1E       		.byte	0x1e
 818 0310 52030000 		.4byte	0x352
 819 0314 00       		.byte	0
 820 0315 0F       		.uleb128 0xf
 821 0316 34040000 		.4byte	.LASF85
 822 031a 09       		.byte	0x9
 823 031b 1F       		.byte	0x1f
 824 031c 45000000 		.4byte	0x45
 825 0320 3C       		.byte	0x3c
 826 0321 0F       		.uleb128 0xf
 827 0322 D5050000 		.4byte	.LASF86
 828 0326 09       		.byte	0x9
 829 0327 20       		.byte	0x20
 830 0328 45000000 		.4byte	0x45
 831 032c 3E       		.byte	0x3e
 832 032d 0F       		.uleb128 0xf
 833 032e 32000000 		.4byte	.LASF87
 834 0332 09       		.byte	0x9
 835 0333 21       		.byte	0x21
 836 0334 45000000 		.4byte	0x45
 837 0338 40       		.byte	0x40
 838 0339 0F       		.uleb128 0xf
 839 033a CD050000 		.4byte	.LASF88
 840 033e 09       		.byte	0x9
 841 033f 22       		.byte	0x22
 842 0340 45000000 		.4byte	0x45
ARM GAS  C:\Users\schmi\AppData\Local\Temp\ccNdEXbE.s 			page 17


 843 0344 42       		.byte	0x42
 844 0345 0F       		.uleb128 0xf
 845 0346 80040000 		.4byte	.LASF89
 846 034a 09       		.byte	0x9
 847 034b 24       		.byte	0x24
 848 034c 73020000 		.4byte	0x273
 849 0350 44       		.byte	0x44
 850 0351 00       		.byte	0
 851 0352 0C       		.uleb128 0xc
 852 0353 F6020000 		.4byte	0x2f6
 853 0357 62030000 		.4byte	0x362
 854 035b 0D       		.uleb128 0xd
 855 035c 5C010000 		.4byte	0x15c
 856 0360 09       		.byte	0x9
 857 0361 00       		.byte	0
 858 0362 03       		.uleb128 0x3
 859 0363 BD050000 		.4byte	.LASF90
 860 0367 09       		.byte	0x9
 861 0368 25       		.byte	0x25
 862 0369 01030000 		.4byte	0x301
 863 036d 11       		.uleb128 0x11
 864 036e 6E040000 		.4byte	.LASF91
 865 0372 01       		.byte	0x1
 866 0373 0F       		.byte	0xf
 867 0374 31010000 		.4byte	0x131
 868 0378 00000000 		.4byte	.LFB111
 869 037c 38000000 		.4byte	.LFE111-.LFB111
 870 0380 01       		.uleb128 0x1
 871 0381 9C       		.byte	0x9c
 872 0382 94030000 		.4byte	0x394
 873 0386 12       		.uleb128 0x12
 874 0387 6D6500   		.ascii	"me\000"
 875 038a 01       		.byte	0x1
 876 038b 0F       		.byte	0xf
 877 038c 9A030000 		.4byte	0x39a
 878 0390 02       		.uleb128 0x2
 879 0391 91       		.byte	0x91
 880 0392 74       		.sleb128 -12
 881 0393 00       		.byte	0
 882 0394 13       		.uleb128 0x13
 883 0395 04       		.byte	0x4
 884 0396 62030000 		.4byte	0x362
 885 039a 14       		.uleb128 0x14
 886 039b 94030000 		.4byte	0x394
 887 039f 15       		.uleb128 0x15
 888 03a0 DC020000 		.4byte	.LASF92
 889 03a4 01       		.byte	0x1
 890 03a5 18       		.byte	0x18
 891 03a6 31010000 		.4byte	0x131
 892 03aa 00000000 		.4byte	.LFB112
 893 03ae 8C000000 		.4byte	.LFE112-.LFB112
 894 03b2 01       		.uleb128 0x1
 895 03b3 9C       		.byte	0x9c
 896 03b4 D4030000 		.4byte	0x3d4
 897 03b8 12       		.uleb128 0x12
 898 03b9 6D6500   		.ascii	"me\000"
 899 03bc 01       		.byte	0x1
ARM GAS  C:\Users\schmi\AppData\Local\Temp\ccNdEXbE.s 			page 18


 900 03bd 18       		.byte	0x18
 901 03be 9A030000 		.4byte	0x39a
 902 03c2 02       		.uleb128 0x2
 903 03c3 91       		.byte	0x91
 904 03c4 74       		.sleb128 -12
 905 03c5 16       		.uleb128 0x16
 906 03c6 E9040000 		.4byte	.LASF93
 907 03ca 01       		.byte	0x1
 908 03cb 18       		.byte	0x18
 909 03cc F6020000 		.4byte	0x2f6
 910 03d0 02       		.uleb128 0x2
 911 03d1 91       		.byte	0x91
 912 03d2 6C       		.sleb128 -20
 913 03d3 00       		.byte	0
 914 03d4 15       		.uleb128 0x15
 915 03d5 F5040000 		.4byte	.LASF94
 916 03d9 01       		.byte	0x1
 917 03da 24       		.byte	0x24
 918 03db 31010000 		.4byte	0x131
 919 03df 00000000 		.4byte	.LFB113
 920 03e3 84000000 		.4byte	.LFE113-.LFB113
 921 03e7 01       		.uleb128 0x1
 922 03e8 9C       		.byte	0x9c
 923 03e9 17040000 		.4byte	0x417
 924 03ed 12       		.uleb128 0x12
 925 03ee 6D6500   		.ascii	"me\000"
 926 03f1 01       		.byte	0x1
 927 03f2 24       		.byte	0x24
 928 03f3 9A030000 		.4byte	0x39a
 929 03f7 02       		.uleb128 0x2
 930 03f8 91       		.byte	0x91
 931 03f9 6C       		.sleb128 -20
 932 03fa 16       		.uleb128 0x16
 933 03fb BC010000 		.4byte	.LASF95
 934 03ff 01       		.byte	0x1
 935 0400 24       		.byte	0x24
 936 0401 17040000 		.4byte	0x417
 937 0405 02       		.uleb128 0x2
 938 0406 91       		.byte	0x91
 939 0407 68       		.sleb128 -24
 940 0408 17       		.uleb128 0x17
 941 0409 72657400 		.ascii	"ret\000"
 942 040d 01       		.byte	0x1
 943 040e 25       		.byte	0x25
 944 040f 31010000 		.4byte	0x131
 945 0413 02       		.uleb128 0x2
 946 0414 91       		.byte	0x91
 947 0415 77       		.sleb128 -9
 948 0416 00       		.byte	0
 949 0417 13       		.uleb128 0x13
 950 0418 04       		.byte	0x4
 951 0419 F6020000 		.4byte	0x2f6
 952 041d 15       		.uleb128 0x15
 953 041e 30050000 		.4byte	.LASF96
 954 0422 01       		.byte	0x1
 955 0423 31       		.byte	0x31
 956 0424 31010000 		.4byte	0x131
ARM GAS  C:\Users\schmi\AppData\Local\Temp\ccNdEXbE.s 			page 19


 957 0428 00000000 		.4byte	.LFB114
 958 042c 50000000 		.4byte	.LFE114-.LFB114
 959 0430 01       		.uleb128 0x1
 960 0431 9C       		.byte	0x9c
 961 0432 60040000 		.4byte	0x460
 962 0436 12       		.uleb128 0x12
 963 0437 6D6500   		.ascii	"me\000"
 964 043a 01       		.byte	0x1
 965 043b 31       		.byte	0x31
 966 043c 9A030000 		.4byte	0x39a
 967 0440 02       		.uleb128 0x2
 968 0441 91       		.byte	0x91
 969 0442 6C       		.sleb128 -20
 970 0443 16       		.uleb128 0x16
 971 0444 72030000 		.4byte	.LASF97
 972 0448 01       		.byte	0x1
 973 0449 31       		.byte	0x31
 974 044a 17040000 		.4byte	0x417
 975 044e 02       		.uleb128 0x2
 976 044f 91       		.byte	0x91
 977 0450 68       		.sleb128 -24
 978 0451 18       		.uleb128 0x18
 979 0452 FF050000 		.4byte	.LASF98
 980 0456 01       		.byte	0x1
 981 0457 32       		.byte	0x32
 982 0458 45000000 		.4byte	0x45
 983 045c 02       		.uleb128 0x2
 984 045d 91       		.byte	0x91
 985 045e 76       		.sleb128 -10
 986 045f 00       		.byte	0
 987 0460 11       		.uleb128 0x11
 988 0461 00020000 		.4byte	.LASF99
 989 0465 01       		.byte	0x1
 990 0466 3B       		.byte	0x3b
 991 0467 73020000 		.4byte	0x273
 992 046b 00000000 		.4byte	.LFB115
 993 046f 18000000 		.4byte	.LFE115-.LFB115
 994 0473 01       		.uleb128 0x1
 995 0474 9C       		.byte	0x9c
 996 0475 87040000 		.4byte	0x487
 997 0479 12       		.uleb128 0x12
 998 047a 6D6500   		.ascii	"me\000"
 999 047d 01       		.byte	0x1
 1000 047e 3B       		.byte	0x3b
 1001 047f 9A030000 		.4byte	0x39a
 1002 0483 02       		.uleb128 0x2
 1003 0484 91       		.byte	0x91
 1004 0485 74       		.sleb128 -12
 1005 0486 00       		.byte	0
 1006 0487 19       		.uleb128 0x19
 1007 0488 94030000 		.4byte	.LASF112
 1008 048c 01       		.byte	0x1
 1009 048d 3F       		.byte	0x3f
 1010 048e 00000000 		.4byte	.LFB116
 1011 0492 28000000 		.4byte	.LFE116-.LFB116
 1012 0496 01       		.uleb128 0x1
 1013 0497 9C       		.byte	0x9c
ARM GAS  C:\Users\schmi\AppData\Local\Temp\ccNdEXbE.s 			page 20


 1014 0498 B8040000 		.4byte	0x4b8
 1015 049c 12       		.uleb128 0x12
 1016 049d 6D6500   		.ascii	"me\000"
 1017 04a0 01       		.byte	0x1
 1018 04a1 3F       		.byte	0x3f
 1019 04a2 9A030000 		.4byte	0x39a
 1020 04a6 02       		.uleb128 0x2
 1021 04a7 91       		.byte	0x91
 1022 04a8 74       		.sleb128 -12
 1023 04a9 16       		.uleb128 0x16
 1024 04aa C8030000 		.4byte	.LASF100
 1025 04ae 01       		.byte	0x1
 1026 04af 3F       		.byte	0x3f
 1027 04b0 73020000 		.4byte	0x273
 1028 04b4 02       		.uleb128 0x2
 1029 04b5 91       		.byte	0x91
 1030 04b6 73       		.sleb128 -13
 1031 04b7 00       		.byte	0
 1032 04b8 1A       		.uleb128 0x1a
 1033 04b9 0E060000 		.4byte	.LASF101
 1034 04bd 0A       		.byte	0xa
 1035 04be 40       		.byte	0x40
 1036 04bf 2D020000 		.4byte	0x22d
 1037 04c3 1A       		.uleb128 0x1a
 1038 04c4 41020000 		.4byte	.LASF102
 1039 04c8 0A       		.byte	0xa
 1040 04c9 47       		.byte	0x47
 1041 04ca 38020000 		.4byte	0x238
 1042 04ce 1A       		.uleb128 0x1a
 1043 04cf 0B050000 		.4byte	.LASF103
 1044 04d3 0A       		.byte	0xa
 1045 04d4 4A       		.byte	0x4a
 1046 04d5 2D020000 		.4byte	0x22d
 1047 04d9 1A       		.uleb128 0x1a
 1048 04da 12040000 		.4byte	.LASF104
 1049 04de 0B       		.byte	0xb
 1050 04df 48       		.byte	0x48
 1051 04e0 43020000 		.4byte	0x243
 1052 04e4 1A       		.uleb128 0x1a
 1053 04e5 A7010000 		.4byte	.LASF105
 1054 04e9 0C       		.byte	0xc
 1055 04ea 44       		.byte	0x44
 1056 04eb 2D020000 		.4byte	0x22d
 1057 04ef 1B       		.uleb128 0x1b
 1058 04f0 E3050000 		.4byte	.LASF106
 1059 04f4 0D       		.byte	0xd
 1060 04f5 1207     		.2byte	0x712
 1061 04f7 FB040000 		.4byte	0x4fb
 1062 04fb 1C       		.uleb128 0x1c
 1063 04fc 63010000 		.4byte	0x163
 1064 0500 1D       		.uleb128 0x1d
 1065 0501 06000000 		.4byte	.LASF107
 1066 0505 09       		.byte	0x9
 1067 0506 27       		.byte	0x27
 1068 0507 62030000 		.4byte	0x362
 1069 050b 05       		.uleb128 0x5
 1070 050c 03       		.byte	0x3
ARM GAS  C:\Users\schmi\AppData\Local\Temp\ccNdEXbE.s 			page 21


 1071 050d 00000000 		.4byte	drawer_commands
 1072 0511 00       		.byte	0
 1073              		.section	.debug_abbrev,"",%progbits
 1074              	.Ldebug_abbrev0:
 1075 0000 01       		.uleb128 0x1
 1076 0001 11       		.uleb128 0x11
 1077 0002 01       		.byte	0x1
 1078 0003 25       		.uleb128 0x25
 1079 0004 0E       		.uleb128 0xe
 1080 0005 13       		.uleb128 0x13
 1081 0006 0B       		.uleb128 0xb
 1082 0007 03       		.uleb128 0x3
 1083 0008 0E       		.uleb128 0xe
 1084 0009 1B       		.uleb128 0x1b
 1085 000a 0E       		.uleb128 0xe
 1086 000b 55       		.uleb128 0x55
 1087 000c 17       		.uleb128 0x17
 1088 000d 11       		.uleb128 0x11
 1089 000e 01       		.uleb128 0x1
 1090 000f 10       		.uleb128 0x10
 1091 0010 17       		.uleb128 0x17
 1092 0011 00       		.byte	0
 1093 0012 00       		.byte	0
 1094 0013 02       		.uleb128 0x2
 1095 0014 24       		.uleb128 0x24
 1096 0015 00       		.byte	0
 1097 0016 0B       		.uleb128 0xb
 1098 0017 0B       		.uleb128 0xb
 1099 0018 3E       		.uleb128 0x3e
 1100 0019 0B       		.uleb128 0xb
 1101 001a 03       		.uleb128 0x3
 1102 001b 0E       		.uleb128 0xe
 1103 001c 00       		.byte	0
 1104 001d 00       		.byte	0
 1105 001e 03       		.uleb128 0x3
 1106 001f 16       		.uleb128 0x16
 1107 0020 00       		.byte	0
 1108 0021 03       		.uleb128 0x3
 1109 0022 0E       		.uleb128 0xe
 1110 0023 3A       		.uleb128 0x3a
 1111 0024 0B       		.uleb128 0xb
 1112 0025 3B       		.uleb128 0x3b
 1113 0026 0B       		.uleb128 0xb
 1114 0027 49       		.uleb128 0x49
 1115 0028 13       		.uleb128 0x13
 1116 0029 00       		.byte	0
 1117 002a 00       		.byte	0
 1118 002b 04       		.uleb128 0x4
 1119 002c 04       		.uleb128 0x4
 1120 002d 01       		.byte	0x1
 1121 002e 0B       		.uleb128 0xb
 1122 002f 0B       		.uleb128 0xb
 1123 0030 49       		.uleb128 0x49
 1124 0031 13       		.uleb128 0x13
 1125 0032 3A       		.uleb128 0x3a
 1126 0033 0B       		.uleb128 0xb
 1127 0034 3B       		.uleb128 0x3b
ARM GAS  C:\Users\schmi\AppData\Local\Temp\ccNdEXbE.s 			page 22


 1128 0035 0B       		.uleb128 0xb
 1129 0036 01       		.uleb128 0x1
 1130 0037 13       		.uleb128 0x13
 1131 0038 00       		.byte	0
 1132 0039 00       		.byte	0
 1133 003a 05       		.uleb128 0x5
 1134 003b 28       		.uleb128 0x28
 1135 003c 00       		.byte	0
 1136 003d 03       		.uleb128 0x3
 1137 003e 0E       		.uleb128 0xe
 1138 003f 1C       		.uleb128 0x1c
 1139 0040 0B       		.uleb128 0xb
 1140 0041 00       		.byte	0
 1141 0042 00       		.byte	0
 1142 0043 06       		.uleb128 0x6
 1143 0044 28       		.uleb128 0x28
 1144 0045 00       		.byte	0
 1145 0046 03       		.uleb128 0x3
 1146 0047 0E       		.uleb128 0xe
 1147 0048 1C       		.uleb128 0x1c
 1148 0049 0D       		.uleb128 0xd
 1149 004a 00       		.byte	0
 1150 004b 00       		.byte	0
 1151 004c 07       		.uleb128 0x7
 1152 004d 24       		.uleb128 0x24
 1153 004e 00       		.byte	0
 1154 004f 0B       		.uleb128 0xb
 1155 0050 0B       		.uleb128 0xb
 1156 0051 3E       		.uleb128 0x3e
 1157 0052 0B       		.uleb128 0xb
 1158 0053 03       		.uleb128 0x3
 1159 0054 08       		.uleb128 0x8
 1160 0055 00       		.byte	0
 1161 0056 00       		.byte	0
 1162 0057 08       		.uleb128 0x8
 1163 0058 28       		.uleb128 0x28
 1164 0059 00       		.byte	0
 1165 005a 03       		.uleb128 0x3
 1166 005b 0E       		.uleb128 0xe
 1167 005c 1C       		.uleb128 0x1c
 1168 005d 05       		.uleb128 0x5
 1169 005e 00       		.byte	0
 1170 005f 00       		.byte	0
 1171 0060 09       		.uleb128 0x9
 1172 0061 28       		.uleb128 0x28
 1173 0062 00       		.byte	0
 1174 0063 03       		.uleb128 0x3
 1175 0064 08       		.uleb128 0x8
 1176 0065 1C       		.uleb128 0x1c
 1177 0066 0B       		.uleb128 0xb
 1178 0067 00       		.byte	0
 1179 0068 00       		.byte	0
 1180 0069 0A       		.uleb128 0xa
 1181 006a 17       		.uleb128 0x17
 1182 006b 01       		.byte	0x1
 1183 006c 0B       		.uleb128 0xb
 1184 006d 0B       		.uleb128 0xb
ARM GAS  C:\Users\schmi\AppData\Local\Temp\ccNdEXbE.s 			page 23


 1185 006e 3A       		.uleb128 0x3a
 1186 006f 0B       		.uleb128 0xb
 1187 0070 3B       		.uleb128 0x3b
 1188 0071 0B       		.uleb128 0xb
 1189 0072 01       		.uleb128 0x1
 1190 0073 13       		.uleb128 0x13
 1191 0074 00       		.byte	0
 1192 0075 00       		.byte	0
 1193 0076 0B       		.uleb128 0xb
 1194 0077 0D       		.uleb128 0xd
 1195 0078 00       		.byte	0
 1196 0079 03       		.uleb128 0x3
 1197 007a 0E       		.uleb128 0xe
 1198 007b 3A       		.uleb128 0x3a
 1199 007c 0B       		.uleb128 0xb
 1200 007d 3B       		.uleb128 0x3b
 1201 007e 0B       		.uleb128 0xb
 1202 007f 49       		.uleb128 0x49
 1203 0080 13       		.uleb128 0x13
 1204 0081 00       		.byte	0
 1205 0082 00       		.byte	0
 1206 0083 0C       		.uleb128 0xc
 1207 0084 01       		.uleb128 0x1
 1208 0085 01       		.byte	0x1
 1209 0086 49       		.uleb128 0x49
 1210 0087 13       		.uleb128 0x13
 1211 0088 01       		.uleb128 0x1
 1212 0089 13       		.uleb128 0x13
 1213 008a 00       		.byte	0
 1214 008b 00       		.byte	0
 1215 008c 0D       		.uleb128 0xd
 1216 008d 21       		.uleb128 0x21
 1217 008e 00       		.byte	0
 1218 008f 49       		.uleb128 0x49
 1219 0090 13       		.uleb128 0x13
 1220 0091 2F       		.uleb128 0x2f
 1221 0092 0B       		.uleb128 0xb
 1222 0093 00       		.byte	0
 1223 0094 00       		.byte	0
 1224 0095 0E       		.uleb128 0xe
 1225 0096 13       		.uleb128 0x13
 1226 0097 01       		.byte	0x1
 1227 0098 03       		.uleb128 0x3
 1228 0099 0E       		.uleb128 0xe
 1229 009a 0B       		.uleb128 0xb
 1230 009b 0B       		.uleb128 0xb
 1231 009c 3A       		.uleb128 0x3a
 1232 009d 0B       		.uleb128 0xb
 1233 009e 3B       		.uleb128 0x3b
 1234 009f 0B       		.uleb128 0xb
 1235 00a0 01       		.uleb128 0x1
 1236 00a1 13       		.uleb128 0x13
 1237 00a2 00       		.byte	0
 1238 00a3 00       		.byte	0
 1239 00a4 0F       		.uleb128 0xf
 1240 00a5 0D       		.uleb128 0xd
 1241 00a6 00       		.byte	0
ARM GAS  C:\Users\schmi\AppData\Local\Temp\ccNdEXbE.s 			page 24


 1242 00a7 03       		.uleb128 0x3
 1243 00a8 0E       		.uleb128 0xe
 1244 00a9 3A       		.uleb128 0x3a
 1245 00aa 0B       		.uleb128 0xb
 1246 00ab 3B       		.uleb128 0x3b
 1247 00ac 0B       		.uleb128 0xb
 1248 00ad 49       		.uleb128 0x49
 1249 00ae 13       		.uleb128 0x13
 1250 00af 38       		.uleb128 0x38
 1251 00b0 0B       		.uleb128 0xb
 1252 00b1 00       		.byte	0
 1253 00b2 00       		.byte	0
 1254 00b3 10       		.uleb128 0x10
 1255 00b4 13       		.uleb128 0x13
 1256 00b5 01       		.byte	0x1
 1257 00b6 0B       		.uleb128 0xb
 1258 00b7 0B       		.uleb128 0xb
 1259 00b8 3A       		.uleb128 0x3a
 1260 00b9 0B       		.uleb128 0xb
 1261 00ba 3B       		.uleb128 0x3b
 1262 00bb 0B       		.uleb128 0xb
 1263 00bc 01       		.uleb128 0x1
 1264 00bd 13       		.uleb128 0x13
 1265 00be 00       		.byte	0
 1266 00bf 00       		.byte	0
 1267 00c0 11       		.uleb128 0x11
 1268 00c1 2E       		.uleb128 0x2e
 1269 00c2 01       		.byte	0x1
 1270 00c3 3F       		.uleb128 0x3f
 1271 00c4 19       		.uleb128 0x19
 1272 00c5 03       		.uleb128 0x3
 1273 00c6 0E       		.uleb128 0xe
 1274 00c7 3A       		.uleb128 0x3a
 1275 00c8 0B       		.uleb128 0xb
 1276 00c9 3B       		.uleb128 0x3b
 1277 00ca 0B       		.uleb128 0xb
 1278 00cb 27       		.uleb128 0x27
 1279 00cc 19       		.uleb128 0x19
 1280 00cd 49       		.uleb128 0x49
 1281 00ce 13       		.uleb128 0x13
 1282 00cf 11       		.uleb128 0x11
 1283 00d0 01       		.uleb128 0x1
 1284 00d1 12       		.uleb128 0x12
 1285 00d2 06       		.uleb128 0x6
 1286 00d3 40       		.uleb128 0x40
 1287 00d4 18       		.uleb128 0x18
 1288 00d5 9742     		.uleb128 0x2117
 1289 00d7 19       		.uleb128 0x19
 1290 00d8 01       		.uleb128 0x1
 1291 00d9 13       		.uleb128 0x13
 1292 00da 00       		.byte	0
 1293 00db 00       		.byte	0
 1294 00dc 12       		.uleb128 0x12
 1295 00dd 05       		.uleb128 0x5
 1296 00de 00       		.byte	0
 1297 00df 03       		.uleb128 0x3
 1298 00e0 08       		.uleb128 0x8
ARM GAS  C:\Users\schmi\AppData\Local\Temp\ccNdEXbE.s 			page 25


 1299 00e1 3A       		.uleb128 0x3a
 1300 00e2 0B       		.uleb128 0xb
 1301 00e3 3B       		.uleb128 0x3b
 1302 00e4 0B       		.uleb128 0xb
 1303 00e5 49       		.uleb128 0x49
 1304 00e6 13       		.uleb128 0x13
 1305 00e7 02       		.uleb128 0x2
 1306 00e8 18       		.uleb128 0x18
 1307 00e9 00       		.byte	0
 1308 00ea 00       		.byte	0
 1309 00eb 13       		.uleb128 0x13
 1310 00ec 0F       		.uleb128 0xf
 1311 00ed 00       		.byte	0
 1312 00ee 0B       		.uleb128 0xb
 1313 00ef 0B       		.uleb128 0xb
 1314 00f0 49       		.uleb128 0x49
 1315 00f1 13       		.uleb128 0x13
 1316 00f2 00       		.byte	0
 1317 00f3 00       		.byte	0
 1318 00f4 14       		.uleb128 0x14
 1319 00f5 26       		.uleb128 0x26
 1320 00f6 00       		.byte	0
 1321 00f7 49       		.uleb128 0x49
 1322 00f8 13       		.uleb128 0x13
 1323 00f9 00       		.byte	0
 1324 00fa 00       		.byte	0
 1325 00fb 15       		.uleb128 0x15
 1326 00fc 2E       		.uleb128 0x2e
 1327 00fd 01       		.byte	0x1
 1328 00fe 3F       		.uleb128 0x3f
 1329 00ff 19       		.uleb128 0x19
 1330 0100 03       		.uleb128 0x3
 1331 0101 0E       		.uleb128 0xe
 1332 0102 3A       		.uleb128 0x3a
 1333 0103 0B       		.uleb128 0xb
 1334 0104 3B       		.uleb128 0x3b
 1335 0105 0B       		.uleb128 0xb
 1336 0106 27       		.uleb128 0x27
 1337 0107 19       		.uleb128 0x19
 1338 0108 49       		.uleb128 0x49
 1339 0109 13       		.uleb128 0x13
 1340 010a 11       		.uleb128 0x11
 1341 010b 01       		.uleb128 0x1
 1342 010c 12       		.uleb128 0x12
 1343 010d 06       		.uleb128 0x6
 1344 010e 40       		.uleb128 0x40
 1345 010f 18       		.uleb128 0x18
 1346 0110 9642     		.uleb128 0x2116
 1347 0112 19       		.uleb128 0x19
 1348 0113 01       		.uleb128 0x1
 1349 0114 13       		.uleb128 0x13
 1350 0115 00       		.byte	0
 1351 0116 00       		.byte	0
 1352 0117 16       		.uleb128 0x16
 1353 0118 05       		.uleb128 0x5
 1354 0119 00       		.byte	0
 1355 011a 03       		.uleb128 0x3
ARM GAS  C:\Users\schmi\AppData\Local\Temp\ccNdEXbE.s 			page 26


 1356 011b 0E       		.uleb128 0xe
 1357 011c 3A       		.uleb128 0x3a
 1358 011d 0B       		.uleb128 0xb
 1359 011e 3B       		.uleb128 0x3b
 1360 011f 0B       		.uleb128 0xb
 1361 0120 49       		.uleb128 0x49
 1362 0121 13       		.uleb128 0x13
 1363 0122 02       		.uleb128 0x2
 1364 0123 18       		.uleb128 0x18
 1365 0124 00       		.byte	0
 1366 0125 00       		.byte	0
 1367 0126 17       		.uleb128 0x17
 1368 0127 34       		.uleb128 0x34
 1369 0128 00       		.byte	0
 1370 0129 03       		.uleb128 0x3
 1371 012a 08       		.uleb128 0x8
 1372 012b 3A       		.uleb128 0x3a
 1373 012c 0B       		.uleb128 0xb
 1374 012d 3B       		.uleb128 0x3b
 1375 012e 0B       		.uleb128 0xb
 1376 012f 49       		.uleb128 0x49
 1377 0130 13       		.uleb128 0x13
 1378 0131 02       		.uleb128 0x2
 1379 0132 18       		.uleb128 0x18
 1380 0133 00       		.byte	0
 1381 0134 00       		.byte	0
 1382 0135 18       		.uleb128 0x18
 1383 0136 34       		.uleb128 0x34
 1384 0137 00       		.byte	0
 1385 0138 03       		.uleb128 0x3
 1386 0139 0E       		.uleb128 0xe
 1387 013a 3A       		.uleb128 0x3a
 1388 013b 0B       		.uleb128 0xb
 1389 013c 3B       		.uleb128 0x3b
 1390 013d 0B       		.uleb128 0xb
 1391 013e 49       		.uleb128 0x49
 1392 013f 13       		.uleb128 0x13
 1393 0140 02       		.uleb128 0x2
 1394 0141 18       		.uleb128 0x18
 1395 0142 00       		.byte	0
 1396 0143 00       		.byte	0
 1397 0144 19       		.uleb128 0x19
 1398 0145 2E       		.uleb128 0x2e
 1399 0146 01       		.byte	0x1
 1400 0147 3F       		.uleb128 0x3f
 1401 0148 19       		.uleb128 0x19
 1402 0149 03       		.uleb128 0x3
 1403 014a 0E       		.uleb128 0xe
 1404 014b 3A       		.uleb128 0x3a
 1405 014c 0B       		.uleb128 0xb
 1406 014d 3B       		.uleb128 0x3b
 1407 014e 0B       		.uleb128 0xb
 1408 014f 27       		.uleb128 0x27
 1409 0150 19       		.uleb128 0x19
 1410 0151 11       		.uleb128 0x11
 1411 0152 01       		.uleb128 0x1
 1412 0153 12       		.uleb128 0x12
ARM GAS  C:\Users\schmi\AppData\Local\Temp\ccNdEXbE.s 			page 27


 1413 0154 06       		.uleb128 0x6
 1414 0155 40       		.uleb128 0x40
 1415 0156 18       		.uleb128 0x18
 1416 0157 9642     		.uleb128 0x2116
 1417 0159 19       		.uleb128 0x19
 1418 015a 01       		.uleb128 0x1
 1419 015b 13       		.uleb128 0x13
 1420 015c 00       		.byte	0
 1421 015d 00       		.byte	0
 1422 015e 1A       		.uleb128 0x1a
 1423 015f 34       		.uleb128 0x34
 1424 0160 00       		.byte	0
 1425 0161 03       		.uleb128 0x3
 1426 0162 0E       		.uleb128 0xe
 1427 0163 3A       		.uleb128 0x3a
 1428 0164 0B       		.uleb128 0xb
 1429 0165 3B       		.uleb128 0x3b
 1430 0166 0B       		.uleb128 0xb
 1431 0167 49       		.uleb128 0x49
 1432 0168 13       		.uleb128 0x13
 1433 0169 3F       		.uleb128 0x3f
 1434 016a 19       		.uleb128 0x19
 1435 016b 3C       		.uleb128 0x3c
 1436 016c 19       		.uleb128 0x19
 1437 016d 00       		.byte	0
 1438 016e 00       		.byte	0
 1439 016f 1B       		.uleb128 0x1b
 1440 0170 34       		.uleb128 0x34
 1441 0171 00       		.byte	0
 1442 0172 03       		.uleb128 0x3
 1443 0173 0E       		.uleb128 0xe
 1444 0174 3A       		.uleb128 0x3a
 1445 0175 0B       		.uleb128 0xb
 1446 0176 3B       		.uleb128 0x3b
 1447 0177 05       		.uleb128 0x5
 1448 0178 49       		.uleb128 0x49
 1449 0179 13       		.uleb128 0x13
 1450 017a 3F       		.uleb128 0x3f
 1451 017b 19       		.uleb128 0x19
 1452 017c 3C       		.uleb128 0x3c
 1453 017d 19       		.uleb128 0x19
 1454 017e 00       		.byte	0
 1455 017f 00       		.byte	0
 1456 0180 1C       		.uleb128 0x1c
 1457 0181 35       		.uleb128 0x35
 1458 0182 00       		.byte	0
 1459 0183 49       		.uleb128 0x49
 1460 0184 13       		.uleb128 0x13
 1461 0185 00       		.byte	0
 1462 0186 00       		.byte	0
 1463 0187 1D       		.uleb128 0x1d
 1464 0188 34       		.uleb128 0x34
 1465 0189 00       		.byte	0
 1466 018a 03       		.uleb128 0x3
 1467 018b 0E       		.uleb128 0xe
 1468 018c 3A       		.uleb128 0x3a
 1469 018d 0B       		.uleb128 0xb
ARM GAS  C:\Users\schmi\AppData\Local\Temp\ccNdEXbE.s 			page 28


 1470 018e 3B       		.uleb128 0x3b
 1471 018f 0B       		.uleb128 0xb
 1472 0190 49       		.uleb128 0x49
 1473 0191 13       		.uleb128 0x13
 1474 0192 3F       		.uleb128 0x3f
 1475 0193 19       		.uleb128 0x19
 1476 0194 02       		.uleb128 0x2
 1477 0195 18       		.uleb128 0x18
 1478 0196 00       		.byte	0
 1479 0197 00       		.byte	0
 1480 0198 00       		.byte	0
 1481              		.section	.debug_aranges,"",%progbits
 1482 0000 44000000 		.4byte	0x44
 1483 0004 0200     		.2byte	0x2
 1484 0006 00000000 		.4byte	.Ldebug_info0
 1485 000a 04       		.byte	0x4
 1486 000b 00       		.byte	0
 1487 000c 0000     		.2byte	0
 1488 000e 0000     		.2byte	0
 1489 0010 00000000 		.4byte	.LFB111
 1490 0014 38000000 		.4byte	.LFE111-.LFB111
 1491 0018 00000000 		.4byte	.LFB112
 1492 001c 8C000000 		.4byte	.LFE112-.LFB112
 1493 0020 00000000 		.4byte	.LFB113
 1494 0024 84000000 		.4byte	.LFE113-.LFB113
 1495 0028 00000000 		.4byte	.LFB114
 1496 002c 50000000 		.4byte	.LFE114-.LFB114
 1497 0030 00000000 		.4byte	.LFB115
 1498 0034 18000000 		.4byte	.LFE115-.LFB115
 1499 0038 00000000 		.4byte	.LFB116
 1500 003c 28000000 		.4byte	.LFE116-.LFB116
 1501 0040 00000000 		.4byte	0
 1502 0044 00000000 		.4byte	0
 1503              		.section	.debug_ranges,"",%progbits
 1504              	.Ldebug_ranges0:
 1505 0000 00000000 		.4byte	.LFB111
 1506 0004 38000000 		.4byte	.LFE111
 1507 0008 00000000 		.4byte	.LFB112
 1508 000c 8C000000 		.4byte	.LFE112
 1509 0010 00000000 		.4byte	.LFB113
 1510 0014 84000000 		.4byte	.LFE113
 1511 0018 00000000 		.4byte	.LFB114
 1512 001c 50000000 		.4byte	.LFE114
 1513 0020 00000000 		.4byte	.LFB115
 1514 0024 18000000 		.4byte	.LFE115
 1515 0028 00000000 		.4byte	.LFB116
 1516 002c 28000000 		.4byte	.LFE116
 1517 0030 00000000 		.4byte	0
 1518 0034 00000000 		.4byte	0
 1519              		.section	.debug_line,"",%progbits
 1520              	.Ldebug_line0:
 1521 0000 C8020000 		.section	.debug_str,"MS",%progbits,1
 1521      02003F02 
 1521      00000201 
 1521      FB0E0D00 
 1521      01010101 
 1522              	.LASF79:
ARM GAS  C:\Users\schmi\AppData\Local\Temp\ccNdEXbE.s 			page 29


 1523 0000 636F6C6F 		.ascii	"color\000"
 1523      7200
 1524              	.LASF107:
 1525 0006 64726177 		.ascii	"drawer_commands\000"
 1525      65725F63 
 1525      6F6D6D61 
 1525      6E647300 
 1526              	.LASF71:
 1527 0016 545F4452 		.ascii	"T_DRAWER\000"
 1527      41574552 
 1527      00
 1528              	.LASF68:
 1529 001f 45455F55 		.ascii	"EE_UREG\000"
 1529      52454700 
 1530              	.LASF13:
 1531 0027 52435F53 		.ascii	"RC_SUCCESS\000"
 1531      55434345 
 1531      535300
 1532              	.LASF87:
 1533 0032 64775F66 		.ascii	"dw_fillLevel\000"
 1533      696C6C4C 
 1533      6576656C 
 1533      00
 1534              	.LASF84:
 1535 003f 64775F62 		.ascii	"dw_buffer\000"
 1535      75666665 
 1535      7200
 1536              	.LASF28:
 1537 0049 52435F45 		.ascii	"RC_ERROR_WRITE_ONLY\000"
 1537      52524F52 
 1537      5F575249 
 1537      54455F4F 
 1537      4E4C5900 
 1538              	.LASF2:
 1539 005d 73686F72 		.ascii	"short int\000"
 1539      7420696E 
 1539      7400
 1540              	.LASF19:
 1541 0067 52435F45 		.ascii	"RC_ERROR_OVERRUN\000"
 1541      52524F52 
 1541      5F4F5645 
 1541      5252554E 
 1541      00
 1542              	.LASF31:
 1543 0078 52435F45 		.ascii	"RC_ERROR_WRITE_FAILS\000"
 1543      52524F52 
 1543      5F575249 
 1543      54455F46 
 1543      41494C53 
 1544              	.LASF43:
 1545 008d 73697A65 		.ascii	"sizetype\000"
 1545      74797065 
 1545      00
 1546              	.LASF108:
 1547 0096 474E5520 		.ascii	"GNU C11 5.4.1 20160609 (release) [ARM/embedded-5-br"
 1547      43313120 
 1547      352E342E 
ARM GAS  C:\Users\schmi\AppData\Local\Temp\ccNdEXbE.s 			page 30


 1547      31203230 
 1547      31363036 
 1548 00c9 616E6368 		.ascii	"anch revision 237715] -mcpu=cortex-m3 -mthumb -g -O"
 1548      20726576 
 1548      6973696F 
 1548      6E203233 
 1548      37373135 
 1549 00fc 30202D66 		.ascii	"0 -ffunction-sections -ffat-lto-objects\000"
 1549      66756E63 
 1549      74696F6E 
 1549      2D736563 
 1549      74696F6E 
 1550              	.LASF16:
 1551 0124 52435F45 		.ascii	"RC_ERROR_ZERO\000"
 1551      52524F52 
 1551      5F5A4552 
 1551      4F00
 1552              	.LASF69:
 1553 0132 45455F46 		.ascii	"EE_FREG\000"
 1553      52454700 
 1554              	.LASF30:
 1555 013a 52435F45 		.ascii	"RC_ERROR_READ_FAILS\000"
 1555      52524F52 
 1555      5F524541 
 1555      445F4641 
 1555      494C5300 
 1556              	.LASF61:
 1557 014e 4C494748 		.ascii	"LIGHTGREEN\000"
 1557      54475245 
 1557      454E00
 1558              	.LASF67:
 1559 0159 45455F55 		.ascii	"EE_UINT32\000"
 1559      494E5433 
 1559      3200
 1560              	.LASF76:
 1561 0163 44524157 		.ascii	"DRAWER_CMD_COLOR\000"
 1561      45525F43 
 1561      4D445F43 
 1561      4F4C4F52 
 1561      00
 1562              	.LASF70:
 1563 0174 45455F54 		.ascii	"EE_TID\000"
 1563      494400
 1564              	.LASF50:
 1565 017b 47424C55 		.ascii	"GBLUE\000"
 1565      4500
 1566              	.LASF3:
 1567 0181 75696E74 		.ascii	"uint8_t\000"
 1567      385F7400 
 1568              	.LASF36:
 1569 0189 52435F45 		.ascii	"RC_ERROR_INVALID_STATE\000"
 1569      52524F52 
 1569      5F494E56 
 1569      414C4944 
 1569      5F535441 
 1570              	.LASF54:
 1571 01a0 59454C4C 		.ascii	"YELLOW\000"
ARM GAS  C:\Users\schmi\AppData\Local\Temp\ccNdEXbE.s 			page 31


 1571      4F5700
 1572              	.LASF105:
 1573 01a7 45455F49 		.ascii	"EE_IRQ_nesting_level\000"
 1573      52515F6E 
 1573      65737469 
 1573      6E675F6C 
 1573      6576656C 
 1574              	.LASF95:
 1575 01bc 62756666 		.ascii	"buffer_data\000"
 1575      65725F64 
 1575      61746100 
 1576              	.LASF49:
 1577 01c8 47524544 		.ascii	"GRED\000"
 1577      00
 1578              	.LASF63:
 1579 01cd 4C475241 		.ascii	"LGRAYBLUE\000"
 1579      59424C55 
 1579      4500
 1580              	.LASF57:
 1581 01d7 47524159 		.ascii	"GRAY\000"
 1581      00
 1582              	.LASF18:
 1583 01dc 52435F45 		.ascii	"RC_ERROR_RANGE\000"
 1583      52524F52 
 1583      5F52414E 
 1583      474500
 1584              	.LASF111:
 1585 01eb 73436F6D 		.ascii	"sCommand\000"
 1585      6D616E64 
 1585      00
 1586              	.LASF8:
 1587 01f4 666C6F61 		.ascii	"float\000"
 1587      7400
 1588              	.LASF62:
 1589 01fa 4C475241 		.ascii	"LGRAY\000"
 1589      5900
 1590              	.LASF99:
 1591 0200 64775F67 		.ascii	"dw_getBufferType\000"
 1591      65744275 
 1591      66666572 
 1591      54797065 
 1591      00
 1592              	.LASF38:
 1593 0211 52435F45 		.ascii	"RC_ERROR_NOT_IMPLEMENTED\000"
 1593      52524F52 
 1593      5F4E4F54 
 1593      5F494D50 
 1593      4C454D45 
 1594              	.LASF10:
 1595 022a 6C6F6E67 		.ascii	"long long int\000"
 1595      206C6F6E 
 1595      6720696E 
 1595      7400
 1596              	.LASF83:
 1597 0238 44726177 		.ascii	"Drawer_t\000"
 1597      65725F74 
 1597      00
ARM GAS  C:\Users\schmi\AppData\Local\Temp\ccNdEXbE.s 			page 32


 1598              	.LASF102:
 1599 0241 45455F6F 		.ascii	"EE_oo_IRQ_suspend_status\000"
 1599      6F5F4952 
 1599      515F7375 
 1599      7370656E 
 1599      645F7374 
 1600              	.LASF32:
 1601 025a 52435F45 		.ascii	"RC_ERROR_NOT_MATCH\000"
 1601      52524F52 
 1601      5F4E4F54 
 1601      5F4D4154 
 1601      434800
 1602              	.LASF37:
 1603 026d 52435F45 		.ascii	"RC_ERROR_UNKNOWN\000"
 1603      52524F52 
 1603      5F554E4B 
 1603      4E4F574E 
 1603      00
 1604              	.LASF6:
 1605 027e 6C6F6E67 		.ascii	"long int\000"
 1605      20696E74 
 1605      00
 1606              	.LASF78:
 1607 0287 44726177 		.ascii	"Drawer_commandType_t\000"
 1607      65725F63 
 1607      6F6D6D61 
 1607      6E645479 
 1607      70655F74 
 1608              	.LASF23:
 1609 029c 52435F45 		.ascii	"RC_ERROR_BUSY\000"
 1609      52524F52 
 1609      5F425553 
 1609      5900
 1610              	.LASF53:
 1611 02aa 4359414E 		.ascii	"CYAN\000"
 1611      00
 1612              	.LASF29:
 1613 02af 52435F45 		.ascii	"RC_ERROR_INVALID\000"
 1613      52524F52 
 1613      5F494E56 
 1613      414C4944 
 1613      00
 1614              	.LASF59:
 1615 02c0 4C494748 		.ascii	"LIGHTBLUE\000"
 1615      54424C55 
 1615      4500
 1616              	.LASF34:
 1617 02ca 52435F45 		.ascii	"RC_ERROR_BAD_DATA\000"
 1617      52524F52 
 1617      5F424144 
 1617      5F444154 
 1617      4100
 1618              	.LASF92:
 1619 02dc 64775F77 		.ascii	"dw_writeToRingbuffer\000"
 1619      72697465 
 1619      546F5269 
 1619      6E676275 
ARM GAS  C:\Users\schmi\AppData\Local\Temp\ccNdEXbE.s 			page 33


 1619      66666572 
 1620              	.LASF27:
 1621 02f1 52435F45 		.ascii	"RC_ERROR_READ_ONLY\000"
 1621      52524F52 
 1621      5F524541 
 1621      445F4F4E 
 1621      4C5900
 1622              	.LASF110:
 1623 0304 433A5C55 		.ascii	"C:\\Users\\schmi\\OneDrive\\Dokumente\\PSoC Creator"
 1623      73657273 
 1623      5C736368 
 1623      6D695C4F 
 1623      6E654472 
 1624 0332 5C4A736F 		.ascii	"\\JsonParserLAB3\\holidayProject\\setUpEnv.cydsn\000"
 1624      6E506172 
 1624      7365724C 
 1624      4142335C 
 1624      686F6C69 
 1625              	.LASF45:
 1626 0360 57484954 		.ascii	"WHITE\000"
 1626      4500
 1627              	.LASF42:
 1628 0366 6C6F6E67 		.ascii	"long double\000"
 1628      20646F75 
 1628      626C6500 
 1629              	.LASF97:
 1630 0372 64726177 		.ascii	"drawerSet\000"
 1630      65725365 
 1630      7400
 1631              	.LASF1:
 1632 037c 756E7369 		.ascii	"unsigned char\000"
 1632      676E6564 
 1632      20636861 
 1632      7200
 1633              	.LASF73:
 1634 038a 545F5354 		.ascii	"T_STHELSE\000"
 1634      48454C53 
 1634      4500
 1635              	.LASF112:
 1636 0394 64775F73 		.ascii	"dw_setBufferType\000"
 1636      65744275 
 1636      66666572 
 1636      54797065 
 1636      00
 1637              	.LASF0:
 1638 03a5 7369676E 		.ascii	"signed char\000"
 1638      65642063 
 1638      68617200 
 1639              	.LASF11:
 1640 03b1 6C6F6E67 		.ascii	"long long unsigned int\000"
 1640      206C6F6E 
 1640      6720756E 
 1640      7369676E 
 1640      65642069 
 1641              	.LASF100:
 1642 03c8 74797065 		.ascii	"type\000"
 1642      00
ARM GAS  C:\Users\schmi\AppData\Local\Temp\ccNdEXbE.s 			page 34


 1643              	.LASF65:
 1644 03cd 5446545F 		.ascii	"TFT_colors_t\000"
 1644      636F6C6F 
 1644      72735F74 
 1644      00
 1645              	.LASF46:
 1646 03da 424C4143 		.ascii	"BLACK\000"
 1646      4B00
 1647              	.LASF41:
 1648 03e0 756E7369 		.ascii	"unsigned int\000"
 1648      676E6564 
 1648      20696E74 
 1648      00
 1649              	.LASF25:
 1650 03ed 52435F45 		.ascii	"RC_ERROR_OPEN\000"
 1650      52524F52 
 1650      5F4F5045 
 1650      4E00
 1651              	.LASF4:
 1652 03fb 75696E74 		.ascii	"uint16_t\000"
 1652      31365F74 
 1652      00
 1653              	.LASF15:
 1654 0404 52435F45 		.ascii	"RC_ERROR_NULL\000"
 1654      52524F52 
 1654      5F4E554C 
 1654      4C00
 1655              	.LASF104:
 1656 0412 45455F73 		.ascii	"EE_std_endcycle_next_tid\000"
 1656      74645F65 
 1656      6E646379 
 1656      636C655F 
 1656      6E657874 
 1657              	.LASF66:
 1658 042b 45455F49 		.ascii	"EE_INT32\000"
 1658      4E543332 
 1658      00
 1659              	.LASF85:
 1660 0434 64775F72 		.ascii	"dw_readIndex\000"
 1660      65616449 
 1660      6E646578 
 1660      00
 1661              	.LASF60:
 1662 0441 47524159 		.ascii	"GRAYBLUE\000"
 1662      424C5545 
 1662      00
 1663              	.LASF5:
 1664 044a 73686F72 		.ascii	"short unsigned int\000"
 1664      7420756E 
 1664      7369676E 
 1664      65642069 
 1664      6E7400
 1665              	.LASF72:
 1666 045d 545F5549 		.ascii	"T_UINT8\000"
 1666      4E543800 
 1667              	.LASF109:
 1668 0465 64726177 		.ascii	"drawer.c\000"
ARM GAS  C:\Users\schmi\AppData\Local\Temp\ccNdEXbE.s 			page 35


 1668      65722E63 
 1668      00
 1669              	.LASF91:
 1670 046e 64775F72 		.ascii	"dw_ringbufferInit\000"
 1670      696E6762 
 1670      75666665 
 1670      72496E69 
 1670      7400
 1671              	.LASF89:
 1672 0480 64775F74 		.ascii	"dw_type\000"
 1672      79706500 
 1673              	.LASF12:
 1674 0488 63686172 		.ascii	"char\000"
 1674      00
 1675              	.LASF56:
 1676 048d 42525245 		.ascii	"BRRED\000"
 1676      4400
 1677              	.LASF17:
 1678 0493 52435F45 		.ascii	"RC_ERROR_MEMORY\000"
 1678      52524F52 
 1678      5F4D454D 
 1678      4F525900 
 1679              	.LASF21:
 1680 04a3 52435F45 		.ascii	"RC_ERROR_BUFFER_FULL\000"
 1680      52524F52 
 1680      5F425546 
 1680      4645525F 
 1680      46554C4C 
 1681              	.LASF44:
 1682 04b8 696E7433 		.ascii	"int32_t\000"
 1682      325F7400 
 1683              	.LASF40:
 1684 04c0 5F5F696E 		.ascii	"__int32_t\000"
 1684      7433325F 
 1684      7400
 1685              	.LASF33:
 1686 04ca 52435F45 		.ascii	"RC_ERROR_BAD_PARAM\000"
 1686      52524F52 
 1686      5F424144 
 1686      5F504152 
 1686      414D00
 1687              	.LASF82:
 1688 04dd 64617461 		.ascii	"data\000"
 1688      00
 1689              	.LASF64:
 1690 04e2 4C42424C 		.ascii	"LBBLUE\000"
 1690      554500
 1691              	.LASF93:
 1692 04e9 62797465 		.ascii	"byteToWrite\000"
 1692      546F5772 
 1692      69746500 
 1693              	.LASF94:
 1694 04f5 64775F72 		.ascii	"dw_readFromRingbuffer\000"
 1694      65616446 
 1694      726F6D52 
 1694      696E6762 
 1694      75666665 
ARM GAS  C:\Users\schmi\AppData\Local\Temp\ccNdEXbE.s 			page 36


 1695              	.LASF103:
 1696 050b 45455F41 		.ascii	"EE_ApplicationMode\000"
 1696      70706C69 
 1696      63617469 
 1696      6F6E4D6F 
 1696      646500
 1697              	.LASF7:
 1698 051e 6C6F6E67 		.ascii	"long unsigned int\000"
 1698      20756E73 
 1698      69676E65 
 1698      6420696E 
 1698      7400
 1699              	.LASF96:
 1700 0530 64775F72 		.ascii	"dw_readSetFromRingbuffer\000"
 1700      65616453 
 1700      65744672 
 1700      6F6D5269 
 1700      6E676275 
 1701              	.LASF80:
 1702 0549 636F6F72 		.ascii	"coordinate\000"
 1702      64696E61 
 1702      746500
 1703              	.LASF9:
 1704 0554 646F7562 		.ascii	"double\000"
 1704      6C6500
 1705              	.LASF74:
 1706 055b 545F4E4F 		.ascii	"T_NONE\000"
 1706      4E4500
 1707              	.LASF51:
 1708 0562 4D414745 		.ascii	"MAGENTA\000"
 1708      4E544100 
 1709              	.LASF26:
 1710 056a 52435F45 		.ascii	"RC_ERROR_CHECKSUM\000"
 1710      52524F52 
 1710      5F434845 
 1710      434B5355 
 1710      4D00
 1711              	.LASF75:
 1712 057c 52696E67 		.ascii	"RingBuffer_type\000"
 1712      42756666 
 1712      65725F74 
 1712      79706500 
 1713              	.LASF58:
 1714 058c 4441524B 		.ascii	"DARKBLUE\000"
 1714      424C5545 
 1714      00
 1715              	.LASF55:
 1716 0595 42524F57 		.ascii	"BROWN\000"
 1716      4E00
 1717              	.LASF77:
 1718 059b 44524157 		.ascii	"DRAWER_CMD_DRAW\000"
 1718      45525F43 
 1718      4D445F44 
 1718      52415700 
 1719              	.LASF35:
 1720 05ab 52435F45 		.ascii	"RC_ERROR_CANCELED\000"
 1720      52524F52 
ARM GAS  C:\Users\schmi\AppData\Local\Temp\ccNdEXbE.s 			page 37


 1720      5F43414E 
 1720      43454C45 
 1720      4400
 1721              	.LASF90:
 1722 05bd 64775F52 		.ascii	"dw_Ringbuffer_t\000"
 1722      696E6762 
 1722      75666665 
 1722      725F7400 
 1723              	.LASF88:
 1724 05cd 64775F73 		.ascii	"dw_size\000"
 1724      697A6500 
 1725              	.LASF86:
 1726 05d5 64775F77 		.ascii	"dw_writeIndex\000"
 1726      72697465 
 1726      496E6465 
 1726      7800
 1727              	.LASF106:
 1728 05e3 49544D5F 		.ascii	"ITM_RxBuffer\000"
 1728      52784275 
 1728      66666572 
 1728      00
 1729              	.LASF14:
 1730 05f0 52435F45 		.ascii	"RC_ERROR\000"
 1730      52524F52 
 1730      00
 1731              	.LASF52:
 1732 05f9 47524545 		.ascii	"GREEN\000"
 1732      4E00
 1733              	.LASF98:
 1734 05ff 7365745F 		.ascii	"set_index\000"
 1734      696E6465 
 1734      7800
 1735              	.LASF47:
 1736 0609 424C5545 		.ascii	"BLUE\000"
 1736      00
 1737              	.LASF101:
 1738 060e 45455F6F 		.ascii	"EE_oo_IRQ_disable_count\000"
 1738      6F5F4952 
 1738      515F6469 
 1738      7361626C 
 1738      655F636F 
 1739              	.LASF20:
 1740 0626 52435F45 		.ascii	"RC_ERROR_UNDERRUN\000"
 1740      52524F52 
 1740      5F554E44 
 1740      45525255 
 1740      4E00
 1741              	.LASF81:
 1742 0638 636F6D6D 		.ascii	"command\000"
 1742      616E6400 
 1743              	.LASF48:
 1744 0640 42524544 		.ascii	"BRED\000"
 1744      00
 1745              	.LASF22:
 1746 0645 52435F45 		.ascii	"RC_ERROR_BUFFER_EMTPY\000"
 1746      52524F52 
 1746      5F425546 
ARM GAS  C:\Users\schmi\AppData\Local\Temp\ccNdEXbE.s 			page 38


 1746      4645525F 
 1746      454D5450 
 1747              	.LASF39:
 1748 065b 52435F74 		.ascii	"RC_t\000"
 1748      00
 1749              	.LASF24:
 1750 0660 52435F45 		.ascii	"RC_ERROR_TIME_OUT\000"
 1750      52524F52 
 1750      5F54494D 
 1750      455F4F55 
 1750      5400
 1751              		.ident	"GCC: (GNU Tools for ARM Embedded Processors) 5.4.1 20160609 (release) [ARM/embedded-5-bran
