ARM GAS  C:\Users\schmi\AppData\Local\Temp\ccnljdiV.s 			page 1


   1              		.syntax unified
   2              		.cpu cortex-m3
   3              		.fpu softvfp
   4              		.eabi_attribute 20, 1
   5              		.eabi_attribute 21, 1
   6              		.eabi_attribute 23, 3
   7              		.eabi_attribute 24, 1
   8              		.eabi_attribute 25, 1
   9              		.eabi_attribute 26, 1
  10              		.eabi_attribute 30, 6
  11              		.eabi_attribute 34, 1
  12              		.eabi_attribute 18, 4
  13              		.thumb
  14              		.syntax unified
  15              		.file	"ErikaOS_1_ee_rq_inser.c"
  16              		.text
  17              	.Ltext0:
  18              		.cfi_sections	.debug_frame
  19              		.section	.text.EE_rq_insert,"ax",%progbits
  20              		.align	2
  21              		.global	EE_rq_insert
  22              		.thumb
  23              		.thumb_func
  24              		.type	EE_rq_insert, %function
  25              	EE_rq_insert:
  26              	.LFB70:
  27              		.file 1 "Generated_Source\\PSoC5\\ErikaOS_1_ee_rq_inser.c"
   1:Generated_Source\PSoC5/ErikaOS_1_ee_rq_inser.c **** /* ###*B*###
   2:Generated_Source\PSoC5/ErikaOS_1_ee_rq_inser.c ****  * ERIKA Enterprise - a tiny RTOS for small microcontrollers
   3:Generated_Source\PSoC5/ErikaOS_1_ee_rq_inser.c ****  *
   4:Generated_Source\PSoC5/ErikaOS_1_ee_rq_inser.c ****  * Copyright (C) 2002-2008  Evidence Srl
   5:Generated_Source\PSoC5/ErikaOS_1_ee_rq_inser.c ****  *
   6:Generated_Source\PSoC5/ErikaOS_1_ee_rq_inser.c ****  * This file is part of ERIKA Enterprise.
   7:Generated_Source\PSoC5/ErikaOS_1_ee_rq_inser.c ****  *
   8:Generated_Source\PSoC5/ErikaOS_1_ee_rq_inser.c ****  * ERIKA Enterprise is free software; you can redistribute it
   9:Generated_Source\PSoC5/ErikaOS_1_ee_rq_inser.c ****  * and/or modify it under the terms of the GNU General Public License
  10:Generated_Source\PSoC5/ErikaOS_1_ee_rq_inser.c ****  * version 2 as published by the Free Software Foundation, 
  11:Generated_Source\PSoC5/ErikaOS_1_ee_rq_inser.c ****  * (with a special exception described below).
  12:Generated_Source\PSoC5/ErikaOS_1_ee_rq_inser.c ****  *
  13:Generated_Source\PSoC5/ErikaOS_1_ee_rq_inser.c ****  * Linking this code statically or dynamically with other modules is
  14:Generated_Source\PSoC5/ErikaOS_1_ee_rq_inser.c ****  * making a combined work based on this code.  Thus, the terms and
  15:Generated_Source\PSoC5/ErikaOS_1_ee_rq_inser.c ****  * conditions of the GNU General Public License cover the whole
  16:Generated_Source\PSoC5/ErikaOS_1_ee_rq_inser.c ****  * combination.
  17:Generated_Source\PSoC5/ErikaOS_1_ee_rq_inser.c ****  *
  18:Generated_Source\PSoC5/ErikaOS_1_ee_rq_inser.c ****  * As a special exception, the copyright holders of this library give you
  19:Generated_Source\PSoC5/ErikaOS_1_ee_rq_inser.c ****  * permission to link this code with independent modules to produce an
  20:Generated_Source\PSoC5/ErikaOS_1_ee_rq_inser.c ****  * executable, regardless of the license terms of these independent
  21:Generated_Source\PSoC5/ErikaOS_1_ee_rq_inser.c ****  * modules, and to copy and distribute the resulting executable under
  22:Generated_Source\PSoC5/ErikaOS_1_ee_rq_inser.c ****  * terms of your choice, provided that you also meet, for each linked
  23:Generated_Source\PSoC5/ErikaOS_1_ee_rq_inser.c ****  * independent module, the terms and conditions of the license of that
  24:Generated_Source\PSoC5/ErikaOS_1_ee_rq_inser.c ****  * module.  An independent module is a module which is not derived from
  25:Generated_Source\PSoC5/ErikaOS_1_ee_rq_inser.c ****  * or based on this library.  If you modify this code, you may extend
  26:Generated_Source\PSoC5/ErikaOS_1_ee_rq_inser.c ****  * this exception to your version of the code, but you are not
  27:Generated_Source\PSoC5/ErikaOS_1_ee_rq_inser.c ****  * obligated to do so.  If you do not wish to do so, delete this
  28:Generated_Source\PSoC5/ErikaOS_1_ee_rq_inser.c ****  * exception statement from your version.
  29:Generated_Source\PSoC5/ErikaOS_1_ee_rq_inser.c ****  *
  30:Generated_Source\PSoC5/ErikaOS_1_ee_rq_inser.c ****  * ERIKA Enterprise is distributed in the hope that it will be
ARM GAS  C:\Users\schmi\AppData\Local\Temp\ccnljdiV.s 			page 2


  31:Generated_Source\PSoC5/ErikaOS_1_ee_rq_inser.c ****  * useful, but WITHOUT ANY WARRANTY; without even the implied warranty
  32:Generated_Source\PSoC5/ErikaOS_1_ee_rq_inser.c ****  * of MERCHANTABILITY or FITNESS FOR A PARTICULAR PURPOSE.  See the
  33:Generated_Source\PSoC5/ErikaOS_1_ee_rq_inser.c ****  * GNU General Public License version 2 for more details.
  34:Generated_Source\PSoC5/ErikaOS_1_ee_rq_inser.c ****  *
  35:Generated_Source\PSoC5/ErikaOS_1_ee_rq_inser.c ****  * You should have received a copy of the GNU General Public License
  36:Generated_Source\PSoC5/ErikaOS_1_ee_rq_inser.c ****  * version 2 along with ERIKA Enterprise; if not, write to the
  37:Generated_Source\PSoC5/ErikaOS_1_ee_rq_inser.c ****  * Free Software Foundation, Inc., 51 Franklin Street, Fifth Floor,
  38:Generated_Source\PSoC5/ErikaOS_1_ee_rq_inser.c ****  * Boston, MA 02110-1301 USA.
  39:Generated_Source\PSoC5/ErikaOS_1_ee_rq_inser.c ****  * ###*E*### */
  40:Generated_Source\PSoC5/ErikaOS_1_ee_rq_inser.c **** 
  41:Generated_Source\PSoC5/ErikaOS_1_ee_rq_inser.c **** /*
  42:Generated_Source\PSoC5/ErikaOS_1_ee_rq_inser.c ****  * Author: 2002-2004 Paolo Gai
  43:Generated_Source\PSoC5/ErikaOS_1_ee_rq_inser.c ****  * CVS: $Id: ee_rq_inser.c,v 1.1 2005/07/16 12:23:42 pj Exp $
  44:Generated_Source\PSoC5/ErikaOS_1_ee_rq_inser.c ****  */
  45:Generated_Source\PSoC5/ErikaOS_1_ee_rq_inser.c **** 
  46:Generated_Source\PSoC5/ErikaOS_1_ee_rq_inser.c **** /*
  47:Generated_Source\PSoC5/ErikaOS_1_ee_rq_inser.c ****  * PSoC Port and API Generation
  48:Generated_Source\PSoC5/ErikaOS_1_ee_rq_inser.c ****  * Carlos Fernando Meier Martinez
  49:Generated_Source\PSoC5/ErikaOS_1_ee_rq_inser.c ****  * Hochschule Darmstadt, Germany. 2017.
  50:Generated_Source\PSoC5/ErikaOS_1_ee_rq_inser.c ****  */
  51:Generated_Source\PSoC5/ErikaOS_1_ee_rq_inser.c **** 
  52:Generated_Source\PSoC5/ErikaOS_1_ee_rq_inser.c **** #include "ErikaOS_1_ee_internal.inc"
  53:Generated_Source\PSoC5/ErikaOS_1_ee_rq_inser.c **** 
  54:Generated_Source\PSoC5/ErikaOS_1_ee_rq_inser.c **** #ifndef __PRIVATE_RQ_INSERT__
  55:Generated_Source\PSoC5/ErikaOS_1_ee_rq_inser.c **** 
  56:Generated_Source\PSoC5/ErikaOS_1_ee_rq_inser.c **** #if (defined(__OO_BCC1__)) || (defined(__OO_ECC1__))
  57:Generated_Source\PSoC5/ErikaOS_1_ee_rq_inser.c **** /* this function inserts a task into the ready queue */
  58:Generated_Source\PSoC5/ErikaOS_1_ee_rq_inser.c **** void EE_rq_insert(EE_TID t)
  59:Generated_Source\PSoC5/ErikaOS_1_ee_rq_inser.c **** {
  60:Generated_Source\PSoC5/ErikaOS_1_ee_rq_inser.c ****   EE_TYPEPRIO prio;
  61:Generated_Source\PSoC5/ErikaOS_1_ee_rq_inser.c ****   EE_TID p,q;
  62:Generated_Source\PSoC5/ErikaOS_1_ee_rq_inser.c **** 
  63:Generated_Source\PSoC5/ErikaOS_1_ee_rq_inser.c ****   p = EE_NIL;
  64:Generated_Source\PSoC5/ErikaOS_1_ee_rq_inser.c ****   q = EE_rq_first;
  65:Generated_Source\PSoC5/ErikaOS_1_ee_rq_inser.c ****   prio = EE_th_ready_prio[t];
  66:Generated_Source\PSoC5/ErikaOS_1_ee_rq_inser.c **** 
  67:Generated_Source\PSoC5/ErikaOS_1_ee_rq_inser.c ****   while ((q != EE_NIL) && (prio <= EE_th_ready_prio[q])) {
  68:Generated_Source\PSoC5/ErikaOS_1_ee_rq_inser.c ****     p = q;
  69:Generated_Source\PSoC5/ErikaOS_1_ee_rq_inser.c ****     q = EE_th_next[q];
  70:Generated_Source\PSoC5/ErikaOS_1_ee_rq_inser.c ****   }
  71:Generated_Source\PSoC5/ErikaOS_1_ee_rq_inser.c **** 
  72:Generated_Source\PSoC5/ErikaOS_1_ee_rq_inser.c ****   if (p != EE_NIL) {
  73:Generated_Source\PSoC5/ErikaOS_1_ee_rq_inser.c ****     EE_th_next[p] = t;
  74:Generated_Source\PSoC5/ErikaOS_1_ee_rq_inser.c ****   } else {
  75:Generated_Source\PSoC5/ErikaOS_1_ee_rq_inser.c ****     EE_rq_first = t;
  76:Generated_Source\PSoC5/ErikaOS_1_ee_rq_inser.c ****   }
  77:Generated_Source\PSoC5/ErikaOS_1_ee_rq_inser.c **** 
  78:Generated_Source\PSoC5/ErikaOS_1_ee_rq_inser.c ****   EE_th_next[t] = q;
  79:Generated_Source\PSoC5/ErikaOS_1_ee_rq_inser.c **** }
  80:Generated_Source\PSoC5/ErikaOS_1_ee_rq_inser.c **** #endif
  81:Generated_Source\PSoC5/ErikaOS_1_ee_rq_inser.c **** 
  82:Generated_Source\PSoC5/ErikaOS_1_ee_rq_inser.c **** #if (defined(__OO_BCC2__)) || (defined(__OO_ECC2__))
  83:Generated_Source\PSoC5/ErikaOS_1_ee_rq_inser.c **** void EE_rq_insert(EE_TID t)
  84:Generated_Source\PSoC5/ErikaOS_1_ee_rq_inser.c **** {
  28              		.loc 1 84 0
  29              		.cfi_startproc
  30              		@ args = 0, pretend = 0, frame = 16
ARM GAS  C:\Users\schmi\AppData\Local\Temp\ccnljdiV.s 			page 3


  31              		@ frame_needed = 1, uses_anonymous_args = 0
  32              		@ link register save eliminated.
  33 0000 80B4     		push	{r7}
  34              		.cfi_def_cfa_offset 4
  35              		.cfi_offset 7, -4
  36 0002 85B0     		sub	sp, sp, #20
  37              		.cfi_def_cfa_offset 24
  38 0004 00AF     		add	r7, sp, #0
  39              		.cfi_def_cfa_register 7
  40 0006 7860     		str	r0, [r7, #4]
  85:Generated_Source\PSoC5/ErikaOS_1_ee_rq_inser.c ****   EE_TYPEPAIR temp;
  86:Generated_Source\PSoC5/ErikaOS_1_ee_rq_inser.c ****   EE_TYPEPRIO p;
  87:Generated_Source\PSoC5/ErikaOS_1_ee_rq_inser.c ****   
  88:Generated_Source\PSoC5/ErikaOS_1_ee_rq_inser.c ****   p = EE_rq_link[t];
  41              		.loc 1 88 0
  42 0008 224A     		ldr	r2, .L4
  43 000a 7B68     		ldr	r3, [r7, #4]
  44 000c 52F82330 		ldr	r3, [r2, r3, lsl #2]
  45 0010 FB60     		str	r3, [r7, #12]
  89:Generated_Source\PSoC5/ErikaOS_1_ee_rq_inser.c **** 
  90:Generated_Source\PSoC5/ErikaOS_1_ee_rq_inser.c ****   /* take a free pair */
  91:Generated_Source\PSoC5/ErikaOS_1_ee_rq_inser.c ****   temp = EE_rq_free;
  46              		.loc 1 91 0
  47 0012 214B     		ldr	r3, .L4+4
  48 0014 1B68     		ldr	r3, [r3]
  49 0016 BB60     		str	r3, [r7, #8]
  92:Generated_Source\PSoC5/ErikaOS_1_ee_rq_inser.c ****   EE_rq_free = EE_rq_pairs_next[EE_rq_free];
  50              		.loc 1 92 0
  51 0018 1F4B     		ldr	r3, .L4+4
  52 001a 1B68     		ldr	r3, [r3]
  53 001c 1F4A     		ldr	r2, .L4+8
  54 001e 52F82330 		ldr	r3, [r2, r3, lsl #2]
  55 0022 1D4A     		ldr	r2, .L4+4
  56 0024 1360     		str	r3, [r2]
  93:Generated_Source\PSoC5/ErikaOS_1_ee_rq_inser.c **** 
  94:Generated_Source\PSoC5/ErikaOS_1_ee_rq_inser.c ****   /* fill it with the TID */
  95:Generated_Source\PSoC5/ErikaOS_1_ee_rq_inser.c ****   EE_rq_pairs_tid[temp] = t;
  57              		.loc 1 95 0
  58 0026 1E49     		ldr	r1, .L4+12
  59 0028 BB68     		ldr	r3, [r7, #8]
  60 002a 7A68     		ldr	r2, [r7, #4]
  61 002c 41F82320 		str	r2, [r1, r3, lsl #2]
  96:Generated_Source\PSoC5/ErikaOS_1_ee_rq_inser.c ****   EE_rq_pairs_next[temp] = -1;
  62              		.loc 1 96 0
  63 0030 1A4A     		ldr	r2, .L4+8
  64 0032 BB68     		ldr	r3, [r7, #8]
  65 0034 4FF0FF31 		mov	r1, #-1
  66 0038 42F82310 		str	r1, [r2, r3, lsl #2]
  97:Generated_Source\PSoC5/ErikaOS_1_ee_rq_inser.c **** 
  98:Generated_Source\PSoC5/ErikaOS_1_ee_rq_inser.c ****   /* put it at the tail of its priority queue */
  99:Generated_Source\PSoC5/ErikaOS_1_ee_rq_inser.c ****   if (EE_rq_queues_tail[p] == (EE_SREG)-1) {
  67              		.loc 1 99 0
  68 003c 194A     		ldr	r2, .L4+16
  69 003e FB68     		ldr	r3, [r7, #12]
  70 0040 52F82330 		ldr	r3, [r2, r3, lsl #2]
  71 0044 B3F1FF3F 		cmp	r3, #-1
  72 0048 12D1     		bne	.L2
ARM GAS  C:\Users\schmi\AppData\Local\Temp\ccnljdiV.s 			page 4


 100:Generated_Source\PSoC5/ErikaOS_1_ee_rq_inser.c ****     /* no tasks in this priority queue */
 101:Generated_Source\PSoC5/ErikaOS_1_ee_rq_inser.c ****     /* set the bit field to say that a task is in the right queue */
 102:Generated_Source\PSoC5/ErikaOS_1_ee_rq_inser.c ****     EE_rq_bitmask |= (EE_TYPE_RQ_MASK)EE_th_ready_prio[t];
  73              		.loc 1 102 0
  74 004a 174A     		ldr	r2, .L4+20
  75 004c 7B68     		ldr	r3, [r7, #4]
  76 004e 52F82330 		ldr	r3, [r2, r3, lsl #2]
  77 0052 1AB2     		sxth	r2, r3
  78 0054 154B     		ldr	r3, .L4+24
  79 0056 1B88     		ldrh	r3, [r3]
  80 0058 1BB2     		sxth	r3, r3
  81 005a 1343     		orrs	r3, r3, r2
  82 005c 1BB2     		sxth	r3, r3
  83 005e 9AB2     		uxth	r2, r3
  84 0060 124B     		ldr	r3, .L4+24
  85 0062 1A80     		strh	r2, [r3]	@ movhi
 103:Generated_Source\PSoC5/ErikaOS_1_ee_rq_inser.c ****     EE_rq_queues_head[p] = temp;
  86              		.loc 1 103 0
  87 0064 1249     		ldr	r1, .L4+28
  88 0066 FB68     		ldr	r3, [r7, #12]
  89 0068 BA68     		ldr	r2, [r7, #8]
  90 006a 41F82320 		str	r2, [r1, r3, lsl #2]
  91 006e 07E0     		b	.L3
  92              	.L2:
 104:Generated_Source\PSoC5/ErikaOS_1_ee_rq_inser.c ****   } else {
 105:Generated_Source\PSoC5/ErikaOS_1_ee_rq_inser.c ****     EE_rq_pairs_next[EE_rq_queues_tail[p]] = temp;
  93              		.loc 1 105 0
  94 0070 0C4A     		ldr	r2, .L4+16
  95 0072 FB68     		ldr	r3, [r7, #12]
  96 0074 52F82330 		ldr	r3, [r2, r3, lsl #2]
  97 0078 0849     		ldr	r1, .L4+8
  98 007a BA68     		ldr	r2, [r7, #8]
  99 007c 41F82320 		str	r2, [r1, r3, lsl #2]
 100              	.L3:
 106:Generated_Source\PSoC5/ErikaOS_1_ee_rq_inser.c ****   }
 107:Generated_Source\PSoC5/ErikaOS_1_ee_rq_inser.c ****   EE_rq_queues_tail[p] = temp;
 101              		.loc 1 107 0
 102 0080 0849     		ldr	r1, .L4+16
 103 0082 FB68     		ldr	r3, [r7, #12]
 104 0084 BA68     		ldr	r2, [r7, #8]
 105 0086 41F82320 		str	r2, [r1, r3, lsl #2]
 108:Generated_Source\PSoC5/ErikaOS_1_ee_rq_inser.c **** }
 106              		.loc 1 108 0
 107 008a 00BF     		nop
 108 008c 1437     		adds	r7, r7, #20
 109              		.cfi_def_cfa_offset 4
 110 008e BD46     		mov	sp, r7
 111              		.cfi_def_cfa_register 13
 112              		@ sp needed
 113 0090 80BC     		pop	{r7}
 114              		.cfi_restore 7
 115              		.cfi_def_cfa_offset 0
 116 0092 7047     		bx	lr
 117              	.L5:
 118              		.align	2
 119              	.L4:
 120 0094 00000000 		.word	EE_rq_link
ARM GAS  C:\Users\schmi\AppData\Local\Temp\ccnljdiV.s 			page 5


 121 0098 00000000 		.word	EE_rq_free
 122 009c 00000000 		.word	EE_rq_pairs_next
 123 00a0 00000000 		.word	EE_rq_pairs_tid
 124 00a4 00000000 		.word	EE_rq_queues_tail
 125 00a8 00000000 		.word	EE_th_ready_prio
 126 00ac 00000000 		.word	EE_rq_bitmask
 127 00b0 00000000 		.word	EE_rq_queues_head
 128              		.cfi_endproc
 129              	.LFE70:
 130              		.size	EE_rq_insert, .-EE_rq_insert
 131              		.text
 132              	.Letext0:
 133              		.file 2 "Generated_Source\\PSoC5\\ErikaOS_1_common_ee_types.inc"
 134              		.file 3 "Generated_Source\\PSoC5\\ErikaOS_1_cortex_mx_ee_cpu.inc"
 135              		.file 4 "Generated_Source\\PSoC5\\ErikaOS_1_ee_oo_common.inc"
 136              		.file 5 "Generated_Source\\PSoC5\\ErikaOS_1_common_ee_primitives.inc"
 137              		.file 6 "Generated_Source\\PSoC5\\ErikaOS_1_cortex_mx_ee_context.inc"
 138              		.file 7 "Generated_Source\\PSoC5\\ErikaOS_1_ee_oo_intfunc.inc"
 139              		.file 8 "Generated_Source\\PSoC5\\ErikaOS_1_ee_oo_internal.inc"
 140              		.section	.debug_info,"",%progbits
 141              	.Ldebug_info0:
 142 0000 72040000 		.4byte	0x472
 143 0004 0400     		.2byte	0x4
 144 0006 00000000 		.4byte	.Ldebug_abbrev0
 145 000a 04       		.byte	0x4
 146 000b 01       		.uleb128 0x1
 147 000c 7C000000 		.4byte	.LASF70
 148 0010 0C       		.byte	0xc
 149 0011 C9010000 		.4byte	.LASF71
 150 0015 CE030000 		.4byte	.LASF72
 151 0019 00000000 		.4byte	.Ldebug_ranges0+0
 152 001d 00000000 		.4byte	0
 153 0021 00000000 		.4byte	.Ldebug_line0
 154 0025 02       		.uleb128 0x2
 155 0026 01       		.byte	0x1
 156 0027 06       		.byte	0x6
 157 0028 32030000 		.4byte	.LASF0
 158 002c 02       		.uleb128 0x2
 159 002d 01       		.byte	0x1
 160 002e 08       		.byte	0x8
 161 002f 03030000 		.4byte	.LASF1
 162 0033 02       		.uleb128 0x2
 163 0034 02       		.byte	0x2
 164 0035 05       		.byte	0x5
 165 0036 63000000 		.4byte	.LASF2
 166 003a 02       		.uleb128 0x2
 167 003b 02       		.byte	0x2
 168 003c 07       		.byte	0x7
 169 003d 90030000 		.4byte	.LASF3
 170 0041 02       		.uleb128 0x2
 171 0042 04       		.byte	0x4
 172 0043 05       		.byte	0x5
 173 0044 5F020000 		.4byte	.LASF4
 174 0048 02       		.uleb128 0x2
 175 0049 04       		.byte	0x4
 176 004a 07       		.byte	0x7
 177 004b 61040000 		.4byte	.LASF5
ARM GAS  C:\Users\schmi\AppData\Local\Temp\ccnljdiV.s 			page 6


 178 004f 02       		.uleb128 0x2
 179 0050 08       		.byte	0x8
 180 0051 05       		.byte	0x5
 181 0052 0F020000 		.4byte	.LASF6
 182 0056 02       		.uleb128 0x2
 183 0057 08       		.byte	0x8
 184 0058 07       		.byte	0x7
 185 0059 3E030000 		.4byte	.LASF7
 186 005d 03       		.uleb128 0x3
 187 005e 04       		.byte	0x4
 188 005f 05       		.byte	0x5
 189 0060 696E7400 		.ascii	"int\000"
 190 0064 02       		.uleb128 0x2
 191 0065 04       		.byte	0x4
 192 0066 07       		.byte	0x7
 193 0067 55030000 		.4byte	.LASF8
 194 006b 02       		.uleb128 0x2
 195 006c 08       		.byte	0x8
 196 006d 04       		.byte	0x4
 197 006e E8020000 		.4byte	.LASF9
 198 0072 04       		.uleb128 0x4
 199 0073 1D020000 		.4byte	.LASF10
 200 0077 02       		.byte	0x2
 201 0078 3F       		.byte	0x3f
 202 0079 25000000 		.4byte	0x25
 203 007d 04       		.uleb128 0x4
 204 007e 2A040000 		.4byte	.LASF11
 205 0082 02       		.byte	0x2
 206 0083 52       		.byte	0x52
 207 0084 3A000000 		.4byte	0x3a
 208 0088 04       		.uleb128 0x4
 209 0089 87030000 		.4byte	.LASF12
 210 008d 02       		.byte	0x2
 211 008e 53       		.byte	0x53
 212 008f 5D000000 		.4byte	0x5d
 213 0093 04       		.uleb128 0x4
 214 0094 28010000 		.4byte	.LASF13
 215 0098 02       		.byte	0x2
 216 0099 54       		.byte	0x54
 217 009a 64000000 		.4byte	0x64
 218 009e 04       		.uleb128 0x4
 219 009f 13000000 		.4byte	.LASF14
 220 00a3 03       		.byte	0x3
 221 00a4 4D       		.byte	0x4d
 222 00a5 93000000 		.4byte	0x93
 223 00a9 04       		.uleb128 0x4
 224 00aa 2A030000 		.4byte	.LASF15
 225 00ae 03       		.byte	0x3
 226 00af 4E       		.byte	0x4e
 227 00b0 88000000 		.4byte	0x88
 228 00b4 04       		.uleb128 0x4
 229 00b5 0A010000 		.4byte	.LASF16
 230 00b9 03       		.byte	0x3
 231 00ba 4F       		.byte	0x4f
 232 00bb 93000000 		.4byte	0x93
 233 00bf 04       		.uleb128 0x4
 234 00c0 73040000 		.4byte	.LASF17
ARM GAS  C:\Users\schmi\AppData\Local\Temp\ccnljdiV.s 			page 7


 235 00c4 03       		.byte	0x3
 236 00c5 54       		.byte	0x54
 237 00c6 9E000000 		.4byte	0x9e
 238 00ca 04       		.uleb128 0x4
 239 00cb 55010000 		.4byte	.LASF18
 240 00cf 03       		.byte	0x3
 241 00d0 78       		.byte	0x78
 242 00d1 88000000 		.4byte	0x88
 243 00d5 05       		.uleb128 0x5
 244 00d6 3E020000 		.4byte	.LASF19
 245 00da 04       		.byte	0x4
 246 00db 1101     		.2byte	0x111
 247 00dd 7D000000 		.4byte	0x7d
 248 00e1 05       		.uleb128 0x5
 249 00e2 BE020000 		.4byte	.LASF20
 250 00e6 04       		.byte	0x4
 251 00e7 3502     		.2byte	0x235
 252 00e9 9E000000 		.4byte	0x9e
 253 00ed 05       		.uleb128 0x5
 254 00ee D6020000 		.4byte	.LASF21
 255 00f2 04       		.byte	0x4
 256 00f3 5D02     		.2byte	0x25d
 257 00f5 9E000000 		.4byte	0x9e
 258 00f9 05       		.uleb128 0x5
 259 00fa A9040000 		.4byte	.LASF22
 260 00fe 04       		.byte	0x4
 261 00ff 6C02     		.2byte	0x26c
 262 0101 9E000000 		.4byte	0x9e
 263 0105 06       		.uleb128 0x6
 264 0106 0C       		.byte	0xc
 265 0107 04       		.byte	0x4
 266 0108 7202     		.2byte	0x272
 267 010a 36010000 		.4byte	0x136
 268 010e 07       		.uleb128 0x7
 269 010f 68020000 		.4byte	.LASF23
 270 0113 04       		.byte	0x4
 271 0114 7302     		.2byte	0x273
 272 0116 E1000000 		.4byte	0xe1
 273 011a 00       		.byte	0
 274 011b 07       		.uleb128 0x7
 275 011c 33000000 		.4byte	.LASF24
 276 0120 04       		.byte	0x4
 277 0121 7402     		.2byte	0x274
 278 0123 E1000000 		.4byte	0xe1
 279 0127 04       		.byte	0x4
 280 0128 07       		.uleb128 0x7
 281 0129 5C010000 		.4byte	.LASF25
 282 012d 04       		.byte	0x4
 283 012e 7502     		.2byte	0x275
 284 0130 E1000000 		.4byte	0xe1
 285 0134 08       		.byte	0x8
 286 0135 00       		.byte	0
 287 0136 05       		.uleb128 0x5
 288 0137 96020000 		.4byte	.LASF26
 289 013b 04       		.byte	0x4
 290 013c 7A02     		.2byte	0x27a
 291 013e 05010000 		.4byte	0x105
ARM GAS  C:\Users\schmi\AppData\Local\Temp\ccnljdiV.s 			page 8


 292 0142 06       		.uleb128 0x6
 293 0143 08       		.byte	0x8
 294 0144 04       		.byte	0x4
 295 0145 7D02     		.2byte	0x27d
 296 0147 66010000 		.4byte	0x166
 297 014b 07       		.uleb128 0x7
 298 014c 65010000 		.4byte	.LASF27
 299 0150 04       		.byte	0x4
 300 0151 7E02     		.2byte	0x27e
 301 0153 E1000000 		.4byte	0xe1
 302 0157 00       		.byte	0
 303 0158 07       		.uleb128 0x7
 304 0159 16050000 		.4byte	.LASF28
 305 015d 04       		.byte	0x4
 306 015e 7F02     		.2byte	0x27f
 307 0160 ED000000 		.4byte	0xed
 308 0164 04       		.byte	0x4
 309 0165 00       		.byte	0
 310 0166 05       		.uleb128 0x5
 311 0167 F8010000 		.4byte	.LASF29
 312 016b 04       		.byte	0x4
 313 016c 8002     		.2byte	0x280
 314 016e 42010000 		.4byte	0x142
 315 0172 08       		.uleb128 0x8
 316 0173 01       		.byte	0x1
 317 0174 2C000000 		.4byte	0x2c
 318 0178 04       		.byte	0x4
 319 0179 8A02     		.2byte	0x28a
 320 017b 8C010000 		.4byte	0x18c
 321 017f 09       		.uleb128 0x9
 322 0180 9B040000 		.4byte	.LASF30
 323 0184 00       		.byte	0
 324 0185 09       		.uleb128 0x9
 325 0186 4E020000 		.4byte	.LASF31
 326 018a 01       		.byte	0x1
 327 018b 00       		.byte	0
 328 018c 05       		.uleb128 0x5
 329 018d 95010000 		.4byte	.LASF32
 330 0191 04       		.byte	0x4
 331 0192 8D02     		.2byte	0x28d
 332 0194 72010000 		.4byte	0x172
 333 0198 05       		.uleb128 0x5
 334 0199 12010000 		.4byte	.LASF33
 335 019d 04       		.byte	0x4
 336 019e 9002     		.2byte	0x290
 337 01a0 8C010000 		.4byte	0x18c
 338 01a4 06       		.uleb128 0x6
 339 01a5 0C       		.byte	0xc
 340 01a6 04       		.byte	0x4
 341 01a7 9402     		.2byte	0x294
 342 01a9 D3010000 		.4byte	0x1d3
 343 01ad 0A       		.uleb128 0xa
 344 01ae 6300     		.ascii	"c\000"
 345 01b0 04       		.byte	0x4
 346 01b1 9602     		.2byte	0x296
 347 01b3 F9000000 		.4byte	0xf9
 348 01b7 00       		.byte	0
ARM GAS  C:\Users\schmi\AppData\Local\Temp\ccnljdiV.s 			page 9


 349 01b8 07       		.uleb128 0x7
 350 01b9 D6040000 		.4byte	.LASF34
 351 01bd 04       		.byte	0x4
 352 01be 9802     		.2byte	0x298
 353 01c0 ED000000 		.4byte	0xed
 354 01c4 04       		.byte	0x4
 355 01c5 07       		.uleb128 0x7
 356 01c6 00000000 		.4byte	.LASF35
 357 01ca 04       		.byte	0x4
 358 01cb 9A02     		.2byte	0x29a
 359 01cd 98010000 		.4byte	0x198
 360 01d1 08       		.byte	0x8
 361 01d2 00       		.byte	0
 362 01d3 05       		.uleb128 0x5
 363 01d4 A3030000 		.4byte	.LASF36
 364 01d8 04       		.byte	0x4
 365 01d9 9B02     		.2byte	0x29b
 366 01db A4010000 		.4byte	0x1a4
 367 01df 06       		.uleb128 0x6
 368 01e0 10       		.byte	0x10
 369 01e1 04       		.byte	0x4
 370 01e2 9F02     		.2byte	0x29f
 371 01e4 1D020000 		.4byte	0x21d
 372 01e8 07       		.uleb128 0x7
 373 01e9 A4040000 		.4byte	.LASF37
 374 01ed 04       		.byte	0x4
 375 01ee A002     		.2byte	0x2a0
 376 01f0 BF000000 		.4byte	0xbf
 377 01f4 00       		.byte	0
 378 01f5 07       		.uleb128 0x7
 379 01f6 F0040000 		.4byte	.LASF38
 380 01fa 04       		.byte	0x4
 381 01fb A102     		.2byte	0x2a1
 382 01fd E1000000 		.4byte	0xe1
 383 0201 04       		.byte	0x4
 384 0202 07       		.uleb128 0x7
 385 0203 76000000 		.4byte	.LASF39
 386 0207 04       		.byte	0x4
 387 0208 A202     		.2byte	0x2a2
 388 020a E1000000 		.4byte	0xe1
 389 020e 08       		.byte	0x8
 390 020f 07       		.uleb128 0x7
 391 0210 04050000 		.4byte	.LASF40
 392 0214 04       		.byte	0x4
 393 0215 A302     		.2byte	0x2a3
 394 0217 ED000000 		.4byte	0xed
 395 021b 0C       		.byte	0xc
 396 021c 00       		.byte	0
 397 021d 05       		.uleb128 0x5
 398 021e 78020000 		.4byte	.LASF41
 399 0222 04       		.byte	0x4
 400 0223 A402     		.2byte	0x2a4
 401 0225 DF010000 		.4byte	0x1df
 402 0229 0B       		.uleb128 0xb
 403 022a C1030000 		.4byte	.LASF73
 404 022e 01       		.byte	0x1
 405 022f 53       		.byte	0x53
ARM GAS  C:\Users\schmi\AppData\Local\Temp\ccnljdiV.s 			page 10


 406 0230 00000000 		.4byte	.LFB70
 407 0234 B4000000 		.4byte	.LFE70-.LFB70
 408 0238 01       		.uleb128 0x1
 409 0239 9C       		.byte	0x9c
 410 023a 65020000 		.4byte	0x265
 411 023e 0C       		.uleb128 0xc
 412 023f 7400     		.ascii	"t\000"
 413 0241 01       		.byte	0x1
 414 0242 53       		.byte	0x53
 415 0243 CA000000 		.4byte	0xca
 416 0247 02       		.uleb128 0x2
 417 0248 91       		.byte	0x91
 418 0249 6C       		.sleb128 -20
 419 024a 0D       		.uleb128 0xd
 420 024b 5E000000 		.4byte	.LASF42
 421 024f 01       		.byte	0x1
 422 0250 55       		.byte	0x55
 423 0251 A9000000 		.4byte	0xa9
 424 0255 02       		.uleb128 0x2
 425 0256 91       		.byte	0x91
 426 0257 70       		.sleb128 -16
 427 0258 0E       		.uleb128 0xe
 428 0259 7000     		.ascii	"p\000"
 429 025b 01       		.byte	0x1
 430 025c 56       		.byte	0x56
 431 025d 9E000000 		.4byte	0x9e
 432 0261 02       		.uleb128 0x2
 433 0262 91       		.byte	0x91
 434 0263 74       		.sleb128 -12
 435 0264 00       		.byte	0
 436 0265 0F       		.uleb128 0xf
 437 0266 B4010000 		.4byte	.LASF43
 438 026a 05       		.byte	0x5
 439 026b 44       		.byte	0x44
 440 026c 9E000000 		.4byte	0x9e
 441 0270 0F       		.uleb128 0xf
 442 0271 6E030000 		.4byte	.LASF44
 443 0275 06       		.byte	0x6
 444 0276 48       		.byte	0x48
 445 0277 CA000000 		.4byte	0xca
 446 027b 10       		.uleb128 0x10
 447 027c 92020000 		.4byte	0x292
 448 0280 8B020000 		.4byte	0x28b
 449 0284 11       		.uleb128 0x11
 450 0285 8B020000 		.4byte	0x28b
 451 0289 03       		.byte	0x3
 452 028a 00       		.byte	0
 453 028b 02       		.uleb128 0x2
 454 028c 04       		.byte	0x4
 455 028d 07       		.byte	0x7
 456 028e 6D000000 		.4byte	.LASF45
 457 0292 12       		.uleb128 0x12
 458 0293 9E000000 		.4byte	0x9e
 459 0297 0F       		.uleb128 0xf
 460 0298 32010000 		.4byte	.LASF46
 461 029c 04       		.byte	0x4
 462 029d B2       		.byte	0xb2
ARM GAS  C:\Users\schmi\AppData\Local\Temp\ccnljdiV.s 			page 11


 463 029e A2020000 		.4byte	0x2a2
 464 02a2 12       		.uleb128 0x12
 465 02a3 7B020000 		.4byte	0x27b
 466 02a7 0F       		.uleb128 0xf
 467 02a8 C2040000 		.4byte	.LASF47
 468 02ac 04       		.byte	0x4
 469 02ad B3       		.byte	0xb3
 470 02ae B2020000 		.4byte	0x2b2
 471 02b2 12       		.uleb128 0x12
 472 02b3 7B020000 		.4byte	0x27b
 473 02b7 10       		.uleb128 0x10
 474 02b8 9E000000 		.4byte	0x9e
 475 02bc C7020000 		.4byte	0x2c7
 476 02c0 11       		.uleb128 0x11
 477 02c1 8B020000 		.4byte	0x28b
 478 02c5 03       		.byte	0x3
 479 02c6 00       		.byte	0
 480 02c7 0F       		.uleb128 0xf
 481 02c8 B5040000 		.4byte	.LASF48
 482 02cc 04       		.byte	0x4
 483 02cd CA       		.byte	0xca
 484 02ce B7020000 		.4byte	0x2b7
 485 02d2 10       		.uleb128 0x10
 486 02d3 CA000000 		.4byte	0xca
 487 02d7 E2020000 		.4byte	0x2e2
 488 02db 11       		.uleb128 0x11
 489 02dc 8B020000 		.4byte	0x28b
 490 02e0 03       		.byte	0x3
 491 02e1 00       		.byte	0
 492 02e2 0F       		.uleb128 0xf
 493 02e3 F9040000 		.4byte	.LASF49
 494 02e7 04       		.byte	0x4
 495 02e8 D2       		.byte	0xd2
 496 02e9 D2020000 		.4byte	0x2d2
 497 02ed 0F       		.uleb128 0xf
 498 02ee 62030000 		.4byte	.LASF50
 499 02f2 04       		.byte	0x4
 500 02f3 DA       		.byte	0xda
 501 02f4 B7020000 		.4byte	0x2b7
 502 02f8 0F       		.uleb128 0xf
 503 02f9 7F040000 		.4byte	.LASF51
 504 02fd 04       		.byte	0x4
 505 02fe E2       		.byte	0xe2
 506 02ff CA000000 		.4byte	0xca
 507 0303 0F       		.uleb128 0xf
 508 0304 C7020000 		.4byte	.LASF52
 509 0308 04       		.byte	0x4
 510 0309 F7       		.byte	0xf7
 511 030a 9E000000 		.4byte	0x9e
 512 030e 13       		.uleb128 0x13
 513 030f 34040000 		.4byte	.LASF53
 514 0313 04       		.byte	0x4
 515 0314 2101     		.2byte	0x121
 516 0316 B7020000 		.4byte	0x2b7
 517 031a 10       		.uleb128 0x10
 518 031b A9000000 		.4byte	0xa9
 519 031f 2A030000 		.4byte	0x32a
ARM GAS  C:\Users\schmi\AppData\Local\Temp\ccnljdiV.s 			page 12


 520 0323 11       		.uleb128 0x11
 521 0324 8B020000 		.4byte	0x28b
 522 0328 0F       		.byte	0xf
 523 0329 00       		.byte	0
 524 032a 13       		.uleb128 0x13
 525 032b 43010000 		.4byte	.LASF54
 526 032f 04       		.byte	0x4
 527 0330 2501     		.2byte	0x125
 528 0332 1A030000 		.4byte	0x31a
 529 0336 13       		.uleb128 0x13
 530 0337 DE040000 		.4byte	.LASF55
 531 033b 04       		.byte	0x4
 532 033c 2601     		.2byte	0x126
 533 033e 1A030000 		.4byte	0x31a
 534 0342 10       		.uleb128 0x10
 535 0343 A9000000 		.4byte	0xa9
 536 0347 52030000 		.4byte	0x352
 537 034b 11       		.uleb128 0x11
 538 034c 8B020000 		.4byte	0x28b
 539 0350 03       		.byte	0x3
 540 0351 00       		.byte	0
 541 0352 13       		.uleb128 0x13
 542 0353 AD020000 		.4byte	.LASF56
 543 0357 04       		.byte	0x4
 544 0358 2C01     		.2byte	0x12c
 545 035a 42030000 		.4byte	0x342
 546 035e 13       		.uleb128 0x13
 547 035f 8B040000 		.4byte	.LASF57
 548 0363 04       		.byte	0x4
 549 0364 3C01     		.2byte	0x13c
 550 0366 D2020000 		.4byte	0x2d2
 551 036a 13       		.uleb128 0x13
 552 036b 05000000 		.4byte	.LASF58
 553 036f 04       		.byte	0x4
 554 0370 3F01     		.2byte	0x13f
 555 0372 D5000000 		.4byte	0xd5
 556 0376 13       		.uleb128 0x13
 557 0377 40000000 		.4byte	.LASF59
 558 037b 04       		.byte	0x4
 559 037c 4101     		.2byte	0x141
 560 037e A9000000 		.4byte	0xa9
 561 0382 13       		.uleb128 0x13
 562 0383 4B000000 		.4byte	.LASF60
 563 0387 04       		.byte	0x4
 564 0388 5C01     		.2byte	0x15c
 565 038a B7020000 		.4byte	0x2b7
 566 038e 10       		.uleb128 0x10
 567 038f BF000000 		.4byte	0xbf
 568 0393 9E030000 		.4byte	0x39e
 569 0397 11       		.uleb128 0x11
 570 0398 8B020000 		.4byte	0x28b
 571 039c 03       		.byte	0x3
 572 039d 00       		.byte	0
 573 039e 13       		.uleb128 0x13
 574 039f 6B010000 		.4byte	.LASF61
 575 03a3 04       		.byte	0x4
 576 03a4 6701     		.2byte	0x167
ARM GAS  C:\Users\schmi\AppData\Local\Temp\ccnljdiV.s 			page 13


 577 03a6 8E030000 		.4byte	0x38e
 578 03aa 10       		.uleb128 0x10
 579 03ab BA030000 		.4byte	0x3ba
 580 03af BA030000 		.4byte	0x3ba
 581 03b3 11       		.uleb128 0x11
 582 03b4 8B020000 		.4byte	0x28b
 583 03b8 00       		.byte	0
 584 03b9 00       		.byte	0
 585 03ba 12       		.uleb128 0x12
 586 03bb 36010000 		.4byte	0x136
 587 03bf 13       		.uleb128 0x13
 588 03c0 F4020000 		.4byte	.LASF62
 589 03c4 04       		.byte	0x4
 590 03c5 CA02     		.2byte	0x2ca
 591 03c7 CB030000 		.4byte	0x3cb
 592 03cb 12       		.uleb128 0x12
 593 03cc AA030000 		.4byte	0x3aa
 594 03d0 10       		.uleb128 0x10
 595 03d1 E0030000 		.4byte	0x3e0
 596 03d5 E0030000 		.4byte	0x3e0
 597 03d9 11       		.uleb128 0x11
 598 03da 8B020000 		.4byte	0x28b
 599 03de 00       		.byte	0
 600 03df 00       		.byte	0
 601 03e0 12       		.uleb128 0x12
 602 03e1 D3010000 		.4byte	0x1d3
 603 03e5 13       		.uleb128 0x13
 604 03e6 7C010000 		.4byte	.LASF63
 605 03ea 04       		.byte	0x4
 606 03eb DD02     		.2byte	0x2dd
 607 03ed F1030000 		.4byte	0x3f1
 608 03f1 12       		.uleb128 0x12
 609 03f2 D0030000 		.4byte	0x3d0
 610 03f6 10       		.uleb128 0x10
 611 03f7 66010000 		.4byte	0x166
 612 03fb 06040000 		.4byte	0x406
 613 03ff 11       		.uleb128 0x11
 614 0400 8B020000 		.4byte	0x28b
 615 0404 00       		.byte	0
 616 0405 00       		.byte	0
 617 0406 13       		.uleb128 0x13
 618 0407 3F040000 		.4byte	.LASF64
 619 040b 04       		.byte	0x4
 620 040c FB02     		.2byte	0x2fb
 621 040e F6030000 		.4byte	0x3f6
 622 0412 10       		.uleb128 0x10
 623 0413 1D020000 		.4byte	0x21d
 624 0417 22040000 		.4byte	0x422
 625 041b 11       		.uleb128 0x11
 626 041c 8B020000 		.4byte	0x28b
 627 0420 00       		.byte	0
 628 0421 00       		.byte	0
 629 0422 13       		.uleb128 0x13
 630 0423 11030000 		.4byte	.LASF65
 631 0427 04       		.byte	0x4
 632 0428 0403     		.2byte	0x304
 633 042a 12040000 		.4byte	0x412
ARM GAS  C:\Users\schmi\AppData\Local\Temp\ccnljdiV.s 			page 14


 634 042e 0F       		.uleb128 0xf
 635 042f 1B000000 		.4byte	.LASF66
 636 0433 07       		.byte	0x7
 637 0434 40       		.byte	0x40
 638 0435 9E000000 		.4byte	0x9e
 639 0439 0F       		.uleb128 0xf
 640 043a 25020000 		.4byte	.LASF67
 641 043e 07       		.byte	0x7
 642 043f 47       		.byte	0x47
 643 0440 B4000000 		.4byte	0xb4
 644 0444 0F       		.uleb128 0xf
 645 0445 4E040000 		.4byte	.LASF68
 646 0449 07       		.byte	0x7
 647 044a 4A       		.byte	0x4a
 648 044b 9E000000 		.4byte	0x9e
 649 044f 10       		.uleb128 0x10
 650 0450 5F040000 		.4byte	0x45f
 651 0454 5F040000 		.4byte	0x45f
 652 0458 11       		.uleb128 0x11
 653 0459 8B020000 		.4byte	0x28b
 654 045d FF       		.byte	0xff
 655 045e 00       		.byte	0
 656 045f 12       		.uleb128 0x12
 657 0460 72000000 		.4byte	0x72
 658 0464 13       		.uleb128 0x13
 659 0465 09050000 		.4byte	.LASF69
 660 0469 08       		.byte	0x8
 661 046a AB01     		.2byte	0x1ab
 662 046c 70040000 		.4byte	0x470
 663 0470 12       		.uleb128 0x12
 664 0471 4F040000 		.4byte	0x44f
 665 0475 00       		.byte	0
 666              		.section	.debug_abbrev,"",%progbits
 667              	.Ldebug_abbrev0:
 668 0000 01       		.uleb128 0x1
 669 0001 11       		.uleb128 0x11
 670 0002 01       		.byte	0x1
 671 0003 25       		.uleb128 0x25
 672 0004 0E       		.uleb128 0xe
 673 0005 13       		.uleb128 0x13
 674 0006 0B       		.uleb128 0xb
 675 0007 03       		.uleb128 0x3
 676 0008 0E       		.uleb128 0xe
 677 0009 1B       		.uleb128 0x1b
 678 000a 0E       		.uleb128 0xe
 679 000b 55       		.uleb128 0x55
 680 000c 17       		.uleb128 0x17
 681 000d 11       		.uleb128 0x11
 682 000e 01       		.uleb128 0x1
 683 000f 10       		.uleb128 0x10
 684 0010 17       		.uleb128 0x17
 685 0011 00       		.byte	0
 686 0012 00       		.byte	0
 687 0013 02       		.uleb128 0x2
 688 0014 24       		.uleb128 0x24
 689 0015 00       		.byte	0
 690 0016 0B       		.uleb128 0xb
ARM GAS  C:\Users\schmi\AppData\Local\Temp\ccnljdiV.s 			page 15


 691 0017 0B       		.uleb128 0xb
 692 0018 3E       		.uleb128 0x3e
 693 0019 0B       		.uleb128 0xb
 694 001a 03       		.uleb128 0x3
 695 001b 0E       		.uleb128 0xe
 696 001c 00       		.byte	0
 697 001d 00       		.byte	0
 698 001e 03       		.uleb128 0x3
 699 001f 24       		.uleb128 0x24
 700 0020 00       		.byte	0
 701 0021 0B       		.uleb128 0xb
 702 0022 0B       		.uleb128 0xb
 703 0023 3E       		.uleb128 0x3e
 704 0024 0B       		.uleb128 0xb
 705 0025 03       		.uleb128 0x3
 706 0026 08       		.uleb128 0x8
 707 0027 00       		.byte	0
 708 0028 00       		.byte	0
 709 0029 04       		.uleb128 0x4
 710 002a 16       		.uleb128 0x16
 711 002b 00       		.byte	0
 712 002c 03       		.uleb128 0x3
 713 002d 0E       		.uleb128 0xe
 714 002e 3A       		.uleb128 0x3a
 715 002f 0B       		.uleb128 0xb
 716 0030 3B       		.uleb128 0x3b
 717 0031 0B       		.uleb128 0xb
 718 0032 49       		.uleb128 0x49
 719 0033 13       		.uleb128 0x13
 720 0034 00       		.byte	0
 721 0035 00       		.byte	0
 722 0036 05       		.uleb128 0x5
 723 0037 16       		.uleb128 0x16
 724 0038 00       		.byte	0
 725 0039 03       		.uleb128 0x3
 726 003a 0E       		.uleb128 0xe
 727 003b 3A       		.uleb128 0x3a
 728 003c 0B       		.uleb128 0xb
 729 003d 3B       		.uleb128 0x3b
 730 003e 05       		.uleb128 0x5
 731 003f 49       		.uleb128 0x49
 732 0040 13       		.uleb128 0x13
 733 0041 00       		.byte	0
 734 0042 00       		.byte	0
 735 0043 06       		.uleb128 0x6
 736 0044 13       		.uleb128 0x13
 737 0045 01       		.byte	0x1
 738 0046 0B       		.uleb128 0xb
 739 0047 0B       		.uleb128 0xb
 740 0048 3A       		.uleb128 0x3a
 741 0049 0B       		.uleb128 0xb
 742 004a 3B       		.uleb128 0x3b
 743 004b 05       		.uleb128 0x5
 744 004c 01       		.uleb128 0x1
 745 004d 13       		.uleb128 0x13
 746 004e 00       		.byte	0
 747 004f 00       		.byte	0
ARM GAS  C:\Users\schmi\AppData\Local\Temp\ccnljdiV.s 			page 16


 748 0050 07       		.uleb128 0x7
 749 0051 0D       		.uleb128 0xd
 750 0052 00       		.byte	0
 751 0053 03       		.uleb128 0x3
 752 0054 0E       		.uleb128 0xe
 753 0055 3A       		.uleb128 0x3a
 754 0056 0B       		.uleb128 0xb
 755 0057 3B       		.uleb128 0x3b
 756 0058 05       		.uleb128 0x5
 757 0059 49       		.uleb128 0x49
 758 005a 13       		.uleb128 0x13
 759 005b 38       		.uleb128 0x38
 760 005c 0B       		.uleb128 0xb
 761 005d 00       		.byte	0
 762 005e 00       		.byte	0
 763 005f 08       		.uleb128 0x8
 764 0060 04       		.uleb128 0x4
 765 0061 01       		.byte	0x1
 766 0062 0B       		.uleb128 0xb
 767 0063 0B       		.uleb128 0xb
 768 0064 49       		.uleb128 0x49
 769 0065 13       		.uleb128 0x13
 770 0066 3A       		.uleb128 0x3a
 771 0067 0B       		.uleb128 0xb
 772 0068 3B       		.uleb128 0x3b
 773 0069 05       		.uleb128 0x5
 774 006a 01       		.uleb128 0x1
 775 006b 13       		.uleb128 0x13
 776 006c 00       		.byte	0
 777 006d 00       		.byte	0
 778 006e 09       		.uleb128 0x9
 779 006f 28       		.uleb128 0x28
 780 0070 00       		.byte	0
 781 0071 03       		.uleb128 0x3
 782 0072 0E       		.uleb128 0xe
 783 0073 1C       		.uleb128 0x1c
 784 0074 0B       		.uleb128 0xb
 785 0075 00       		.byte	0
 786 0076 00       		.byte	0
 787 0077 0A       		.uleb128 0xa
 788 0078 0D       		.uleb128 0xd
 789 0079 00       		.byte	0
 790 007a 03       		.uleb128 0x3
 791 007b 08       		.uleb128 0x8
 792 007c 3A       		.uleb128 0x3a
 793 007d 0B       		.uleb128 0xb
 794 007e 3B       		.uleb128 0x3b
 795 007f 05       		.uleb128 0x5
 796 0080 49       		.uleb128 0x49
 797 0081 13       		.uleb128 0x13
 798 0082 38       		.uleb128 0x38
 799 0083 0B       		.uleb128 0xb
 800 0084 00       		.byte	0
 801 0085 00       		.byte	0
 802 0086 0B       		.uleb128 0xb
 803 0087 2E       		.uleb128 0x2e
 804 0088 01       		.byte	0x1
ARM GAS  C:\Users\schmi\AppData\Local\Temp\ccnljdiV.s 			page 17


 805 0089 3F       		.uleb128 0x3f
 806 008a 19       		.uleb128 0x19
 807 008b 03       		.uleb128 0x3
 808 008c 0E       		.uleb128 0xe
 809 008d 3A       		.uleb128 0x3a
 810 008e 0B       		.uleb128 0xb
 811 008f 3B       		.uleb128 0x3b
 812 0090 0B       		.uleb128 0xb
 813 0091 27       		.uleb128 0x27
 814 0092 19       		.uleb128 0x19
 815 0093 11       		.uleb128 0x11
 816 0094 01       		.uleb128 0x1
 817 0095 12       		.uleb128 0x12
 818 0096 06       		.uleb128 0x6
 819 0097 40       		.uleb128 0x40
 820 0098 18       		.uleb128 0x18
 821 0099 9742     		.uleb128 0x2117
 822 009b 19       		.uleb128 0x19
 823 009c 01       		.uleb128 0x1
 824 009d 13       		.uleb128 0x13
 825 009e 00       		.byte	0
 826 009f 00       		.byte	0
 827 00a0 0C       		.uleb128 0xc
 828 00a1 05       		.uleb128 0x5
 829 00a2 00       		.byte	0
 830 00a3 03       		.uleb128 0x3
 831 00a4 08       		.uleb128 0x8
 832 00a5 3A       		.uleb128 0x3a
 833 00a6 0B       		.uleb128 0xb
 834 00a7 3B       		.uleb128 0x3b
 835 00a8 0B       		.uleb128 0xb
 836 00a9 49       		.uleb128 0x49
 837 00aa 13       		.uleb128 0x13
 838 00ab 02       		.uleb128 0x2
 839 00ac 18       		.uleb128 0x18
 840 00ad 00       		.byte	0
 841 00ae 00       		.byte	0
 842 00af 0D       		.uleb128 0xd
 843 00b0 34       		.uleb128 0x34
 844 00b1 00       		.byte	0
 845 00b2 03       		.uleb128 0x3
 846 00b3 0E       		.uleb128 0xe
 847 00b4 3A       		.uleb128 0x3a
 848 00b5 0B       		.uleb128 0xb
 849 00b6 3B       		.uleb128 0x3b
 850 00b7 0B       		.uleb128 0xb
 851 00b8 49       		.uleb128 0x49
 852 00b9 13       		.uleb128 0x13
 853 00ba 02       		.uleb128 0x2
 854 00bb 18       		.uleb128 0x18
 855 00bc 00       		.byte	0
 856 00bd 00       		.byte	0
 857 00be 0E       		.uleb128 0xe
 858 00bf 34       		.uleb128 0x34
 859 00c0 00       		.byte	0
 860 00c1 03       		.uleb128 0x3
 861 00c2 08       		.uleb128 0x8
ARM GAS  C:\Users\schmi\AppData\Local\Temp\ccnljdiV.s 			page 18


 862 00c3 3A       		.uleb128 0x3a
 863 00c4 0B       		.uleb128 0xb
 864 00c5 3B       		.uleb128 0x3b
 865 00c6 0B       		.uleb128 0xb
 866 00c7 49       		.uleb128 0x49
 867 00c8 13       		.uleb128 0x13
 868 00c9 02       		.uleb128 0x2
 869 00ca 18       		.uleb128 0x18
 870 00cb 00       		.byte	0
 871 00cc 00       		.byte	0
 872 00cd 0F       		.uleb128 0xf
 873 00ce 34       		.uleb128 0x34
 874 00cf 00       		.byte	0
 875 00d0 03       		.uleb128 0x3
 876 00d1 0E       		.uleb128 0xe
 877 00d2 3A       		.uleb128 0x3a
 878 00d3 0B       		.uleb128 0xb
 879 00d4 3B       		.uleb128 0x3b
 880 00d5 0B       		.uleb128 0xb
 881 00d6 49       		.uleb128 0x49
 882 00d7 13       		.uleb128 0x13
 883 00d8 3F       		.uleb128 0x3f
 884 00d9 19       		.uleb128 0x19
 885 00da 3C       		.uleb128 0x3c
 886 00db 19       		.uleb128 0x19
 887 00dc 00       		.byte	0
 888 00dd 00       		.byte	0
 889 00de 10       		.uleb128 0x10
 890 00df 01       		.uleb128 0x1
 891 00e0 01       		.byte	0x1
 892 00e1 49       		.uleb128 0x49
 893 00e2 13       		.uleb128 0x13
 894 00e3 01       		.uleb128 0x1
 895 00e4 13       		.uleb128 0x13
 896 00e5 00       		.byte	0
 897 00e6 00       		.byte	0
 898 00e7 11       		.uleb128 0x11
 899 00e8 21       		.uleb128 0x21
 900 00e9 00       		.byte	0
 901 00ea 49       		.uleb128 0x49
 902 00eb 13       		.uleb128 0x13
 903 00ec 2F       		.uleb128 0x2f
 904 00ed 0B       		.uleb128 0xb
 905 00ee 00       		.byte	0
 906 00ef 00       		.byte	0
 907 00f0 12       		.uleb128 0x12
 908 00f1 26       		.uleb128 0x26
 909 00f2 00       		.byte	0
 910 00f3 49       		.uleb128 0x49
 911 00f4 13       		.uleb128 0x13
 912 00f5 00       		.byte	0
 913 00f6 00       		.byte	0
 914 00f7 13       		.uleb128 0x13
 915 00f8 34       		.uleb128 0x34
 916 00f9 00       		.byte	0
 917 00fa 03       		.uleb128 0x3
 918 00fb 0E       		.uleb128 0xe
ARM GAS  C:\Users\schmi\AppData\Local\Temp\ccnljdiV.s 			page 19


 919 00fc 3A       		.uleb128 0x3a
 920 00fd 0B       		.uleb128 0xb
 921 00fe 3B       		.uleb128 0x3b
 922 00ff 05       		.uleb128 0x5
 923 0100 49       		.uleb128 0x49
 924 0101 13       		.uleb128 0x13
 925 0102 3F       		.uleb128 0x3f
 926 0103 19       		.uleb128 0x19
 927 0104 3C       		.uleb128 0x3c
 928 0105 19       		.uleb128 0x19
 929 0106 00       		.byte	0
 930 0107 00       		.byte	0
 931 0108 00       		.byte	0
 932              		.section	.debug_aranges,"",%progbits
 933 0000 1C000000 		.4byte	0x1c
 934 0004 0200     		.2byte	0x2
 935 0006 00000000 		.4byte	.Ldebug_info0
 936 000a 04       		.byte	0x4
 937 000b 00       		.byte	0
 938 000c 0000     		.2byte	0
 939 000e 0000     		.2byte	0
 940 0010 00000000 		.4byte	.LFB70
 941 0014 B4000000 		.4byte	.LFE70-.LFB70
 942 0018 00000000 		.4byte	0
 943 001c 00000000 		.4byte	0
 944              		.section	.debug_ranges,"",%progbits
 945              	.Ldebug_ranges0:
 946 0000 00000000 		.4byte	.LFB70
 947 0004 B4000000 		.4byte	.LFE70
 948 0008 00000000 		.4byte	0
 949 000c 00000000 		.4byte	0
 950              		.section	.debug_line,"",%progbits
 951              	.Ldebug_line0:
 952 0000 52010000 		.section	.debug_str,"MS",%progbits,1
 952      02003101 
 952      00000201 
 952      FB0E0D00 
 952      01010101 
 953              	.LASF35:
 954 0000 6B696E64 		.ascii	"kind\000"
 954      00
 955              	.LASF58:
 956 0005 45455F72 		.ascii	"EE_rq_bitmask\000"
 956      715F6269 
 956      746D6173 
 956      6B00
 957              	.LASF14:
 958 0013 45455F55 		.ascii	"EE_UREG\000"
 958      52454700 
 959              	.LASF66:
 960 001b 45455F6F 		.ascii	"EE_oo_IRQ_disable_count\000"
 960      6F5F4952 
 960      515F6469 
 960      7361626C 
 960      655F636F 
 961              	.LASF24:
 962 0033 7469636B 		.ascii	"ticksperbase\000"
ARM GAS  C:\Users\schmi\AppData\Local\Temp\ccnljdiV.s 			page 20


 962      73706572 
 962      62617365 
 962      00
 963              	.LASF59:
 964 0040 45455F72 		.ascii	"EE_rq_free\000"
 964      715F6672 
 964      656500
 965              	.LASF60:
 966 004b 45455F74 		.ascii	"EE_th_event_active\000"
 966      685F6576 
 966      656E745F 
 966      61637469 
 966      766500
 967              	.LASF42:
 968 005e 74656D70 		.ascii	"temp\000"
 968      00
 969              	.LASF2:
 970 0063 73686F72 		.ascii	"short int\000"
 970      7420696E 
 970      7400
 971              	.LASF45:
 972 006d 73697A65 		.ascii	"sizetype\000"
 972      74797065 
 972      00
 973              	.LASF39:
 974 0076 64656C74 		.ascii	"delta\000"
 974      6100
 975              	.LASF70:
 976 007c 474E5520 		.ascii	"GNU C11 5.4.1 20160609 (release) [ARM/embedded-5-br"
 976      43313120 
 976      352E342E 
 976      31203230 
 976      31363036 
 977 00af 616E6368 		.ascii	"anch revision 237715] -mcpu=cortex-m3 -mthumb -g -O"
 977      20726576 
 977      6973696F 
 977      6E203233 
 977      37373135 
 978 00e2 30202D66 		.ascii	"0 -ffunction-sections -ffat-lto-objects\000"
 978      66756E63 
 978      74696F6E 
 978      2D736563 
 978      74696F6E 
 979              	.LASF16:
 980 010a 45455F46 		.ascii	"EE_FREG\000"
 980      52454700 
 981              	.LASF33:
 982 0112 436F756E 		.ascii	"CounterObjectKindType\000"
 982      7465724F 
 982      626A6563 
 982      744B696E 
 982      64547970 
 983              	.LASF13:
 984 0128 45455F55 		.ascii	"EE_UINT32\000"
 984      494E5433 
 984      3200
 985              	.LASF46:
ARM GAS  C:\Users\schmi\AppData\Local\Temp\ccnljdiV.s 			page 21


 986 0132 45455F74 		.ascii	"EE_th_ready_prio\000"
 986      685F7265 
 986      6164795F 
 986      7072696F 
 986      00
 987              	.LASF54:
 988 0143 45455F72 		.ascii	"EE_rq_queues_head\000"
 988      715F7175 
 988      65756573 
 988      5F686561 
 988      6400
 989              	.LASF18:
 990 0155 45455F54 		.ascii	"EE_TID\000"
 990      494400
 991              	.LASF25:
 992 015c 6D696E63 		.ascii	"mincycle\000"
 992      79636C65 
 992      00
 993              	.LASF27:
 994 0165 76616C75 		.ascii	"value\000"
 994      6500
 995              	.LASF61:
 996 016b 45455F74 		.ascii	"EE_th_waswaiting\000"
 996      685F7761 
 996      73776169 
 996      74696E67 
 996      00
 997              	.LASF63:
 998 017c 45455F6F 		.ascii	"EE_oo_counter_object_ROM\000"
 998      6F5F636F 
 998      756E7465 
 998      725F6F62 
 998      6A656374 
 999              	.LASF32:
 1000 0195 45455F6F 		.ascii	"EE_oo_counter_object_kind_type\000"
 1000      6F5F636F 
 1000      756E7465 
 1000      725F6F62 
 1000      6A656374 
 1001              	.LASF43:
 1002 01b4 45455F49 		.ascii	"EE_IRQ_nesting_level\000"
 1002      52515F6E 
 1002      65737469 
 1002      6E675F6C 
 1002      6576656C 
 1003              	.LASF71:
 1004 01c9 47656E65 		.ascii	"Generated_Source\\PSoC5\\ErikaOS_1_ee_rq_inser.c\000"
 1004      72617465 
 1004      645F536F 
 1004      75726365 
 1004      5C50536F 
 1005              	.LASF29:
 1006 01f8 45455F6F 		.ascii	"EE_oo_counter_RAM_type\000"
 1006      6F5F636F 
 1006      756E7465 
 1006      725F5241 
 1006      4D5F7479 
ARM GAS  C:\Users\schmi\AppData\Local\Temp\ccnljdiV.s 			page 22


 1007              	.LASF6:
 1008 020f 6C6F6E67 		.ascii	"long long int\000"
 1008      206C6F6E 
 1008      6720696E 
 1008      7400
 1009              	.LASF10:
 1010 021d 45455F49 		.ascii	"EE_INT8\000"
 1010      4E543800 
 1011              	.LASF67:
 1012 0225 45455F6F 		.ascii	"EE_oo_IRQ_suspend_status\000"
 1012      6F5F4952 
 1012      515F7375 
 1012      7370656E 
 1012      645F7374 
 1013              	.LASF19:
 1014 023e 45455F54 		.ascii	"EE_TYPE_RQ_MASK\000"
 1014      5950455F 
 1014      52515F4D 
 1014      41534B00 
 1015              	.LASF31:
 1016 024e 45455F53 		.ascii	"EE_SCHEDULETABLE\000"
 1016      43484544 
 1016      554C4554 
 1016      41424C45 
 1016      00
 1017              	.LASF4:
 1018 025f 6C6F6E67 		.ascii	"long int\000"
 1018      20696E74 
 1018      00
 1019              	.LASF23:
 1020 0268 6D617861 		.ascii	"maxallowedvalue\000"
 1020      6C6C6F77 
 1020      65647661 
 1020      6C756500 
 1021              	.LASF41:
 1022 0278 45455F6F 		.ascii	"EE_oo_counter_object_RAM_type\000"
 1022      6F5F636F 
 1022      756E7465 
 1022      725F6F62 
 1022      6A656374 
 1023              	.LASF26:
 1024 0296 45455F6F 		.ascii	"EE_oo_counter_ROM_type\000"
 1024      6F5F636F 
 1024      756E7465 
 1024      725F524F 
 1024      4D5F7479 
 1025              	.LASF56:
 1026 02ad 45455F72 		.ascii	"EE_rq_pairs_next\000"
 1026      715F7061 
 1026      6972735F 
 1026      6E657874 
 1026      00
 1027              	.LASF20:
 1028 02be 5469636B 		.ascii	"TickType\000"
 1028      54797065 
 1028      00
 1029              	.LASF52:
ARM GAS  C:\Users\schmi\AppData\Local\Temp\ccnljdiV.s 			page 23


 1030 02c7 45455F73 		.ascii	"EE_sys_ceiling\000"
 1030      79735F63 
 1030      65696C69 
 1030      6E6700
 1031              	.LASF21:
 1032 02d6 436F756E 		.ascii	"CounterObjectType\000"
 1032      7465724F 
 1032      626A6563 
 1032      74547970 
 1032      6500
 1033              	.LASF9:
 1034 02e8 6C6F6E67 		.ascii	"long double\000"
 1034      20646F75 
 1034      626C6500 
 1035              	.LASF62:
 1036 02f4 45455F63 		.ascii	"EE_counter_ROM\000"
 1036      6F756E74 
 1036      65725F52 
 1036      4F4D00
 1037              	.LASF1:
 1038 0303 756E7369 		.ascii	"unsigned char\000"
 1038      676E6564 
 1038      20636861 
 1038      7200
 1039              	.LASF65:
 1040 0311 45455F6F 		.ascii	"EE_oo_counter_object_RAM\000"
 1040      6F5F636F 
 1040      756E7465 
 1040      725F6F62 
 1040      6A656374 
 1041              	.LASF15:
 1042 032a 45455F53 		.ascii	"EE_SREG\000"
 1042      52454700 
 1043              	.LASF0:
 1044 0332 7369676E 		.ascii	"signed char\000"
 1044      65642063 
 1044      68617200 
 1045              	.LASF7:
 1046 033e 6C6F6E67 		.ascii	"long long unsigned int\000"
 1046      206C6F6E 
 1046      6720756E 
 1046      7369676E 
 1046      65642069 
 1047              	.LASF8:
 1048 0355 756E7369 		.ascii	"unsigned int\000"
 1048      676E6564 
 1048      20696E74 
 1048      00
 1049              	.LASF50:
 1050 0362 45455F74 		.ascii	"EE_th_rnact\000"
 1050      685F726E 
 1050      61637400 
 1051              	.LASF44:
 1052 036e 45455F73 		.ascii	"EE_std_endcycle_next_tid\000"
 1052      74645F65 
 1052      6E646379 
 1052      636C655F 
ARM GAS  C:\Users\schmi\AppData\Local\Temp\ccnljdiV.s 			page 24


 1052      6E657874 
 1053              	.LASF12:
 1054 0387 45455F49 		.ascii	"EE_INT32\000"
 1054      4E543332 
 1054      00
 1055              	.LASF3:
 1056 0390 73686F72 		.ascii	"short unsigned int\000"
 1056      7420756E 
 1056      7369676E 
 1056      65642069 
 1056      6E7400
 1057              	.LASF36:
 1058 03a3 45455F6F 		.ascii	"EE_oo_counter_object_ROM_type\000"
 1058      6F5F636F 
 1058      756E7465 
 1058      725F6F62 
 1058      6A656374 
 1059              	.LASF73:
 1060 03c1 45455F72 		.ascii	"EE_rq_insert\000"
 1060      715F696E 
 1060      73657274 
 1060      00
 1061              	.LASF72:
 1062 03ce 433A5C55 		.ascii	"C:\\Users\\schmi\\OneDrive\\Dokumente\\PSoC Creator"
 1062      73657273 
 1062      5C736368 
 1062      6D695C4F 
 1062      6E654472 
 1063 03fc 5C4A736F 		.ascii	"\\JsonParserLAB3\\holidayProject\\setUpEnv.cydsn\000"
 1063      6E506172 
 1063      7365724C 
 1063      4142335C 
 1063      686F6C69 
 1064              	.LASF11:
 1065 042a 45455F55 		.ascii	"EE_UINT16\000"
 1065      494E5431 
 1065      3600
 1066              	.LASF53:
 1067 0434 45455F72 		.ascii	"EE_rq_link\000"
 1067      715F6C69 
 1067      6E6B00
 1068              	.LASF64:
 1069 043f 45455F63 		.ascii	"EE_counter_RAM\000"
 1069      6F756E74 
 1069      65725F52 
 1069      414D00
 1070              	.LASF68:
 1071 044e 45455F41 		.ascii	"EE_ApplicationMode\000"
 1071      70706C69 
 1071      63617469 
 1071      6F6E4D6F 
 1071      646500
 1072              	.LASF5:
 1073 0461 6C6F6E67 		.ascii	"long unsigned int\000"
 1073      20756E73 
 1073      69676E65 
 1073      6420696E 
ARM GAS  C:\Users\schmi\AppData\Local\Temp\ccnljdiV.s 			page 25


 1073      7400
 1074              	.LASF17:
 1075 0473 45455F54 		.ascii	"EE_TYPEBOOL\000"
 1075      59504542 
 1075      4F4F4C00 
 1076              	.LASF51:
 1077 047f 45455F73 		.ascii	"EE_stkfirst\000"
 1077      746B6669 
 1077      72737400 
 1078              	.LASF57:
 1079 048b 45455F72 		.ascii	"EE_rq_pairs_tid\000"
 1079      715F7061 
 1079      6972735F 
 1079      74696400 
 1080              	.LASF30:
 1081 049b 45455F41 		.ascii	"EE_ALARM\000"
 1081      4C41524D 
 1081      00
 1082              	.LASF37:
 1083 04a4 75736564 		.ascii	"used\000"
 1083      00
 1084              	.LASF22:
 1085 04a9 436F756E 		.ascii	"CounterType\000"
 1085      74657254 
 1085      79706500 
 1086              	.LASF48:
 1087 04b5 45455F74 		.ascii	"EE_th_status\000"
 1087      685F7374 
 1087      61747573 
 1087      00
 1088              	.LASF47:
 1089 04c2 45455F74 		.ascii	"EE_th_dispatch_prio\000"
 1089      685F6469 
 1089      73706174 
 1089      63685F70 
 1089      72696F00 
 1090              	.LASF34:
 1091 04d6 73706563 		.ascii	"spec_id\000"
 1091      5F696400 
 1092              	.LASF55:
 1093 04de 45455F72 		.ascii	"EE_rq_queues_tail\000"
 1093      715F7175 
 1093      65756573 
 1093      5F746169 
 1093      6C00
 1094              	.LASF38:
 1095 04f0 636E7463 		.ascii	"cntcycle\000"
 1095      79636C65 
 1095      00
 1096              	.LASF49:
 1097 04f9 45455F74 		.ascii	"EE_th_next\000"
 1097      685F6E65 
 1097      787400
 1098              	.LASF40:
 1099 0504 6E657874 		.ascii	"next\000"
 1099      00
 1100              	.LASF69:
ARM GAS  C:\Users\schmi\AppData\Local\Temp\ccnljdiV.s 			page 26


 1101 0509 45455F72 		.ascii	"EE_rq_lookup\000"
 1101      715F6C6F 
 1101      6F6B7570 
 1101      00
 1102              	.LASF28:
 1103 0516 66697273 		.ascii	"first\000"
 1103      7400
 1104              		.ident	"GCC: (GNU Tools for ARM Embedded Processors) 5.4.1 20160609 (release) [ARM/embedded-5-bran
