ARM GAS  C:\Users\schmi\AppData\Local\Temp\cczaTxMt.s 			page 1


   1              		.syntax unified
   2              		.cpu cortex-m3
   3              		.fpu softvfp
   4              		.eabi_attribute 20, 1
   5              		.eabi_attribute 21, 1
   6              		.eabi_attribute 23, 3
   7              		.eabi_attribute 24, 1
   8              		.eabi_attribute 25, 1
   9              		.eabi_attribute 26, 1
  10              		.eabi_attribute 30, 6
  11              		.eabi_attribute 34, 1
  12              		.eabi_attribute 18, 4
  13              		.thumb
  14              		.syntax unified
  15              		.file	"ErikaOS_1_eecfg.c"
  16              		.text
  17              	.Ltext0:
  18              		.cfi_sections	.debug_frame
  19              		.comm	EE_cortex_mx_stack_3,4000,4
  20              		.comm	EE_cortex_mx_stack_9,512,4
  21              		.global	EE_std_thread_tos
  22              		.section	.rodata
  23              		.align	2
  24              		.type	EE_std_thread_tos, %object
  25              		.size	EE_std_thread_tos, 20
  26              	EE_std_thread_tos:
  27 0000 00000000 		.word	0
  28 0004 00000000 		.word	0
  29 0008 00000000 		.word	0
  30 000c 01000000 		.word	1
  31 0010 00000000 		.word	0
  32              		.global	EE_cortex_mx_system_tos
  33              		.data
  34              		.align	2
  35              		.type	EE_cortex_mx_system_tos, %object
  36              		.size	EE_cortex_mx_system_tos, 8
  37              	EE_cortex_mx_system_tos:
  38 0000 00000000 		.word	0
  39 0004 780F0000 		.word	EE_cortex_mx_stack_3+3960
  40              		.global	EE_cortex_mx_active_tos
  41              		.bss
  42              		.align	2
  43              		.type	EE_cortex_mx_active_tos, %object
  44              		.size	EE_cortex_mx_active_tos, 4
  45              	EE_cortex_mx_active_tos:
  46 0000 00000000 		.space	4
  47              		.global	EE_cortex_mx_IRQ_tos
  48              		.data
  49              		.align	2
  50              		.type	EE_cortex_mx_IRQ_tos, %object
  51              		.size	EE_cortex_mx_IRQ_tos, 4
  52              	EE_cortex_mx_IRQ_tos:
  53 0008 00020000 		.word	EE_cortex_mx_stack_9+512
  54              		.global	EE_hal_thread_body
  55              		.section	.rodata
  56              		.align	2
  57              		.type	EE_hal_thread_body, %object
ARM GAS  C:\Users\schmi\AppData\Local\Temp\cczaTxMt.s 			page 2


  58              		.size	EE_hal_thread_body, 16
  59              	EE_hal_thread_body:
  60 0014 00000000 		.word	EE_oo_thread_stub
  61 0018 00000000 		.word	EE_oo_thread_stub
  62 001c 00000000 		.word	EE_oo_thread_stub
  63 0020 00000000 		.word	EE_oo_thread_stub
  64              		.comm	EE_terminate_data,16,4
  65              		.global	EE_terminate_real_th_body
  66              		.align	2
  67              		.type	EE_terminate_real_th_body, %object
  68              		.size	EE_terminate_real_th_body, 16
  69              	EE_terminate_real_th_body:
  70 0024 00000000 		.word	Functsk_init
  71 0028 00000000 		.word	Functsk_tft
  72 002c 00000000 		.word	Functsk_json
  73 0030 00000000 		.word	Functsk_backround
  74              		.global	EE_th_ready_prio
  75              		.align	2
  76              		.type	EE_th_ready_prio, %object
  77              		.size	EE_th_ready_prio, 16
  78              	EE_th_ready_prio:
  79 0034 80000000 		.word	128
  80 0038 20000000 		.word	32
  81 003c 20000000 		.word	32
  82 0040 01000000 		.word	1
  83              		.global	EE_TASK_NAME
  84              		.align	2
  85              	.LC0:
  86 0044 74736B5F 		.ascii	"tsk_init\000"
  86      696E6974 
  86      00
  87 004d 000000   		.align	2
  88              	.LC1:
  89 0050 74736B5F 		.ascii	"tsk_tft\000"
  89      74667400 
  90              		.align	2
  91              	.LC2:
  92 0058 74736B5F 		.ascii	"tsk_json\000"
  92      6A736F6E 
  92      00
  93 0061 000000   		.align	2
  94              	.LC3:
  95 0064 74736B5F 		.ascii	"tsk_backround\000"
  95      6261636B 
  95      726F756E 
  95      6400
  96              		.data
  97              		.align	2
  98              		.type	EE_TASK_NAME, %object
  99              		.size	EE_TASK_NAME, 16
 100              	EE_TASK_NAME:
 101 000c 44000000 		.word	.LC0
 102 0010 50000000 		.word	.LC1
 103 0014 58000000 		.word	.LC2
 104 0018 64000000 		.word	.LC3
 105              		.global	EE_RESOURCE_NAME
 106              		.section	.rodata
ARM GAS  C:\Users\schmi\AppData\Local\Temp\cczaTxMt.s 			page 3


 107 0072 0000     		.align	2
 108              	.LC4:
 109 0074 7265735F 		.ascii	"res_UARTLOG_ringbuffer\000"
 109      55415254 
 109      4C4F475F 
 109      72696E67 
 109      62756666 
 110 008b 00       		.align	2
 111              	.LC5:
 112 008c 7265735F 		.ascii	"res_messagebox\000"
 112      6D657373 
 112      61676562 
 112      6F7800
 113 009b 00       		.align	2
 114              	.LC6:
 115 009c 7265735F 		.ascii	"res_drawer_RB\000"
 115      64726177 
 115      65725F52 
 115      4200
 116              		.data
 117              		.align	2
 118              		.type	EE_RESOURCE_NAME, %object
 119              		.size	EE_RESOURCE_NAME, 12
 120              	EE_RESOURCE_NAME:
 121 001c 74000000 		.word	.LC4
 122 0020 8C000000 		.word	.LC5
 123 0024 9C000000 		.word	.LC6
 124              		.global	EE_RESOURCE_ID
 125              		.section	.rodata
 126 00aa 0000     		.align	2
 127              		.type	EE_RESOURCE_ID, %object
 128              		.size	EE_RESOURCE_ID, 12
 129              	EE_RESOURCE_ID:
 130 00ac 00000000 		.word	0
 131 00b0 01000000 		.word	1
 132 00b4 02000000 		.word	2
 133              		.global	EE_EVENT_NAME
 134              		.align	2
 135              	.LC7:
 136 00b8 65765F65 		.ascii	"ev_endOfString\000"
 136      6E644F66 
 136      53747269 
 136      6E6700
 137              		.data
 138              		.align	2
 139              		.type	EE_EVENT_NAME, %object
 140              		.size	EE_EVENT_NAME, 4
 141              	EE_EVENT_NAME:
 142 0028 B8000000 		.word	.LC7
 143              		.global	EE_EVENT_ID
 144              		.section	.rodata
 145 00c7 00       		.align	2
 146              		.type	EE_EVENT_ID, %object
 147              		.size	EE_EVENT_ID, 4
 148              	EE_EVENT_ID:
 149 00c8 01000000 		.word	1
 150              		.global	EE_th_dispatch_prio
ARM GAS  C:\Users\schmi\AppData\Local\Temp\cczaTxMt.s 			page 4


 151              		.align	2
 152              		.type	EE_th_dispatch_prio, %object
 153              		.size	EE_th_dispatch_prio, 16
 154              	EE_th_dispatch_prio:
 155 00cc 80000000 		.word	128
 156 00d0 20000000 		.word	32
 157 00d4 20000000 		.word	32
 158 00d8 01000000 		.word	1
 159              		.global	EE_th_status
 160              		.data
 161              		.align	2
 162              		.type	EE_th_status, %object
 163              		.size	EE_th_status, 16
 164              	EE_th_status:
 165 002c 03000000 		.word	3
 166 0030 03000000 		.word	3
 167 0034 03000000 		.word	3
 168 0038 03000000 		.word	3
 169              		.global	EE_th_next
 170              		.align	2
 171              		.type	EE_th_next, %object
 172              		.size	EE_th_next, 16
 173              	EE_th_next:
 174 003c FFFFFFFF 		.word	-1
 175 0040 FFFFFFFF 		.word	-1
 176 0044 FFFFFFFF 		.word	-1
 177 0048 FFFFFFFF 		.word	-1
 178              		.global	EE_stkfirst
 179              		.align	2
 180              		.type	EE_stkfirst, %object
 181              		.size	EE_stkfirst, 4
 182              	EE_stkfirst:
 183 004c FFFFFFFF 		.word	-1
 184              		.global	EE_sys_ceiling
 185              		.bss
 186              		.align	2
 187              		.type	EE_sys_ceiling, %object
 188              		.size	EE_sys_ceiling, 4
 189              	EE_sys_ceiling:
 190 0004 00000000 		.space	4
 191              		.global	EE_rq_queues_head
 192              		.data
 193              		.align	2
 194              		.type	EE_rq_queues_head, %object
 195              		.size	EE_rq_queues_head, 64
 196              	EE_rq_queues_head:
 197 0050 FFFFFFFF 		.word	-1
 198 0054 FFFFFFFF 		.word	-1
 199 0058 FFFFFFFF 		.word	-1
 200 005c FFFFFFFF 		.word	-1
 201 0060 FFFFFFFF 		.word	-1
 202 0064 FFFFFFFF 		.word	-1
 203 0068 FFFFFFFF 		.word	-1
 204 006c FFFFFFFF 		.word	-1
 205 0070 FFFFFFFF 		.word	-1
 206 0074 FFFFFFFF 		.word	-1
 207 0078 FFFFFFFF 		.word	-1
ARM GAS  C:\Users\schmi\AppData\Local\Temp\cczaTxMt.s 			page 5


 208 007c FFFFFFFF 		.word	-1
 209 0080 FFFFFFFF 		.word	-1
 210 0084 FFFFFFFF 		.word	-1
 211 0088 FFFFFFFF 		.word	-1
 212 008c FFFFFFFF 		.word	-1
 213              		.global	EE_rq_queues_tail
 214              		.align	2
 215              		.type	EE_rq_queues_tail, %object
 216              		.size	EE_rq_queues_tail, 64
 217              	EE_rq_queues_tail:
 218 0090 FFFFFFFF 		.word	-1
 219 0094 FFFFFFFF 		.word	-1
 220 0098 FFFFFFFF 		.word	-1
 221 009c FFFFFFFF 		.word	-1
 222 00a0 FFFFFFFF 		.word	-1
 223 00a4 FFFFFFFF 		.word	-1
 224 00a8 FFFFFFFF 		.word	-1
 225 00ac FFFFFFFF 		.word	-1
 226 00b0 FFFFFFFF 		.word	-1
 227 00b4 FFFFFFFF 		.word	-1
 228 00b8 FFFFFFFF 		.word	-1
 229 00bc FFFFFFFF 		.word	-1
 230 00c0 FFFFFFFF 		.word	-1
 231 00c4 FFFFFFFF 		.word	-1
 232 00c8 FFFFFFFF 		.word	-1
 233 00cc FFFFFFFF 		.word	-1
 234              		.global	EE_rq_bitmask
 235              		.bss
 236              		.align	1
 237              		.type	EE_rq_bitmask, %object
 238              		.size	EE_rq_bitmask, 2
 239              	EE_rq_bitmask:
 240 0008 0000     		.space	2
 241              		.global	EE_th_rnact
 242              		.data
 243              		.align	2
 244              		.type	EE_th_rnact, %object
 245              		.size	EE_th_rnact, 16
 246              	EE_th_rnact:
 247 00d0 01000000 		.word	1
 248 00d4 01000000 		.word	1
 249 00d8 01000000 		.word	1
 250 00dc 01000000 		.word	1
 251              		.global	EE_th_rnact_max
 252              		.section	.rodata
 253              		.align	2
 254              		.type	EE_th_rnact_max, %object
 255              		.size	EE_th_rnact_max, 16
 256              	EE_th_rnact_max:
 257 00dc 01000000 		.word	1
 258 00e0 01000000 		.word	1
 259 00e4 01000000 		.word	1
 260 00e8 01000000 		.word	1
 261              		.global	EE_rq_link
 262              		.data
 263              		.align	2
 264              		.type	EE_rq_link, %object
ARM GAS  C:\Users\schmi\AppData\Local\Temp\cczaTxMt.s 			page 6


 265              		.size	EE_rq_link, 16
 266              	EE_rq_link:
 267 00e0 07000000 		.word	7
 268 00e4 05000000 		.word	5
 269 00e8 05000000 		.word	5
 270 00ec 00000000 		.word	0
 271              		.global	EE_rq_pairs_next
 272              		.align	2
 273              		.type	EE_rq_pairs_next, %object
 274              		.size	EE_rq_pairs_next, 16
 275              	EE_rq_pairs_next:
 276 00f0 01000000 		.word	1
 277 00f4 02000000 		.word	2
 278 00f8 03000000 		.word	3
 279 00fc FFFFFFFF 		.word	-1
 280              		.comm	EE_rq_pairs_tid,16,4
 281              		.global	EE_rq_free
 282              		.bss
 283 000a 0000     		.align	2
 284              		.type	EE_rq_free, %object
 285              		.size	EE_rq_free, 4
 286              	EE_rq_free:
 287 000c 00000000 		.space	4
 288              		.global	EE_th_terminate_nextask
 289              		.data
 290              		.align	2
 291              		.type	EE_th_terminate_nextask, %object
 292              		.size	EE_th_terminate_nextask, 16
 293              	EE_th_terminate_nextask:
 294 0100 FFFFFFFF 		.word	-1
 295 0104 FFFFFFFF 		.word	-1
 296 0108 FFFFFFFF 		.word	-1
 297 010c FFFFFFFF 		.word	-1
 298              		.global	EE_th_event_active
 299              		.bss
 300              		.align	2
 301              		.type	EE_th_event_active, %object
 302              		.size	EE_th_event_active, 16
 303              	EE_th_event_active:
 304 0010 00000000 		.space	16
 304      00000000 
 304      00000000 
 304      00000000 
 305              		.global	EE_th_event_waitmask
 306              		.align	2
 307              		.type	EE_th_event_waitmask, %object
 308              		.size	EE_th_event_waitmask, 16
 309              	EE_th_event_waitmask:
 310 0020 00000000 		.space	16
 310      00000000 
 310      00000000 
 310      00000000 
 311              		.global	EE_th_waswaiting
 312              		.align	2
 313              		.type	EE_th_waswaiting, %object
 314              		.size	EE_th_waswaiting, 16
 315              	EE_th_waswaiting:
ARM GAS  C:\Users\schmi\AppData\Local\Temp\cczaTxMt.s 			page 7


 316 0030 00000000 		.space	16
 316      00000000 
 316      00000000 
 316      00000000 
 317              		.global	EE_th_is_extended
 318              		.section	.rodata
 319              		.align	2
 320              		.type	EE_th_is_extended, %object
 321              		.size	EE_th_is_extended, 16
 322              	EE_th_is_extended:
 323 00ec 00000000 		.word	0
 324 00f0 00000000 		.word	0
 325 00f4 01000000 		.word	1
 326 00f8 00000000 		.word	0
 327              		.global	EE_th_resource_last
 328              		.data
 329              		.align	2
 330              		.type	EE_th_resource_last, %object
 331              		.size	EE_th_resource_last, 16
 332              	EE_th_resource_last:
 333 0110 FFFFFFFF 		.word	-1
 334 0114 FFFFFFFF 		.word	-1
 335 0118 FFFFFFFF 		.word	-1
 336 011c FFFFFFFF 		.word	-1
 337              		.global	EE_resource_stack
 338              		.align	2
 339              		.type	EE_resource_stack, %object
 340              		.size	EE_resource_stack, 12
 341              	EE_resource_stack:
 342 0120 FFFFFFFF 		.word	-1
 343 0124 FFFFFFFF 		.word	-1
 344 0128 FFFFFFFF 		.word	-1
 345              		.global	EE_resource_locked
 346              		.bss
 347              		.align	2
 348              		.type	EE_resource_locked, %object
 349              		.size	EE_resource_locked, 12
 350              	EE_resource_locked:
 351 0040 00000000 		.space	12
 351      00000000 
 351      00000000 
 352              		.global	EE_resource_ceiling
 353              		.section	.rodata
 354              		.align	2
 355              		.type	EE_resource_ceiling, %object
 356              		.size	EE_resource_ceiling, 12
 357              	EE_resource_ceiling:
 358 00fc 20000000 		.word	32
 359 0100 20000000 		.word	32
 360 0104 20000000 		.word	32
 361              		.comm	EE_resource_oldceiling,12,4
 362              		.global	EE_counter_ROM
 363              		.align	2
 364              		.type	EE_counter_ROM, %object
 365              		.size	EE_counter_ROM, 12
 366              	EE_counter_ROM:
 367 0108 40420F00 		.word	1000000
ARM GAS  C:\Users\schmi\AppData\Local\Temp\cczaTxMt.s 			page 8


 368 010c 01000000 		.word	1
 369 0110 00000000 		.word	0
 370              		.global	EE_counter_RAM
 371              		.data
 372              		.align	2
 373              		.type	EE_counter_RAM, %object
 374              		.size	EE_counter_RAM, 8
 375              	EE_counter_RAM:
 376 012c 00000000 		.word	0
 377 0130 FFFFFFFF 		.word	-1
 378              		.global	EE_alarm_ROM
 379              		.section	.rodata
 380              		.align	2
 381              		.type	EE_alarm_ROM, %object
 382              		.size	EE_alarm_ROM, 4
 383              	EE_alarm_ROM:
 384 0114 00000000 		.space	4
 385              		.global	EE_ALARM_NAME
 386              		.align	2
 387              	.LC8:
 388 0118 616C6D5F 		.ascii	"alm_tft\000"
 388      74667400 
 389              		.data
 390              		.align	2
 391              		.type	EE_ALARM_NAME, %object
 392              		.size	EE_ALARM_NAME, 4
 393              	EE_ALARM_NAME:
 394 0134 18010000 		.word	.LC8
 395              		.global	EE_ALARM_ID
 396              		.section	.rodata
 397              		.align	2
 398              		.type	EE_ALARM_ID, %object
 399              		.size	EE_ALARM_ID, 4
 400              	EE_ALARM_ID:
 401 0120 00000000 		.space	4
 402              		.global	EE_oo_counter_object_ROM
 403              		.align	2
 404              		.type	EE_oo_counter_object_ROM, %object
 405              		.size	EE_oo_counter_object_ROM, 12
 406              	EE_oo_counter_object_ROM:
 407 0124 00000000 		.space	12
 407      00000000 
 407      00000000 
 408              		.comm	EE_oo_counter_object_RAM,16,4
 409              		.global	EE_oo_action_ROM
 410              		.align	2
 411              		.type	EE_oo_action_ROM, %object
 412              		.size	EE_oo_action_ROM, 20
 413              	EE_oo_action_ROM:
 414 0130 00       		.byte	0
 415 0131 000000   		.space	3
 416 0134 01000000 		.word	1
 417 0138 00000000 		.word	0
 418 013c 00000000 		.word	0
 419 0140 FFFFFFFF 		.word	-1
 420              		.comm	EE_ApplicationMode,4,4
 421              		.align	2
ARM GAS  C:\Users\schmi\AppData\Local\Temp\cczaTxMt.s 			page 9


 422              		.type	EE_oo_autostart_task_mode_OSDEFAULTAPPMODE, %object
 423              		.size	EE_oo_autostart_task_mode_OSDEFAULTAPPMODE, 4
 424              	EE_oo_autostart_task_mode_OSDEFAULTAPPMODE:
 425 0144 00000000 		.space	4
 426              		.global	EE_oo_autostart_task_data
 427              		.align	2
 428              		.type	EE_oo_autostart_task_data, %object
 429              		.size	EE_oo_autostart_task_data, 8
 430              	EE_oo_autostart_task_data:
 431 0148 01000000 		.word	1
 432 014c 44010000 		.word	EE_oo_autostart_task_mode_OSDEFAULTAPPMODE
 433              		.text
 434              	.Letext0:
 435              		.file 1 "Generated_Source\\PSoC5\\ErikaOS_1_common_ee_types.inc"
 436              		.file 2 "Generated_Source\\PSoC5\\ErikaOS_1_cortex_mx_ee_cpu.inc"
 437              		.file 3 "Generated_Source\\PSoC5\\ErikaOS_1_ee_oo_common.inc"
 438              		.file 4 "Generated_Source\\PSoC5\\ErikaOS_1_common_ee_hal_structs.inc"
 439              		.file 5 "Generated_Source\\PSoC5\\ErikaOS_1_eecfg.c"
 440              		.file 6 "Generated_Source\\PSoC5\\ErikaOS_1_ee_oo_intfunc.inc"
 441              		.file 7 "Generated_Source\\PSoC5\\ErikaOS_1_cortex_mx_ee_context.inc"
 442              		.file 8 "Generated_Source\\PSoC5\\ErikaOS_1_common_ee_primitives.inc"
 443              		.section	.debug_info,"",%progbits
 444              	.Ldebug_info0:
 445 0000 6B090000 		.4byte	0x96b
 446 0004 0400     		.2byte	0x4
 447 0006 00000000 		.4byte	.Ldebug_abbrev0
 448 000a 04       		.byte	0x4
 449 000b 01       		.uleb128 0x1
 450 000c 71000000 		.4byte	.LASF119
 451 0010 0C       		.byte	0xc
 452 0011 CC070000 		.4byte	.LASF120
 453 0015 78020000 		.4byte	.LASF121
 454 0019 00000000 		.4byte	.Ldebug_line0
 455 001d 02       		.uleb128 0x2
 456 001e 01       		.byte	0x1
 457 001f 06       		.byte	0x6
 458 0020 D1010000 		.4byte	.LASF0
 459 0024 02       		.uleb128 0x2
 460 0025 01       		.byte	0x1
 461 0026 08       		.byte	0x8
 462 0027 6D050000 		.4byte	.LASF1
 463 002b 02       		.uleb128 0x2
 464 002c 02       		.byte	0x2
 465 002d 05       		.byte	0x5
 466 002e B2050000 		.4byte	.LASF2
 467 0032 02       		.uleb128 0x2
 468 0033 02       		.byte	0x2
 469 0034 07       		.byte	0x7
 470 0035 A8030000 		.4byte	.LASF3
 471 0039 02       		.uleb128 0x2
 472 003a 04       		.byte	0x4
 473 003b 05       		.byte	0x5
 474 003c 6F020000 		.4byte	.LASF4
 475 0040 02       		.uleb128 0x2
 476 0041 04       		.byte	0x4
 477 0042 07       		.byte	0x7
 478 0043 66030000 		.4byte	.LASF5
ARM GAS  C:\Users\schmi\AppData\Local\Temp\cczaTxMt.s 			page 10


 479 0047 02       		.uleb128 0x2
 480 0048 08       		.byte	0x8
 481 0049 05       		.byte	0x5
 482 004a C3010000 		.4byte	.LASF6
 483 004e 02       		.uleb128 0x2
 484 004f 08       		.byte	0x8
 485 0050 07       		.byte	0x7
 486 0051 20010000 		.4byte	.LASF7
 487 0055 03       		.uleb128 0x3
 488 0056 04       		.byte	0x4
 489 0057 05       		.byte	0x5
 490 0058 696E7400 		.ascii	"int\000"
 491 005c 02       		.uleb128 0x2
 492 005d 04       		.byte	0x4
 493 005e 07       		.byte	0x7
 494 005f 2E030000 		.4byte	.LASF8
 495 0063 02       		.uleb128 0x2
 496 0064 08       		.byte	0x8
 497 0065 04       		.byte	0x4
 498 0066 BB040000 		.4byte	.LASF9
 499 006a 04       		.uleb128 0x4
 500 006b 3A050000 		.4byte	.LASF10
 501 006f 01       		.byte	0x1
 502 0070 52       		.byte	0x52
 503 0071 32000000 		.4byte	0x32
 504 0075 04       		.uleb128 0x4
 505 0076 B1070000 		.4byte	.LASF11
 506 007a 01       		.byte	0x1
 507 007b 53       		.byte	0x53
 508 007c 55000000 		.4byte	0x55
 509 0080 04       		.uleb128 0x4
 510 0081 A7070000 		.4byte	.LASF12
 511 0085 01       		.byte	0x1
 512 0086 54       		.byte	0x54
 513 0087 5C000000 		.4byte	0x5c
 514 008b 04       		.uleb128 0x4
 515 008c 38080000 		.4byte	.LASF13
 516 0090 01       		.byte	0x1
 517 0091 64       		.byte	0x64
 518 0092 96000000 		.4byte	0x96
 519 0096 05       		.uleb128 0x5
 520 0097 04       		.byte	0x4
 521 0098 06       		.uleb128 0x6
 522 0099 04       		.byte	0x4
 523 009a 9E000000 		.4byte	0x9e
 524 009e 07       		.uleb128 0x7
 525 009f 04       		.uleb128 0x4
 526 00a0 3E040000 		.4byte	.LASF14
 527 00a4 01       		.byte	0x1
 528 00a5 70       		.byte	0x70
 529 00a6 98000000 		.4byte	0x98
 530 00aa 04       		.uleb128 0x4
 531 00ab 30060000 		.4byte	.LASF15
 532 00af 01       		.byte	0x1
 533 00b0 73       		.byte	0x73
 534 00b1 98000000 		.4byte	0x98
 535 00b5 04       		.uleb128 0x4
ARM GAS  C:\Users\schmi\AppData\Local\Temp\cczaTxMt.s 			page 11


 536 00b6 3B030000 		.4byte	.LASF16
 537 00ba 02       		.byte	0x2
 538 00bb 4D       		.byte	0x4d
 539 00bc 80000000 		.4byte	0x80
 540 00c0 04       		.uleb128 0x4
 541 00c1 DD040000 		.4byte	.LASF17
 542 00c5 02       		.byte	0x2
 543 00c6 4E       		.byte	0x4e
 544 00c7 75000000 		.4byte	0x75
 545 00cb 04       		.uleb128 0x4
 546 00cc 52080000 		.4byte	.LASF18
 547 00d0 02       		.byte	0x2
 548 00d1 4F       		.byte	0x4f
 549 00d2 80000000 		.4byte	0x80
 550 00d6 04       		.uleb128 0x4
 551 00d7 FF000000 		.4byte	.LASF19
 552 00db 02       		.byte	0x2
 553 00dc 54       		.byte	0x54
 554 00dd B5000000 		.4byte	0xb5
 555 00e1 04       		.uleb128 0x4
 556 00e2 21030000 		.4byte	.LASF20
 557 00e6 02       		.byte	0x2
 558 00e7 78       		.byte	0x78
 559 00e8 75000000 		.4byte	0x75
 560 00ec 08       		.uleb128 0x8
 561 00ed 75010000 		.4byte	.LASF61
 562 00f1 04       		.byte	0x4
 563 00f2 04       		.byte	0x4
 564 00f3 4D       		.byte	0x4d
 565 00f4 05010000 		.4byte	0x105
 566 00f8 09       		.uleb128 0x9
 567 00f9 11080000 		.4byte	.LASF28
 568 00fd 04       		.byte	0x4
 569 00fe 4E       		.byte	0x4e
 570 00ff 8B000000 		.4byte	0x8b
 571 0103 00       		.byte	0
 572 0104 00       		.byte	0
 573 0105 0A       		.uleb128 0xa
 574 0106 A2040000 		.4byte	.LASF21
 575 010a 03       		.byte	0x3
 576 010b 1101     		.2byte	0x111
 577 010d 6A000000 		.4byte	0x6a
 578 0111 0A       		.uleb128 0xa
 579 0112 6C010000 		.4byte	.LASF22
 580 0116 03       		.byte	0x3
 581 0117 F701     		.2byte	0x1f7
 582 0119 E1000000 		.4byte	0xe1
 583 011d 0A       		.uleb128 0xa
 584 011e F4010000 		.4byte	.LASF23
 585 0122 03       		.byte	0x3
 586 0123 2C02     		.2byte	0x22c
 587 0125 B5000000 		.4byte	0xb5
 588 0129 0A       		.uleb128 0xa
 589 012a 42000000 		.4byte	.LASF24
 590 012e 03       		.byte	0x3
 591 012f 3502     		.2byte	0x235
 592 0131 B5000000 		.4byte	0xb5
ARM GAS  C:\Users\schmi\AppData\Local\Temp\cczaTxMt.s 			page 12


 593 0135 0A       		.uleb128 0xa
 594 0136 9B060000 		.4byte	.LASF25
 595 013a 03       		.byte	0x3
 596 013b 5D02     		.2byte	0x25d
 597 013d B5000000 		.4byte	0xb5
 598 0141 0A       		.uleb128 0xa
 599 0142 66000000 		.4byte	.LASF26
 600 0146 03       		.byte	0x3
 601 0147 6302     		.2byte	0x263
 602 0149 B5000000 		.4byte	0xb5
 603 014d 0A       		.uleb128 0xa
 604 014e 4F040000 		.4byte	.LASF27
 605 0152 03       		.byte	0x3
 606 0153 6C02     		.2byte	0x26c
 607 0155 B5000000 		.4byte	0xb5
 608 0159 0B       		.uleb128 0xb
 609 015a 0C       		.byte	0xc
 610 015b 03       		.byte	0x3
 611 015c 7202     		.2byte	0x272
 612 015e 8A010000 		.4byte	0x18a
 613 0162 0C       		.uleb128 0xc
 614 0163 7C010000 		.4byte	.LASF29
 615 0167 03       		.byte	0x3
 616 0168 7302     		.2byte	0x273
 617 016a 29010000 		.4byte	0x129
 618 016e 00       		.byte	0
 619 016f 0C       		.uleb128 0xc
 620 0170 E5040000 		.4byte	.LASF30
 621 0174 03       		.byte	0x3
 622 0175 7402     		.2byte	0x274
 623 0177 29010000 		.4byte	0x129
 624 017b 04       		.byte	0x4
 625 017c 0C       		.uleb128 0xc
 626 017d 18030000 		.4byte	.LASF31
 627 0181 03       		.byte	0x3
 628 0182 7502     		.2byte	0x275
 629 0184 29010000 		.4byte	0x129
 630 0188 08       		.byte	0x8
 631 0189 00       		.byte	0
 632 018a 0A       		.uleb128 0xa
 633 018b 0D060000 		.4byte	.LASF32
 634 018f 03       		.byte	0x3
 635 0190 7A02     		.2byte	0x27a
 636 0192 59010000 		.4byte	0x159
 637 0196 0B       		.uleb128 0xb
 638 0197 08       		.byte	0x8
 639 0198 03       		.byte	0x3
 640 0199 7D02     		.2byte	0x27d
 641 019b BA010000 		.4byte	0x1ba
 642 019f 0C       		.uleb128 0xc
 643 01a0 28030000 		.4byte	.LASF33
 644 01a4 03       		.byte	0x3
 645 01a5 7E02     		.2byte	0x27e
 646 01a7 29010000 		.4byte	0x129
 647 01ab 00       		.byte	0
 648 01ac 0C       		.uleb128 0xc
 649 01ad 95060000 		.4byte	.LASF34
ARM GAS  C:\Users\schmi\AppData\Local\Temp\cczaTxMt.s 			page 13


 650 01b1 03       		.byte	0x3
 651 01b2 7F02     		.2byte	0x27f
 652 01b4 35010000 		.4byte	0x135
 653 01b8 04       		.byte	0x4
 654 01b9 00       		.byte	0
 655 01ba 0A       		.uleb128 0xa
 656 01bb 35020000 		.4byte	.LASF35
 657 01bf 03       		.byte	0x3
 658 01c0 8002     		.2byte	0x280
 659 01c2 96010000 		.4byte	0x196
 660 01c6 0D       		.uleb128 0xd
 661 01c7 01       		.byte	0x1
 662 01c8 24000000 		.4byte	0x24
 663 01cc 03       		.byte	0x3
 664 01cd 8A02     		.2byte	0x28a
 665 01cf E0010000 		.4byte	0x1e0
 666 01d3 0E       		.uleb128 0xe
 667 01d4 7B050000 		.4byte	.LASF36
 668 01d8 00       		.byte	0
 669 01d9 0E       		.uleb128 0xe
 670 01da 44050000 		.4byte	.LASF37
 671 01de 01       		.byte	0x1
 672 01df 00       		.byte	0
 673 01e0 0A       		.uleb128 0xa
 674 01e1 D3030000 		.4byte	.LASF38
 675 01e5 03       		.byte	0x3
 676 01e6 8D02     		.2byte	0x28d
 677 01e8 C6010000 		.4byte	0x1c6
 678 01ec 0A       		.uleb128 0xa
 679 01ed FF030000 		.4byte	.LASF39
 680 01f1 03       		.byte	0x3
 681 01f2 9002     		.2byte	0x290
 682 01f4 E0010000 		.4byte	0x1e0
 683 01f8 0B       		.uleb128 0xb
 684 01f9 0C       		.byte	0xc
 685 01fa 03       		.byte	0x3
 686 01fb 9402     		.2byte	0x294
 687 01fd 27020000 		.4byte	0x227
 688 0201 0F       		.uleb128 0xf
 689 0202 6300     		.ascii	"c\000"
 690 0204 03       		.byte	0x3
 691 0205 9602     		.2byte	0x296
 692 0207 4D010000 		.4byte	0x14d
 693 020b 00       		.byte	0
 694 020c 0C       		.uleb128 0xc
 695 020d F2060000 		.4byte	.LASF40
 696 0211 03       		.byte	0x3
 697 0212 9802     		.2byte	0x298
 698 0214 35010000 		.4byte	0x135
 699 0218 04       		.byte	0x4
 700 0219 0C       		.uleb128 0xc
 701 021a A3030000 		.4byte	.LASF41
 702 021e 03       		.byte	0x3
 703 021f 9A02     		.2byte	0x29a
 704 0221 EC010000 		.4byte	0x1ec
 705 0225 08       		.byte	0x8
 706 0226 00       		.byte	0
ARM GAS  C:\Users\schmi\AppData\Local\Temp\cczaTxMt.s 			page 14


 707 0227 0A       		.uleb128 0xa
 708 0228 3D010000 		.4byte	.LASF42
 709 022c 03       		.byte	0x3
 710 022d 9B02     		.2byte	0x29b
 711 022f F8010000 		.4byte	0x1f8
 712 0233 0B       		.uleb128 0xb
 713 0234 10       		.byte	0x10
 714 0235 03       		.byte	0x3
 715 0236 9F02     		.2byte	0x29f
 716 0238 71020000 		.4byte	0x271
 717 023c 0C       		.uleb128 0xc
 718 023d F2040000 		.4byte	.LASF43
 719 0241 03       		.byte	0x3
 720 0242 A002     		.2byte	0x2a0
 721 0244 D6000000 		.4byte	0xd6
 722 0248 00       		.byte	0
 723 0249 0C       		.uleb128 0xc
 724 024a 08080000 		.4byte	.LASF44
 725 024e 03       		.byte	0x3
 726 024f A102     		.2byte	0x2a1
 727 0251 29010000 		.4byte	0x129
 728 0255 04       		.byte	0x4
 729 0256 0C       		.uleb128 0xc
 730 0257 37010000 		.4byte	.LASF45
 731 025b 03       		.byte	0x3
 732 025c A202     		.2byte	0x2a2
 733 025e 29010000 		.4byte	0x129
 734 0262 08       		.byte	0x8
 735 0263 0C       		.uleb128 0xc
 736 0264 25000000 		.4byte	.LASF46
 737 0268 03       		.byte	0x3
 738 0269 A302     		.2byte	0x2a3
 739 026b 35010000 		.4byte	0x135
 740 026f 0C       		.byte	0xc
 741 0270 00       		.byte	0
 742 0271 0A       		.uleb128 0xa
 743 0272 F7040000 		.4byte	.LASF47
 744 0276 03       		.byte	0x3
 745 0277 A402     		.2byte	0x2a4
 746 0279 33020000 		.4byte	0x233
 747 027d 0D       		.uleb128 0xd
 748 027e 01       		.byte	0x1
 749 027f 24000000 		.4byte	0x24
 750 0283 03       		.byte	0x3
 751 0284 A702     		.2byte	0x2a7
 752 0286 A3020000 		.4byte	0x2a3
 753 028a 0E       		.uleb128 0xe
 754 028b B2060000 		.4byte	.LASF48
 755 028f 00       		.byte	0
 756 0290 0E       		.uleb128 0xe
 757 0291 FA060000 		.4byte	.LASF49
 758 0295 01       		.byte	0x1
 759 0296 0E       		.uleb128 0xe
 760 0297 D1060000 		.4byte	.LASF50
 761 029b 02       		.byte	0x2
 762 029c 0E       		.uleb128 0xe
 763 029d 62060000 		.4byte	.LASF51
ARM GAS  C:\Users\schmi\AppData\Local\Temp\cczaTxMt.s 			page 15


 764 02a1 03       		.byte	0x3
 765 02a2 00       		.byte	0
 766 02a3 0A       		.uleb128 0xa
 767 02a4 DD010000 		.4byte	.LASF52
 768 02a8 03       		.byte	0x3
 769 02a9 AC02     		.2byte	0x2ac
 770 02ab 7D020000 		.4byte	0x27d
 771 02af 0A       		.uleb128 0xa
 772 02b0 56070000 		.4byte	.LASF53
 773 02b4 03       		.byte	0x3
 774 02b5 AF02     		.2byte	0x2af
 775 02b7 A3020000 		.4byte	0x2a3
 776 02bb 0B       		.uleb128 0xb
 777 02bc 14       		.byte	0x14
 778 02bd 03       		.byte	0x3
 779 02be B202     		.2byte	0x2b2
 780 02c0 04030000 		.4byte	0x304
 781 02c4 0C       		.uleb128 0xc
 782 02c5 2C070000 		.4byte	.LASF54
 783 02c9 03       		.byte	0x3
 784 02ca B302     		.2byte	0x2b3
 785 02cc AF020000 		.4byte	0x2af
 786 02d0 00       		.byte	0
 787 02d1 0C       		.uleb128 0xc
 788 02d2 19080000 		.4byte	.LASF55
 789 02d6 03       		.byte	0x3
 790 02d7 B402     		.2byte	0x2b4
 791 02d9 11010000 		.4byte	0x111
 792 02dd 04       		.byte	0x4
 793 02de 0C       		.uleb128 0xc
 794 02df 24060000 		.4byte	.LASF56
 795 02e3 03       		.byte	0x3
 796 02e4 B602     		.2byte	0x2b6
 797 02e6 1D010000 		.4byte	0x11d
 798 02ea 08       		.byte	0x8
 799 02eb 0F       		.uleb128 0xf
 800 02ec 6600     		.ascii	"f\000"
 801 02ee 03       		.byte	0x3
 802 02ef B802     		.2byte	0x2b8
 803 02f1 9F000000 		.4byte	0x9f
 804 02f5 0C       		.byte	0xc
 805 02f6 0C       		.uleb128 0xc
 806 02f7 A9050000 		.4byte	.LASF57
 807 02fb 03       		.byte	0x3
 808 02fc BA02     		.2byte	0x2ba
 809 02fe 4D010000 		.4byte	0x14d
 810 0302 10       		.byte	0x10
 811 0303 00       		.byte	0
 812 0304 0A       		.uleb128 0xa
 813 0305 24050000 		.4byte	.LASF58
 814 0309 03       		.byte	0x3
 815 030a BB02     		.2byte	0x2bb
 816 030c BB020000 		.4byte	0x2bb
 817 0310 0B       		.uleb128 0xb
 818 0311 04       		.byte	0x4
 819 0312 03       		.byte	0x3
 820 0313 BD02     		.2byte	0x2bd
ARM GAS  C:\Users\schmi\AppData\Local\Temp\cczaTxMt.s 			page 16


 821 0315 27030000 		.4byte	0x327
 822 0319 0C       		.uleb128 0xc
 823 031a 74040000 		.4byte	.LASF59
 824 031e 03       		.byte	0x3
 825 031f BF02     		.2byte	0x2bf
 826 0321 41010000 		.4byte	0x141
 827 0325 00       		.byte	0
 828 0326 00       		.byte	0
 829 0327 0A       		.uleb128 0xa
 830 0328 43030000 		.4byte	.LASF60
 831 032c 03       		.byte	0x3
 832 032d C402     		.2byte	0x2c4
 833 032f 10030000 		.4byte	0x310
 834 0333 10       		.uleb128 0x10
 835 0334 89030000 		.4byte	.LASF62
 836 0338 08       		.byte	0x8
 837 0339 03       		.byte	0x3
 838 033a 0E04     		.2byte	0x40e
 839 033c 5A030000 		.4byte	0x35a
 840 0340 0F       		.uleb128 0xf
 841 0341 6E7400   		.ascii	"nt\000"
 842 0344 03       		.byte	0x3
 843 0345 0F04     		.2byte	0x40f
 844 0347 B5000000 		.4byte	0xb5
 845 034b 00       		.byte	0
 846 034c 0C       		.uleb128 0xc
 847 034d 38070000 		.4byte	.LASF63
 848 0351 03       		.byte	0x3
 849 0352 1004     		.2byte	0x410
 850 0354 6A030000 		.4byte	0x36a
 851 0358 04       		.byte	0x4
 852 0359 00       		.byte	0
 853 035a 11       		.uleb128 0x11
 854 035b 65030000 		.4byte	0x365
 855 035f 65030000 		.4byte	0x365
 856 0363 12       		.uleb128 0x12
 857 0364 00       		.byte	0
 858 0365 13       		.uleb128 0x13
 859 0366 E1000000 		.4byte	0xe1
 860 036a 06       		.uleb128 0x6
 861 036b 04       		.byte	0x4
 862 036c 5A030000 		.4byte	0x35a
 863 0370 11       		.uleb128 0x11
 864 0371 65030000 		.4byte	0x365
 865 0375 80030000 		.4byte	0x380
 866 0379 14       		.uleb128 0x14
 867 037a 80030000 		.4byte	0x380
 868 037e 00       		.byte	0
 869 037f 00       		.byte	0
 870 0380 02       		.uleb128 0x2
 871 0381 04       		.byte	0x4
 872 0382 07       		.byte	0x7
 873 0383 B2040000 		.4byte	.LASF64
 874 0387 15       		.uleb128 0x15
 875 0388 8C010000 		.4byte	.LASF122
 876 038c 05       		.byte	0x5
 877 038d 6507     		.2byte	0x765
ARM GAS  C:\Users\schmi\AppData\Local\Temp\cczaTxMt.s 			page 17


 878 038f 99030000 		.4byte	0x399
 879 0393 05       		.uleb128 0x5
 880 0394 03       		.byte	0x3
 881 0395 44010000 		.4byte	EE_oo_autostart_task_mode_OSDEFAULTAPPMODE
 882 0399 13       		.uleb128 0x13
 883 039a 70030000 		.4byte	0x370
 884 039e 11       		.uleb128 0x11
 885 039f AE030000 		.4byte	0x3ae
 886 03a3 AE030000 		.4byte	0x3ae
 887 03a7 14       		.uleb128 0x14
 888 03a8 80030000 		.4byte	0x380
 889 03ac 03       		.byte	0x3
 890 03ad 00       		.byte	0
 891 03ae 13       		.uleb128 0x13
 892 03af AA000000 		.4byte	0xaa
 893 03b3 16       		.uleb128 0x16
 894 03b4 0A070000 		.4byte	.LASF65
 895 03b8 05       		.byte	0x5
 896 03b9 D2       		.byte	0xd2
 897 03ba C4030000 		.4byte	0x3c4
 898 03be 05       		.uleb128 0x5
 899 03bf 03       		.byte	0x3
 900 03c0 00000000 		.4byte	EE_hal_thread_body
 901 03c4 13       		.uleb128 0x13
 902 03c5 9E030000 		.4byte	0x39e
 903 03c9 11       		.uleb128 0x11
 904 03ca D9030000 		.4byte	0x3d9
 905 03ce D9030000 		.4byte	0x3d9
 906 03d2 14       		.uleb128 0x14
 907 03d3 80030000 		.4byte	0x380
 908 03d7 04       		.byte	0x4
 909 03d8 00       		.byte	0
 910 03d9 13       		.uleb128 0x13
 911 03da B5000000 		.4byte	0xb5
 912 03de 16       		.uleb128 0x16
 913 03df 50060000 		.4byte	.LASF66
 914 03e3 05       		.byte	0x5
 915 03e4 71       		.byte	0x71
 916 03e5 EF030000 		.4byte	0x3ef
 917 03e9 05       		.uleb128 0x5
 918 03ea 03       		.byte	0x3
 919 03eb 00000000 		.4byte	EE_std_thread_tos
 920 03ef 13       		.uleb128 0x13
 921 03f0 C9030000 		.4byte	0x3c9
 922 03f4 11       		.uleb128 0x11
 923 03f5 80000000 		.4byte	0x80
 924 03f9 04040000 		.4byte	0x404
 925 03fd 14       		.uleb128 0x14
 926 03fe 80030000 		.4byte	0x380
 927 0402 03       		.byte	0x3
 928 0403 00       		.byte	0
 929 0404 16       		.uleb128 0x16
 930 0405 BA070000 		.4byte	.LASF67
 931 0409 05       		.byte	0x5
 932 040a ED       		.byte	0xed
 933 040b F4030000 		.4byte	0x3f4
 934 040f 05       		.uleb128 0x5
ARM GAS  C:\Users\schmi\AppData\Local\Temp\cczaTxMt.s 			page 18


 935 0410 03       		.byte	0x3
 936 0411 00000000 		.4byte	EE_terminate_data
 937 0415 16       		.uleb128 0x16
 938 0416 8F050000 		.4byte	.LASF68
 939 041a 05       		.byte	0x5
 940 041b F0       		.byte	0xf0
 941 041c 26040000 		.4byte	0x426
 942 0420 05       		.uleb128 0x5
 943 0421 03       		.byte	0x3
 944 0422 00000000 		.4byte	EE_terminate_real_th_body
 945 0426 13       		.uleb128 0x13
 946 0427 9E030000 		.4byte	0x39e
 947 042b 11       		.uleb128 0x11
 948 042c EC000000 		.4byte	0xec
 949 0430 3B040000 		.4byte	0x43b
 950 0434 14       		.uleb128 0x14
 951 0435 80030000 		.4byte	0x380
 952 0439 01       		.byte	0x1
 953 043a 00       		.byte	0
 954 043b 16       		.uleb128 0x16
 955 043c 55050000 		.4byte	.LASF69
 956 0440 05       		.byte	0x5
 957 0441 8D       		.byte	0x8d
 958 0442 2B040000 		.4byte	0x42b
 959 0446 05       		.uleb128 0x5
 960 0447 03       		.byte	0x3
 961 0448 00000000 		.4byte	EE_cortex_mx_system_tos
 962 044c 16       		.uleb128 0x16
 963 044d 1D020000 		.4byte	.LASF70
 964 0451 05       		.byte	0x5
 965 0452 A9       		.byte	0xa9
 966 0453 B5000000 		.4byte	0xb5
 967 0457 05       		.uleb128 0x5
 968 0458 03       		.byte	0x3
 969 0459 00000000 		.4byte	EE_cortex_mx_active_tos
 970 045d 11       		.uleb128 0x11
 971 045e D9030000 		.4byte	0x3d9
 972 0462 6D040000 		.4byte	0x46d
 973 0466 14       		.uleb128 0x14
 974 0467 80030000 		.4byte	0x380
 975 046b 03       		.byte	0x3
 976 046c 00       		.byte	0
 977 046d 17       		.uleb128 0x17
 978 046e C1060000 		.4byte	.LASF71
 979 0472 05       		.byte	0x5
 980 0473 E202     		.2byte	0x2e2
 981 0475 7F040000 		.4byte	0x47f
 982 0479 05       		.uleb128 0x5
 983 047a 03       		.byte	0x3
 984 047b 00000000 		.4byte	EE_th_rnact_max
 985 047f 13       		.uleb128 0x13
 986 0480 5D040000 		.4byte	0x45d
 987 0484 17       		.uleb128 0x17
 988 0485 65070000 		.4byte	.LASF72
 989 0489 05       		.byte	0x5
 990 048a 0C01     		.2byte	0x10c
 991 048c 96040000 		.4byte	0x496
ARM GAS  C:\Users\schmi\AppData\Local\Temp\cczaTxMt.s 			page 19


 992 0490 05       		.uleb128 0x5
 993 0491 03       		.byte	0x3
 994 0492 00000000 		.4byte	EE_th_ready_prio
 995 0496 13       		.uleb128 0x13
 996 0497 5D040000 		.4byte	0x45d
 997 049b 17       		.uleb128 0x17
 998 049c 15040000 		.4byte	.LASF73
 999 04a0 05       		.byte	0x5
 1000 04a1 4502     		.2byte	0x245
 1001 04a3 AD040000 		.4byte	0x4ad
 1002 04a7 05       		.uleb128 0x5
 1003 04a8 03       		.byte	0x3
 1004 04a9 00000000 		.4byte	EE_th_dispatch_prio
 1005 04ad 13       		.uleb128 0x13
 1006 04ae 5D040000 		.4byte	0x45d
 1007 04b2 11       		.uleb128 0x11
 1008 04b3 C2040000 		.4byte	0x4c2
 1009 04b7 C2040000 		.4byte	0x4c2
 1010 04bb 14       		.uleb128 0x14
 1011 04bc 80030000 		.4byte	0x380
 1012 04c0 03       		.byte	0x3
 1013 04c1 00       		.byte	0
 1014 04c2 06       		.uleb128 0x6
 1015 04c3 04       		.byte	0x4
 1016 04c4 CF040000 		.4byte	0x4cf
 1017 04c8 02       		.uleb128 0x2
 1018 04c9 01       		.byte	0x1
 1019 04ca 08       		.byte	0x8
 1020 04cb AD060000 		.4byte	.LASF74
 1021 04cf 13       		.uleb128 0x13
 1022 04d0 C8040000 		.4byte	0x4c8
 1023 04d4 17       		.uleb128 0x17
 1024 04d5 00060000 		.4byte	.LASF75
 1025 04d9 05       		.byte	0x5
 1026 04da 2801     		.2byte	0x128
 1027 04dc B2040000 		.4byte	0x4b2
 1028 04e0 05       		.uleb128 0x5
 1029 04e1 03       		.byte	0x3
 1030 04e2 00000000 		.4byte	EE_TASK_NAME
 1031 04e6 11       		.uleb128 0x11
 1032 04e7 C2040000 		.4byte	0x4c2
 1033 04eb F6040000 		.4byte	0x4f6
 1034 04ef 14       		.uleb128 0x14
 1035 04f0 80030000 		.4byte	0x380
 1036 04f4 00       		.byte	0
 1037 04f5 00       		.byte	0
 1038 04f6 17       		.uleb128 0x17
 1039 04f7 02020000 		.4byte	.LASF76
 1040 04fb 05       		.byte	0x5
 1041 04fc 8101     		.2byte	0x181
 1042 04fe E6040000 		.4byte	0x4e6
 1043 0502 05       		.uleb128 0x5
 1044 0503 03       		.byte	0x3
 1045 0504 00000000 		.4byte	EE_EVENT_NAME
 1046 0508 17       		.uleb128 0x17
 1047 0509 58030000 		.4byte	.LASF77
 1048 050d 05       		.byte	0x5
ARM GAS  C:\Users\schmi\AppData\Local\Temp\cczaTxMt.s 			page 20


 1049 050e 3D06     		.2byte	0x63d
 1050 0510 E6040000 		.4byte	0x4e6
 1051 0514 05       		.uleb128 0x5
 1052 0515 03       		.byte	0x3
 1053 0516 00000000 		.4byte	EE_ALARM_NAME
 1054 051a 11       		.uleb128 0x11
 1055 051b C2040000 		.4byte	0x4c2
 1056 051f 2A050000 		.4byte	0x52a
 1057 0523 14       		.uleb128 0x14
 1058 0524 80030000 		.4byte	0x380
 1059 0528 02       		.byte	0x2
 1060 0529 00       		.byte	0
 1061 052a 17       		.uleb128 0x17
 1062 052b 00000000 		.4byte	.LASF78
 1063 052f 05       		.byte	0x5
 1064 0530 4601     		.2byte	0x146
 1065 0532 1A050000 		.4byte	0x51a
 1066 0536 05       		.uleb128 0x5
 1067 0537 03       		.byte	0x3
 1068 0538 00000000 		.4byte	EE_RESOURCE_NAME
 1069 053c 11       		.uleb128 0x11
 1070 053d 4C050000 		.4byte	0x54c
 1071 0541 4C050000 		.4byte	0x54c
 1072 0545 14       		.uleb128 0x14
 1073 0546 80030000 		.4byte	0x380
 1074 054a 02       		.byte	0x2
 1075 054b 00       		.byte	0
 1076 054c 13       		.uleb128 0x13
 1077 054d 40000000 		.4byte	0x40
 1078 0551 17       		.uleb128 0x17
 1079 0552 4B000000 		.4byte	.LASF79
 1080 0556 05       		.byte	0x5
 1081 0557 6201     		.2byte	0x162
 1082 0559 63050000 		.4byte	0x563
 1083 055d 05       		.uleb128 0x5
 1084 055e 03       		.byte	0x3
 1085 055f 00000000 		.4byte	EE_RESOURCE_ID
 1086 0563 13       		.uleb128 0x13
 1087 0564 3C050000 		.4byte	0x53c
 1088 0568 11       		.uleb128 0x11
 1089 0569 4C050000 		.4byte	0x54c
 1090 056d 78050000 		.4byte	0x578
 1091 0571 14       		.uleb128 0x14
 1092 0572 80030000 		.4byte	0x380
 1093 0576 00       		.byte	0
 1094 0577 00       		.byte	0
 1095 0578 17       		.uleb128 0x17
 1096 0579 63020000 		.4byte	.LASF80
 1097 057d 05       		.byte	0x5
 1098 057e E201     		.2byte	0x1e2
 1099 0580 8A050000 		.4byte	0x58a
 1100 0584 05       		.uleb128 0x5
 1101 0585 03       		.byte	0x3
 1102 0586 00000000 		.4byte	EE_EVENT_ID
 1103 058a 13       		.uleb128 0x13
 1104 058b 68050000 		.4byte	0x568
 1105 058f 17       		.uleb128 0x17
ARM GAS  C:\Users\schmi\AppData\Local\Temp\cczaTxMt.s 			page 21


 1106 0590 B7010000 		.4byte	.LASF81
 1107 0594 05       		.byte	0x5
 1108 0595 5906     		.2byte	0x659
 1109 0597 A1050000 		.4byte	0x5a1
 1110 059b 05       		.uleb128 0x5
 1111 059c 03       		.byte	0x3
 1112 059d 00000000 		.4byte	EE_ALARM_ID
 1113 05a1 13       		.uleb128 0x13
 1114 05a2 68050000 		.4byte	0x568
 1115 05a6 11       		.uleb128 0x11
 1116 05a7 B5000000 		.4byte	0xb5
 1117 05ab B6050000 		.4byte	0x5b6
 1118 05af 14       		.uleb128 0x14
 1119 05b0 80030000 		.4byte	0x380
 1120 05b4 03       		.byte	0x3
 1121 05b5 00       		.byte	0
 1122 05b6 17       		.uleb128 0x17
 1123 05b7 F2030000 		.4byte	.LASF82
 1124 05bb 05       		.byte	0x5
 1125 05bc 8102     		.2byte	0x281
 1126 05be A6050000 		.4byte	0x5a6
 1127 05c2 05       		.uleb128 0x5
 1128 05c3 03       		.byte	0x3
 1129 05c4 00000000 		.4byte	EE_th_status
 1130 05c8 11       		.uleb128 0x11
 1131 05c9 E1000000 		.4byte	0xe1
 1132 05cd D8050000 		.4byte	0x5d8
 1133 05d1 14       		.uleb128 0x14
 1134 05d2 80030000 		.4byte	0x380
 1135 05d6 03       		.byte	0x3
 1136 05d7 00       		.byte	0
 1137 05d8 17       		.uleb128 0x17
 1138 05d9 84050000 		.4byte	.LASF83
 1139 05dd 05       		.byte	0x5
 1140 05de 9D02     		.2byte	0x29d
 1141 05e0 C8050000 		.4byte	0x5c8
 1142 05e4 05       		.uleb128 0x5
 1143 05e5 03       		.byte	0x3
 1144 05e6 00000000 		.4byte	EE_th_next
 1145 05ea 17       		.uleb128 0x17
 1146 05eb 76070000 		.4byte	.LASF84
 1147 05ef 05       		.byte	0x5
 1148 05f0 C702     		.2byte	0x2c7
 1149 05f2 A6050000 		.4byte	0x5a6
 1150 05f6 05       		.uleb128 0x5
 1151 05f7 03       		.byte	0x3
 1152 05f8 00000000 		.4byte	EE_th_rnact
 1153 05fc 17       		.uleb128 0x17
 1154 05fd 2A000000 		.4byte	.LASF85
 1155 0601 05       		.byte	0x5
 1156 0602 7703     		.2byte	0x377
 1157 0604 C8050000 		.4byte	0x5c8
 1158 0608 05       		.uleb128 0x5
 1159 0609 03       		.byte	0x3
 1160 060a 00000000 		.4byte	EE_th_terminate_nextask
 1161 060e 17       		.uleb128 0x17
 1162 060f 5A000000 		.4byte	.LASF86
ARM GAS  C:\Users\schmi\AppData\Local\Temp\cczaTxMt.s 			page 22


 1163 0613 05       		.byte	0x5
 1164 0614 B902     		.2byte	0x2b9
 1165 0616 E1000000 		.4byte	0xe1
 1166 061a 05       		.uleb128 0x5
 1167 061b 03       		.byte	0x3
 1168 061c 00000000 		.4byte	EE_stkfirst
 1169 0620 17       		.uleb128 0x17
 1170 0621 1D070000 		.4byte	.LASF87
 1171 0625 05       		.byte	0x5
 1172 0626 BC02     		.2byte	0x2bc
 1173 0628 B5000000 		.4byte	0xb5
 1174 062c 05       		.uleb128 0x5
 1175 062d 03       		.byte	0x3
 1176 062e 00000000 		.4byte	EE_sys_ceiling
 1177 0632 17       		.uleb128 0x17
 1178 0633 D2040000 		.4byte	.LASF88
 1179 0637 05       		.byte	0x5
 1180 0638 FD02     		.2byte	0x2fd
 1181 063a A6050000 		.4byte	0x5a6
 1182 063e 05       		.uleb128 0x5
 1183 063f 03       		.byte	0x3
 1184 0640 00000000 		.4byte	EE_rq_link
 1185 0644 11       		.uleb128 0x11
 1186 0645 C0000000 		.4byte	0xc0
 1187 0649 54060000 		.4byte	0x654
 1188 064d 14       		.uleb128 0x14
 1189 064e 80030000 		.4byte	0x380
 1190 0652 0F       		.byte	0xf
 1191 0653 00       		.byte	0
 1192 0654 17       		.uleb128 0x17
 1193 0655 D4020000 		.4byte	.LASF89
 1194 0659 05       		.byte	0x5
 1195 065a BF02     		.2byte	0x2bf
 1196 065c 44060000 		.4byte	0x644
 1197 0660 05       		.uleb128 0x5
 1198 0661 03       		.byte	0x3
 1199 0662 00000000 		.4byte	EE_rq_queues_head
 1200 0666 17       		.uleb128 0x17
 1201 0667 3E060000 		.4byte	.LASF90
 1202 066b 05       		.byte	0x5
 1203 066c C102     		.2byte	0x2c1
 1204 066e 44060000 		.4byte	0x644
 1205 0672 05       		.uleb128 0x5
 1206 0673 03       		.byte	0x3
 1207 0674 00000000 		.4byte	EE_rq_queues_tail
 1208 0678 11       		.uleb128 0x11
 1209 0679 C0000000 		.4byte	0xc0
 1210 067d 88060000 		.4byte	0x688
 1211 0681 14       		.uleb128 0x14
 1212 0682 80030000 		.4byte	0x380
 1213 0686 03       		.byte	0x3
 1214 0687 00       		.byte	0
 1215 0688 17       		.uleb128 0x17
 1216 0689 5B010000 		.4byte	.LASF91
 1217 068d 05       		.byte	0x5
 1218 068e 1B03     		.2byte	0x31b
 1219 0690 78060000 		.4byte	0x678
ARM GAS  C:\Users\schmi\AppData\Local\Temp\cczaTxMt.s 			page 23


 1220 0694 05       		.uleb128 0x5
 1221 0695 03       		.byte	0x3
 1222 0696 00000000 		.4byte	EE_rq_pairs_next
 1223 069a 17       		.uleb128 0x17
 1224 069b 82070000 		.4byte	.LASF92
 1225 069f 05       		.byte	0x5
 1226 06a0 7003     		.2byte	0x370
 1227 06a2 C8050000 		.4byte	0x5c8
 1228 06a6 05       		.uleb128 0x5
 1229 06a7 03       		.byte	0x3
 1230 06a8 00000000 		.4byte	EE_rq_pairs_tid
 1231 06ac 17       		.uleb128 0x17
 1232 06ad 75060000 		.4byte	.LASF93
 1233 06b1 05       		.byte	0x5
 1234 06b2 C402     		.2byte	0x2c4
 1235 06b4 05010000 		.4byte	0x105
 1236 06b8 05       		.uleb128 0x5
 1237 06b9 03       		.byte	0x3
 1238 06ba 00000000 		.4byte	EE_rq_bitmask
 1239 06be 17       		.uleb128 0x17
 1240 06bf C7040000 		.4byte	.LASF94
 1241 06c3 05       		.byte	0x5
 1242 06c4 7303     		.2byte	0x373
 1243 06c6 C0000000 		.4byte	0xc0
 1244 06ca 05       		.uleb128 0x5
 1245 06cb 03       		.byte	0x3
 1246 06cc 00000000 		.4byte	EE_rq_free
 1247 06d0 17       		.uleb128 0x17
 1248 06d1 F5070000 		.4byte	.LASF95
 1249 06d5 05       		.byte	0x5
 1250 06d6 9A03     		.2byte	0x39a
 1251 06d8 A6050000 		.4byte	0x5a6
 1252 06dc 05       		.uleb128 0x5
 1253 06dd 03       		.byte	0x3
 1254 06de 00000000 		.4byte	EE_th_event_active
 1255 06e2 17       		.uleb128 0x17
 1256 06e3 BC050000 		.4byte	.LASF96
 1257 06e7 05       		.byte	0x5
 1258 06e8 B603     		.2byte	0x3b6
 1259 06ea A6050000 		.4byte	0x5a6
 1260 06ee 05       		.uleb128 0x5
 1261 06ef 03       		.byte	0x3
 1262 06f0 00000000 		.4byte	EE_th_event_waitmask
 1263 06f4 11       		.uleb128 0x11
 1264 06f5 D6000000 		.4byte	0xd6
 1265 06f9 04070000 		.4byte	0x704
 1266 06fd 14       		.uleb128 0x14
 1267 06fe 80030000 		.4byte	0x380
 1268 0702 03       		.byte	0x3
 1269 0703 00       		.byte	0
 1270 0704 17       		.uleb128 0x17
 1271 0705 78030000 		.4byte	.LASF97
 1272 0709 05       		.byte	0x5
 1273 070a D203     		.2byte	0x3d2
 1274 070c F4060000 		.4byte	0x6f4
 1275 0710 05       		.uleb128 0x5
 1276 0711 03       		.byte	0x3
ARM GAS  C:\Users\schmi\AppData\Local\Temp\cczaTxMt.s 			page 24


 1277 0712 00000000 		.4byte	EE_th_waswaiting
 1278 0716 17       		.uleb128 0x17
 1279 0717 40080000 		.4byte	.LASF98
 1280 071b 05       		.byte	0x5
 1281 071c EE03     		.2byte	0x3ee
 1282 071e 28070000 		.4byte	0x728
 1283 0722 05       		.uleb128 0x5
 1284 0723 03       		.byte	0x3
 1285 0724 00000000 		.4byte	EE_th_is_extended
 1286 0728 13       		.uleb128 0x13
 1287 0729 5D040000 		.4byte	0x45d
 1288 072d 11       		.uleb128 0x11
 1289 072e D9030000 		.4byte	0x3d9
 1290 0732 3D070000 		.4byte	0x73d
 1291 0736 14       		.uleb128 0x14
 1292 0737 80030000 		.4byte	0x380
 1293 073b 02       		.byte	0x2
 1294 073c 00       		.byte	0
 1295 073d 17       		.uleb128 0x17
 1296 073e 5A080000 		.4byte	.LASF99
 1297 0742 05       		.byte	0x5
 1298 0743 B504     		.2byte	0x4b5
 1299 0745 4F070000 		.4byte	0x74f
 1300 0749 05       		.uleb128 0x5
 1301 074a 03       		.byte	0x3
 1302 074b 00000000 		.4byte	EE_resource_ceiling
 1303 074f 13       		.uleb128 0x13
 1304 0750 2D070000 		.4byte	0x72d
 1305 0754 11       		.uleb128 0x11
 1306 0755 B5000000 		.4byte	0xb5
 1307 0759 64070000 		.4byte	0x764
 1308 075d 14       		.uleb128 0x14
 1309 075e 80030000 		.4byte	0x380
 1310 0762 02       		.byte	0x2
 1311 0763 00       		.byte	0
 1312 0764 17       		.uleb128 0x17
 1313 0765 4C020000 		.4byte	.LASF100
 1314 0769 05       		.byte	0x5
 1315 076a F404     		.2byte	0x4f4
 1316 076c 54070000 		.4byte	0x754
 1317 0770 05       		.uleb128 0x5
 1318 0771 03       		.byte	0x3
 1319 0772 00000000 		.4byte	EE_resource_oldceiling
 1320 0776 11       		.uleb128 0x11
 1321 0777 D6000000 		.4byte	0xd6
 1322 077b 86070000 		.4byte	0x786
 1323 077f 14       		.uleb128 0x14
 1324 0780 80030000 		.4byte	0x380
 1325 0784 02       		.byte	0x2
 1326 0785 00       		.byte	0
 1327 0786 17       		.uleb128 0x17
 1328 0787 25080000 		.4byte	.LASF101
 1329 078b 05       		.byte	0x5
 1330 078c 9404     		.2byte	0x494
 1331 078e 76070000 		.4byte	0x776
 1332 0792 05       		.uleb128 0x5
 1333 0793 03       		.byte	0x3
ARM GAS  C:\Users\schmi\AppData\Local\Temp\cczaTxMt.s 			page 25


 1334 0794 00000000 		.4byte	EE_resource_locked
 1335 0798 17       		.uleb128 0x17
 1336 0799 11000000 		.4byte	.LASF102
 1337 079d 05       		.byte	0x5
 1338 079e 3704     		.2byte	0x437
 1339 07a0 A6050000 		.4byte	0x5a6
 1340 07a4 05       		.uleb128 0x5
 1341 07a5 03       		.byte	0x3
 1342 07a6 00000000 		.4byte	EE_th_resource_last
 1343 07aa 17       		.uleb128 0x17
 1344 07ab 83060000 		.4byte	.LASF103
 1345 07af 05       		.byte	0x5
 1346 07b0 7004     		.2byte	0x470
 1347 07b2 54070000 		.4byte	0x754
 1348 07b6 05       		.uleb128 0x5
 1349 07b7 03       		.byte	0x3
 1350 07b8 00000000 		.4byte	EE_resource_stack
 1351 07bc 11       		.uleb128 0x11
 1352 07bd CC070000 		.4byte	0x7cc
 1353 07c1 CC070000 		.4byte	0x7cc
 1354 07c5 14       		.uleb128 0x14
 1355 07c6 80030000 		.4byte	0x380
 1356 07ca 00       		.byte	0
 1357 07cb 00       		.byte	0
 1358 07cc 13       		.uleb128 0x13
 1359 07cd 8A010000 		.4byte	0x18a
 1360 07d1 17       		.uleb128 0x17
 1361 07d2 15050000 		.4byte	.LASF104
 1362 07d6 05       		.byte	0x5
 1363 07d7 FF05     		.2byte	0x5ff
 1364 07d9 E3070000 		.4byte	0x7e3
 1365 07dd 05       		.uleb128 0x5
 1366 07de 03       		.byte	0x3
 1367 07df 00000000 		.4byte	EE_counter_ROM
 1368 07e3 13       		.uleb128 0x13
 1369 07e4 BC070000 		.4byte	0x7bc
 1370 07e8 11       		.uleb128 0x11
 1371 07e9 F8070000 		.4byte	0x7f8
 1372 07ed F8070000 		.4byte	0x7f8
 1373 07f1 14       		.uleb128 0x14
 1374 07f2 80030000 		.4byte	0x380
 1375 07f6 00       		.byte	0
 1376 07f7 00       		.byte	0
 1377 07f8 13       		.uleb128 0x13
 1378 07f9 27020000 		.4byte	0x227
 1379 07fd 17       		.uleb128 0x17
 1380 07fe 5B040000 		.4byte	.LASF105
 1381 0802 05       		.byte	0x5
 1382 0803 9606     		.2byte	0x696
 1383 0805 0F080000 		.4byte	0x80f
 1384 0809 05       		.uleb128 0x5
 1385 080a 03       		.byte	0x3
 1386 080b 00000000 		.4byte	EE_oo_counter_object_ROM
 1387 080f 13       		.uleb128 0x13
 1388 0810 E8070000 		.4byte	0x7e8
 1389 0814 11       		.uleb128 0x11
 1390 0815 24080000 		.4byte	0x824
ARM GAS  C:\Users\schmi\AppData\Local\Temp\cczaTxMt.s 			page 26


 1391 0819 24080000 		.4byte	0x824
 1392 081d 14       		.uleb128 0x14
 1393 081e 80030000 		.4byte	0x380
 1394 0822 00       		.byte	0
 1395 0823 00       		.byte	0
 1396 0824 13       		.uleb128 0x13
 1397 0825 04030000 		.4byte	0x304
 1398 0829 17       		.uleb128 0x17
 1399 082a 91040000 		.4byte	.LASF106
 1400 082e 05       		.byte	0x5
 1401 082f BA06     		.2byte	0x6ba
 1402 0831 3B080000 		.4byte	0x83b
 1403 0835 05       		.uleb128 0x5
 1404 0836 03       		.byte	0x3
 1405 0837 00000000 		.4byte	EE_oo_action_ROM
 1406 083b 13       		.uleb128 0x13
 1407 083c 14080000 		.4byte	0x814
 1408 0840 11       		.uleb128 0x11
 1409 0841 50080000 		.4byte	0x850
 1410 0845 50080000 		.4byte	0x850
 1411 0849 14       		.uleb128 0x14
 1412 084a 80030000 		.4byte	0x380
 1413 084e 00       		.byte	0
 1414 084f 00       		.byte	0
 1415 0850 13       		.uleb128 0x13
 1416 0851 27030000 		.4byte	0x327
 1417 0855 17       		.uleb128 0x17
 1418 0856 10020000 		.4byte	.LASF107
 1419 085a 05       		.byte	0x5
 1420 085b 2006     		.2byte	0x620
 1421 085d 67080000 		.4byte	0x867
 1422 0861 05       		.uleb128 0x5
 1423 0862 03       		.byte	0x3
 1424 0863 00000000 		.4byte	EE_alarm_ROM
 1425 0867 13       		.uleb128 0x13
 1426 0868 40080000 		.4byte	0x840
 1427 086c 11       		.uleb128 0x11
 1428 086d BA010000 		.4byte	0x1ba
 1429 0871 7C080000 		.4byte	0x87c
 1430 0875 14       		.uleb128 0x14
 1431 0876 80030000 		.4byte	0x380
 1432 087a 00       		.byte	0
 1433 087b 00       		.byte	0
 1434 087c 17       		.uleb128 0x17
 1435 087d E3060000 		.4byte	.LASF108
 1436 0881 05       		.byte	0x5
 1437 0882 0C06     		.2byte	0x60c
 1438 0884 6C080000 		.4byte	0x86c
 1439 0888 05       		.uleb128 0x5
 1440 0889 03       		.byte	0x3
 1441 088a 00000000 		.4byte	EE_counter_RAM
 1442 088e 11       		.uleb128 0x11
 1443 088f 71020000 		.4byte	0x271
 1444 0893 9E080000 		.4byte	0x89e
 1445 0897 14       		.uleb128 0x14
 1446 0898 80030000 		.4byte	0x380
 1447 089c 00       		.byte	0
ARM GAS  C:\Users\schmi\AppData\Local\Temp\cczaTxMt.s 			page 27


 1448 089d 00       		.byte	0
 1449 089e 17       		.uleb128 0x17
 1450 089f 3D070000 		.4byte	.LASF109
 1451 08a3 05       		.byte	0x5
 1452 08a4 B106     		.2byte	0x6b1
 1453 08a6 8E080000 		.4byte	0x88e
 1454 08aa 05       		.uleb128 0x5
 1455 08ab 03       		.byte	0x3
 1456 08ac 00000000 		.4byte	EE_oo_counter_object_RAM
 1457 08b0 11       		.uleb128 0x11
 1458 08b1 C0080000 		.4byte	0x8c0
 1459 08b5 C0080000 		.4byte	0x8c0
 1460 08b9 14       		.uleb128 0x14
 1461 08ba 80030000 		.4byte	0x380
 1462 08be 00       		.byte	0
 1463 08bf 00       		.byte	0
 1464 08c0 13       		.uleb128 0x13
 1465 08c1 33030000 		.4byte	0x333
 1466 08c5 17       		.uleb128 0x17
 1467 08c6 D1050000 		.4byte	.LASF110
 1468 08ca 05       		.byte	0x5
 1469 08cb 9607     		.2byte	0x796
 1470 08cd D7080000 		.4byte	0x8d7
 1471 08d1 05       		.uleb128 0x5
 1472 08d2 03       		.byte	0x3
 1473 08d3 00000000 		.4byte	EE_oo_autostart_task_data
 1474 08d7 13       		.uleb128 0x13
 1475 08d8 B0080000 		.4byte	0x8b0
 1476 08dc 18       		.uleb128 0x18
 1477 08dd BB030000 		.4byte	.LASF111
 1478 08e1 06       		.byte	0x6
 1479 08e2 40       		.byte	0x40
 1480 08e3 B5000000 		.4byte	0xb5
 1481 08e7 18       		.uleb128 0x18
 1482 08e8 E6020000 		.4byte	.LASF112
 1483 08ec 06       		.byte	0x6
 1484 08ed 47       		.byte	0x47
 1485 08ee CB000000 		.4byte	0xcb
 1486 08f2 17       		.uleb128 0x17
 1487 08f3 7E040000 		.4byte	.LASF113
 1488 08f7 05       		.byte	0x5
 1489 08f8 5C07     		.2byte	0x75c
 1490 08fa B5000000 		.4byte	0xb5
 1491 08fe 05       		.uleb128 0x5
 1492 08ff 03       		.byte	0x3
 1493 0900 00000000 		.4byte	EE_ApplicationMode
 1494 0904 18       		.uleb128 0x18
 1495 0905 FF020000 		.4byte	.LASF114
 1496 0909 07       		.byte	0x7
 1497 090a 48       		.byte	0x48
 1498 090b E1000000 		.4byte	0xe1
 1499 090f 18       		.uleb128 0x18
 1500 0910 92070000 		.4byte	.LASF115
 1501 0914 08       		.byte	0x8
 1502 0915 44       		.byte	0x44
 1503 0916 B5000000 		.4byte	0xb5
 1504 091a 16       		.uleb128 0x16
ARM GAS  C:\Users\schmi\AppData\Local\Temp\cczaTxMt.s 			page 28


 1505 091b 0B010000 		.4byte	.LASF116
 1506 091f 05       		.byte	0x5
 1507 0920 AD       		.byte	0xad
 1508 0921 EC000000 		.4byte	0xec
 1509 0925 05       		.uleb128 0x5
 1510 0926 03       		.byte	0x3
 1511 0927 00000000 		.4byte	EE_cortex_mx_IRQ_tos
 1512 092b 11       		.uleb128 0x11
 1513 092c 55000000 		.4byte	0x55
 1514 0930 3C090000 		.4byte	0x93c
 1515 0934 19       		.uleb128 0x19
 1516 0935 80030000 		.4byte	0x380
 1517 0939 E703     		.2byte	0x3e7
 1518 093b 00       		.byte	0
 1519 093c 16       		.uleb128 0x16
 1520 093d EB050000 		.4byte	.LASF117
 1521 0941 05       		.byte	0x5
 1522 0942 19       		.byte	0x19
 1523 0943 2B090000 		.4byte	0x92b
 1524 0947 05       		.uleb128 0x5
 1525 0948 03       		.byte	0x3
 1526 0949 00000000 		.4byte	EE_cortex_mx_stack_3
 1527 094d 11       		.uleb128 0x11
 1528 094e 55000000 		.4byte	0x55
 1529 0952 5D090000 		.4byte	0x95d
 1530 0956 14       		.uleb128 0x14
 1531 0957 80030000 		.4byte	0x380
 1532 095b 7F       		.byte	0x7f
 1533 095c 00       		.byte	0
 1534 095d 16       		.uleb128 0x16
 1535 095e 29040000 		.4byte	.LASF118
 1536 0962 05       		.byte	0x5
 1537 0963 32       		.byte	0x32
 1538 0964 4D090000 		.4byte	0x94d
 1539 0968 05       		.uleb128 0x5
 1540 0969 03       		.byte	0x3
 1541 096a 00000000 		.4byte	EE_cortex_mx_stack_9
 1542 096e 00       		.byte	0
 1543              		.section	.debug_abbrev,"",%progbits
 1544              	.Ldebug_abbrev0:
 1545 0000 01       		.uleb128 0x1
 1546 0001 11       		.uleb128 0x11
 1547 0002 01       		.byte	0x1
 1548 0003 25       		.uleb128 0x25
 1549 0004 0E       		.uleb128 0xe
 1550 0005 13       		.uleb128 0x13
 1551 0006 0B       		.uleb128 0xb
 1552 0007 03       		.uleb128 0x3
 1553 0008 0E       		.uleb128 0xe
 1554 0009 1B       		.uleb128 0x1b
 1555 000a 0E       		.uleb128 0xe
 1556 000b 10       		.uleb128 0x10
 1557 000c 17       		.uleb128 0x17
 1558 000d 00       		.byte	0
 1559 000e 00       		.byte	0
 1560 000f 02       		.uleb128 0x2
 1561 0010 24       		.uleb128 0x24
ARM GAS  C:\Users\schmi\AppData\Local\Temp\cczaTxMt.s 			page 29


 1562 0011 00       		.byte	0
 1563 0012 0B       		.uleb128 0xb
 1564 0013 0B       		.uleb128 0xb
 1565 0014 3E       		.uleb128 0x3e
 1566 0015 0B       		.uleb128 0xb
 1567 0016 03       		.uleb128 0x3
 1568 0017 0E       		.uleb128 0xe
 1569 0018 00       		.byte	0
 1570 0019 00       		.byte	0
 1571 001a 03       		.uleb128 0x3
 1572 001b 24       		.uleb128 0x24
 1573 001c 00       		.byte	0
 1574 001d 0B       		.uleb128 0xb
 1575 001e 0B       		.uleb128 0xb
 1576 001f 3E       		.uleb128 0x3e
 1577 0020 0B       		.uleb128 0xb
 1578 0021 03       		.uleb128 0x3
 1579 0022 08       		.uleb128 0x8
 1580 0023 00       		.byte	0
 1581 0024 00       		.byte	0
 1582 0025 04       		.uleb128 0x4
 1583 0026 16       		.uleb128 0x16
 1584 0027 00       		.byte	0
 1585 0028 03       		.uleb128 0x3
 1586 0029 0E       		.uleb128 0xe
 1587 002a 3A       		.uleb128 0x3a
 1588 002b 0B       		.uleb128 0xb
 1589 002c 3B       		.uleb128 0x3b
 1590 002d 0B       		.uleb128 0xb
 1591 002e 49       		.uleb128 0x49
 1592 002f 13       		.uleb128 0x13
 1593 0030 00       		.byte	0
 1594 0031 00       		.byte	0
 1595 0032 05       		.uleb128 0x5
 1596 0033 0F       		.uleb128 0xf
 1597 0034 00       		.byte	0
 1598 0035 0B       		.uleb128 0xb
 1599 0036 0B       		.uleb128 0xb
 1600 0037 00       		.byte	0
 1601 0038 00       		.byte	0
 1602 0039 06       		.uleb128 0x6
 1603 003a 0F       		.uleb128 0xf
 1604 003b 00       		.byte	0
 1605 003c 0B       		.uleb128 0xb
 1606 003d 0B       		.uleb128 0xb
 1607 003e 49       		.uleb128 0x49
 1608 003f 13       		.uleb128 0x13
 1609 0040 00       		.byte	0
 1610 0041 00       		.byte	0
 1611 0042 07       		.uleb128 0x7
 1612 0043 15       		.uleb128 0x15
 1613 0044 00       		.byte	0
 1614 0045 27       		.uleb128 0x27
 1615 0046 19       		.uleb128 0x19
 1616 0047 00       		.byte	0
 1617 0048 00       		.byte	0
 1618 0049 08       		.uleb128 0x8
ARM GAS  C:\Users\schmi\AppData\Local\Temp\cczaTxMt.s 			page 30


 1619 004a 13       		.uleb128 0x13
 1620 004b 01       		.byte	0x1
 1621 004c 03       		.uleb128 0x3
 1622 004d 0E       		.uleb128 0xe
 1623 004e 0B       		.uleb128 0xb
 1624 004f 0B       		.uleb128 0xb
 1625 0050 3A       		.uleb128 0x3a
 1626 0051 0B       		.uleb128 0xb
 1627 0052 3B       		.uleb128 0x3b
 1628 0053 0B       		.uleb128 0xb
 1629 0054 01       		.uleb128 0x1
 1630 0055 13       		.uleb128 0x13
 1631 0056 00       		.byte	0
 1632 0057 00       		.byte	0
 1633 0058 09       		.uleb128 0x9
 1634 0059 0D       		.uleb128 0xd
 1635 005a 00       		.byte	0
 1636 005b 03       		.uleb128 0x3
 1637 005c 0E       		.uleb128 0xe
 1638 005d 3A       		.uleb128 0x3a
 1639 005e 0B       		.uleb128 0xb
 1640 005f 3B       		.uleb128 0x3b
 1641 0060 0B       		.uleb128 0xb
 1642 0061 49       		.uleb128 0x49
 1643 0062 13       		.uleb128 0x13
 1644 0063 38       		.uleb128 0x38
 1645 0064 0B       		.uleb128 0xb
 1646 0065 00       		.byte	0
 1647 0066 00       		.byte	0
 1648 0067 0A       		.uleb128 0xa
 1649 0068 16       		.uleb128 0x16
 1650 0069 00       		.byte	0
 1651 006a 03       		.uleb128 0x3
 1652 006b 0E       		.uleb128 0xe
 1653 006c 3A       		.uleb128 0x3a
 1654 006d 0B       		.uleb128 0xb
 1655 006e 3B       		.uleb128 0x3b
 1656 006f 05       		.uleb128 0x5
 1657 0070 49       		.uleb128 0x49
 1658 0071 13       		.uleb128 0x13
 1659 0072 00       		.byte	0
 1660 0073 00       		.byte	0
 1661 0074 0B       		.uleb128 0xb
 1662 0075 13       		.uleb128 0x13
 1663 0076 01       		.byte	0x1
 1664 0077 0B       		.uleb128 0xb
 1665 0078 0B       		.uleb128 0xb
 1666 0079 3A       		.uleb128 0x3a
 1667 007a 0B       		.uleb128 0xb
 1668 007b 3B       		.uleb128 0x3b
 1669 007c 05       		.uleb128 0x5
 1670 007d 01       		.uleb128 0x1
 1671 007e 13       		.uleb128 0x13
 1672 007f 00       		.byte	0
 1673 0080 00       		.byte	0
 1674 0081 0C       		.uleb128 0xc
 1675 0082 0D       		.uleb128 0xd
ARM GAS  C:\Users\schmi\AppData\Local\Temp\cczaTxMt.s 			page 31


 1676 0083 00       		.byte	0
 1677 0084 03       		.uleb128 0x3
 1678 0085 0E       		.uleb128 0xe
 1679 0086 3A       		.uleb128 0x3a
 1680 0087 0B       		.uleb128 0xb
 1681 0088 3B       		.uleb128 0x3b
 1682 0089 05       		.uleb128 0x5
 1683 008a 49       		.uleb128 0x49
 1684 008b 13       		.uleb128 0x13
 1685 008c 38       		.uleb128 0x38
 1686 008d 0B       		.uleb128 0xb
 1687 008e 00       		.byte	0
 1688 008f 00       		.byte	0
 1689 0090 0D       		.uleb128 0xd
 1690 0091 04       		.uleb128 0x4
 1691 0092 01       		.byte	0x1
 1692 0093 0B       		.uleb128 0xb
 1693 0094 0B       		.uleb128 0xb
 1694 0095 49       		.uleb128 0x49
 1695 0096 13       		.uleb128 0x13
 1696 0097 3A       		.uleb128 0x3a
 1697 0098 0B       		.uleb128 0xb
 1698 0099 3B       		.uleb128 0x3b
 1699 009a 05       		.uleb128 0x5
 1700 009b 01       		.uleb128 0x1
 1701 009c 13       		.uleb128 0x13
 1702 009d 00       		.byte	0
 1703 009e 00       		.byte	0
 1704 009f 0E       		.uleb128 0xe
 1705 00a0 28       		.uleb128 0x28
 1706 00a1 00       		.byte	0
 1707 00a2 03       		.uleb128 0x3
 1708 00a3 0E       		.uleb128 0xe
 1709 00a4 1C       		.uleb128 0x1c
 1710 00a5 0B       		.uleb128 0xb
 1711 00a6 00       		.byte	0
 1712 00a7 00       		.byte	0
 1713 00a8 0F       		.uleb128 0xf
 1714 00a9 0D       		.uleb128 0xd
 1715 00aa 00       		.byte	0
 1716 00ab 03       		.uleb128 0x3
 1717 00ac 08       		.uleb128 0x8
 1718 00ad 3A       		.uleb128 0x3a
 1719 00ae 0B       		.uleb128 0xb
 1720 00af 3B       		.uleb128 0x3b
 1721 00b0 05       		.uleb128 0x5
 1722 00b1 49       		.uleb128 0x49
 1723 00b2 13       		.uleb128 0x13
 1724 00b3 38       		.uleb128 0x38
 1725 00b4 0B       		.uleb128 0xb
 1726 00b5 00       		.byte	0
 1727 00b6 00       		.byte	0
 1728 00b7 10       		.uleb128 0x10
 1729 00b8 13       		.uleb128 0x13
 1730 00b9 01       		.byte	0x1
 1731 00ba 03       		.uleb128 0x3
 1732 00bb 0E       		.uleb128 0xe
ARM GAS  C:\Users\schmi\AppData\Local\Temp\cczaTxMt.s 			page 32


 1733 00bc 0B       		.uleb128 0xb
 1734 00bd 0B       		.uleb128 0xb
 1735 00be 3A       		.uleb128 0x3a
 1736 00bf 0B       		.uleb128 0xb
 1737 00c0 3B       		.uleb128 0x3b
 1738 00c1 05       		.uleb128 0x5
 1739 00c2 01       		.uleb128 0x1
 1740 00c3 13       		.uleb128 0x13
 1741 00c4 00       		.byte	0
 1742 00c5 00       		.byte	0
 1743 00c6 11       		.uleb128 0x11
 1744 00c7 01       		.uleb128 0x1
 1745 00c8 01       		.byte	0x1
 1746 00c9 49       		.uleb128 0x49
 1747 00ca 13       		.uleb128 0x13
 1748 00cb 01       		.uleb128 0x1
 1749 00cc 13       		.uleb128 0x13
 1750 00cd 00       		.byte	0
 1751 00ce 00       		.byte	0
 1752 00cf 12       		.uleb128 0x12
 1753 00d0 21       		.uleb128 0x21
 1754 00d1 00       		.byte	0
 1755 00d2 00       		.byte	0
 1756 00d3 00       		.byte	0
 1757 00d4 13       		.uleb128 0x13
 1758 00d5 26       		.uleb128 0x26
 1759 00d6 00       		.byte	0
 1760 00d7 49       		.uleb128 0x49
 1761 00d8 13       		.uleb128 0x13
 1762 00d9 00       		.byte	0
 1763 00da 00       		.byte	0
 1764 00db 14       		.uleb128 0x14
 1765 00dc 21       		.uleb128 0x21
 1766 00dd 00       		.byte	0
 1767 00de 49       		.uleb128 0x49
 1768 00df 13       		.uleb128 0x13
 1769 00e0 2F       		.uleb128 0x2f
 1770 00e1 0B       		.uleb128 0xb
 1771 00e2 00       		.byte	0
 1772 00e3 00       		.byte	0
 1773 00e4 15       		.uleb128 0x15
 1774 00e5 34       		.uleb128 0x34
 1775 00e6 00       		.byte	0
 1776 00e7 03       		.uleb128 0x3
 1777 00e8 0E       		.uleb128 0xe
 1778 00e9 3A       		.uleb128 0x3a
 1779 00ea 0B       		.uleb128 0xb
 1780 00eb 3B       		.uleb128 0x3b
 1781 00ec 05       		.uleb128 0x5
 1782 00ed 49       		.uleb128 0x49
 1783 00ee 13       		.uleb128 0x13
 1784 00ef 02       		.uleb128 0x2
 1785 00f0 18       		.uleb128 0x18
 1786 00f1 00       		.byte	0
 1787 00f2 00       		.byte	0
 1788 00f3 16       		.uleb128 0x16
 1789 00f4 34       		.uleb128 0x34
ARM GAS  C:\Users\schmi\AppData\Local\Temp\cczaTxMt.s 			page 33


 1790 00f5 00       		.byte	0
 1791 00f6 03       		.uleb128 0x3
 1792 00f7 0E       		.uleb128 0xe
 1793 00f8 3A       		.uleb128 0x3a
 1794 00f9 0B       		.uleb128 0xb
 1795 00fa 3B       		.uleb128 0x3b
 1796 00fb 0B       		.uleb128 0xb
 1797 00fc 49       		.uleb128 0x49
 1798 00fd 13       		.uleb128 0x13
 1799 00fe 3F       		.uleb128 0x3f
 1800 00ff 19       		.uleb128 0x19
 1801 0100 02       		.uleb128 0x2
 1802 0101 18       		.uleb128 0x18
 1803 0102 00       		.byte	0
 1804 0103 00       		.byte	0
 1805 0104 17       		.uleb128 0x17
 1806 0105 34       		.uleb128 0x34
 1807 0106 00       		.byte	0
 1808 0107 03       		.uleb128 0x3
 1809 0108 0E       		.uleb128 0xe
 1810 0109 3A       		.uleb128 0x3a
 1811 010a 0B       		.uleb128 0xb
 1812 010b 3B       		.uleb128 0x3b
 1813 010c 05       		.uleb128 0x5
 1814 010d 49       		.uleb128 0x49
 1815 010e 13       		.uleb128 0x13
 1816 010f 3F       		.uleb128 0x3f
 1817 0110 19       		.uleb128 0x19
 1818 0111 02       		.uleb128 0x2
 1819 0112 18       		.uleb128 0x18
 1820 0113 00       		.byte	0
 1821 0114 00       		.byte	0
 1822 0115 18       		.uleb128 0x18
 1823 0116 34       		.uleb128 0x34
 1824 0117 00       		.byte	0
 1825 0118 03       		.uleb128 0x3
 1826 0119 0E       		.uleb128 0xe
 1827 011a 3A       		.uleb128 0x3a
 1828 011b 0B       		.uleb128 0xb
 1829 011c 3B       		.uleb128 0x3b
 1830 011d 0B       		.uleb128 0xb
 1831 011e 49       		.uleb128 0x49
 1832 011f 13       		.uleb128 0x13
 1833 0120 3F       		.uleb128 0x3f
 1834 0121 19       		.uleb128 0x19
 1835 0122 3C       		.uleb128 0x3c
 1836 0123 19       		.uleb128 0x19
 1837 0124 00       		.byte	0
 1838 0125 00       		.byte	0
 1839 0126 19       		.uleb128 0x19
 1840 0127 21       		.uleb128 0x21
 1841 0128 00       		.byte	0
 1842 0129 49       		.uleb128 0x49
 1843 012a 13       		.uleb128 0x13
 1844 012b 2F       		.uleb128 0x2f
 1845 012c 05       		.uleb128 0x5
 1846 012d 00       		.byte	0
ARM GAS  C:\Users\schmi\AppData\Local\Temp\cczaTxMt.s 			page 34


 1847 012e 00       		.byte	0
 1848 012f 00       		.byte	0
 1849              		.section	.debug_aranges,"",%progbits
 1850 0000 14000000 		.4byte	0x14
 1851 0004 0200     		.2byte	0x2
 1852 0006 00000000 		.4byte	.Ldebug_info0
 1853 000a 04       		.byte	0x4
 1854 000b 00       		.byte	0
 1855 000c 0000     		.2byte	0
 1856 000e 0000     		.2byte	0
 1857 0010 00000000 		.4byte	0
 1858 0014 00000000 		.4byte	0
 1859              		.section	.debug_line,"",%progbits
 1860              	.Ldebug_line0:
 1861 0000 38010000 		.section	.debug_str,"MS",%progbits,1
 1861      02003201 
 1861      00000201 
 1861      FB0E0D00 
 1861      01010101 
 1862              	.LASF78:
 1863 0000 45455F52 		.ascii	"EE_RESOURCE_NAME\000"
 1863      45534F55 
 1863      5243455F 
 1863      4E414D45 
 1863      00
 1864              	.LASF102:
 1865 0011 45455F74 		.ascii	"EE_th_resource_last\000"
 1865      685F7265 
 1865      736F7572 
 1865      63655F6C 
 1865      61737400 
 1866              	.LASF46:
 1867 0025 6E657874 		.ascii	"next\000"
 1867      00
 1868              	.LASF85:
 1869 002a 45455F74 		.ascii	"EE_th_terminate_nextask\000"
 1869      685F7465 
 1869      726D696E 
 1869      6174655F 
 1869      6E657874 
 1870              	.LASF24:
 1871 0042 5469636B 		.ascii	"TickType\000"
 1871      54797065 
 1871      00
 1872              	.LASF79:
 1873 004b 45455F52 		.ascii	"EE_RESOURCE_ID\000"
 1873      45534F55 
 1873      5243455F 
 1873      494400
 1874              	.LASF86:
 1875 005a 45455F73 		.ascii	"EE_stkfirst\000"
 1875      746B6669 
 1875      72737400 
 1876              	.LASF26:
 1877 0066 41637469 		.ascii	"ActionType\000"
 1877      6F6E5479 
 1877      706500
ARM GAS  C:\Users\schmi\AppData\Local\Temp\cczaTxMt.s 			page 35


 1878              	.LASF119:
 1879 0071 474E5520 		.ascii	"GNU C11 5.4.1 20160609 (release) [ARM/embedded-5-br"
 1879      43313120 
 1879      352E342E 
 1879      31203230 
 1879      31363036 
 1880 00a4 616E6368 		.ascii	"anch revision 237715] -mcpu=cortex-m3 -mthumb -g -O"
 1880      20726576 
 1880      6973696F 
 1880      6E203233 
 1880      37373135 
 1881 00d7 30202D66 		.ascii	"0 -ffunction-sections -ffat-lto-objects\000"
 1881      66756E63 
 1881      74696F6E 
 1881      2D736563 
 1881      74696F6E 
 1882              	.LASF19:
 1883 00ff 45455F54 		.ascii	"EE_TYPEBOOL\000"
 1883      59504542 
 1883      4F4F4C00 
 1884              	.LASF116:
 1885 010b 45455F63 		.ascii	"EE_cortex_mx_IRQ_tos\000"
 1885      6F727465 
 1885      785F6D78 
 1885      5F495251 
 1885      5F746F73 
 1886              	.LASF7:
 1887 0120 6C6F6E67 		.ascii	"long long unsigned int\000"
 1887      206C6F6E 
 1887      6720756E 
 1887      7369676E 
 1887      65642069 
 1888              	.LASF45:
 1889 0137 64656C74 		.ascii	"delta\000"
 1889      6100
 1890              	.LASF42:
 1891 013d 45455F6F 		.ascii	"EE_oo_counter_object_ROM_type\000"
 1891      6F5F636F 
 1891      756E7465 
 1891      725F6F62 
 1891      6A656374 
 1892              	.LASF91:
 1893 015b 45455F72 		.ascii	"EE_rq_pairs_next\000"
 1893      715F7061 
 1893      6972735F 
 1893      6E657874 
 1893      00
 1894              	.LASF22:
 1895 016c 5461736B 		.ascii	"TaskType\000"
 1895      54797065 
 1895      00
 1896              	.LASF61:
 1897 0175 45455F54 		.ascii	"EE_TOS\000"
 1897      4F5300
 1898              	.LASF29:
 1899 017c 6D617861 		.ascii	"maxallowedvalue\000"
 1899      6C6C6F77 
ARM GAS  C:\Users\schmi\AppData\Local\Temp\cczaTxMt.s 			page 36


 1899      65647661 
 1899      6C756500 
 1900              	.LASF122:
 1901 018c 45455F6F 		.ascii	"EE_oo_autostart_task_mode_OSDEFAULTAPPMODE\000"
 1901      6F5F6175 
 1901      746F7374 
 1901      6172745F 
 1901      7461736B 
 1902              	.LASF81:
 1903 01b7 45455F41 		.ascii	"EE_ALARM_ID\000"
 1903      4C41524D 
 1903      5F494400 
 1904              	.LASF6:
 1905 01c3 6C6F6E67 		.ascii	"long long int\000"
 1905      206C6F6E 
 1905      6720696E 
 1905      7400
 1906              	.LASF0:
 1907 01d1 7369676E 		.ascii	"signed char\000"
 1907      65642063 
 1907      68617200 
 1908              	.LASF52:
 1909 01dd 45455F6F 		.ascii	"EE_oo_action_kind_type\000"
 1909      6F5F6163 
 1909      74696F6E 
 1909      5F6B696E 
 1909      645F7479 
 1910              	.LASF23:
 1911 01f4 4576656E 		.ascii	"EventMaskType\000"
 1911      744D6173 
 1911      6B547970 
 1911      6500
 1912              	.LASF76:
 1913 0202 45455F45 		.ascii	"EE_EVENT_NAME\000"
 1913      56454E54 
 1913      5F4E414D 
 1913      4500
 1914              	.LASF107:
 1915 0210 45455F61 		.ascii	"EE_alarm_ROM\000"
 1915      6C61726D 
 1915      5F524F4D 
 1915      00
 1916              	.LASF70:
 1917 021d 45455F63 		.ascii	"EE_cortex_mx_active_tos\000"
 1917      6F727465 
 1917      785F6D78 
 1917      5F616374 
 1917      6976655F 
 1918              	.LASF35:
 1919 0235 45455F6F 		.ascii	"EE_oo_counter_RAM_type\000"
 1919      6F5F636F 
 1919      756E7465 
 1919      725F5241 
 1919      4D5F7479 
 1920              	.LASF100:
 1921 024c 45455F72 		.ascii	"EE_resource_oldceiling\000"
 1921      65736F75 
ARM GAS  C:\Users\schmi\AppData\Local\Temp\cczaTxMt.s 			page 37


 1921      7263655F 
 1921      6F6C6463 
 1921      65696C69 
 1922              	.LASF80:
 1923 0263 45455F45 		.ascii	"EE_EVENT_ID\000"
 1923      56454E54 
 1923      5F494400 
 1924              	.LASF4:
 1925 026f 6C6F6E67 		.ascii	"long int\000"
 1925      20696E74 
 1925      00
 1926              	.LASF121:
 1927 0278 433A5C55 		.ascii	"C:\\Users\\schmi\\OneDrive\\Dokumente\\PSoC Creator"
 1927      73657273 
 1927      5C736368 
 1927      6D695C4F 
 1927      6E654472 
 1928 02a6 5C4A736F 		.ascii	"\\JsonParserLAB3\\holidayProject\\setUpEnv.cydsn\000"
 1928      6E506172 
 1928      7365724C 
 1928      4142335C 
 1928      686F6C69 
 1929              	.LASF89:
 1930 02d4 45455F72 		.ascii	"EE_rq_queues_head\000"
 1930      715F7175 
 1930      65756573 
 1930      5F686561 
 1930      6400
 1931              	.LASF112:
 1932 02e6 45455F6F 		.ascii	"EE_oo_IRQ_suspend_status\000"
 1932      6F5F4952 
 1932      515F7375 
 1932      7370656E 
 1932      645F7374 
 1933              	.LASF114:
 1934 02ff 45455F73 		.ascii	"EE_std_endcycle_next_tid\000"
 1934      74645F65 
 1934      6E646379 
 1934      636C655F 
 1934      6E657874 
 1935              	.LASF31:
 1936 0318 6D696E63 		.ascii	"mincycle\000"
 1936      79636C65 
 1936      00
 1937              	.LASF20:
 1938 0321 45455F54 		.ascii	"EE_TID\000"
 1938      494400
 1939              	.LASF33:
 1940 0328 76616C75 		.ascii	"value\000"
 1940      6500
 1941              	.LASF8:
 1942 032e 756E7369 		.ascii	"unsigned int\000"
 1942      676E6564 
 1942      20696E74 
 1942      00
 1943              	.LASF16:
 1944 033b 45455F55 		.ascii	"EE_UREG\000"
ARM GAS  C:\Users\schmi\AppData\Local\Temp\cczaTxMt.s 			page 38


 1944      52454700 
 1945              	.LASF60:
 1946 0343 45455F6F 		.ascii	"EE_oo_alarm_ROM_type\000"
 1946      6F5F616C 
 1946      61726D5F 
 1946      524F4D5F 
 1946      74797065 
 1947              	.LASF77:
 1948 0358 45455F41 		.ascii	"EE_ALARM_NAME\000"
 1948      4C41524D 
 1948      5F4E414D 
 1948      4500
 1949              	.LASF5:
 1950 0366 6C6F6E67 		.ascii	"long unsigned int\000"
 1950      20756E73 
 1950      69676E65 
 1950      6420696E 
 1950      7400
 1951              	.LASF97:
 1952 0378 45455F74 		.ascii	"EE_th_waswaiting\000"
 1952      685F7761 
 1952      73776169 
 1952      74696E67 
 1952      00
 1953              	.LASF62:
 1954 0389 45455F6F 		.ascii	"EE_oo_autostart_task_type\000"
 1954      6F5F6175 
 1954      746F7374 
 1954      6172745F 
 1954      7461736B 
 1955              	.LASF41:
 1956 03a3 6B696E64 		.ascii	"kind\000"
 1956      00
 1957              	.LASF3:
 1958 03a8 73686F72 		.ascii	"short unsigned int\000"
 1958      7420756E 
 1958      7369676E 
 1958      65642069 
 1958      6E7400
 1959              	.LASF111:
 1960 03bb 45455F6F 		.ascii	"EE_oo_IRQ_disable_count\000"
 1960      6F5F4952 
 1960      515F6469 
 1960      7361626C 
 1960      655F636F 
 1961              	.LASF38:
 1962 03d3 45455F6F 		.ascii	"EE_oo_counter_object_kind_type\000"
 1962      6F5F636F 
 1962      756E7465 
 1962      725F6F62 
 1962      6A656374 
 1963              	.LASF82:
 1964 03f2 45455F74 		.ascii	"EE_th_status\000"
 1964      685F7374 
 1964      61747573 
 1964      00
 1965              	.LASF39:
ARM GAS  C:\Users\schmi\AppData\Local\Temp\cczaTxMt.s 			page 39


 1966 03ff 436F756E 		.ascii	"CounterObjectKindType\000"
 1966      7465724F 
 1966      626A6563 
 1966      744B696E 
 1966      64547970 
 1967              	.LASF73:
 1968 0415 45455F74 		.ascii	"EE_th_dispatch_prio\000"
 1968      685F6469 
 1968      73706174 
 1968      63685F70 
 1968      72696F00 
 1969              	.LASF118:
 1970 0429 45455F63 		.ascii	"EE_cortex_mx_stack_9\000"
 1970      6F727465 
 1970      785F6D78 
 1970      5F737461 
 1970      636B5F39 
 1971              	.LASF14:
 1972 043e 45455F56 		.ascii	"EE_VOID_CALLBACK\000"
 1972      4F49445F 
 1972      43414C4C 
 1972      4241434B 
 1972      00
 1973              	.LASF27:
 1974 044f 436F756E 		.ascii	"CounterType\000"
 1974      74657254 
 1974      79706500 
 1975              	.LASF105:
 1976 045b 45455F6F 		.ascii	"EE_oo_counter_object_ROM\000"
 1976      6F5F636F 
 1976      756E7465 
 1976      725F6F62 
 1976      6A656374 
 1977              	.LASF59:
 1978 0474 61637469 		.ascii	"action_id\000"
 1978      6F6E5F69 
 1978      6400
 1979              	.LASF113:
 1980 047e 45455F41 		.ascii	"EE_ApplicationMode\000"
 1980      70706C69 
 1980      63617469 
 1980      6F6E4D6F 
 1980      646500
 1981              	.LASF106:
 1982 0491 45455F6F 		.ascii	"EE_oo_action_ROM\000"
 1982      6F5F6163 
 1982      74696F6E 
 1982      5F524F4D 
 1982      00
 1983              	.LASF21:
 1984 04a2 45455F54 		.ascii	"EE_TYPE_RQ_MASK\000"
 1984      5950455F 
 1984      52515F4D 
 1984      41534B00 
 1985              	.LASF64:
 1986 04b2 73697A65 		.ascii	"sizetype\000"
 1986      74797065 
ARM GAS  C:\Users\schmi\AppData\Local\Temp\cczaTxMt.s 			page 40


 1986      00
 1987              	.LASF9:
 1988 04bb 6C6F6E67 		.ascii	"long double\000"
 1988      20646F75 
 1988      626C6500 
 1989              	.LASF94:
 1990 04c7 45455F72 		.ascii	"EE_rq_free\000"
 1990      715F6672 
 1990      656500
 1991              	.LASF88:
 1992 04d2 45455F72 		.ascii	"EE_rq_link\000"
 1992      715F6C69 
 1992      6E6B00
 1993              	.LASF17:
 1994 04dd 45455F53 		.ascii	"EE_SREG\000"
 1994      52454700 
 1995              	.LASF30:
 1996 04e5 7469636B 		.ascii	"ticksperbase\000"
 1996      73706572 
 1996      62617365 
 1996      00
 1997              	.LASF43:
 1998 04f2 75736564 		.ascii	"used\000"
 1998      00
 1999              	.LASF47:
 2000 04f7 45455F6F 		.ascii	"EE_oo_counter_object_RAM_type\000"
 2000      6F5F636F 
 2000      756E7465 
 2000      725F6F62 
 2000      6A656374 
 2001              	.LASF104:
 2002 0515 45455F63 		.ascii	"EE_counter_ROM\000"
 2002      6F756E74 
 2002      65725F52 
 2002      4F4D00
 2003              	.LASF58:
 2004 0524 45455F6F 		.ascii	"EE_oo_action_ROM_type\000"
 2004      6F5F6163 
 2004      74696F6E 
 2004      5F524F4D 
 2004      5F747970 
 2005              	.LASF10:
 2006 053a 45455F55 		.ascii	"EE_UINT16\000"
 2006      494E5431 
 2006      3600
 2007              	.LASF37:
 2008 0544 45455F53 		.ascii	"EE_SCHEDULETABLE\000"
 2008      43484544 
 2008      554C4554 
 2008      41424C45 
 2008      00
 2009              	.LASF69:
 2010 0555 45455F63 		.ascii	"EE_cortex_mx_system_tos\000"
 2010      6F727465 
 2010      785F6D78 
 2010      5F737973 
 2010      74656D5F 
ARM GAS  C:\Users\schmi\AppData\Local\Temp\cczaTxMt.s 			page 41


 2011              	.LASF1:
 2012 056d 756E7369 		.ascii	"unsigned char\000"
 2012      676E6564 
 2012      20636861 
 2012      7200
 2013              	.LASF36:
 2014 057b 45455F41 		.ascii	"EE_ALARM\000"
 2014      4C41524D 
 2014      00
 2015              	.LASF83:
 2016 0584 45455F74 		.ascii	"EE_th_next\000"
 2016      685F6E65 
 2016      787400
 2017              	.LASF68:
 2018 058f 45455F74 		.ascii	"EE_terminate_real_th_body\000"
 2018      65726D69 
 2018      6E617465 
 2018      5F726561 
 2018      6C5F7468 
 2019              	.LASF57:
 2020 05a9 696E6363 		.ascii	"inccount\000"
 2020      6F756E74 
 2020      00
 2021              	.LASF2:
 2022 05b2 73686F72 		.ascii	"short int\000"
 2022      7420696E 
 2022      7400
 2023              	.LASF96:
 2024 05bc 45455F74 		.ascii	"EE_th_event_waitmask\000"
 2024      685F6576 
 2024      656E745F 
 2024      77616974 
 2024      6D61736B 
 2025              	.LASF110:
 2026 05d1 45455F6F 		.ascii	"EE_oo_autostart_task_data\000"
 2026      6F5F6175 
 2026      746F7374 
 2026      6172745F 
 2026      7461736B 
 2027              	.LASF117:
 2028 05eb 45455F63 		.ascii	"EE_cortex_mx_stack_3\000"
 2028      6F727465 
 2028      785F6D78 
 2028      5F737461 
 2028      636B5F33 
 2029              	.LASF75:
 2030 0600 45455F54 		.ascii	"EE_TASK_NAME\000"
 2030      41534B5F 
 2030      4E414D45 
 2030      00
 2031              	.LASF32:
 2032 060d 45455F6F 		.ascii	"EE_oo_counter_ROM_type\000"
 2032      6F5F636F 
 2032      756E7465 
 2032      725F524F 
 2032      4D5F7479 
 2033              	.LASF56:
ARM GAS  C:\Users\schmi\AppData\Local\Temp\cczaTxMt.s 			page 42


 2034 0624 61637469 		.ascii	"action_mask\000"
 2034      6F6E5F6D 
 2034      61736B00 
 2035              	.LASF15:
 2036 0630 45455F54 		.ascii	"EE_THREAD_PTR\000"
 2036      48524541 
 2036      445F5054 
 2036      5200
 2037              	.LASF90:
 2038 063e 45455F72 		.ascii	"EE_rq_queues_tail\000"
 2038      715F7175 
 2038      65756573 
 2038      5F746169 
 2038      6C00
 2039              	.LASF66:
 2040 0650 45455F73 		.ascii	"EE_std_thread_tos\000"
 2040      74645F74 
 2040      68726561 
 2040      645F746F 
 2040      7300
 2041              	.LASF51:
 2042 0662 45455F41 		.ascii	"EE_ACTION_CALLBACK\000"
 2042      4354494F 
 2042      4E5F4341 
 2042      4C4C4241 
 2042      434B00
 2043              	.LASF93:
 2044 0675 45455F72 		.ascii	"EE_rq_bitmask\000"
 2044      715F6269 
 2044      746D6173 
 2044      6B00
 2045              	.LASF103:
 2046 0683 45455F72 		.ascii	"EE_resource_stack\000"
 2046      65736F75 
 2046      7263655F 
 2046      73746163 
 2046      6B00
 2047              	.LASF34:
 2048 0695 66697273 		.ascii	"first\000"
 2048      7400
 2049              	.LASF25:
 2050 069b 436F756E 		.ascii	"CounterObjectType\000"
 2050      7465724F 
 2050      626A6563 
 2050      74547970 
 2050      6500
 2051              	.LASF74:
 2052 06ad 63686172 		.ascii	"char\000"
 2052      00
 2053              	.LASF48:
 2054 06b2 45455F41 		.ascii	"EE_ACTION_TASK\000"
 2054      4354494F 
 2054      4E5F5441 
 2054      534B00
 2055              	.LASF71:
 2056 06c1 45455F74 		.ascii	"EE_th_rnact_max\000"
 2056      685F726E 
ARM GAS  C:\Users\schmi\AppData\Local\Temp\cczaTxMt.s 			page 43


 2056      6163745F 
 2056      6D617800 
 2057              	.LASF50:
 2058 06d1 45455F41 		.ascii	"EE_ACTION_COUNTER\000"
 2058      4354494F 
 2058      4E5F434F 
 2058      554E5445 
 2058      5200
 2059              	.LASF108:
 2060 06e3 45455F63 		.ascii	"EE_counter_RAM\000"
 2060      6F756E74 
 2060      65725F52 
 2060      414D00
 2061              	.LASF40:
 2062 06f2 73706563 		.ascii	"spec_id\000"
 2062      5F696400 
 2063              	.LASF49:
 2064 06fa 45455F41 		.ascii	"EE_ACTION_EVENT\000"
 2064      4354494F 
 2064      4E5F4556 
 2064      454E5400 
 2065              	.LASF65:
 2066 070a 45455F68 		.ascii	"EE_hal_thread_body\000"
 2066      616C5F74 
 2066      68726561 
 2066      645F626F 
 2066      647900
 2067              	.LASF87:
 2068 071d 45455F73 		.ascii	"EE_sys_ceiling\000"
 2068      79735F63 
 2068      65696C69 
 2068      6E6700
 2069              	.LASF54:
 2070 072c 61637469 		.ascii	"action_kind\000"
 2070      6F6E5F6B 
 2070      696E6400 
 2071              	.LASF63:
 2072 0738 7461736B 		.ascii	"task\000"
 2072      00
 2073              	.LASF109:
 2074 073d 45455F6F 		.ascii	"EE_oo_counter_object_RAM\000"
 2074      6F5F636F 
 2074      756E7465 
 2074      725F6F62 
 2074      6A656374 
 2075              	.LASF53:
 2076 0756 41637469 		.ascii	"ActionKindType\000"
 2076      6F6E4B69 
 2076      6E645479 
 2076      706500
 2077              	.LASF72:
 2078 0765 45455F74 		.ascii	"EE_th_ready_prio\000"
 2078      685F7265 
 2078      6164795F 
 2078      7072696F 
 2078      00
 2079              	.LASF84:
ARM GAS  C:\Users\schmi\AppData\Local\Temp\cczaTxMt.s 			page 44


 2080 0776 45455F74 		.ascii	"EE_th_rnact\000"
 2080      685F726E 
 2080      61637400 
 2081              	.LASF92:
 2082 0782 45455F72 		.ascii	"EE_rq_pairs_tid\000"
 2082      715F7061 
 2082      6972735F 
 2082      74696400 
 2083              	.LASF115:
 2084 0792 45455F49 		.ascii	"EE_IRQ_nesting_level\000"
 2084      52515F6E 
 2084      65737469 
 2084      6E675F6C 
 2084      6576656C 
 2085              	.LASF12:
 2086 07a7 45455F55 		.ascii	"EE_UINT32\000"
 2086      494E5433 
 2086      3200
 2087              	.LASF11:
 2088 07b1 45455F49 		.ascii	"EE_INT32\000"
 2088      4E543332 
 2088      00
 2089              	.LASF67:
 2090 07ba 45455F74 		.ascii	"EE_terminate_data\000"
 2090      65726D69 
 2090      6E617465 
 2090      5F646174 
 2090      6100
 2091              	.LASF120:
 2092 07cc 47656E65 		.ascii	"Generated_Source\\PSoC5\\ErikaOS_1_eecfg.c\000"
 2092      72617465 
 2092      645F536F 
 2092      75726365 
 2092      5C50536F 
 2093              	.LASF95:
 2094 07f5 45455F74 		.ascii	"EE_th_event_active\000"
 2094      685F6576 
 2094      656E745F 
 2094      61637469 
 2094      766500
 2095              	.LASF44:
 2096 0808 636E7463 		.ascii	"cntcycle\000"
 2096      79636C65 
 2096      00
 2097              	.LASF28:
 2098 0811 5359535F 		.ascii	"SYS_tos\000"
 2098      746F7300 
 2099              	.LASF55:
 2100 0819 61637469 		.ascii	"action_task\000"
 2100      6F6E5F74 
 2100      61736B00 
 2101              	.LASF101:
 2102 0825 45455F72 		.ascii	"EE_resource_locked\000"
 2102      65736F75 
 2102      7263655F 
 2102      6C6F636B 
 2102      656400
ARM GAS  C:\Users\schmi\AppData\Local\Temp\cczaTxMt.s 			page 45


 2103              	.LASF13:
 2104 0838 45455F41 		.ascii	"EE_ADDR\000"
 2104      44445200 
 2105              	.LASF98:
 2106 0840 45455F74 		.ascii	"EE_th_is_extended\000"
 2106      685F6973 
 2106      5F657874 
 2106      656E6465 
 2106      6400
 2107              	.LASF18:
 2108 0852 45455F46 		.ascii	"EE_FREG\000"
 2108      52454700 
 2109              	.LASF99:
 2110 085a 45455F72 		.ascii	"EE_resource_ceiling\000"
 2110      65736F75 
 2110      7263655F 
 2110      6365696C 
 2110      696E6700 
 2111              		.ident	"GCC: (GNU Tools for ARM Embedded Processors) 5.4.1 20160609 (release) [ARM/embedded-5-bran
