ARM GAS  C:\Users\schmi\AppData\Local\Temp\cc5z4Q8J.s 			page 1


   1              		.syntax unified
   2              		.cpu cortex-m3
   3              		.fpu softvfp
   4              		.eabi_attribute 20, 1
   5              		.eabi_attribute 21, 1
   6              		.eabi_attribute 23, 3
   7              		.eabi_attribute 24, 1
   8              		.eabi_attribute 25, 1
   9              		.eabi_attribute 26, 1
  10              		.eabi_attribute 30, 6
  11              		.eabi_attribute 34, 1
  12              		.eabi_attribute 18, 4
  13              		.thumb
  14              		.syntax unified
  15              		.file	"ErikaOS_1_ee_rq_exchg.c"
  16              		.text
  17              	.Ltext0:
  18              		.cfi_sections	.debug_frame
  19              		.section	.text.EE_rq2stk_exchange,"ax",%progbits
  20              		.align	2
  21              		.global	EE_rq2stk_exchange
  22              		.thumb
  23              		.thumb_func
  24              		.type	EE_rq2stk_exchange, %function
  25              	EE_rq2stk_exchange:
  26              	.LFB70:
  27              		.file 1 "Generated_Source\\PSoC5\\ErikaOS_1_ee_rq_exchg.c"
   1:Generated_Source\PSoC5/ErikaOS_1_ee_rq_exchg.c **** /* ###*B*###
   2:Generated_Source\PSoC5/ErikaOS_1_ee_rq_exchg.c ****  * ERIKA Enterprise - a tiny RTOS for small microcontrollers
   3:Generated_Source\PSoC5/ErikaOS_1_ee_rq_exchg.c ****  *
   4:Generated_Source\PSoC5/ErikaOS_1_ee_rq_exchg.c ****  * Copyright (C) 2002-2008  Evidence Srl
   5:Generated_Source\PSoC5/ErikaOS_1_ee_rq_exchg.c ****  *
   6:Generated_Source\PSoC5/ErikaOS_1_ee_rq_exchg.c ****  * This file is part of ERIKA Enterprise.
   7:Generated_Source\PSoC5/ErikaOS_1_ee_rq_exchg.c ****  *
   8:Generated_Source\PSoC5/ErikaOS_1_ee_rq_exchg.c ****  * ERIKA Enterprise is free software; you can redistribute it
   9:Generated_Source\PSoC5/ErikaOS_1_ee_rq_exchg.c ****  * and/or modify it under the terms of the GNU General Public License
  10:Generated_Source\PSoC5/ErikaOS_1_ee_rq_exchg.c ****  * version 2 as published by the Free Software Foundation, 
  11:Generated_Source\PSoC5/ErikaOS_1_ee_rq_exchg.c ****  * (with a special exception described below).
  12:Generated_Source\PSoC5/ErikaOS_1_ee_rq_exchg.c ****  *
  13:Generated_Source\PSoC5/ErikaOS_1_ee_rq_exchg.c ****  * Linking this code statically or dynamically with other modules is
  14:Generated_Source\PSoC5/ErikaOS_1_ee_rq_exchg.c ****  * making a combined work based on this code.  Thus, the terms and
  15:Generated_Source\PSoC5/ErikaOS_1_ee_rq_exchg.c ****  * conditions of the GNU General Public License cover the whole
  16:Generated_Source\PSoC5/ErikaOS_1_ee_rq_exchg.c ****  * combination.
  17:Generated_Source\PSoC5/ErikaOS_1_ee_rq_exchg.c ****  *
  18:Generated_Source\PSoC5/ErikaOS_1_ee_rq_exchg.c ****  * As a special exception, the copyright holders of this library give you
  19:Generated_Source\PSoC5/ErikaOS_1_ee_rq_exchg.c ****  * permission to link this code with independent modules to produce an
  20:Generated_Source\PSoC5/ErikaOS_1_ee_rq_exchg.c ****  * executable, regardless of the license terms of these independent
  21:Generated_Source\PSoC5/ErikaOS_1_ee_rq_exchg.c ****  * modules, and to copy and distribute the resulting executable under
  22:Generated_Source\PSoC5/ErikaOS_1_ee_rq_exchg.c ****  * terms of your choice, provided that you also meet, for each linked
  23:Generated_Source\PSoC5/ErikaOS_1_ee_rq_exchg.c ****  * independent module, the terms and conditions of the license of that
  24:Generated_Source\PSoC5/ErikaOS_1_ee_rq_exchg.c ****  * module.  An independent module is a module which is not derived from
  25:Generated_Source\PSoC5/ErikaOS_1_ee_rq_exchg.c ****  * or based on this library.  If you modify this code, you may extend
  26:Generated_Source\PSoC5/ErikaOS_1_ee_rq_exchg.c ****  * this exception to your version of the code, but you are not
  27:Generated_Source\PSoC5/ErikaOS_1_ee_rq_exchg.c ****  * obligated to do so.  If you do not wish to do so, delete this
  28:Generated_Source\PSoC5/ErikaOS_1_ee_rq_exchg.c ****  * exception statement from your version.
  29:Generated_Source\PSoC5/ErikaOS_1_ee_rq_exchg.c ****  *
  30:Generated_Source\PSoC5/ErikaOS_1_ee_rq_exchg.c ****  * ERIKA Enterprise is distributed in the hope that it will be
ARM GAS  C:\Users\schmi\AppData\Local\Temp\cc5z4Q8J.s 			page 2


  31:Generated_Source\PSoC5/ErikaOS_1_ee_rq_exchg.c ****  * useful, but WITHOUT ANY WARRANTY; without even the implied warranty
  32:Generated_Source\PSoC5/ErikaOS_1_ee_rq_exchg.c ****  * of MERCHANTABILITY or FITNESS FOR A PARTICULAR PURPOSE.  See the
  33:Generated_Source\PSoC5/ErikaOS_1_ee_rq_exchg.c ****  * GNU General Public License version 2 for more details.
  34:Generated_Source\PSoC5/ErikaOS_1_ee_rq_exchg.c ****  *
  35:Generated_Source\PSoC5/ErikaOS_1_ee_rq_exchg.c ****  * You should have received a copy of the GNU General Public License
  36:Generated_Source\PSoC5/ErikaOS_1_ee_rq_exchg.c ****  * version 2 along with ERIKA Enterprise; if not, write to the
  37:Generated_Source\PSoC5/ErikaOS_1_ee_rq_exchg.c ****  * Free Software Foundation, Inc., 51 Franklin Street, Fifth Floor,
  38:Generated_Source\PSoC5/ErikaOS_1_ee_rq_exchg.c ****  * Boston, MA 02110-1301 USA.
  39:Generated_Source\PSoC5/ErikaOS_1_ee_rq_exchg.c ****  * ###*E*### */
  40:Generated_Source\PSoC5/ErikaOS_1_ee_rq_exchg.c **** 
  41:Generated_Source\PSoC5/ErikaOS_1_ee_rq_exchg.c **** /*
  42:Generated_Source\PSoC5/ErikaOS_1_ee_rq_exchg.c ****  * Author: 2002-2004 Paolo Gai
  43:Generated_Source\PSoC5/ErikaOS_1_ee_rq_exchg.c ****  * CVS: $Id: ee_rq_exchg.c,v 1.1 2005/07/16 12:23:42 pj Exp $
  44:Generated_Source\PSoC5/ErikaOS_1_ee_rq_exchg.c ****  */
  45:Generated_Source\PSoC5/ErikaOS_1_ee_rq_exchg.c **** 
  46:Generated_Source\PSoC5/ErikaOS_1_ee_rq_exchg.c **** /*
  47:Generated_Source\PSoC5/ErikaOS_1_ee_rq_exchg.c ****  * PSoC Port and API Generation
  48:Generated_Source\PSoC5/ErikaOS_1_ee_rq_exchg.c ****  * Carlos Fernando Meier Martinez
  49:Generated_Source\PSoC5/ErikaOS_1_ee_rq_exchg.c ****  * Hochschule Darmstadt, Germany. 2017.
  50:Generated_Source\PSoC5/ErikaOS_1_ee_rq_exchg.c ****  */
  51:Generated_Source\PSoC5/ErikaOS_1_ee_rq_exchg.c **** 
  52:Generated_Source\PSoC5/ErikaOS_1_ee_rq_exchg.c **** #include "ErikaOS_1_ee_internal.inc"
  53:Generated_Source\PSoC5/ErikaOS_1_ee_rq_exchg.c **** 
  54:Generated_Source\PSoC5/ErikaOS_1_ee_rq_exchg.c **** #ifndef __PRIVATE_RQ2STK_EXCHANGE__
  55:Generated_Source\PSoC5/ErikaOS_1_ee_rq_exchg.c **** 
  56:Generated_Source\PSoC5/ErikaOS_1_ee_rq_exchg.c **** #if (defined(__OO_BCC1__)) || (defined(__OO_ECC1__))
  57:Generated_Source\PSoC5/ErikaOS_1_ee_rq_exchg.c **** EE_TID EE_rq2stk_exchange(void)
  58:Generated_Source\PSoC5/ErikaOS_1_ee_rq_exchg.c **** {
  59:Generated_Source\PSoC5/ErikaOS_1_ee_rq_exchg.c ****   EE_TID temp;
  60:Generated_Source\PSoC5/ErikaOS_1_ee_rq_exchg.c **** 
  61:Generated_Source\PSoC5/ErikaOS_1_ee_rq_exchg.c ****   temp = EE_rq_first;
  62:Generated_Source\PSoC5/ErikaOS_1_ee_rq_exchg.c ****   
  63:Generated_Source\PSoC5/ErikaOS_1_ee_rq_exchg.c ****   /* extract the first task from the ready queue */
  64:Generated_Source\PSoC5/ErikaOS_1_ee_rq_exchg.c ****   EE_rq_first = EE_th_next[temp]; 
  65:Generated_Source\PSoC5/ErikaOS_1_ee_rq_exchg.c ****   /* insert the extracted task on the topo of the stack */
  66:Generated_Source\PSoC5/ErikaOS_1_ee_rq_exchg.c ****   EE_th_next[temp] = EE_stkfirst;
  67:Generated_Source\PSoC5/ErikaOS_1_ee_rq_exchg.c ****   EE_stkfirst = temp;
  68:Generated_Source\PSoC5/ErikaOS_1_ee_rq_exchg.c **** 
  69:Generated_Source\PSoC5/ErikaOS_1_ee_rq_exchg.c ****   return temp;
  70:Generated_Source\PSoC5/ErikaOS_1_ee_rq_exchg.c **** }
  71:Generated_Source\PSoC5/ErikaOS_1_ee_rq_exchg.c **** #endif
  72:Generated_Source\PSoC5/ErikaOS_1_ee_rq_exchg.c **** 
  73:Generated_Source\PSoC5/ErikaOS_1_ee_rq_exchg.c **** #if (defined(__OO_BCC2__)) || (defined(__OO_ECC2__))
  74:Generated_Source\PSoC5/ErikaOS_1_ee_rq_exchg.c **** EE_TID EE_rq2stk_exchange(void)
  75:Generated_Source\PSoC5/ErikaOS_1_ee_rq_exchg.c **** {
  28              		.loc 1 75 0
  29              		.cfi_startproc
  30              		@ args = 0, pretend = 0, frame = 16
  31              		@ frame_needed = 1, uses_anonymous_args = 0
  32              		@ link register save eliminated.
  33 0000 80B4     		push	{r7}
  34              		.cfi_def_cfa_offset 4
  35              		.cfi_offset 7, -4
  36 0002 85B0     		sub	sp, sp, #20
  37              		.cfi_def_cfa_offset 24
  38 0004 00AF     		add	r7, sp, #0
  39              		.cfi_def_cfa_register 7
ARM GAS  C:\Users\schmi\AppData\Local\Temp\cc5z4Q8J.s 			page 3


  76:Generated_Source\PSoC5/ErikaOS_1_ee_rq_exchg.c ****   EE_INT8 x;    /* the first non-empty queue */
  77:Generated_Source\PSoC5/ErikaOS_1_ee_rq_exchg.c ****   EE_TID temp;   /* the TID to be inserted in the top of the stack */
  78:Generated_Source\PSoC5/ErikaOS_1_ee_rq_exchg.c ****   EE_TYPEPAIR y; /* used to free the descriptor */
  79:Generated_Source\PSoC5/ErikaOS_1_ee_rq_exchg.c **** 
  80:Generated_Source\PSoC5/ErikaOS_1_ee_rq_exchg.c **** #if defined(__OO_ECC2__)
  81:Generated_Source\PSoC5/ErikaOS_1_ee_rq_exchg.c ****   /* lookup at bits 15-9 */
  82:Generated_Source\PSoC5/ErikaOS_1_ee_rq_exchg.c ****   x = EE_rq_lookup[(EE_rq_bitmask & 0xFF00U) >> 8];
  40              		.loc 1 82 0
  41 0006 344B     		ldr	r3, .L6
  42 0008 1B88     		ldrh	r3, [r3]
  43 000a 1B0A     		lsrs	r3, r3, #8
  44 000c 9BB2     		uxth	r3, r3
  45 000e 1A46     		mov	r2, r3
  46 0010 324B     		ldr	r3, .L6+4
  47 0012 9B5C     		ldrb	r3, [r3, r2]
  48 0014 FB73     		strb	r3, [r7, #15]
  83:Generated_Source\PSoC5/ErikaOS_1_ee_rq_exchg.c ****   if (x == (EE_INT8)-1) {
  49              		.loc 1 83 0
  50 0016 97F90F30 		ldrsb	r3, [r7, #15]
  51 001a B3F1FF3F 		cmp	r3, #-1
  52 001e 06D1     		bne	.L2
  84:Generated_Source\PSoC5/ErikaOS_1_ee_rq_exchg.c ****     x = EE_rq_lookup[EE_rq_bitmask];
  53              		.loc 1 84 0
  54 0020 2D4B     		ldr	r3, .L6
  55 0022 1B88     		ldrh	r3, [r3]
  56 0024 1A46     		mov	r2, r3
  57 0026 2D4B     		ldr	r3, .L6+4
  58 0028 9B5C     		ldrb	r3, [r3, r2]
  59 002a FB73     		strb	r3, [r7, #15]
  60 002c 03E0     		b	.L3
  61              	.L2:
  85:Generated_Source\PSoC5/ErikaOS_1_ee_rq_exchg.c ****   } else {
  86:Generated_Source\PSoC5/ErikaOS_1_ee_rq_exchg.c ****     x += (EE_INT8)8;
  62              		.loc 1 86 0
  63 002e FB7B     		ldrb	r3, [r7, #15]	@ zero_extendqisi2
  64 0030 0833     		adds	r3, r3, #8
  65 0032 DBB2     		uxtb	r3, r3
  66 0034 FB73     		strb	r3, [r7, #15]
  67              	.L3:
  87:Generated_Source\PSoC5/ErikaOS_1_ee_rq_exchg.c ****   }
  88:Generated_Source\PSoC5/ErikaOS_1_ee_rq_exchg.c **** #else
  89:Generated_Source\PSoC5/ErikaOS_1_ee_rq_exchg.c ****   x = EE_rq_lookup[EE_rq_bitmask];
  90:Generated_Source\PSoC5/ErikaOS_1_ee_rq_exchg.c **** #endif
  91:Generated_Source\PSoC5/ErikaOS_1_ee_rq_exchg.c **** 
  92:Generated_Source\PSoC5/ErikaOS_1_ee_rq_exchg.c ****   /* now x contains the highest priority non-empty queue number */
  93:Generated_Source\PSoC5/ErikaOS_1_ee_rq_exchg.c **** 
  94:Generated_Source\PSoC5/ErikaOS_1_ee_rq_exchg.c ****   /* get the TID to insert in the stacked queue */
  95:Generated_Source\PSoC5/ErikaOS_1_ee_rq_exchg.c ****   temp = EE_rq_pairs_tid[EE_rq_queues_head[x]];
  68              		.loc 1 95 0
  69 0036 97F90F30 		ldrsb	r3, [r7, #15]
  70 003a 294A     		ldr	r2, .L6+8
  71 003c 52F82330 		ldr	r3, [r2, r3, lsl #2]
  72 0040 284A     		ldr	r2, .L6+12
  73 0042 52F82330 		ldr	r3, [r2, r3, lsl #2]
  74 0046 BB60     		str	r3, [r7, #8]
  96:Generated_Source\PSoC5/ErikaOS_1_ee_rq_exchg.c **** 
  97:Generated_Source\PSoC5/ErikaOS_1_ee_rq_exchg.c ****   /* free the descriptor */
ARM GAS  C:\Users\schmi\AppData\Local\Temp\cc5z4Q8J.s 			page 4


  98:Generated_Source\PSoC5/ErikaOS_1_ee_rq_exchg.c ****   y = EE_rq_queues_head[x];
  75              		.loc 1 98 0
  76 0048 97F90F30 		ldrsb	r3, [r7, #15]
  77 004c 244A     		ldr	r2, .L6+8
  78 004e 52F82330 		ldr	r3, [r2, r3, lsl #2]
  79 0052 7B60     		str	r3, [r7, #4]
  99:Generated_Source\PSoC5/ErikaOS_1_ee_rq_exchg.c ****   EE_rq_queues_head[x] = EE_rq_pairs_next[EE_rq_queues_head[x]];
  80              		.loc 1 99 0
  81 0054 97F90F30 		ldrsb	r3, [r7, #15]
  82 0058 97F90F20 		ldrsb	r2, [r7, #15]
  83 005c 2049     		ldr	r1, .L6+8
  84 005e 51F82220 		ldr	r2, [r1, r2, lsl #2]
  85 0062 2149     		ldr	r1, .L6+16
  86 0064 51F82220 		ldr	r2, [r1, r2, lsl #2]
  87 0068 1D49     		ldr	r1, .L6+8
  88 006a 41F82320 		str	r2, [r1, r3, lsl #2]
 100:Generated_Source\PSoC5/ErikaOS_1_ee_rq_exchg.c ****   EE_rq_pairs_next[y] = EE_rq_free;
  89              		.loc 1 100 0
  90 006e 1F4B     		ldr	r3, .L6+20
  91 0070 1A68     		ldr	r2, [r3]
  92 0072 1D49     		ldr	r1, .L6+16
  93 0074 7B68     		ldr	r3, [r7, #4]
  94 0076 41F82320 		str	r2, [r1, r3, lsl #2]
 101:Generated_Source\PSoC5/ErikaOS_1_ee_rq_exchg.c ****   EE_rq_free = y;
  95              		.loc 1 101 0
  96 007a 1C4A     		ldr	r2, .L6+20
  97 007c 7B68     		ldr	r3, [r7, #4]
  98 007e 1360     		str	r3, [r2]
 102:Generated_Source\PSoC5/ErikaOS_1_ee_rq_exchg.c ****   
 103:Generated_Source\PSoC5/ErikaOS_1_ee_rq_exchg.c ****   if (EE_rq_queues_head[x] == (EE_SREG)-1) {
  99              		.loc 1 103 0
 100 0080 97F90F30 		ldrsb	r3, [r7, #15]
 101 0084 164A     		ldr	r2, .L6+8
 102 0086 52F82330 		ldr	r3, [r2, r3, lsl #2]
 103 008a B3F1FF3F 		cmp	r3, #-1
 104 008e 14D1     		bne	.L4
 104:Generated_Source\PSoC5/ErikaOS_1_ee_rq_exchg.c ****     EE_rq_queues_tail[x] = -1;
 105              		.loc 1 104 0
 106 0090 97F90F30 		ldrsb	r3, [r7, #15]
 107 0094 164A     		ldr	r2, .L6+24
 108 0096 4FF0FF31 		mov	r1, #-1
 109 009a 42F82310 		str	r1, [r2, r3, lsl #2]
 105:Generated_Source\PSoC5/ErikaOS_1_ee_rq_exchg.c ****     /* reset the (x)th bit in the bitfield; casts are for MISRA compliance */
 106:Generated_Source\PSoC5/ErikaOS_1_ee_rq_exchg.c ****     EE_rq_bitmask &= (EE_TYPE_RQ_MASK)~((EE_TYPE_RQ_MASK)((EE_TYPE_RQ_MASK)1U << x));
 110              		.loc 1 106 0
 111 009e 97F90F30 		ldrsb	r3, [r7, #15]
 112 00a2 0122     		movs	r2, #1
 113 00a4 02FA03F3 		lsl	r3, r2, r3
 114 00a8 9BB2     		uxth	r3, r3
 115 00aa DB43     		mvns	r3, r3
 116 00ac 9AB2     		uxth	r2, r3
 117 00ae 0A4B     		ldr	r3, .L6
 118 00b0 1B88     		ldrh	r3, [r3]
 119 00b2 1340     		ands	r3, r3, r2
 120 00b4 9AB2     		uxth	r2, r3
 121 00b6 084B     		ldr	r3, .L6
 122 00b8 1A80     		strh	r2, [r3]	@ movhi
ARM GAS  C:\Users\schmi\AppData\Local\Temp\cc5z4Q8J.s 			page 5


 123              	.L4:
 107:Generated_Source\PSoC5/ErikaOS_1_ee_rq_exchg.c ****   }
 108:Generated_Source\PSoC5/ErikaOS_1_ee_rq_exchg.c **** 
 109:Generated_Source\PSoC5/ErikaOS_1_ee_rq_exchg.c ****   /* insert the extracted task on the top of the stack */
 110:Generated_Source\PSoC5/ErikaOS_1_ee_rq_exchg.c ****   EE_th_next[temp] = EE_stkfirst;
 124              		.loc 1 110 0
 125 00ba 0E4B     		ldr	r3, .L6+28
 126 00bc 1A68     		ldr	r2, [r3]
 127 00be 0E49     		ldr	r1, .L6+32
 128 00c0 BB68     		ldr	r3, [r7, #8]
 129 00c2 41F82320 		str	r2, [r1, r3, lsl #2]
 111:Generated_Source\PSoC5/ErikaOS_1_ee_rq_exchg.c ****   EE_stkfirst = temp;
 130              		.loc 1 111 0
 131 00c6 0B4A     		ldr	r2, .L6+28
 132 00c8 BB68     		ldr	r3, [r7, #8]
 133 00ca 1360     		str	r3, [r2]
 112:Generated_Source\PSoC5/ErikaOS_1_ee_rq_exchg.c **** 
 113:Generated_Source\PSoC5/ErikaOS_1_ee_rq_exchg.c ****   return temp;
 134              		.loc 1 113 0
 135 00cc BB68     		ldr	r3, [r7, #8]
 114:Generated_Source\PSoC5/ErikaOS_1_ee_rq_exchg.c **** }
 136              		.loc 1 114 0
 137 00ce 1846     		mov	r0, r3
 138 00d0 1437     		adds	r7, r7, #20
 139              		.cfi_def_cfa_offset 4
 140 00d2 BD46     		mov	sp, r7
 141              		.cfi_def_cfa_register 13
 142              		@ sp needed
 143 00d4 80BC     		pop	{r7}
 144              		.cfi_restore 7
 145              		.cfi_def_cfa_offset 0
 146 00d6 7047     		bx	lr
 147              	.L7:
 148              		.align	2
 149              	.L6:
 150 00d8 00000000 		.word	EE_rq_bitmask
 151 00dc 00000000 		.word	EE_rq_lookup
 152 00e0 00000000 		.word	EE_rq_queues_head
 153 00e4 00000000 		.word	EE_rq_pairs_tid
 154 00e8 00000000 		.word	EE_rq_pairs_next
 155 00ec 00000000 		.word	EE_rq_free
 156 00f0 00000000 		.word	EE_rq_queues_tail
 157 00f4 00000000 		.word	EE_stkfirst
 158 00f8 00000000 		.word	EE_th_next
 159              		.cfi_endproc
 160              	.LFE70:
 161              		.size	EE_rq2stk_exchange, .-EE_rq2stk_exchange
 162              		.text
 163              	.Letext0:
 164              		.file 2 "Generated_Source\\PSoC5\\ErikaOS_1_common_ee_types.inc"
 165              		.file 3 "Generated_Source\\PSoC5\\ErikaOS_1_cortex_mx_ee_cpu.inc"
 166              		.file 4 "Generated_Source\\PSoC5\\ErikaOS_1_ee_oo_common.inc"
 167              		.file 5 "Generated_Source\\PSoC5\\ErikaOS_1_common_ee_primitives.inc"
 168              		.file 6 "Generated_Source\\PSoC5\\ErikaOS_1_cortex_mx_ee_context.inc"
 169              		.file 7 "Generated_Source\\PSoC5\\ErikaOS_1_ee_oo_intfunc.inc"
 170              		.file 8 "Generated_Source\\PSoC5\\ErikaOS_1_ee_oo_internal.inc"
 171              		.section	.debug_info,"",%progbits
ARM GAS  C:\Users\schmi\AppData\Local\Temp\cc5z4Q8J.s 			page 6


 172              	.Ldebug_info0:
 173 0000 6A040000 		.4byte	0x46a
 174 0004 0400     		.2byte	0x4
 175 0006 00000000 		.4byte	.Ldebug_abbrev0
 176 000a 04       		.byte	0x4
 177 000b 01       		.uleb128 0x1
 178 000c 9D000000 		.4byte	.LASF69
 179 0010 0C       		.byte	0xc
 180 0011 00000000 		.4byte	.LASF70
 181 0015 C6030000 		.4byte	.LASF71
 182 0019 00000000 		.4byte	.Ldebug_ranges0+0
 183 001d 00000000 		.4byte	0
 184 0021 00000000 		.4byte	.Ldebug_line0
 185 0025 02       		.uleb128 0x2
 186 0026 01       		.byte	0x1
 187 0027 06       		.byte	0x6
 188 0028 37030000 		.4byte	.LASF0
 189 002c 02       		.uleb128 0x2
 190 002d 01       		.byte	0x1
 191 002e 08       		.byte	0x8
 192 002f 08030000 		.4byte	.LASF1
 193 0033 02       		.uleb128 0x2
 194 0034 02       		.byte	0x2
 195 0035 05       		.byte	0x5
 196 0036 84000000 		.4byte	.LASF2
 197 003a 02       		.uleb128 0x2
 198 003b 02       		.byte	0x2
 199 003c 07       		.byte	0x7
 200 003d 95030000 		.4byte	.LASF3
 201 0041 02       		.uleb128 0x2
 202 0042 04       		.byte	0x4
 203 0043 05       		.byte	0x5
 204 0044 51020000 		.4byte	.LASF4
 205 0048 02       		.uleb128 0x2
 206 0049 04       		.byte	0x4
 207 004a 07       		.byte	0x7
 208 004b 4E040000 		.4byte	.LASF5
 209 004f 02       		.uleb128 0x2
 210 0050 08       		.byte	0x8
 211 0051 05       		.byte	0x5
 212 0052 01020000 		.4byte	.LASF6
 213 0056 02       		.uleb128 0x2
 214 0057 08       		.byte	0x8
 215 0058 07       		.byte	0x7
 216 0059 43030000 		.4byte	.LASF7
 217 005d 03       		.uleb128 0x3
 218 005e 04       		.byte	0x4
 219 005f 05       		.byte	0x5
 220 0060 696E7400 		.ascii	"int\000"
 221 0064 02       		.uleb128 0x2
 222 0065 04       		.byte	0x4
 223 0066 07       		.byte	0x7
 224 0067 5A030000 		.4byte	.LASF8
 225 006b 02       		.uleb128 0x2
 226 006c 08       		.byte	0x8
 227 006d 04       		.byte	0x4
 228 006e ED020000 		.4byte	.LASF9
ARM GAS  C:\Users\schmi\AppData\Local\Temp\cc5z4Q8J.s 			page 7


 229 0072 04       		.uleb128 0x4
 230 0073 0F020000 		.4byte	.LASF10
 231 0077 02       		.byte	0x2
 232 0078 3F       		.byte	0x3f
 233 0079 25000000 		.4byte	0x25
 234 007d 04       		.uleb128 0x4
 235 007e 22040000 		.4byte	.LASF11
 236 0082 02       		.byte	0x2
 237 0083 52       		.byte	0x52
 238 0084 3A000000 		.4byte	0x3a
 239 0088 04       		.uleb128 0x4
 240 0089 8C030000 		.4byte	.LASF12
 241 008d 02       		.byte	0x2
 242 008e 53       		.byte	0x53
 243 008f 5D000000 		.4byte	0x5d
 244 0093 04       		.uleb128 0x4
 245 0094 49010000 		.4byte	.LASF13
 246 0098 02       		.byte	0x2
 247 0099 54       		.byte	0x54
 248 009a 64000000 		.4byte	0x64
 249 009e 04       		.uleb128 0x4
 250 009f 4C000000 		.4byte	.LASF14
 251 00a3 03       		.byte	0x3
 252 00a4 4D       		.byte	0x4d
 253 00a5 93000000 		.4byte	0x93
 254 00a9 04       		.uleb128 0x4
 255 00aa 2F030000 		.4byte	.LASF15
 256 00ae 03       		.byte	0x3
 257 00af 4E       		.byte	0x4e
 258 00b0 88000000 		.4byte	0x88
 259 00b4 04       		.uleb128 0x4
 260 00b5 2B010000 		.4byte	.LASF16
 261 00b9 03       		.byte	0x3
 262 00ba 4F       		.byte	0x4f
 263 00bb 93000000 		.4byte	0x93
 264 00bf 04       		.uleb128 0x4
 265 00c0 60040000 		.4byte	.LASF17
 266 00c4 03       		.byte	0x3
 267 00c5 54       		.byte	0x54
 268 00c6 9E000000 		.4byte	0x9e
 269 00ca 04       		.uleb128 0x4
 270 00cb 76010000 		.4byte	.LASF18
 271 00cf 03       		.byte	0x3
 272 00d0 78       		.byte	0x78
 273 00d1 88000000 		.4byte	0x88
 274 00d5 05       		.uleb128 0x5
 275 00d6 30020000 		.4byte	.LASF19
 276 00da 04       		.byte	0x4
 277 00db 1101     		.2byte	0x111
 278 00dd 7D000000 		.4byte	0x7d
 279 00e1 05       		.uleb128 0x5
 280 00e2 B0020000 		.4byte	.LASF20
 281 00e6 04       		.byte	0x4
 282 00e7 3502     		.2byte	0x235
 283 00e9 9E000000 		.4byte	0x9e
 284 00ed 05       		.uleb128 0x5
 285 00ee C8020000 		.4byte	.LASF21
ARM GAS  C:\Users\schmi\AppData\Local\Temp\cc5z4Q8J.s 			page 8


 286 00f2 04       		.byte	0x4
 287 00f3 5D02     		.2byte	0x25d
 288 00f5 9E000000 		.4byte	0x9e
 289 00f9 05       		.uleb128 0x5
 290 00fa A4040000 		.4byte	.LASF22
 291 00fe 04       		.byte	0x4
 292 00ff 6C02     		.2byte	0x26c
 293 0101 9E000000 		.4byte	0x9e
 294 0105 06       		.uleb128 0x6
 295 0106 0C       		.byte	0xc
 296 0107 04       		.byte	0x4
 297 0108 7202     		.2byte	0x272
 298 010a 36010000 		.4byte	0x136
 299 010e 07       		.uleb128 0x7
 300 010f 5A020000 		.4byte	.LASF23
 301 0113 04       		.byte	0x4
 302 0114 7302     		.2byte	0x273
 303 0116 E1000000 		.4byte	0xe1
 304 011a 00       		.byte	0
 305 011b 07       		.uleb128 0x7
 306 011c 54000000 		.4byte	.LASF24
 307 0120 04       		.byte	0x4
 308 0121 7402     		.2byte	0x274
 309 0123 E1000000 		.4byte	0xe1
 310 0127 04       		.byte	0x4
 311 0128 07       		.uleb128 0x7
 312 0129 7D010000 		.4byte	.LASF25
 313 012d 04       		.byte	0x4
 314 012e 7502     		.2byte	0x275
 315 0130 E1000000 		.4byte	0xe1
 316 0134 08       		.byte	0x8
 317 0135 00       		.byte	0
 318 0136 05       		.uleb128 0x5
 319 0137 88020000 		.4byte	.LASF26
 320 013b 04       		.byte	0x4
 321 013c 7A02     		.2byte	0x27a
 322 013e 05010000 		.4byte	0x105
 323 0142 06       		.uleb128 0x6
 324 0143 08       		.byte	0x8
 325 0144 04       		.byte	0x4
 326 0145 7D02     		.2byte	0x27d
 327 0147 66010000 		.4byte	0x166
 328 014b 07       		.uleb128 0x7
 329 014c 86010000 		.4byte	.LASF27
 330 0150 04       		.byte	0x4
 331 0151 7E02     		.2byte	0x27e
 332 0153 E1000000 		.4byte	0xe1
 333 0157 00       		.byte	0
 334 0158 07       		.uleb128 0x7
 335 0159 11050000 		.4byte	.LASF28
 336 015d 04       		.byte	0x4
 337 015e 7F02     		.2byte	0x27f
 338 0160 ED000000 		.4byte	0xed
 339 0164 04       		.byte	0x4
 340 0165 00       		.byte	0
 341 0166 05       		.uleb128 0x5
 342 0167 EA010000 		.4byte	.LASF29
ARM GAS  C:\Users\schmi\AppData\Local\Temp\cc5z4Q8J.s 			page 9


 343 016b 04       		.byte	0x4
 344 016c 8002     		.2byte	0x280
 345 016e 42010000 		.4byte	0x142
 346 0172 08       		.uleb128 0x8
 347 0173 01       		.byte	0x1
 348 0174 2C000000 		.4byte	0x2c
 349 0178 04       		.byte	0x4
 350 0179 8A02     		.2byte	0x28a
 351 017b 8C010000 		.4byte	0x18c
 352 017f 09       		.uleb128 0x9
 353 0180 96040000 		.4byte	.LASF30
 354 0184 00       		.byte	0
 355 0185 09       		.uleb128 0x9
 356 0186 40020000 		.4byte	.LASF31
 357 018a 01       		.byte	0x1
 358 018b 00       		.byte	0
 359 018c 05       		.uleb128 0x5
 360 018d B6010000 		.4byte	.LASF32
 361 0191 04       		.byte	0x4
 362 0192 8D02     		.2byte	0x28d
 363 0194 72010000 		.4byte	0x172
 364 0198 05       		.uleb128 0x5
 365 0199 33010000 		.4byte	.LASF33
 366 019d 04       		.byte	0x4
 367 019e 9002     		.2byte	0x290
 368 01a0 8C010000 		.4byte	0x18c
 369 01a4 06       		.uleb128 0x6
 370 01a5 0C       		.byte	0xc
 371 01a6 04       		.byte	0x4
 372 01a7 9402     		.2byte	0x294
 373 01a9 D3010000 		.4byte	0x1d3
 374 01ad 0A       		.uleb128 0xa
 375 01ae 6300     		.ascii	"c\000"
 376 01b0 04       		.byte	0x4
 377 01b1 9602     		.2byte	0x296
 378 01b3 F9000000 		.4byte	0xf9
 379 01b7 00       		.byte	0
 380 01b8 07       		.uleb128 0x7
 381 01b9 D1040000 		.4byte	.LASF34
 382 01bd 04       		.byte	0x4
 383 01be 9802     		.2byte	0x298
 384 01c0 ED000000 		.4byte	0xed
 385 01c4 04       		.byte	0x4
 386 01c5 07       		.uleb128 0x7
 387 01c6 2F000000 		.4byte	.LASF35
 388 01ca 04       		.byte	0x4
 389 01cb 9A02     		.2byte	0x29a
 390 01cd 98010000 		.4byte	0x198
 391 01d1 08       		.byte	0x8
 392 01d2 00       		.byte	0
 393 01d3 05       		.uleb128 0x5
 394 01d4 A8030000 		.4byte	.LASF36
 395 01d8 04       		.byte	0x4
 396 01d9 9B02     		.2byte	0x29b
 397 01db A4010000 		.4byte	0x1a4
 398 01df 06       		.uleb128 0x6
 399 01e0 10       		.byte	0x10
ARM GAS  C:\Users\schmi\AppData\Local\Temp\cc5z4Q8J.s 			page 10


 400 01e1 04       		.byte	0x4
 401 01e2 9F02     		.2byte	0x29f
 402 01e4 1D020000 		.4byte	0x21d
 403 01e8 07       		.uleb128 0x7
 404 01e9 9F040000 		.4byte	.LASF37
 405 01ed 04       		.byte	0x4
 406 01ee A002     		.2byte	0x2a0
 407 01f0 BF000000 		.4byte	0xbf
 408 01f4 00       		.byte	0
 409 01f5 07       		.uleb128 0x7
 410 01f6 EB040000 		.4byte	.LASF38
 411 01fa 04       		.byte	0x4
 412 01fb A102     		.2byte	0x2a1
 413 01fd E1000000 		.4byte	0xe1
 414 0201 04       		.byte	0x4
 415 0202 07       		.uleb128 0x7
 416 0203 97000000 		.4byte	.LASF39
 417 0207 04       		.byte	0x4
 418 0208 A202     		.2byte	0x2a2
 419 020a E1000000 		.4byte	0xe1
 420 020e 08       		.byte	0x8
 421 020f 07       		.uleb128 0x7
 422 0210 FF040000 		.4byte	.LASF40
 423 0214 04       		.byte	0x4
 424 0215 A302     		.2byte	0x2a3
 425 0217 ED000000 		.4byte	0xed
 426 021b 0C       		.byte	0xc
 427 021c 00       		.byte	0
 428 021d 05       		.uleb128 0x5
 429 021e 6A020000 		.4byte	.LASF41
 430 0222 04       		.byte	0x4
 431 0223 A402     		.2byte	0x2a4
 432 0225 DF010000 		.4byte	0x1df
 433 0229 0B       		.uleb128 0xb
 434 022a DA020000 		.4byte	.LASF72
 435 022e 01       		.byte	0x1
 436 022f 4A       		.byte	0x4a
 437 0230 CA000000 		.4byte	0xca
 438 0234 00000000 		.4byte	.LFB70
 439 0238 FC000000 		.4byte	.LFE70-.LFB70
 440 023c 01       		.uleb128 0x1
 441 023d 9C       		.byte	0x9c
 442 023e 69020000 		.4byte	0x269
 443 0242 0C       		.uleb128 0xc
 444 0243 7800     		.ascii	"x\000"
 445 0245 01       		.byte	0x1
 446 0246 4C       		.byte	0x4c
 447 0247 72000000 		.4byte	0x72
 448 024b 02       		.uleb128 0x2
 449 024c 91       		.byte	0x91
 450 024d 77       		.sleb128 -9
 451 024e 0D       		.uleb128 0xd
 452 024f 7F000000 		.4byte	.LASF42
 453 0253 01       		.byte	0x1
 454 0254 4D       		.byte	0x4d
 455 0255 CA000000 		.4byte	0xca
 456 0259 02       		.uleb128 0x2
ARM GAS  C:\Users\schmi\AppData\Local\Temp\cc5z4Q8J.s 			page 11


 457 025a 91       		.byte	0x91
 458 025b 70       		.sleb128 -16
 459 025c 0C       		.uleb128 0xc
 460 025d 7900     		.ascii	"y\000"
 461 025f 01       		.byte	0x1
 462 0260 4E       		.byte	0x4e
 463 0261 A9000000 		.4byte	0xa9
 464 0265 02       		.uleb128 0x2
 465 0266 91       		.byte	0x91
 466 0267 6C       		.sleb128 -20
 467 0268 00       		.byte	0
 468 0269 0E       		.uleb128 0xe
 469 026a D5010000 		.4byte	.LASF43
 470 026e 05       		.byte	0x5
 471 026f 44       		.byte	0x44
 472 0270 9E000000 		.4byte	0x9e
 473 0274 0E       		.uleb128 0xe
 474 0275 73030000 		.4byte	.LASF44
 475 0279 06       		.byte	0x6
 476 027a 48       		.byte	0x48
 477 027b CA000000 		.4byte	0xca
 478 027f 0F       		.uleb128 0xf
 479 0280 96020000 		.4byte	0x296
 480 0284 8F020000 		.4byte	0x28f
 481 0288 10       		.uleb128 0x10
 482 0289 8F020000 		.4byte	0x28f
 483 028d 03       		.byte	0x3
 484 028e 00       		.byte	0
 485 028f 02       		.uleb128 0x2
 486 0290 04       		.byte	0x4
 487 0291 07       		.byte	0x7
 488 0292 8E000000 		.4byte	.LASF45
 489 0296 11       		.uleb128 0x11
 490 0297 9E000000 		.4byte	0x9e
 491 029b 0E       		.uleb128 0xe
 492 029c 53010000 		.4byte	.LASF46
 493 02a0 04       		.byte	0x4
 494 02a1 B2       		.byte	0xb2
 495 02a2 A6020000 		.4byte	0x2a6
 496 02a6 11       		.uleb128 0x11
 497 02a7 7F020000 		.4byte	0x27f
 498 02ab 0E       		.uleb128 0xe
 499 02ac BD040000 		.4byte	.LASF47
 500 02b0 04       		.byte	0x4
 501 02b1 B3       		.byte	0xb3
 502 02b2 B6020000 		.4byte	0x2b6
 503 02b6 11       		.uleb128 0x11
 504 02b7 7F020000 		.4byte	0x27f
 505 02bb 0F       		.uleb128 0xf
 506 02bc 9E000000 		.4byte	0x9e
 507 02c0 CB020000 		.4byte	0x2cb
 508 02c4 10       		.uleb128 0x10
 509 02c5 8F020000 		.4byte	0x28f
 510 02c9 03       		.byte	0x3
 511 02ca 00       		.byte	0
 512 02cb 0E       		.uleb128 0xe
 513 02cc B0040000 		.4byte	.LASF48
ARM GAS  C:\Users\schmi\AppData\Local\Temp\cc5z4Q8J.s 			page 12


 514 02d0 04       		.byte	0x4
 515 02d1 CA       		.byte	0xca
 516 02d2 BB020000 		.4byte	0x2bb
 517 02d6 0F       		.uleb128 0xf
 518 02d7 CA000000 		.4byte	0xca
 519 02db E6020000 		.4byte	0x2e6
 520 02df 10       		.uleb128 0x10
 521 02e0 8F020000 		.4byte	0x28f
 522 02e4 03       		.byte	0x3
 523 02e5 00       		.byte	0
 524 02e6 0E       		.uleb128 0xe
 525 02e7 F4040000 		.4byte	.LASF49
 526 02eb 04       		.byte	0x4
 527 02ec D2       		.byte	0xd2
 528 02ed D6020000 		.4byte	0x2d6
 529 02f1 0E       		.uleb128 0xe
 530 02f2 67030000 		.4byte	.LASF50
 531 02f6 04       		.byte	0x4
 532 02f7 DA       		.byte	0xda
 533 02f8 BB020000 		.4byte	0x2bb
 534 02fc 0E       		.uleb128 0xe
 535 02fd 6C040000 		.4byte	.LASF51
 536 0301 04       		.byte	0x4
 537 0302 E2       		.byte	0xe2
 538 0303 CA000000 		.4byte	0xca
 539 0307 0E       		.uleb128 0xe
 540 0308 B9020000 		.4byte	.LASF52
 541 030c 04       		.byte	0x4
 542 030d F7       		.byte	0xf7
 543 030e 9E000000 		.4byte	0x9e
 544 0312 0F       		.uleb128 0xf
 545 0313 A9000000 		.4byte	0xa9
 546 0317 22030000 		.4byte	0x322
 547 031b 10       		.uleb128 0x10
 548 031c 8F020000 		.4byte	0x28f
 549 0320 0F       		.byte	0xf
 550 0321 00       		.byte	0
 551 0322 12       		.uleb128 0x12
 552 0323 64010000 		.4byte	.LASF53
 553 0327 04       		.byte	0x4
 554 0328 2501     		.2byte	0x125
 555 032a 12030000 		.4byte	0x312
 556 032e 12       		.uleb128 0x12
 557 032f D9040000 		.4byte	.LASF54
 558 0333 04       		.byte	0x4
 559 0334 2601     		.2byte	0x126
 560 0336 12030000 		.4byte	0x312
 561 033a 0F       		.uleb128 0xf
 562 033b A9000000 		.4byte	0xa9
 563 033f 4A030000 		.4byte	0x34a
 564 0343 10       		.uleb128 0x10
 565 0344 8F020000 		.4byte	0x28f
 566 0348 03       		.byte	0x3
 567 0349 00       		.byte	0
 568 034a 12       		.uleb128 0x12
 569 034b 9F020000 		.4byte	.LASF55
 570 034f 04       		.byte	0x4
ARM GAS  C:\Users\schmi\AppData\Local\Temp\cc5z4Q8J.s 			page 13


 571 0350 2C01     		.2byte	0x12c
 572 0352 3A030000 		.4byte	0x33a
 573 0356 12       		.uleb128 0x12
 574 0357 78040000 		.4byte	.LASF56
 575 035b 04       		.byte	0x4
 576 035c 3C01     		.2byte	0x13c
 577 035e D6020000 		.4byte	0x2d6
 578 0362 12       		.uleb128 0x12
 579 0363 88040000 		.4byte	.LASF57
 580 0367 04       		.byte	0x4
 581 0368 3F01     		.2byte	0x13f
 582 036a D5000000 		.4byte	0xd5
 583 036e 12       		.uleb128 0x12
 584 036f 61000000 		.4byte	.LASF58
 585 0373 04       		.byte	0x4
 586 0374 4101     		.2byte	0x141
 587 0376 A9000000 		.4byte	0xa9
 588 037a 12       		.uleb128 0x12
 589 037b 6C000000 		.4byte	.LASF59
 590 037f 04       		.byte	0x4
 591 0380 5C01     		.2byte	0x15c
 592 0382 BB020000 		.4byte	0x2bb
 593 0386 0F       		.uleb128 0xf
 594 0387 BF000000 		.4byte	0xbf
 595 038b 96030000 		.4byte	0x396
 596 038f 10       		.uleb128 0x10
 597 0390 8F020000 		.4byte	0x28f
 598 0394 03       		.byte	0x3
 599 0395 00       		.byte	0
 600 0396 12       		.uleb128 0x12
 601 0397 8C010000 		.4byte	.LASF60
 602 039b 04       		.byte	0x4
 603 039c 6701     		.2byte	0x167
 604 039e 86030000 		.4byte	0x386
 605 03a2 0F       		.uleb128 0xf
 606 03a3 B2030000 		.4byte	0x3b2
 607 03a7 B2030000 		.4byte	0x3b2
 608 03ab 10       		.uleb128 0x10
 609 03ac 8F020000 		.4byte	0x28f
 610 03b0 00       		.byte	0
 611 03b1 00       		.byte	0
 612 03b2 11       		.uleb128 0x11
 613 03b3 36010000 		.4byte	0x136
 614 03b7 12       		.uleb128 0x12
 615 03b8 F9020000 		.4byte	.LASF61
 616 03bc 04       		.byte	0x4
 617 03bd CA02     		.2byte	0x2ca
 618 03bf C3030000 		.4byte	0x3c3
 619 03c3 11       		.uleb128 0x11
 620 03c4 A2030000 		.4byte	0x3a2
 621 03c8 0F       		.uleb128 0xf
 622 03c9 D8030000 		.4byte	0x3d8
 623 03cd D8030000 		.4byte	0x3d8
 624 03d1 10       		.uleb128 0x10
 625 03d2 8F020000 		.4byte	0x28f
 626 03d6 00       		.byte	0
 627 03d7 00       		.byte	0
ARM GAS  C:\Users\schmi\AppData\Local\Temp\cc5z4Q8J.s 			page 14


 628 03d8 11       		.uleb128 0x11
 629 03d9 D3010000 		.4byte	0x1d3
 630 03dd 12       		.uleb128 0x12
 631 03de 9D010000 		.4byte	.LASF62
 632 03e2 04       		.byte	0x4
 633 03e3 DD02     		.2byte	0x2dd
 634 03e5 E9030000 		.4byte	0x3e9
 635 03e9 11       		.uleb128 0x11
 636 03ea C8030000 		.4byte	0x3c8
 637 03ee 0F       		.uleb128 0xf
 638 03ef 66010000 		.4byte	0x166
 639 03f3 FE030000 		.4byte	0x3fe
 640 03f7 10       		.uleb128 0x10
 641 03f8 8F020000 		.4byte	0x28f
 642 03fc 00       		.byte	0
 643 03fd 00       		.byte	0
 644 03fe 12       		.uleb128 0x12
 645 03ff 2C040000 		.4byte	.LASF63
 646 0403 04       		.byte	0x4
 647 0404 FB02     		.2byte	0x2fb
 648 0406 EE030000 		.4byte	0x3ee
 649 040a 0F       		.uleb128 0xf
 650 040b 1D020000 		.4byte	0x21d
 651 040f 1A040000 		.4byte	0x41a
 652 0413 10       		.uleb128 0x10
 653 0414 8F020000 		.4byte	0x28f
 654 0418 00       		.byte	0
 655 0419 00       		.byte	0
 656 041a 12       		.uleb128 0x12
 657 041b 16030000 		.4byte	.LASF64
 658 041f 04       		.byte	0x4
 659 0420 0403     		.2byte	0x304
 660 0422 0A040000 		.4byte	0x40a
 661 0426 0E       		.uleb128 0xe
 662 0427 34000000 		.4byte	.LASF65
 663 042b 07       		.byte	0x7
 664 042c 40       		.byte	0x40
 665 042d 9E000000 		.4byte	0x9e
 666 0431 0E       		.uleb128 0xe
 667 0432 17020000 		.4byte	.LASF66
 668 0436 07       		.byte	0x7
 669 0437 47       		.byte	0x47
 670 0438 B4000000 		.4byte	0xb4
 671 043c 0E       		.uleb128 0xe
 672 043d 3B040000 		.4byte	.LASF67
 673 0441 07       		.byte	0x7
 674 0442 4A       		.byte	0x4a
 675 0443 9E000000 		.4byte	0x9e
 676 0447 0F       		.uleb128 0xf
 677 0448 57040000 		.4byte	0x457
 678 044c 57040000 		.4byte	0x457
 679 0450 10       		.uleb128 0x10
 680 0451 8F020000 		.4byte	0x28f
 681 0455 FF       		.byte	0xff
 682 0456 00       		.byte	0
 683 0457 11       		.uleb128 0x11
 684 0458 72000000 		.4byte	0x72
ARM GAS  C:\Users\schmi\AppData\Local\Temp\cc5z4Q8J.s 			page 15


 685 045c 12       		.uleb128 0x12
 686 045d 04050000 		.4byte	.LASF68
 687 0461 08       		.byte	0x8
 688 0462 AB01     		.2byte	0x1ab
 689 0464 68040000 		.4byte	0x468
 690 0468 11       		.uleb128 0x11
 691 0469 47040000 		.4byte	0x447
 692 046d 00       		.byte	0
 693              		.section	.debug_abbrev,"",%progbits
 694              	.Ldebug_abbrev0:
 695 0000 01       		.uleb128 0x1
 696 0001 11       		.uleb128 0x11
 697 0002 01       		.byte	0x1
 698 0003 25       		.uleb128 0x25
 699 0004 0E       		.uleb128 0xe
 700 0005 13       		.uleb128 0x13
 701 0006 0B       		.uleb128 0xb
 702 0007 03       		.uleb128 0x3
 703 0008 0E       		.uleb128 0xe
 704 0009 1B       		.uleb128 0x1b
 705 000a 0E       		.uleb128 0xe
 706 000b 55       		.uleb128 0x55
 707 000c 17       		.uleb128 0x17
 708 000d 11       		.uleb128 0x11
 709 000e 01       		.uleb128 0x1
 710 000f 10       		.uleb128 0x10
 711 0010 17       		.uleb128 0x17
 712 0011 00       		.byte	0
 713 0012 00       		.byte	0
 714 0013 02       		.uleb128 0x2
 715 0014 24       		.uleb128 0x24
 716 0015 00       		.byte	0
 717 0016 0B       		.uleb128 0xb
 718 0017 0B       		.uleb128 0xb
 719 0018 3E       		.uleb128 0x3e
 720 0019 0B       		.uleb128 0xb
 721 001a 03       		.uleb128 0x3
 722 001b 0E       		.uleb128 0xe
 723 001c 00       		.byte	0
 724 001d 00       		.byte	0
 725 001e 03       		.uleb128 0x3
 726 001f 24       		.uleb128 0x24
 727 0020 00       		.byte	0
 728 0021 0B       		.uleb128 0xb
 729 0022 0B       		.uleb128 0xb
 730 0023 3E       		.uleb128 0x3e
 731 0024 0B       		.uleb128 0xb
 732 0025 03       		.uleb128 0x3
 733 0026 08       		.uleb128 0x8
 734 0027 00       		.byte	0
 735 0028 00       		.byte	0
 736 0029 04       		.uleb128 0x4
 737 002a 16       		.uleb128 0x16
 738 002b 00       		.byte	0
 739 002c 03       		.uleb128 0x3
 740 002d 0E       		.uleb128 0xe
 741 002e 3A       		.uleb128 0x3a
ARM GAS  C:\Users\schmi\AppData\Local\Temp\cc5z4Q8J.s 			page 16


 742 002f 0B       		.uleb128 0xb
 743 0030 3B       		.uleb128 0x3b
 744 0031 0B       		.uleb128 0xb
 745 0032 49       		.uleb128 0x49
 746 0033 13       		.uleb128 0x13
 747 0034 00       		.byte	0
 748 0035 00       		.byte	0
 749 0036 05       		.uleb128 0x5
 750 0037 16       		.uleb128 0x16
 751 0038 00       		.byte	0
 752 0039 03       		.uleb128 0x3
 753 003a 0E       		.uleb128 0xe
 754 003b 3A       		.uleb128 0x3a
 755 003c 0B       		.uleb128 0xb
 756 003d 3B       		.uleb128 0x3b
 757 003e 05       		.uleb128 0x5
 758 003f 49       		.uleb128 0x49
 759 0040 13       		.uleb128 0x13
 760 0041 00       		.byte	0
 761 0042 00       		.byte	0
 762 0043 06       		.uleb128 0x6
 763 0044 13       		.uleb128 0x13
 764 0045 01       		.byte	0x1
 765 0046 0B       		.uleb128 0xb
 766 0047 0B       		.uleb128 0xb
 767 0048 3A       		.uleb128 0x3a
 768 0049 0B       		.uleb128 0xb
 769 004a 3B       		.uleb128 0x3b
 770 004b 05       		.uleb128 0x5
 771 004c 01       		.uleb128 0x1
 772 004d 13       		.uleb128 0x13
 773 004e 00       		.byte	0
 774 004f 00       		.byte	0
 775 0050 07       		.uleb128 0x7
 776 0051 0D       		.uleb128 0xd
 777 0052 00       		.byte	0
 778 0053 03       		.uleb128 0x3
 779 0054 0E       		.uleb128 0xe
 780 0055 3A       		.uleb128 0x3a
 781 0056 0B       		.uleb128 0xb
 782 0057 3B       		.uleb128 0x3b
 783 0058 05       		.uleb128 0x5
 784 0059 49       		.uleb128 0x49
 785 005a 13       		.uleb128 0x13
 786 005b 38       		.uleb128 0x38
 787 005c 0B       		.uleb128 0xb
 788 005d 00       		.byte	0
 789 005e 00       		.byte	0
 790 005f 08       		.uleb128 0x8
 791 0060 04       		.uleb128 0x4
 792 0061 01       		.byte	0x1
 793 0062 0B       		.uleb128 0xb
 794 0063 0B       		.uleb128 0xb
 795 0064 49       		.uleb128 0x49
 796 0065 13       		.uleb128 0x13
 797 0066 3A       		.uleb128 0x3a
 798 0067 0B       		.uleb128 0xb
ARM GAS  C:\Users\schmi\AppData\Local\Temp\cc5z4Q8J.s 			page 17


 799 0068 3B       		.uleb128 0x3b
 800 0069 05       		.uleb128 0x5
 801 006a 01       		.uleb128 0x1
 802 006b 13       		.uleb128 0x13
 803 006c 00       		.byte	0
 804 006d 00       		.byte	0
 805 006e 09       		.uleb128 0x9
 806 006f 28       		.uleb128 0x28
 807 0070 00       		.byte	0
 808 0071 03       		.uleb128 0x3
 809 0072 0E       		.uleb128 0xe
 810 0073 1C       		.uleb128 0x1c
 811 0074 0B       		.uleb128 0xb
 812 0075 00       		.byte	0
 813 0076 00       		.byte	0
 814 0077 0A       		.uleb128 0xa
 815 0078 0D       		.uleb128 0xd
 816 0079 00       		.byte	0
 817 007a 03       		.uleb128 0x3
 818 007b 08       		.uleb128 0x8
 819 007c 3A       		.uleb128 0x3a
 820 007d 0B       		.uleb128 0xb
 821 007e 3B       		.uleb128 0x3b
 822 007f 05       		.uleb128 0x5
 823 0080 49       		.uleb128 0x49
 824 0081 13       		.uleb128 0x13
 825 0082 38       		.uleb128 0x38
 826 0083 0B       		.uleb128 0xb
 827 0084 00       		.byte	0
 828 0085 00       		.byte	0
 829 0086 0B       		.uleb128 0xb
 830 0087 2E       		.uleb128 0x2e
 831 0088 01       		.byte	0x1
 832 0089 3F       		.uleb128 0x3f
 833 008a 19       		.uleb128 0x19
 834 008b 03       		.uleb128 0x3
 835 008c 0E       		.uleb128 0xe
 836 008d 3A       		.uleb128 0x3a
 837 008e 0B       		.uleb128 0xb
 838 008f 3B       		.uleb128 0x3b
 839 0090 0B       		.uleb128 0xb
 840 0091 27       		.uleb128 0x27
 841 0092 19       		.uleb128 0x19
 842 0093 49       		.uleb128 0x49
 843 0094 13       		.uleb128 0x13
 844 0095 11       		.uleb128 0x11
 845 0096 01       		.uleb128 0x1
 846 0097 12       		.uleb128 0x12
 847 0098 06       		.uleb128 0x6
 848 0099 40       		.uleb128 0x40
 849 009a 18       		.uleb128 0x18
 850 009b 9742     		.uleb128 0x2117
 851 009d 19       		.uleb128 0x19
 852 009e 01       		.uleb128 0x1
 853 009f 13       		.uleb128 0x13
 854 00a0 00       		.byte	0
 855 00a1 00       		.byte	0
ARM GAS  C:\Users\schmi\AppData\Local\Temp\cc5z4Q8J.s 			page 18


 856 00a2 0C       		.uleb128 0xc
 857 00a3 34       		.uleb128 0x34
 858 00a4 00       		.byte	0
 859 00a5 03       		.uleb128 0x3
 860 00a6 08       		.uleb128 0x8
 861 00a7 3A       		.uleb128 0x3a
 862 00a8 0B       		.uleb128 0xb
 863 00a9 3B       		.uleb128 0x3b
 864 00aa 0B       		.uleb128 0xb
 865 00ab 49       		.uleb128 0x49
 866 00ac 13       		.uleb128 0x13
 867 00ad 02       		.uleb128 0x2
 868 00ae 18       		.uleb128 0x18
 869 00af 00       		.byte	0
 870 00b0 00       		.byte	0
 871 00b1 0D       		.uleb128 0xd
 872 00b2 34       		.uleb128 0x34
 873 00b3 00       		.byte	0
 874 00b4 03       		.uleb128 0x3
 875 00b5 0E       		.uleb128 0xe
 876 00b6 3A       		.uleb128 0x3a
 877 00b7 0B       		.uleb128 0xb
 878 00b8 3B       		.uleb128 0x3b
 879 00b9 0B       		.uleb128 0xb
 880 00ba 49       		.uleb128 0x49
 881 00bb 13       		.uleb128 0x13
 882 00bc 02       		.uleb128 0x2
 883 00bd 18       		.uleb128 0x18
 884 00be 00       		.byte	0
 885 00bf 00       		.byte	0
 886 00c0 0E       		.uleb128 0xe
 887 00c1 34       		.uleb128 0x34
 888 00c2 00       		.byte	0
 889 00c3 03       		.uleb128 0x3
 890 00c4 0E       		.uleb128 0xe
 891 00c5 3A       		.uleb128 0x3a
 892 00c6 0B       		.uleb128 0xb
 893 00c7 3B       		.uleb128 0x3b
 894 00c8 0B       		.uleb128 0xb
 895 00c9 49       		.uleb128 0x49
 896 00ca 13       		.uleb128 0x13
 897 00cb 3F       		.uleb128 0x3f
 898 00cc 19       		.uleb128 0x19
 899 00cd 3C       		.uleb128 0x3c
 900 00ce 19       		.uleb128 0x19
 901 00cf 00       		.byte	0
 902 00d0 00       		.byte	0
 903 00d1 0F       		.uleb128 0xf
 904 00d2 01       		.uleb128 0x1
 905 00d3 01       		.byte	0x1
 906 00d4 49       		.uleb128 0x49
 907 00d5 13       		.uleb128 0x13
 908 00d6 01       		.uleb128 0x1
 909 00d7 13       		.uleb128 0x13
 910 00d8 00       		.byte	0
 911 00d9 00       		.byte	0
 912 00da 10       		.uleb128 0x10
ARM GAS  C:\Users\schmi\AppData\Local\Temp\cc5z4Q8J.s 			page 19


 913 00db 21       		.uleb128 0x21
 914 00dc 00       		.byte	0
 915 00dd 49       		.uleb128 0x49
 916 00de 13       		.uleb128 0x13
 917 00df 2F       		.uleb128 0x2f
 918 00e0 0B       		.uleb128 0xb
 919 00e1 00       		.byte	0
 920 00e2 00       		.byte	0
 921 00e3 11       		.uleb128 0x11
 922 00e4 26       		.uleb128 0x26
 923 00e5 00       		.byte	0
 924 00e6 49       		.uleb128 0x49
 925 00e7 13       		.uleb128 0x13
 926 00e8 00       		.byte	0
 927 00e9 00       		.byte	0
 928 00ea 12       		.uleb128 0x12
 929 00eb 34       		.uleb128 0x34
 930 00ec 00       		.byte	0
 931 00ed 03       		.uleb128 0x3
 932 00ee 0E       		.uleb128 0xe
 933 00ef 3A       		.uleb128 0x3a
 934 00f0 0B       		.uleb128 0xb
 935 00f1 3B       		.uleb128 0x3b
 936 00f2 05       		.uleb128 0x5
 937 00f3 49       		.uleb128 0x49
 938 00f4 13       		.uleb128 0x13
 939 00f5 3F       		.uleb128 0x3f
 940 00f6 19       		.uleb128 0x19
 941 00f7 3C       		.uleb128 0x3c
 942 00f8 19       		.uleb128 0x19
 943 00f9 00       		.byte	0
 944 00fa 00       		.byte	0
 945 00fb 00       		.byte	0
 946              		.section	.debug_aranges,"",%progbits
 947 0000 1C000000 		.4byte	0x1c
 948 0004 0200     		.2byte	0x2
 949 0006 00000000 		.4byte	.Ldebug_info0
 950 000a 04       		.byte	0x4
 951 000b 00       		.byte	0
 952 000c 0000     		.2byte	0
 953 000e 0000     		.2byte	0
 954 0010 00000000 		.4byte	.LFB70
 955 0014 FC000000 		.4byte	.LFE70-.LFB70
 956 0018 00000000 		.4byte	0
 957 001c 00000000 		.4byte	0
 958              		.section	.debug_ranges,"",%progbits
 959              	.Ldebug_ranges0:
 960 0000 00000000 		.4byte	.LFB70
 961 0004 FC000000 		.4byte	.LFE70
 962 0008 00000000 		.4byte	0
 963 000c 00000000 		.4byte	0
 964              		.section	.debug_line,"",%progbits
 965              	.Ldebug_line0:
 966 0000 59010000 		.section	.debug_str,"MS",%progbits,1
 966      02003101 
 966      00000201 
 966      FB0E0D00 
ARM GAS  C:\Users\schmi\AppData\Local\Temp\cc5z4Q8J.s 			page 20


 966      01010101 
 967              	.LASF70:
 968 0000 47656E65 		.ascii	"Generated_Source\\PSoC5\\ErikaOS_1_ee_rq_exchg.c\000"
 968      72617465 
 968      645F536F 
 968      75726365 
 968      5C50536F 
 969              	.LASF35:
 970 002f 6B696E64 		.ascii	"kind\000"
 970      00
 971              	.LASF65:
 972 0034 45455F6F 		.ascii	"EE_oo_IRQ_disable_count\000"
 972      6F5F4952 
 972      515F6469 
 972      7361626C 
 972      655F636F 
 973              	.LASF14:
 974 004c 45455F55 		.ascii	"EE_UREG\000"
 974      52454700 
 975              	.LASF24:
 976 0054 7469636B 		.ascii	"ticksperbase\000"
 976      73706572 
 976      62617365 
 976      00
 977              	.LASF58:
 978 0061 45455F72 		.ascii	"EE_rq_free\000"
 978      715F6672 
 978      656500
 979              	.LASF59:
 980 006c 45455F74 		.ascii	"EE_th_event_active\000"
 980      685F6576 
 980      656E745F 
 980      61637469 
 980      766500
 981              	.LASF42:
 982 007f 74656D70 		.ascii	"temp\000"
 982      00
 983              	.LASF2:
 984 0084 73686F72 		.ascii	"short int\000"
 984      7420696E 
 984      7400
 985              	.LASF45:
 986 008e 73697A65 		.ascii	"sizetype\000"
 986      74797065 
 986      00
 987              	.LASF39:
 988 0097 64656C74 		.ascii	"delta\000"
 988      6100
 989              	.LASF69:
 990 009d 474E5520 		.ascii	"GNU C11 5.4.1 20160609 (release) [ARM/embedded-5-br"
 990      43313120 
 990      352E342E 
 990      31203230 
 990      31363036 
 991 00d0 616E6368 		.ascii	"anch revision 237715] -mcpu=cortex-m3 -mthumb -g -O"
 991      20726576 
 991      6973696F 
ARM GAS  C:\Users\schmi\AppData\Local\Temp\cc5z4Q8J.s 			page 21


 991      6E203233 
 991      37373135 
 992 0103 30202D66 		.ascii	"0 -ffunction-sections -ffat-lto-objects\000"
 992      66756E63 
 992      74696F6E 
 992      2D736563 
 992      74696F6E 
 993              	.LASF16:
 994 012b 45455F46 		.ascii	"EE_FREG\000"
 994      52454700 
 995              	.LASF33:
 996 0133 436F756E 		.ascii	"CounterObjectKindType\000"
 996      7465724F 
 996      626A6563 
 996      744B696E 
 996      64547970 
 997              	.LASF13:
 998 0149 45455F55 		.ascii	"EE_UINT32\000"
 998      494E5433 
 998      3200
 999              	.LASF46:
 1000 0153 45455F74 		.ascii	"EE_th_ready_prio\000"
 1000      685F7265 
 1000      6164795F 
 1000      7072696F 
 1000      00
 1001              	.LASF53:
 1002 0164 45455F72 		.ascii	"EE_rq_queues_head\000"
 1002      715F7175 
 1002      65756573 
 1002      5F686561 
 1002      6400
 1003              	.LASF18:
 1004 0176 45455F54 		.ascii	"EE_TID\000"
 1004      494400
 1005              	.LASF25:
 1006 017d 6D696E63 		.ascii	"mincycle\000"
 1006      79636C65 
 1006      00
 1007              	.LASF27:
 1008 0186 76616C75 		.ascii	"value\000"
 1008      6500
 1009              	.LASF60:
 1010 018c 45455F74 		.ascii	"EE_th_waswaiting\000"
 1010      685F7761 
 1010      73776169 
 1010      74696E67 
 1010      00
 1011              	.LASF62:
 1012 019d 45455F6F 		.ascii	"EE_oo_counter_object_ROM\000"
 1012      6F5F636F 
 1012      756E7465 
 1012      725F6F62 
 1012      6A656374 
 1013              	.LASF32:
 1014 01b6 45455F6F 		.ascii	"EE_oo_counter_object_kind_type\000"
 1014      6F5F636F 
ARM GAS  C:\Users\schmi\AppData\Local\Temp\cc5z4Q8J.s 			page 22


 1014      756E7465 
 1014      725F6F62 
 1014      6A656374 
 1015              	.LASF43:
 1016 01d5 45455F49 		.ascii	"EE_IRQ_nesting_level\000"
 1016      52515F6E 
 1016      65737469 
 1016      6E675F6C 
 1016      6576656C 
 1017              	.LASF29:
 1018 01ea 45455F6F 		.ascii	"EE_oo_counter_RAM_type\000"
 1018      6F5F636F 
 1018      756E7465 
 1018      725F5241 
 1018      4D5F7479 
 1019              	.LASF6:
 1020 0201 6C6F6E67 		.ascii	"long long int\000"
 1020      206C6F6E 
 1020      6720696E 
 1020      7400
 1021              	.LASF10:
 1022 020f 45455F49 		.ascii	"EE_INT8\000"
 1022      4E543800 
 1023              	.LASF66:
 1024 0217 45455F6F 		.ascii	"EE_oo_IRQ_suspend_status\000"
 1024      6F5F4952 
 1024      515F7375 
 1024      7370656E 
 1024      645F7374 
 1025              	.LASF19:
 1026 0230 45455F54 		.ascii	"EE_TYPE_RQ_MASK\000"
 1026      5950455F 
 1026      52515F4D 
 1026      41534B00 
 1027              	.LASF31:
 1028 0240 45455F53 		.ascii	"EE_SCHEDULETABLE\000"
 1028      43484544 
 1028      554C4554 
 1028      41424C45 
 1028      00
 1029              	.LASF4:
 1030 0251 6C6F6E67 		.ascii	"long int\000"
 1030      20696E74 
 1030      00
 1031              	.LASF23:
 1032 025a 6D617861 		.ascii	"maxallowedvalue\000"
 1032      6C6C6F77 
 1032      65647661 
 1032      6C756500 
 1033              	.LASF41:
 1034 026a 45455F6F 		.ascii	"EE_oo_counter_object_RAM_type\000"
 1034      6F5F636F 
 1034      756E7465 
 1034      725F6F62 
 1034      6A656374 
 1035              	.LASF26:
 1036 0288 45455F6F 		.ascii	"EE_oo_counter_ROM_type\000"
ARM GAS  C:\Users\schmi\AppData\Local\Temp\cc5z4Q8J.s 			page 23


 1036      6F5F636F 
 1036      756E7465 
 1036      725F524F 
 1036      4D5F7479 
 1037              	.LASF55:
 1038 029f 45455F72 		.ascii	"EE_rq_pairs_next\000"
 1038      715F7061 
 1038      6972735F 
 1038      6E657874 
 1038      00
 1039              	.LASF20:
 1040 02b0 5469636B 		.ascii	"TickType\000"
 1040      54797065 
 1040      00
 1041              	.LASF52:
 1042 02b9 45455F73 		.ascii	"EE_sys_ceiling\000"
 1042      79735F63 
 1042      65696C69 
 1042      6E6700
 1043              	.LASF21:
 1044 02c8 436F756E 		.ascii	"CounterObjectType\000"
 1044      7465724F 
 1044      626A6563 
 1044      74547970 
 1044      6500
 1045              	.LASF72:
 1046 02da 45455F72 		.ascii	"EE_rq2stk_exchange\000"
 1046      71327374 
 1046      6B5F6578 
 1046      6368616E 
 1046      676500
 1047              	.LASF9:
 1048 02ed 6C6F6E67 		.ascii	"long double\000"
 1048      20646F75 
 1048      626C6500 
 1049              	.LASF61:
 1050 02f9 45455F63 		.ascii	"EE_counter_ROM\000"
 1050      6F756E74 
 1050      65725F52 
 1050      4F4D00
 1051              	.LASF1:
 1052 0308 756E7369 		.ascii	"unsigned char\000"
 1052      676E6564 
 1052      20636861 
 1052      7200
 1053              	.LASF64:
 1054 0316 45455F6F 		.ascii	"EE_oo_counter_object_RAM\000"
 1054      6F5F636F 
 1054      756E7465 
 1054      725F6F62 
 1054      6A656374 
 1055              	.LASF15:
 1056 032f 45455F53 		.ascii	"EE_SREG\000"
 1056      52454700 
 1057              	.LASF0:
 1058 0337 7369676E 		.ascii	"signed char\000"
 1058      65642063 
ARM GAS  C:\Users\schmi\AppData\Local\Temp\cc5z4Q8J.s 			page 24


 1058      68617200 
 1059              	.LASF7:
 1060 0343 6C6F6E67 		.ascii	"long long unsigned int\000"
 1060      206C6F6E 
 1060      6720756E 
 1060      7369676E 
 1060      65642069 
 1061              	.LASF8:
 1062 035a 756E7369 		.ascii	"unsigned int\000"
 1062      676E6564 
 1062      20696E74 
 1062      00
 1063              	.LASF50:
 1064 0367 45455F74 		.ascii	"EE_th_rnact\000"
 1064      685F726E 
 1064      61637400 
 1065              	.LASF44:
 1066 0373 45455F73 		.ascii	"EE_std_endcycle_next_tid\000"
 1066      74645F65 
 1066      6E646379 
 1066      636C655F 
 1066      6E657874 
 1067              	.LASF12:
 1068 038c 45455F49 		.ascii	"EE_INT32\000"
 1068      4E543332 
 1068      00
 1069              	.LASF3:
 1070 0395 73686F72 		.ascii	"short unsigned int\000"
 1070      7420756E 
 1070      7369676E 
 1070      65642069 
 1070      6E7400
 1071              	.LASF36:
 1072 03a8 45455F6F 		.ascii	"EE_oo_counter_object_ROM_type\000"
 1072      6F5F636F 
 1072      756E7465 
 1072      725F6F62 
 1072      6A656374 
 1073              	.LASF71:
 1074 03c6 433A5C55 		.ascii	"C:\\Users\\schmi\\OneDrive\\Dokumente\\PSoC Creator"
 1074      73657273 
 1074      5C736368 
 1074      6D695C4F 
 1074      6E654472 
 1075 03f4 5C4A736F 		.ascii	"\\JsonParserLAB3\\holidayProject\\setUpEnv.cydsn\000"
 1075      6E506172 
 1075      7365724C 
 1075      4142335C 
 1075      686F6C69 
 1076              	.LASF11:
 1077 0422 45455F55 		.ascii	"EE_UINT16\000"
 1077      494E5431 
 1077      3600
 1078              	.LASF63:
 1079 042c 45455F63 		.ascii	"EE_counter_RAM\000"
 1079      6F756E74 
 1079      65725F52 
ARM GAS  C:\Users\schmi\AppData\Local\Temp\cc5z4Q8J.s 			page 25


 1079      414D00
 1080              	.LASF67:
 1081 043b 45455F41 		.ascii	"EE_ApplicationMode\000"
 1081      70706C69 
 1081      63617469 
 1081      6F6E4D6F 
 1081      646500
 1082              	.LASF5:
 1083 044e 6C6F6E67 		.ascii	"long unsigned int\000"
 1083      20756E73 
 1083      69676E65 
 1083      6420696E 
 1083      7400
 1084              	.LASF17:
 1085 0460 45455F54 		.ascii	"EE_TYPEBOOL\000"
 1085      59504542 
 1085      4F4F4C00 
 1086              	.LASF51:
 1087 046c 45455F73 		.ascii	"EE_stkfirst\000"
 1087      746B6669 
 1087      72737400 
 1088              	.LASF56:
 1089 0478 45455F72 		.ascii	"EE_rq_pairs_tid\000"
 1089      715F7061 
 1089      6972735F 
 1089      74696400 
 1090              	.LASF57:
 1091 0488 45455F72 		.ascii	"EE_rq_bitmask\000"
 1091      715F6269 
 1091      746D6173 
 1091      6B00
 1092              	.LASF30:
 1093 0496 45455F41 		.ascii	"EE_ALARM\000"
 1093      4C41524D 
 1093      00
 1094              	.LASF37:
 1095 049f 75736564 		.ascii	"used\000"
 1095      00
 1096              	.LASF22:
 1097 04a4 436F756E 		.ascii	"CounterType\000"
 1097      74657254 
 1097      79706500 
 1098              	.LASF48:
 1099 04b0 45455F74 		.ascii	"EE_th_status\000"
 1099      685F7374 
 1099      61747573 
 1099      00
 1100              	.LASF47:
 1101 04bd 45455F74 		.ascii	"EE_th_dispatch_prio\000"
 1101      685F6469 
 1101      73706174 
 1101      63685F70 
 1101      72696F00 
 1102              	.LASF34:
 1103 04d1 73706563 		.ascii	"spec_id\000"
 1103      5F696400 
 1104              	.LASF54:
ARM GAS  C:\Users\schmi\AppData\Local\Temp\cc5z4Q8J.s 			page 26


 1105 04d9 45455F72 		.ascii	"EE_rq_queues_tail\000"
 1105      715F7175 
 1105      65756573 
 1105      5F746169 
 1105      6C00
 1106              	.LASF38:
 1107 04eb 636E7463 		.ascii	"cntcycle\000"
 1107      79636C65 
 1107      00
 1108              	.LASF49:
 1109 04f4 45455F74 		.ascii	"EE_th_next\000"
 1109      685F6E65 
 1109      787400
 1110              	.LASF40:
 1111 04ff 6E657874 		.ascii	"next\000"
 1111      00
 1112              	.LASF68:
 1113 0504 45455F72 		.ascii	"EE_rq_lookup\000"
 1113      715F6C6F 
 1113      6F6B7570 
 1113      00
 1114              	.LASF28:
 1115 0511 66697273 		.ascii	"first\000"
 1115      7400
 1116              		.ident	"GCC: (GNU Tools for ARM Embedded Processors) 5.4.1 20160609 (release) [ARM/embedded-5-bran
