ARM GAS  C:\Users\schmi\AppData\Local\Temp\ccNAPmbS.s 			page 1


   1              		.syntax unified
   2              		.cpu cortex-m3
   3              		.fpu softvfp
   4              		.eabi_attribute 20, 1
   5              		.eabi_attribute 21, 1
   6              		.eabi_attribute 23, 3
   7              		.eabi_attribute 24, 1
   8              		.eabi_attribute 25, 1
   9              		.eabi_attribute 26, 1
  10              		.eabi_attribute 30, 6
  11              		.eabi_attribute 34, 1
  12              		.eabi_attribute 18, 4
  13              		.thumb
  14              		.syntax unified
  15              		.file	"ErikaOS_1_ee_rq_first.c"
  16              		.text
  17              	.Ltext0:
  18              		.cfi_sections	.debug_frame
  19              		.section	.text.EE_rq_queryfirst,"ax",%progbits
  20              		.align	2
  21              		.global	EE_rq_queryfirst
  22              		.thumb
  23              		.thumb_func
  24              		.type	EE_rq_queryfirst, %function
  25              	EE_rq_queryfirst:
  26              	.LFB70:
  27              		.file 1 "Generated_Source\\PSoC5\\ErikaOS_1_ee_rq_first.c"
   1:Generated_Source\PSoC5/ErikaOS_1_ee_rq_first.c **** /* ###*B*###
   2:Generated_Source\PSoC5/ErikaOS_1_ee_rq_first.c ****  * ERIKA Enterprise - a tiny RTOS for small microcontrollers
   3:Generated_Source\PSoC5/ErikaOS_1_ee_rq_first.c ****  *
   4:Generated_Source\PSoC5/ErikaOS_1_ee_rq_first.c ****  * Copyright (C) 2002-2008  Evidence Srl
   5:Generated_Source\PSoC5/ErikaOS_1_ee_rq_first.c ****  *
   6:Generated_Source\PSoC5/ErikaOS_1_ee_rq_first.c ****  * This file is part of ERIKA Enterprise.
   7:Generated_Source\PSoC5/ErikaOS_1_ee_rq_first.c ****  *
   8:Generated_Source\PSoC5/ErikaOS_1_ee_rq_first.c ****  * ERIKA Enterprise is free software; you can redistribute it
   9:Generated_Source\PSoC5/ErikaOS_1_ee_rq_first.c ****  * and/or modify it under the terms of the GNU General Public License
  10:Generated_Source\PSoC5/ErikaOS_1_ee_rq_first.c ****  * version 2 as published by the Free Software Foundation, 
  11:Generated_Source\PSoC5/ErikaOS_1_ee_rq_first.c ****  * (with a special exception described below).
  12:Generated_Source\PSoC5/ErikaOS_1_ee_rq_first.c ****  *
  13:Generated_Source\PSoC5/ErikaOS_1_ee_rq_first.c ****  * Linking this code statically or dynamically with other modules is
  14:Generated_Source\PSoC5/ErikaOS_1_ee_rq_first.c ****  * making a combined work based on this code.  Thus, the terms and
  15:Generated_Source\PSoC5/ErikaOS_1_ee_rq_first.c ****  * conditions of the GNU General Public License cover the whole
  16:Generated_Source\PSoC5/ErikaOS_1_ee_rq_first.c ****  * combination.
  17:Generated_Source\PSoC5/ErikaOS_1_ee_rq_first.c ****  *
  18:Generated_Source\PSoC5/ErikaOS_1_ee_rq_first.c ****  * As a special exception, the copyright holders of this library give you
  19:Generated_Source\PSoC5/ErikaOS_1_ee_rq_first.c ****  * permission to link this code with independent modules to produce an
  20:Generated_Source\PSoC5/ErikaOS_1_ee_rq_first.c ****  * executable, regardless of the license terms of these independent
  21:Generated_Source\PSoC5/ErikaOS_1_ee_rq_first.c ****  * modules, and to copy and distribute the resulting executable under
  22:Generated_Source\PSoC5/ErikaOS_1_ee_rq_first.c ****  * terms of your choice, provided that you also meet, for each linked
  23:Generated_Source\PSoC5/ErikaOS_1_ee_rq_first.c ****  * independent module, the terms and conditions of the license of that
  24:Generated_Source\PSoC5/ErikaOS_1_ee_rq_first.c ****  * module.  An independent module is a module which is not derived from
  25:Generated_Source\PSoC5/ErikaOS_1_ee_rq_first.c ****  * or based on this library.  If you modify this code, you may extend
  26:Generated_Source\PSoC5/ErikaOS_1_ee_rq_first.c ****  * this exception to your version of the code, but you are not
  27:Generated_Source\PSoC5/ErikaOS_1_ee_rq_first.c ****  * obligated to do so.  If you do not wish to do so, delete this
  28:Generated_Source\PSoC5/ErikaOS_1_ee_rq_first.c ****  * exception statement from your version.
  29:Generated_Source\PSoC5/ErikaOS_1_ee_rq_first.c ****  *
  30:Generated_Source\PSoC5/ErikaOS_1_ee_rq_first.c ****  * ERIKA Enterprise is distributed in the hope that it will be
ARM GAS  C:\Users\schmi\AppData\Local\Temp\ccNAPmbS.s 			page 2


  31:Generated_Source\PSoC5/ErikaOS_1_ee_rq_first.c ****  * useful, but WITHOUT ANY WARRANTY; without even the implied warranty
  32:Generated_Source\PSoC5/ErikaOS_1_ee_rq_first.c ****  * of MERCHANTABILITY or FITNESS FOR A PARTICULAR PURPOSE.  See the
  33:Generated_Source\PSoC5/ErikaOS_1_ee_rq_first.c ****  * GNU General Public License version 2 for more details.
  34:Generated_Source\PSoC5/ErikaOS_1_ee_rq_first.c ****  *
  35:Generated_Source\PSoC5/ErikaOS_1_ee_rq_first.c ****  * You should have received a copy of the GNU General Public License
  36:Generated_Source\PSoC5/ErikaOS_1_ee_rq_first.c ****  * version 2 along with ERIKA Enterprise; if not, write to the
  37:Generated_Source\PSoC5/ErikaOS_1_ee_rq_first.c ****  * Free Software Foundation, Inc., 51 Franklin Street, Fifth Floor,
  38:Generated_Source\PSoC5/ErikaOS_1_ee_rq_first.c ****  * Boston, MA 02110-1301 USA.
  39:Generated_Source\PSoC5/ErikaOS_1_ee_rq_first.c ****  * ###*E*### */
  40:Generated_Source\PSoC5/ErikaOS_1_ee_rq_first.c **** 
  41:Generated_Source\PSoC5/ErikaOS_1_ee_rq_first.c **** /*
  42:Generated_Source\PSoC5/ErikaOS_1_ee_rq_first.c ****  * Author: 2002-2004 Paolo Gai
  43:Generated_Source\PSoC5/ErikaOS_1_ee_rq_first.c ****  * CVS: $Id: ee_rq_first.c,v 1.1 2005/07/16 12:23:42 pj Exp $
  44:Generated_Source\PSoC5/ErikaOS_1_ee_rq_first.c ****  */
  45:Generated_Source\PSoC5/ErikaOS_1_ee_rq_first.c **** 
  46:Generated_Source\PSoC5/ErikaOS_1_ee_rq_first.c **** /*
  47:Generated_Source\PSoC5/ErikaOS_1_ee_rq_first.c ****  * PSoC Port and API Generation
  48:Generated_Source\PSoC5/ErikaOS_1_ee_rq_first.c ****  * Carlos Fernando Meier Martinez
  49:Generated_Source\PSoC5/ErikaOS_1_ee_rq_first.c ****  * Hochschule Darmstadt, Germany. 2017.
  50:Generated_Source\PSoC5/ErikaOS_1_ee_rq_first.c ****  */
  51:Generated_Source\PSoC5/ErikaOS_1_ee_rq_first.c **** 
  52:Generated_Source\PSoC5/ErikaOS_1_ee_rq_first.c **** #include "ErikaOS_1_ee_internal.inc"
  53:Generated_Source\PSoC5/ErikaOS_1_ee_rq_first.c **** 
  54:Generated_Source\PSoC5/ErikaOS_1_ee_rq_first.c **** #ifndef __PRIVATE_RQ2STK_EXCHANGE__
  55:Generated_Source\PSoC5/ErikaOS_1_ee_rq_first.c **** 
  56:Generated_Source\PSoC5/ErikaOS_1_ee_rq_first.c **** #if defined(__OO_BCC2__) || defined(__OO_ECC2__)
  57:Generated_Source\PSoC5/ErikaOS_1_ee_rq_first.c **** EE_TID EE_rq_queryfirst(void)
  58:Generated_Source\PSoC5/ErikaOS_1_ee_rq_first.c **** {
  28              		.loc 1 58 0
  29              		.cfi_startproc
  30              		@ args = 0, pretend = 0, frame = 8
  31              		@ frame_needed = 1, uses_anonymous_args = 0
  32              		@ link register save eliminated.
  33 0000 80B4     		push	{r7}
  34              		.cfi_def_cfa_offset 4
  35              		.cfi_offset 7, -4
  36 0002 83B0     		sub	sp, sp, #12
  37              		.cfi_def_cfa_offset 16
  38 0004 00AF     		add	r7, sp, #0
  39              		.cfi_def_cfa_register 7
  59:Generated_Source\PSoC5/ErikaOS_1_ee_rq_first.c ****   EE_INT8 x;
  60:Generated_Source\PSoC5/ErikaOS_1_ee_rq_first.c **** 
  61:Generated_Source\PSoC5/ErikaOS_1_ee_rq_first.c **** #if defined(__OO_ECC2__)
  62:Generated_Source\PSoC5/ErikaOS_1_ee_rq_first.c ****   /* lookup at bits 15-9 */
  63:Generated_Source\PSoC5/ErikaOS_1_ee_rq_first.c ****   x = EE_rq_lookup[(EE_rq_bitmask & 0xFF00U) >> 8];
  40              		.loc 1 63 0
  41 0006 164B     		ldr	r3, .L6
  42 0008 1B88     		ldrh	r3, [r3]
  43 000a 1B0A     		lsrs	r3, r3, #8
  44 000c 9BB2     		uxth	r3, r3
  45 000e 1A46     		mov	r2, r3
  46 0010 144B     		ldr	r3, .L6+4
  47 0012 9B5C     		ldrb	r3, [r3, r2]
  48 0014 FB71     		strb	r3, [r7, #7]
  64:Generated_Source\PSoC5/ErikaOS_1_ee_rq_first.c ****   if (x == (EE_INT8)-1) {
  49              		.loc 1 64 0
  50 0016 97F90730 		ldrsb	r3, [r7, #7]
ARM GAS  C:\Users\schmi\AppData\Local\Temp\ccNAPmbS.s 			page 3


  51 001a B3F1FF3F 		cmp	r3, #-1
  52 001e 06D1     		bne	.L2
  65:Generated_Source\PSoC5/ErikaOS_1_ee_rq_first.c ****     x = EE_rq_lookup[EE_rq_bitmask];
  53              		.loc 1 65 0
  54 0020 0F4B     		ldr	r3, .L6
  55 0022 1B88     		ldrh	r3, [r3]
  56 0024 1A46     		mov	r2, r3
  57 0026 0F4B     		ldr	r3, .L6+4
  58 0028 9B5C     		ldrb	r3, [r3, r2]
  59 002a FB71     		strb	r3, [r7, #7]
  60 002c 03E0     		b	.L3
  61              	.L2:
  66:Generated_Source\PSoC5/ErikaOS_1_ee_rq_first.c ****   } else {
  67:Generated_Source\PSoC5/ErikaOS_1_ee_rq_first.c ****     x += (EE_INT8)8;
  62              		.loc 1 67 0
  63 002e FB79     		ldrb	r3, [r7, #7]	@ zero_extendqisi2
  64 0030 0833     		adds	r3, r3, #8
  65 0032 DBB2     		uxtb	r3, r3
  66 0034 FB71     		strb	r3, [r7, #7]
  67              	.L3:
  68:Generated_Source\PSoC5/ErikaOS_1_ee_rq_first.c ****   }
  69:Generated_Source\PSoC5/ErikaOS_1_ee_rq_first.c **** #else
  70:Generated_Source\PSoC5/ErikaOS_1_ee_rq_first.c ****   x = EE_rq_lookup[EE_rq_bitmask];
  71:Generated_Source\PSoC5/ErikaOS_1_ee_rq_first.c **** #endif
  72:Generated_Source\PSoC5/ErikaOS_1_ee_rq_first.c **** 
  73:Generated_Source\PSoC5/ErikaOS_1_ee_rq_first.c ****   /* now x contains the highest priority non-empty queue number */
  74:Generated_Source\PSoC5/ErikaOS_1_ee_rq_first.c ****   if (x == (EE_INT8)-1) {
  68              		.loc 1 74 0
  69 0036 97F90730 		ldrsb	r3, [r7, #7]
  70 003a B3F1FF3F 		cmp	r3, #-1
  71 003e 02D1     		bne	.L4
  75:Generated_Source\PSoC5/ErikaOS_1_ee_rq_first.c ****     return EE_NIL;
  72              		.loc 1 75 0
  73 0040 4FF0FF33 		mov	r3, #-1
  74 0044 07E0     		b	.L5
  75              	.L4:
  76:Generated_Source\PSoC5/ErikaOS_1_ee_rq_first.c ****   } else {
  77:Generated_Source\PSoC5/ErikaOS_1_ee_rq_first.c ****     return EE_rq_pairs_tid[EE_rq_queues_head[x]];
  76              		.loc 1 77 0
  77 0046 97F90730 		ldrsb	r3, [r7, #7]
  78 004a 074A     		ldr	r2, .L6+8
  79 004c 52F82330 		ldr	r3, [r2, r3, lsl #2]
  80 0050 064A     		ldr	r2, .L6+12
  81 0052 52F82330 		ldr	r3, [r2, r3, lsl #2]
  82              	.L5:
  78:Generated_Source\PSoC5/ErikaOS_1_ee_rq_first.c ****   }
  79:Generated_Source\PSoC5/ErikaOS_1_ee_rq_first.c **** }
  83              		.loc 1 79 0
  84 0056 1846     		mov	r0, r3
  85 0058 0C37     		adds	r7, r7, #12
  86              		.cfi_def_cfa_offset 4
  87 005a BD46     		mov	sp, r7
  88              		.cfi_def_cfa_register 13
  89              		@ sp needed
  90 005c 80BC     		pop	{r7}
  91              		.cfi_restore 7
  92              		.cfi_def_cfa_offset 0
ARM GAS  C:\Users\schmi\AppData\Local\Temp\ccNAPmbS.s 			page 4


  93 005e 7047     		bx	lr
  94              	.L7:
  95              		.align	2
  96              	.L6:
  97 0060 00000000 		.word	EE_rq_bitmask
  98 0064 00000000 		.word	EE_rq_lookup
  99 0068 00000000 		.word	EE_rq_queues_head
 100 006c 00000000 		.word	EE_rq_pairs_tid
 101              		.cfi_endproc
 102              	.LFE70:
 103              		.size	EE_rq_queryfirst, .-EE_rq_queryfirst
 104              		.text
 105              	.Letext0:
 106              		.file 2 "Generated_Source\\PSoC5\\ErikaOS_1_common_ee_types.inc"
 107              		.file 3 "Generated_Source\\PSoC5\\ErikaOS_1_cortex_mx_ee_cpu.inc"
 108              		.file 4 "Generated_Source\\PSoC5\\ErikaOS_1_ee_oo_common.inc"
 109              		.file 5 "Generated_Source\\PSoC5\\ErikaOS_1_common_ee_primitives.inc"
 110              		.file 6 "Generated_Source\\PSoC5\\ErikaOS_1_cortex_mx_ee_context.inc"
 111              		.file 7 "Generated_Source\\PSoC5\\ErikaOS_1_ee_oo_intfunc.inc"
 112              		.file 8 "Generated_Source\\PSoC5\\ErikaOS_1_ee_oo_internal.inc"
 113              		.section	.debug_info,"",%progbits
 114              	.Ldebug_info0:
 115 0000 1C040000 		.4byte	0x41c
 116 0004 0400     		.2byte	0x4
 117 0006 00000000 		.4byte	.Ldebug_abbrev0
 118 000a 04       		.byte	0x4
 119 000b 01       		.uleb128 0x1
 120 000c 6F000000 		.4byte	.LASF65
 121 0010 0C       		.byte	0xc
 122 0011 FD030000 		.4byte	.LASF66
 123 0015 63030000 		.4byte	.LASF67
 124 0019 00000000 		.4byte	.Ldebug_ranges0+0
 125 001d 00000000 		.4byte	0
 126 0021 00000000 		.4byte	.Ldebug_line0
 127 0025 02       		.uleb128 0x2
 128 0026 01       		.byte	0x1
 129 0027 06       		.byte	0x6
 130 0028 D4020000 		.4byte	.LASF0
 131 002c 02       		.uleb128 0x2
 132 002d 01       		.byte	0x1
 133 002e 08       		.byte	0x8
 134 002f A5020000 		.4byte	.LASF1
 135 0033 02       		.uleb128 0x2
 136 0034 02       		.byte	0x2
 137 0035 05       		.byte	0x5
 138 0036 56000000 		.4byte	.LASF2
 139 003a 02       		.uleb128 0x2
 140 003b 02       		.byte	0x2
 141 003c 07       		.byte	0x7
 142 003d 32030000 		.4byte	.LASF3
 143 0041 02       		.uleb128 0x2
 144 0042 04       		.byte	0x4
 145 0043 05       		.byte	0x5
 146 0044 12020000 		.4byte	.LASF4
 147 0048 02       		.uleb128 0x2
 148 0049 04       		.byte	0x4
 149 004a 07       		.byte	0x7
ARM GAS  C:\Users\schmi\AppData\Local\Temp\ccNAPmbS.s 			page 5


 150 004b EB030000 		.4byte	.LASF5
 151 004f 02       		.uleb128 0x2
 152 0050 08       		.byte	0x8
 153 0051 05       		.byte	0x5
 154 0052 C2010000 		.4byte	.LASF6
 155 0056 02       		.uleb128 0x2
 156 0057 08       		.byte	0x8
 157 0058 07       		.byte	0x7
 158 0059 E0020000 		.4byte	.LASF7
 159 005d 03       		.uleb128 0x3
 160 005e 04       		.byte	0x4
 161 005f 05       		.byte	0x5
 162 0060 696E7400 		.ascii	"int\000"
 163 0064 02       		.uleb128 0x2
 164 0065 04       		.byte	0x4
 165 0066 07       		.byte	0x7
 166 0067 F7020000 		.4byte	.LASF8
 167 006b 02       		.uleb128 0x2
 168 006c 08       		.byte	0x8
 169 006d 04       		.byte	0x4
 170 006e 8A020000 		.4byte	.LASF9
 171 0072 04       		.uleb128 0x4
 172 0073 D0010000 		.4byte	.LASF10
 173 0077 02       		.byte	0x2
 174 0078 3F       		.byte	0x3f
 175 0079 25000000 		.4byte	0x25
 176 007d 04       		.uleb128 0x4
 177 007e BF030000 		.4byte	.LASF11
 178 0082 02       		.byte	0x2
 179 0083 52       		.byte	0x52
 180 0084 3A000000 		.4byte	0x3a
 181 0088 04       		.uleb128 0x4
 182 0089 29030000 		.4byte	.LASF12
 183 008d 02       		.byte	0x2
 184 008e 53       		.byte	0x53
 185 008f 5D000000 		.4byte	0x5d
 186 0093 04       		.uleb128 0x4
 187 0094 1B010000 		.4byte	.LASF13
 188 0098 02       		.byte	0x2
 189 0099 54       		.byte	0x54
 190 009a 64000000 		.4byte	0x64
 191 009e 04       		.uleb128 0x4
 192 009f 1D000000 		.4byte	.LASF14
 193 00a3 03       		.byte	0x3
 194 00a4 4D       		.byte	0x4d
 195 00a5 93000000 		.4byte	0x93
 196 00a9 04       		.uleb128 0x4
 197 00aa CC020000 		.4byte	.LASF15
 198 00ae 03       		.byte	0x3
 199 00af 4E       		.byte	0x4e
 200 00b0 88000000 		.4byte	0x88
 201 00b4 04       		.uleb128 0x4
 202 00b5 FD000000 		.4byte	.LASF16
 203 00b9 03       		.byte	0x3
 204 00ba 4F       		.byte	0x4f
 205 00bb 93000000 		.4byte	0x93
 206 00bf 04       		.uleb128 0x4
ARM GAS  C:\Users\schmi\AppData\Local\Temp\ccNAPmbS.s 			page 6


 207 00c0 2C040000 		.4byte	.LASF17
 208 00c4 03       		.byte	0x3
 209 00c5 54       		.byte	0x54
 210 00c6 9E000000 		.4byte	0x9e
 211 00ca 04       		.uleb128 0x4
 212 00cb 48010000 		.4byte	.LASF18
 213 00cf 03       		.byte	0x3
 214 00d0 78       		.byte	0x78
 215 00d1 88000000 		.4byte	0x88
 216 00d5 05       		.uleb128 0x5
 217 00d6 F1010000 		.4byte	.LASF19
 218 00da 04       		.byte	0x4
 219 00db 1101     		.2byte	0x111
 220 00dd 7D000000 		.4byte	0x7d
 221 00e1 05       		.uleb128 0x5
 222 00e2 60020000 		.4byte	.LASF20
 223 00e6 04       		.byte	0x4
 224 00e7 3502     		.2byte	0x235
 225 00e9 9E000000 		.4byte	0x9e
 226 00ed 05       		.uleb128 0x5
 227 00ee 78020000 		.4byte	.LASF21
 228 00f2 04       		.byte	0x4
 229 00f3 5D02     		.2byte	0x25d
 230 00f5 9E000000 		.4byte	0x9e
 231 00f9 05       		.uleb128 0x5
 232 00fa 70040000 		.4byte	.LASF22
 233 00fe 04       		.byte	0x4
 234 00ff 6C02     		.2byte	0x26c
 235 0101 9E000000 		.4byte	0x9e
 236 0105 06       		.uleb128 0x6
 237 0106 0C       		.byte	0xc
 238 0107 04       		.byte	0x4
 239 0108 7202     		.2byte	0x272
 240 010a 36010000 		.4byte	0x136
 241 010e 07       		.uleb128 0x7
 242 010f 1B020000 		.4byte	.LASF23
 243 0113 04       		.byte	0x4
 244 0114 7302     		.2byte	0x273
 245 0116 E1000000 		.4byte	0xe1
 246 011a 00       		.byte	0
 247 011b 07       		.uleb128 0x7
 248 011c 25000000 		.4byte	.LASF24
 249 0120 04       		.byte	0x4
 250 0121 7402     		.2byte	0x274
 251 0123 E1000000 		.4byte	0xe1
 252 0127 04       		.byte	0x4
 253 0128 07       		.uleb128 0x7
 254 0129 4F010000 		.4byte	.LASF25
 255 012d 04       		.byte	0x4
 256 012e 7502     		.2byte	0x275
 257 0130 E1000000 		.4byte	0xe1
 258 0134 08       		.byte	0x8
 259 0135 00       		.byte	0
 260 0136 05       		.uleb128 0x5
 261 0137 49020000 		.4byte	.LASF26
 262 013b 04       		.byte	0x4
 263 013c 7A02     		.2byte	0x27a
ARM GAS  C:\Users\schmi\AppData\Local\Temp\ccNAPmbS.s 			page 7


 264 013e 05010000 		.4byte	0x105
 265 0142 06       		.uleb128 0x6
 266 0143 08       		.byte	0x8
 267 0144 04       		.byte	0x4
 268 0145 7D02     		.2byte	0x27d
 269 0147 66010000 		.4byte	0x166
 270 014b 07       		.uleb128 0x7
 271 014c 58010000 		.4byte	.LASF27
 272 0150 04       		.byte	0x4
 273 0151 7E02     		.2byte	0x27e
 274 0153 E1000000 		.4byte	0xe1
 275 0157 00       		.byte	0
 276 0158 07       		.uleb128 0x7
 277 0159 DC040000 		.4byte	.LASF28
 278 015d 04       		.byte	0x4
 279 015e 7F02     		.2byte	0x27f
 280 0160 ED000000 		.4byte	0xed
 281 0164 04       		.byte	0x4
 282 0165 00       		.byte	0
 283 0166 05       		.uleb128 0x5
 284 0167 AB010000 		.4byte	.LASF29
 285 016b 04       		.byte	0x4
 286 016c 8002     		.2byte	0x280
 287 016e 42010000 		.4byte	0x142
 288 0172 08       		.uleb128 0x8
 289 0173 01       		.byte	0x1
 290 0174 2C000000 		.4byte	0x2c
 291 0178 04       		.byte	0x4
 292 0179 8A02     		.2byte	0x28a
 293 017b 8C010000 		.4byte	0x18c
 294 017f 09       		.uleb128 0x9
 295 0180 62040000 		.4byte	.LASF30
 296 0184 00       		.byte	0
 297 0185 09       		.uleb128 0x9
 298 0186 01020000 		.4byte	.LASF31
 299 018a 01       		.byte	0x1
 300 018b 00       		.byte	0
 301 018c 05       		.uleb128 0x5
 302 018d 77010000 		.4byte	.LASF32
 303 0191 04       		.byte	0x4
 304 0192 8D02     		.2byte	0x28d
 305 0194 72010000 		.4byte	0x172
 306 0198 05       		.uleb128 0x5
 307 0199 05010000 		.4byte	.LASF33
 308 019d 04       		.byte	0x4
 309 019e 9002     		.2byte	0x290
 310 01a0 8C010000 		.4byte	0x18c
 311 01a4 06       		.uleb128 0x6
 312 01a5 0C       		.byte	0xc
 313 01a6 04       		.byte	0x4
 314 01a7 9402     		.2byte	0x294
 315 01a9 D3010000 		.4byte	0x1d3
 316 01ad 0A       		.uleb128 0xa
 317 01ae 6300     		.ascii	"c\000"
 318 01b0 04       		.byte	0x4
 319 01b1 9602     		.2byte	0x296
 320 01b3 F9000000 		.4byte	0xf9
ARM GAS  C:\Users\schmi\AppData\Local\Temp\ccNAPmbS.s 			page 8


 321 01b7 00       		.byte	0
 322 01b8 07       		.uleb128 0x7
 323 01b9 9D040000 		.4byte	.LASF34
 324 01bd 04       		.byte	0x4
 325 01be 9802     		.2byte	0x298
 326 01c0 ED000000 		.4byte	0xed
 327 01c4 04       		.byte	0x4
 328 01c5 07       		.uleb128 0x7
 329 01c6 00000000 		.4byte	.LASF35
 330 01ca 04       		.byte	0x4
 331 01cb 9A02     		.2byte	0x29a
 332 01cd 98010000 		.4byte	0x198
 333 01d1 08       		.byte	0x8
 334 01d2 00       		.byte	0
 335 01d3 05       		.uleb128 0x5
 336 01d4 45030000 		.4byte	.LASF36
 337 01d8 04       		.byte	0x4
 338 01d9 9B02     		.2byte	0x29b
 339 01db A4010000 		.4byte	0x1a4
 340 01df 06       		.uleb128 0x6
 341 01e0 10       		.byte	0x10
 342 01e1 04       		.byte	0x4
 343 01e2 9F02     		.2byte	0x29f
 344 01e4 1D020000 		.4byte	0x21d
 345 01e8 07       		.uleb128 0x7
 346 01e9 6B040000 		.4byte	.LASF37
 347 01ed 04       		.byte	0x4
 348 01ee A002     		.2byte	0x2a0
 349 01f0 BF000000 		.4byte	0xbf
 350 01f4 00       		.byte	0
 351 01f5 07       		.uleb128 0x7
 352 01f6 B6040000 		.4byte	.LASF38
 353 01fa 04       		.byte	0x4
 354 01fb A102     		.2byte	0x2a1
 355 01fd E1000000 		.4byte	0xe1
 356 0201 04       		.byte	0x4
 357 0202 07       		.uleb128 0x7
 358 0203 69000000 		.4byte	.LASF39
 359 0207 04       		.byte	0x4
 360 0208 A202     		.2byte	0x2a2
 361 020a E1000000 		.4byte	0xe1
 362 020e 08       		.byte	0x8
 363 020f 07       		.uleb128 0x7
 364 0210 CA040000 		.4byte	.LASF40
 365 0214 04       		.byte	0x4
 366 0215 A302     		.2byte	0x2a3
 367 0217 ED000000 		.4byte	0xed
 368 021b 0C       		.byte	0xc
 369 021c 00       		.byte	0
 370 021d 05       		.uleb128 0x5
 371 021e 2B020000 		.4byte	.LASF41
 372 0222 04       		.byte	0x4
 373 0223 A402     		.2byte	0x2a4
 374 0225 DF010000 		.4byte	0x1df
 375 0229 0B       		.uleb128 0xb
 376 022a A5040000 		.4byte	.LASF68
 377 022e 01       		.byte	0x1
ARM GAS  C:\Users\schmi\AppData\Local\Temp\ccNAPmbS.s 			page 9


 378 022f 39       		.byte	0x39
 379 0230 CA000000 		.4byte	0xca
 380 0234 00000000 		.4byte	.LFB70
 381 0238 70000000 		.4byte	.LFE70-.LFB70
 382 023c 01       		.uleb128 0x1
 383 023d 9C       		.byte	0x9c
 384 023e 4F020000 		.4byte	0x24f
 385 0242 0C       		.uleb128 0xc
 386 0243 7800     		.ascii	"x\000"
 387 0245 01       		.byte	0x1
 388 0246 3B       		.byte	0x3b
 389 0247 72000000 		.4byte	0x72
 390 024b 02       		.uleb128 0x2
 391 024c 91       		.byte	0x91
 392 024d 77       		.sleb128 -9
 393 024e 00       		.byte	0
 394 024f 0D       		.uleb128 0xd
 395 0250 96010000 		.4byte	.LASF42
 396 0254 05       		.byte	0x5
 397 0255 44       		.byte	0x44
 398 0256 9E000000 		.4byte	0x9e
 399 025a 0D       		.uleb128 0xd
 400 025b 10030000 		.4byte	.LASF43
 401 025f 06       		.byte	0x6
 402 0260 48       		.byte	0x48
 403 0261 CA000000 		.4byte	0xca
 404 0265 0E       		.uleb128 0xe
 405 0266 7C020000 		.4byte	0x27c
 406 026a 75020000 		.4byte	0x275
 407 026e 0F       		.uleb128 0xf
 408 026f 75020000 		.4byte	0x275
 409 0273 03       		.byte	0x3
 410 0274 00       		.byte	0
 411 0275 02       		.uleb128 0x2
 412 0276 04       		.byte	0x4
 413 0277 07       		.byte	0x7
 414 0278 60000000 		.4byte	.LASF44
 415 027c 10       		.uleb128 0x10
 416 027d 9E000000 		.4byte	0x9e
 417 0281 0D       		.uleb128 0xd
 418 0282 25010000 		.4byte	.LASF45
 419 0286 04       		.byte	0x4
 420 0287 B2       		.byte	0xb2
 421 0288 8C020000 		.4byte	0x28c
 422 028c 10       		.uleb128 0x10
 423 028d 65020000 		.4byte	0x265
 424 0291 0D       		.uleb128 0xd
 425 0292 89040000 		.4byte	.LASF46
 426 0296 04       		.byte	0x4
 427 0297 B3       		.byte	0xb3
 428 0298 9C020000 		.4byte	0x29c
 429 029c 10       		.uleb128 0x10
 430 029d 65020000 		.4byte	0x265
 431 02a1 0E       		.uleb128 0xe
 432 02a2 9E000000 		.4byte	0x9e
 433 02a6 B1020000 		.4byte	0x2b1
 434 02aa 0F       		.uleb128 0xf
ARM GAS  C:\Users\schmi\AppData\Local\Temp\ccNAPmbS.s 			page 10


 435 02ab 75020000 		.4byte	0x275
 436 02af 03       		.byte	0x3
 437 02b0 00       		.byte	0
 438 02b1 0D       		.uleb128 0xd
 439 02b2 7C040000 		.4byte	.LASF47
 440 02b6 04       		.byte	0x4
 441 02b7 CA       		.byte	0xca
 442 02b8 A1020000 		.4byte	0x2a1
 443 02bc 0E       		.uleb128 0xe
 444 02bd CA000000 		.4byte	0xca
 445 02c1 CC020000 		.4byte	0x2cc
 446 02c5 0F       		.uleb128 0xf
 447 02c6 75020000 		.4byte	0x275
 448 02ca 03       		.byte	0x3
 449 02cb 00       		.byte	0
 450 02cc 0D       		.uleb128 0xd
 451 02cd BF040000 		.4byte	.LASF48
 452 02d1 04       		.byte	0x4
 453 02d2 D2       		.byte	0xd2
 454 02d3 BC020000 		.4byte	0x2bc
 455 02d7 0D       		.uleb128 0xd
 456 02d8 04030000 		.4byte	.LASF49
 457 02dc 04       		.byte	0x4
 458 02dd DA       		.byte	0xda
 459 02de A1020000 		.4byte	0x2a1
 460 02e2 0D       		.uleb128 0xd
 461 02e3 38040000 		.4byte	.LASF50
 462 02e7 04       		.byte	0x4
 463 02e8 E2       		.byte	0xe2
 464 02e9 CA000000 		.4byte	0xca
 465 02ed 0D       		.uleb128 0xd
 466 02ee 69020000 		.4byte	.LASF51
 467 02f2 04       		.byte	0x4
 468 02f3 F7       		.byte	0xf7
 469 02f4 9E000000 		.4byte	0x9e
 470 02f8 0E       		.uleb128 0xe
 471 02f9 A9000000 		.4byte	0xa9
 472 02fd 08030000 		.4byte	0x308
 473 0301 0F       		.uleb128 0xf
 474 0302 75020000 		.4byte	0x275
 475 0306 0F       		.byte	0xf
 476 0307 00       		.byte	0
 477 0308 11       		.uleb128 0x11
 478 0309 36010000 		.4byte	.LASF52
 479 030d 04       		.byte	0x4
 480 030e 2501     		.2byte	0x125
 481 0310 F8020000 		.4byte	0x2f8
 482 0314 11       		.uleb128 0x11
 483 0315 44040000 		.4byte	.LASF53
 484 0319 04       		.byte	0x4
 485 031a 3C01     		.2byte	0x13c
 486 031c BC020000 		.4byte	0x2bc
 487 0320 11       		.uleb128 0x11
 488 0321 54040000 		.4byte	.LASF54
 489 0325 04       		.byte	0x4
 490 0326 3F01     		.2byte	0x13f
 491 0328 D5000000 		.4byte	0xd5
ARM GAS  C:\Users\schmi\AppData\Local\Temp\ccNAPmbS.s 			page 11


 492 032c 11       		.uleb128 0x11
 493 032d 32000000 		.4byte	.LASF55
 494 0331 04       		.byte	0x4
 495 0332 5C01     		.2byte	0x15c
 496 0334 A1020000 		.4byte	0x2a1
 497 0338 0E       		.uleb128 0xe
 498 0339 BF000000 		.4byte	0xbf
 499 033d 48030000 		.4byte	0x348
 500 0341 0F       		.uleb128 0xf
 501 0342 75020000 		.4byte	0x275
 502 0346 03       		.byte	0x3
 503 0347 00       		.byte	0
 504 0348 11       		.uleb128 0x11
 505 0349 45000000 		.4byte	.LASF56
 506 034d 04       		.byte	0x4
 507 034e 6701     		.2byte	0x167
 508 0350 38030000 		.4byte	0x338
 509 0354 0E       		.uleb128 0xe
 510 0355 64030000 		.4byte	0x364
 511 0359 64030000 		.4byte	0x364
 512 035d 0F       		.uleb128 0xf
 513 035e 75020000 		.4byte	0x275
 514 0362 00       		.byte	0
 515 0363 00       		.byte	0
 516 0364 10       		.uleb128 0x10
 517 0365 36010000 		.4byte	0x136
 518 0369 11       		.uleb128 0x11
 519 036a 96020000 		.4byte	.LASF57
 520 036e 04       		.byte	0x4
 521 036f CA02     		.2byte	0x2ca
 522 0371 75030000 		.4byte	0x375
 523 0375 10       		.uleb128 0x10
 524 0376 54030000 		.4byte	0x354
 525 037a 0E       		.uleb128 0xe
 526 037b 8A030000 		.4byte	0x38a
 527 037f 8A030000 		.4byte	0x38a
 528 0383 0F       		.uleb128 0xf
 529 0384 75020000 		.4byte	0x275
 530 0388 00       		.byte	0
 531 0389 00       		.byte	0
 532 038a 10       		.uleb128 0x10
 533 038b D3010000 		.4byte	0x1d3
 534 038f 11       		.uleb128 0x11
 535 0390 5E010000 		.4byte	.LASF58
 536 0394 04       		.byte	0x4
 537 0395 DD02     		.2byte	0x2dd
 538 0397 9B030000 		.4byte	0x39b
 539 039b 10       		.uleb128 0x10
 540 039c 7A030000 		.4byte	0x37a
 541 03a0 0E       		.uleb128 0xe
 542 03a1 66010000 		.4byte	0x166
 543 03a5 B0030000 		.4byte	0x3b0
 544 03a9 0F       		.uleb128 0xf
 545 03aa 75020000 		.4byte	0x275
 546 03ae 00       		.byte	0
 547 03af 00       		.byte	0
 548 03b0 11       		.uleb128 0x11
ARM GAS  C:\Users\schmi\AppData\Local\Temp\ccNAPmbS.s 			page 12


 549 03b1 C9030000 		.4byte	.LASF59
 550 03b5 04       		.byte	0x4
 551 03b6 FB02     		.2byte	0x2fb
 552 03b8 A0030000 		.4byte	0x3a0
 553 03bc 0E       		.uleb128 0xe
 554 03bd 1D020000 		.4byte	0x21d
 555 03c1 CC030000 		.4byte	0x3cc
 556 03c5 0F       		.uleb128 0xf
 557 03c6 75020000 		.4byte	0x275
 558 03ca 00       		.byte	0
 559 03cb 00       		.byte	0
 560 03cc 11       		.uleb128 0x11
 561 03cd B3020000 		.4byte	.LASF60
 562 03d1 04       		.byte	0x4
 563 03d2 0403     		.2byte	0x304
 564 03d4 BC030000 		.4byte	0x3bc
 565 03d8 0D       		.uleb128 0xd
 566 03d9 05000000 		.4byte	.LASF61
 567 03dd 07       		.byte	0x7
 568 03de 40       		.byte	0x40
 569 03df 9E000000 		.4byte	0x9e
 570 03e3 0D       		.uleb128 0xd
 571 03e4 D8010000 		.4byte	.LASF62
 572 03e8 07       		.byte	0x7
 573 03e9 47       		.byte	0x47
 574 03ea B4000000 		.4byte	0xb4
 575 03ee 0D       		.uleb128 0xd
 576 03ef D8030000 		.4byte	.LASF63
 577 03f3 07       		.byte	0x7
 578 03f4 4A       		.byte	0x4a
 579 03f5 9E000000 		.4byte	0x9e
 580 03f9 0E       		.uleb128 0xe
 581 03fa 09040000 		.4byte	0x409
 582 03fe 09040000 		.4byte	0x409
 583 0402 0F       		.uleb128 0xf
 584 0403 75020000 		.4byte	0x275
 585 0407 FF       		.byte	0xff
 586 0408 00       		.byte	0
 587 0409 10       		.uleb128 0x10
 588 040a 72000000 		.4byte	0x72
 589 040e 11       		.uleb128 0x11
 590 040f CF040000 		.4byte	.LASF64
 591 0413 08       		.byte	0x8
 592 0414 AB01     		.2byte	0x1ab
 593 0416 1A040000 		.4byte	0x41a
 594 041a 10       		.uleb128 0x10
 595 041b F9030000 		.4byte	0x3f9
 596 041f 00       		.byte	0
 597              		.section	.debug_abbrev,"",%progbits
 598              	.Ldebug_abbrev0:
 599 0000 01       		.uleb128 0x1
 600 0001 11       		.uleb128 0x11
 601 0002 01       		.byte	0x1
 602 0003 25       		.uleb128 0x25
 603 0004 0E       		.uleb128 0xe
 604 0005 13       		.uleb128 0x13
 605 0006 0B       		.uleb128 0xb
ARM GAS  C:\Users\schmi\AppData\Local\Temp\ccNAPmbS.s 			page 13


 606 0007 03       		.uleb128 0x3
 607 0008 0E       		.uleb128 0xe
 608 0009 1B       		.uleb128 0x1b
 609 000a 0E       		.uleb128 0xe
 610 000b 55       		.uleb128 0x55
 611 000c 17       		.uleb128 0x17
 612 000d 11       		.uleb128 0x11
 613 000e 01       		.uleb128 0x1
 614 000f 10       		.uleb128 0x10
 615 0010 17       		.uleb128 0x17
 616 0011 00       		.byte	0
 617 0012 00       		.byte	0
 618 0013 02       		.uleb128 0x2
 619 0014 24       		.uleb128 0x24
 620 0015 00       		.byte	0
 621 0016 0B       		.uleb128 0xb
 622 0017 0B       		.uleb128 0xb
 623 0018 3E       		.uleb128 0x3e
 624 0019 0B       		.uleb128 0xb
 625 001a 03       		.uleb128 0x3
 626 001b 0E       		.uleb128 0xe
 627 001c 00       		.byte	0
 628 001d 00       		.byte	0
 629 001e 03       		.uleb128 0x3
 630 001f 24       		.uleb128 0x24
 631 0020 00       		.byte	0
 632 0021 0B       		.uleb128 0xb
 633 0022 0B       		.uleb128 0xb
 634 0023 3E       		.uleb128 0x3e
 635 0024 0B       		.uleb128 0xb
 636 0025 03       		.uleb128 0x3
 637 0026 08       		.uleb128 0x8
 638 0027 00       		.byte	0
 639 0028 00       		.byte	0
 640 0029 04       		.uleb128 0x4
 641 002a 16       		.uleb128 0x16
 642 002b 00       		.byte	0
 643 002c 03       		.uleb128 0x3
 644 002d 0E       		.uleb128 0xe
 645 002e 3A       		.uleb128 0x3a
 646 002f 0B       		.uleb128 0xb
 647 0030 3B       		.uleb128 0x3b
 648 0031 0B       		.uleb128 0xb
 649 0032 49       		.uleb128 0x49
 650 0033 13       		.uleb128 0x13
 651 0034 00       		.byte	0
 652 0035 00       		.byte	0
 653 0036 05       		.uleb128 0x5
 654 0037 16       		.uleb128 0x16
 655 0038 00       		.byte	0
 656 0039 03       		.uleb128 0x3
 657 003a 0E       		.uleb128 0xe
 658 003b 3A       		.uleb128 0x3a
 659 003c 0B       		.uleb128 0xb
 660 003d 3B       		.uleb128 0x3b
 661 003e 05       		.uleb128 0x5
 662 003f 49       		.uleb128 0x49
ARM GAS  C:\Users\schmi\AppData\Local\Temp\ccNAPmbS.s 			page 14


 663 0040 13       		.uleb128 0x13
 664 0041 00       		.byte	0
 665 0042 00       		.byte	0
 666 0043 06       		.uleb128 0x6
 667 0044 13       		.uleb128 0x13
 668 0045 01       		.byte	0x1
 669 0046 0B       		.uleb128 0xb
 670 0047 0B       		.uleb128 0xb
 671 0048 3A       		.uleb128 0x3a
 672 0049 0B       		.uleb128 0xb
 673 004a 3B       		.uleb128 0x3b
 674 004b 05       		.uleb128 0x5
 675 004c 01       		.uleb128 0x1
 676 004d 13       		.uleb128 0x13
 677 004e 00       		.byte	0
 678 004f 00       		.byte	0
 679 0050 07       		.uleb128 0x7
 680 0051 0D       		.uleb128 0xd
 681 0052 00       		.byte	0
 682 0053 03       		.uleb128 0x3
 683 0054 0E       		.uleb128 0xe
 684 0055 3A       		.uleb128 0x3a
 685 0056 0B       		.uleb128 0xb
 686 0057 3B       		.uleb128 0x3b
 687 0058 05       		.uleb128 0x5
 688 0059 49       		.uleb128 0x49
 689 005a 13       		.uleb128 0x13
 690 005b 38       		.uleb128 0x38
 691 005c 0B       		.uleb128 0xb
 692 005d 00       		.byte	0
 693 005e 00       		.byte	0
 694 005f 08       		.uleb128 0x8
 695 0060 04       		.uleb128 0x4
 696 0061 01       		.byte	0x1
 697 0062 0B       		.uleb128 0xb
 698 0063 0B       		.uleb128 0xb
 699 0064 49       		.uleb128 0x49
 700 0065 13       		.uleb128 0x13
 701 0066 3A       		.uleb128 0x3a
 702 0067 0B       		.uleb128 0xb
 703 0068 3B       		.uleb128 0x3b
 704 0069 05       		.uleb128 0x5
 705 006a 01       		.uleb128 0x1
 706 006b 13       		.uleb128 0x13
 707 006c 00       		.byte	0
 708 006d 00       		.byte	0
 709 006e 09       		.uleb128 0x9
 710 006f 28       		.uleb128 0x28
 711 0070 00       		.byte	0
 712 0071 03       		.uleb128 0x3
 713 0072 0E       		.uleb128 0xe
 714 0073 1C       		.uleb128 0x1c
 715 0074 0B       		.uleb128 0xb
 716 0075 00       		.byte	0
 717 0076 00       		.byte	0
 718 0077 0A       		.uleb128 0xa
 719 0078 0D       		.uleb128 0xd
ARM GAS  C:\Users\schmi\AppData\Local\Temp\ccNAPmbS.s 			page 15


 720 0079 00       		.byte	0
 721 007a 03       		.uleb128 0x3
 722 007b 08       		.uleb128 0x8
 723 007c 3A       		.uleb128 0x3a
 724 007d 0B       		.uleb128 0xb
 725 007e 3B       		.uleb128 0x3b
 726 007f 05       		.uleb128 0x5
 727 0080 49       		.uleb128 0x49
 728 0081 13       		.uleb128 0x13
 729 0082 38       		.uleb128 0x38
 730 0083 0B       		.uleb128 0xb
 731 0084 00       		.byte	0
 732 0085 00       		.byte	0
 733 0086 0B       		.uleb128 0xb
 734 0087 2E       		.uleb128 0x2e
 735 0088 01       		.byte	0x1
 736 0089 3F       		.uleb128 0x3f
 737 008a 19       		.uleb128 0x19
 738 008b 03       		.uleb128 0x3
 739 008c 0E       		.uleb128 0xe
 740 008d 3A       		.uleb128 0x3a
 741 008e 0B       		.uleb128 0xb
 742 008f 3B       		.uleb128 0x3b
 743 0090 0B       		.uleb128 0xb
 744 0091 27       		.uleb128 0x27
 745 0092 19       		.uleb128 0x19
 746 0093 49       		.uleb128 0x49
 747 0094 13       		.uleb128 0x13
 748 0095 11       		.uleb128 0x11
 749 0096 01       		.uleb128 0x1
 750 0097 12       		.uleb128 0x12
 751 0098 06       		.uleb128 0x6
 752 0099 40       		.uleb128 0x40
 753 009a 18       		.uleb128 0x18
 754 009b 9742     		.uleb128 0x2117
 755 009d 19       		.uleb128 0x19
 756 009e 01       		.uleb128 0x1
 757 009f 13       		.uleb128 0x13
 758 00a0 00       		.byte	0
 759 00a1 00       		.byte	0
 760 00a2 0C       		.uleb128 0xc
 761 00a3 34       		.uleb128 0x34
 762 00a4 00       		.byte	0
 763 00a5 03       		.uleb128 0x3
 764 00a6 08       		.uleb128 0x8
 765 00a7 3A       		.uleb128 0x3a
 766 00a8 0B       		.uleb128 0xb
 767 00a9 3B       		.uleb128 0x3b
 768 00aa 0B       		.uleb128 0xb
 769 00ab 49       		.uleb128 0x49
 770 00ac 13       		.uleb128 0x13
 771 00ad 02       		.uleb128 0x2
 772 00ae 18       		.uleb128 0x18
 773 00af 00       		.byte	0
 774 00b0 00       		.byte	0
 775 00b1 0D       		.uleb128 0xd
 776 00b2 34       		.uleb128 0x34
ARM GAS  C:\Users\schmi\AppData\Local\Temp\ccNAPmbS.s 			page 16


 777 00b3 00       		.byte	0
 778 00b4 03       		.uleb128 0x3
 779 00b5 0E       		.uleb128 0xe
 780 00b6 3A       		.uleb128 0x3a
 781 00b7 0B       		.uleb128 0xb
 782 00b8 3B       		.uleb128 0x3b
 783 00b9 0B       		.uleb128 0xb
 784 00ba 49       		.uleb128 0x49
 785 00bb 13       		.uleb128 0x13
 786 00bc 3F       		.uleb128 0x3f
 787 00bd 19       		.uleb128 0x19
 788 00be 3C       		.uleb128 0x3c
 789 00bf 19       		.uleb128 0x19
 790 00c0 00       		.byte	0
 791 00c1 00       		.byte	0
 792 00c2 0E       		.uleb128 0xe
 793 00c3 01       		.uleb128 0x1
 794 00c4 01       		.byte	0x1
 795 00c5 49       		.uleb128 0x49
 796 00c6 13       		.uleb128 0x13
 797 00c7 01       		.uleb128 0x1
 798 00c8 13       		.uleb128 0x13
 799 00c9 00       		.byte	0
 800 00ca 00       		.byte	0
 801 00cb 0F       		.uleb128 0xf
 802 00cc 21       		.uleb128 0x21
 803 00cd 00       		.byte	0
 804 00ce 49       		.uleb128 0x49
 805 00cf 13       		.uleb128 0x13
 806 00d0 2F       		.uleb128 0x2f
 807 00d1 0B       		.uleb128 0xb
 808 00d2 00       		.byte	0
 809 00d3 00       		.byte	0
 810 00d4 10       		.uleb128 0x10
 811 00d5 26       		.uleb128 0x26
 812 00d6 00       		.byte	0
 813 00d7 49       		.uleb128 0x49
 814 00d8 13       		.uleb128 0x13
 815 00d9 00       		.byte	0
 816 00da 00       		.byte	0
 817 00db 11       		.uleb128 0x11
 818 00dc 34       		.uleb128 0x34
 819 00dd 00       		.byte	0
 820 00de 03       		.uleb128 0x3
 821 00df 0E       		.uleb128 0xe
 822 00e0 3A       		.uleb128 0x3a
 823 00e1 0B       		.uleb128 0xb
 824 00e2 3B       		.uleb128 0x3b
 825 00e3 05       		.uleb128 0x5
 826 00e4 49       		.uleb128 0x49
 827 00e5 13       		.uleb128 0x13
 828 00e6 3F       		.uleb128 0x3f
 829 00e7 19       		.uleb128 0x19
 830 00e8 3C       		.uleb128 0x3c
 831 00e9 19       		.uleb128 0x19
 832 00ea 00       		.byte	0
 833 00eb 00       		.byte	0
ARM GAS  C:\Users\schmi\AppData\Local\Temp\ccNAPmbS.s 			page 17


 834 00ec 00       		.byte	0
 835              		.section	.debug_aranges,"",%progbits
 836 0000 1C000000 		.4byte	0x1c
 837 0004 0200     		.2byte	0x2
 838 0006 00000000 		.4byte	.Ldebug_info0
 839 000a 04       		.byte	0x4
 840 000b 00       		.byte	0
 841 000c 0000     		.2byte	0
 842 000e 0000     		.2byte	0
 843 0010 00000000 		.4byte	.LFB70
 844 0014 70000000 		.4byte	.LFE70-.LFB70
 845 0018 00000000 		.4byte	0
 846 001c 00000000 		.4byte	0
 847              		.section	.debug_ranges,"",%progbits
 848              	.Ldebug_ranges0:
 849 0000 00000000 		.4byte	.LFB70
 850 0004 70000000 		.4byte	.LFE70
 851 0008 00000000 		.4byte	0
 852 000c 00000000 		.4byte	0
 853              		.section	.debug_line,"",%progbits
 854              	.Ldebug_line0:
 855 0000 4E010000 		.section	.debug_str,"MS",%progbits,1
 855      02003101 
 855      00000201 
 855      FB0E0D00 
 855      01010101 
 856              	.LASF35:
 857 0000 6B696E64 		.ascii	"kind\000"
 857      00
 858              	.LASF61:
 859 0005 45455F6F 		.ascii	"EE_oo_IRQ_disable_count\000"
 859      6F5F4952 
 859      515F6469 
 859      7361626C 
 859      655F636F 
 860              	.LASF14:
 861 001d 45455F55 		.ascii	"EE_UREG\000"
 861      52454700 
 862              	.LASF24:
 863 0025 7469636B 		.ascii	"ticksperbase\000"
 863      73706572 
 863      62617365 
 863      00
 864              	.LASF55:
 865 0032 45455F74 		.ascii	"EE_th_event_active\000"
 865      685F6576 
 865      656E745F 
 865      61637469 
 865      766500
 866              	.LASF56:
 867 0045 45455F74 		.ascii	"EE_th_waswaiting\000"
 867      685F7761 
 867      73776169 
 867      74696E67 
 867      00
 868              	.LASF2:
 869 0056 73686F72 		.ascii	"short int\000"
ARM GAS  C:\Users\schmi\AppData\Local\Temp\ccNAPmbS.s 			page 18


 869      7420696E 
 869      7400
 870              	.LASF44:
 871 0060 73697A65 		.ascii	"sizetype\000"
 871      74797065 
 871      00
 872              	.LASF39:
 873 0069 64656C74 		.ascii	"delta\000"
 873      6100
 874              	.LASF65:
 875 006f 474E5520 		.ascii	"GNU C11 5.4.1 20160609 (release) [ARM/embedded-5-br"
 875      43313120 
 875      352E342E 
 875      31203230 
 875      31363036 
 876 00a2 616E6368 		.ascii	"anch revision 237715] -mcpu=cortex-m3 -mthumb -g -O"
 876      20726576 
 876      6973696F 
 876      6E203233 
 876      37373135 
 877 00d5 30202D66 		.ascii	"0 -ffunction-sections -ffat-lto-objects\000"
 877      66756E63 
 877      74696F6E 
 877      2D736563 
 877      74696F6E 
 878              	.LASF16:
 879 00fd 45455F46 		.ascii	"EE_FREG\000"
 879      52454700 
 880              	.LASF33:
 881 0105 436F756E 		.ascii	"CounterObjectKindType\000"
 881      7465724F 
 881      626A6563 
 881      744B696E 
 881      64547970 
 882              	.LASF13:
 883 011b 45455F55 		.ascii	"EE_UINT32\000"
 883      494E5433 
 883      3200
 884              	.LASF45:
 885 0125 45455F74 		.ascii	"EE_th_ready_prio\000"
 885      685F7265 
 885      6164795F 
 885      7072696F 
 885      00
 886              	.LASF52:
 887 0136 45455F72 		.ascii	"EE_rq_queues_head\000"
 887      715F7175 
 887      65756573 
 887      5F686561 
 887      6400
 888              	.LASF18:
 889 0148 45455F54 		.ascii	"EE_TID\000"
 889      494400
 890              	.LASF25:
 891 014f 6D696E63 		.ascii	"mincycle\000"
 891      79636C65 
 891      00
ARM GAS  C:\Users\schmi\AppData\Local\Temp\ccNAPmbS.s 			page 19


 892              	.LASF27:
 893 0158 76616C75 		.ascii	"value\000"
 893      6500
 894              	.LASF58:
 895 015e 45455F6F 		.ascii	"EE_oo_counter_object_ROM\000"
 895      6F5F636F 
 895      756E7465 
 895      725F6F62 
 895      6A656374 
 896              	.LASF32:
 897 0177 45455F6F 		.ascii	"EE_oo_counter_object_kind_type\000"
 897      6F5F636F 
 897      756E7465 
 897      725F6F62 
 897      6A656374 
 898              	.LASF42:
 899 0196 45455F49 		.ascii	"EE_IRQ_nesting_level\000"
 899      52515F6E 
 899      65737469 
 899      6E675F6C 
 899      6576656C 
 900              	.LASF29:
 901 01ab 45455F6F 		.ascii	"EE_oo_counter_RAM_type\000"
 901      6F5F636F 
 901      756E7465 
 901      725F5241 
 901      4D5F7479 
 902              	.LASF6:
 903 01c2 6C6F6E67 		.ascii	"long long int\000"
 903      206C6F6E 
 903      6720696E 
 903      7400
 904              	.LASF10:
 905 01d0 45455F49 		.ascii	"EE_INT8\000"
 905      4E543800 
 906              	.LASF62:
 907 01d8 45455F6F 		.ascii	"EE_oo_IRQ_suspend_status\000"
 907      6F5F4952 
 907      515F7375 
 907      7370656E 
 907      645F7374 
 908              	.LASF19:
 909 01f1 45455F54 		.ascii	"EE_TYPE_RQ_MASK\000"
 909      5950455F 
 909      52515F4D 
 909      41534B00 
 910              	.LASF31:
 911 0201 45455F53 		.ascii	"EE_SCHEDULETABLE\000"
 911      43484544 
 911      554C4554 
 911      41424C45 
 911      00
 912              	.LASF4:
 913 0212 6C6F6E67 		.ascii	"long int\000"
 913      20696E74 
 913      00
 914              	.LASF23:
ARM GAS  C:\Users\schmi\AppData\Local\Temp\ccNAPmbS.s 			page 20


 915 021b 6D617861 		.ascii	"maxallowedvalue\000"
 915      6C6C6F77 
 915      65647661 
 915      6C756500 
 916              	.LASF41:
 917 022b 45455F6F 		.ascii	"EE_oo_counter_object_RAM_type\000"
 917      6F5F636F 
 917      756E7465 
 917      725F6F62 
 917      6A656374 
 918              	.LASF26:
 919 0249 45455F6F 		.ascii	"EE_oo_counter_ROM_type\000"
 919      6F5F636F 
 919      756E7465 
 919      725F524F 
 919      4D5F7479 
 920              	.LASF20:
 921 0260 5469636B 		.ascii	"TickType\000"
 921      54797065 
 921      00
 922              	.LASF51:
 923 0269 45455F73 		.ascii	"EE_sys_ceiling\000"
 923      79735F63 
 923      65696C69 
 923      6E6700
 924              	.LASF21:
 925 0278 436F756E 		.ascii	"CounterObjectType\000"
 925      7465724F 
 925      626A6563 
 925      74547970 
 925      6500
 926              	.LASF9:
 927 028a 6C6F6E67 		.ascii	"long double\000"
 927      20646F75 
 927      626C6500 
 928              	.LASF57:
 929 0296 45455F63 		.ascii	"EE_counter_ROM\000"
 929      6F756E74 
 929      65725F52 
 929      4F4D00
 930              	.LASF1:
 931 02a5 756E7369 		.ascii	"unsigned char\000"
 931      676E6564 
 931      20636861 
 931      7200
 932              	.LASF60:
 933 02b3 45455F6F 		.ascii	"EE_oo_counter_object_RAM\000"
 933      6F5F636F 
 933      756E7465 
 933      725F6F62 
 933      6A656374 
 934              	.LASF15:
 935 02cc 45455F53 		.ascii	"EE_SREG\000"
 935      52454700 
 936              	.LASF0:
 937 02d4 7369676E 		.ascii	"signed char\000"
 937      65642063 
ARM GAS  C:\Users\schmi\AppData\Local\Temp\ccNAPmbS.s 			page 21


 937      68617200 
 938              	.LASF7:
 939 02e0 6C6F6E67 		.ascii	"long long unsigned int\000"
 939      206C6F6E 
 939      6720756E 
 939      7369676E 
 939      65642069 
 940              	.LASF8:
 941 02f7 756E7369 		.ascii	"unsigned int\000"
 941      676E6564 
 941      20696E74 
 941      00
 942              	.LASF49:
 943 0304 45455F74 		.ascii	"EE_th_rnact\000"
 943      685F726E 
 943      61637400 
 944              	.LASF43:
 945 0310 45455F73 		.ascii	"EE_std_endcycle_next_tid\000"
 945      74645F65 
 945      6E646379 
 945      636C655F 
 945      6E657874 
 946              	.LASF12:
 947 0329 45455F49 		.ascii	"EE_INT32\000"
 947      4E543332 
 947      00
 948              	.LASF3:
 949 0332 73686F72 		.ascii	"short unsigned int\000"
 949      7420756E 
 949      7369676E 
 949      65642069 
 949      6E7400
 950              	.LASF36:
 951 0345 45455F6F 		.ascii	"EE_oo_counter_object_ROM_type\000"
 951      6F5F636F 
 951      756E7465 
 951      725F6F62 
 951      6A656374 
 952              	.LASF67:
 953 0363 433A5C55 		.ascii	"C:\\Users\\schmi\\OneDrive\\Dokumente\\PSoC Creator"
 953      73657273 
 953      5C736368 
 953      6D695C4F 
 953      6E654472 
 954 0391 5C4A736F 		.ascii	"\\JsonParserLAB3\\holidayProject\\setUpEnv.cydsn\000"
 954      6E506172 
 954      7365724C 
 954      4142335C 
 954      686F6C69 
 955              	.LASF11:
 956 03bf 45455F55 		.ascii	"EE_UINT16\000"
 956      494E5431 
 956      3600
 957              	.LASF59:
 958 03c9 45455F63 		.ascii	"EE_counter_RAM\000"
 958      6F756E74 
 958      65725F52 
ARM GAS  C:\Users\schmi\AppData\Local\Temp\ccNAPmbS.s 			page 22


 958      414D00
 959              	.LASF63:
 960 03d8 45455F41 		.ascii	"EE_ApplicationMode\000"
 960      70706C69 
 960      63617469 
 960      6F6E4D6F 
 960      646500
 961              	.LASF5:
 962 03eb 6C6F6E67 		.ascii	"long unsigned int\000"
 962      20756E73 
 962      69676E65 
 962      6420696E 
 962      7400
 963              	.LASF66:
 964 03fd 47656E65 		.ascii	"Generated_Source\\PSoC5\\ErikaOS_1_ee_rq_first.c\000"
 964      72617465 
 964      645F536F 
 964      75726365 
 964      5C50536F 
 965              	.LASF17:
 966 042c 45455F54 		.ascii	"EE_TYPEBOOL\000"
 966      59504542 
 966      4F4F4C00 
 967              	.LASF50:
 968 0438 45455F73 		.ascii	"EE_stkfirst\000"
 968      746B6669 
 968      72737400 
 969              	.LASF53:
 970 0444 45455F72 		.ascii	"EE_rq_pairs_tid\000"
 970      715F7061 
 970      6972735F 
 970      74696400 
 971              	.LASF54:
 972 0454 45455F72 		.ascii	"EE_rq_bitmask\000"
 972      715F6269 
 972      746D6173 
 972      6B00
 973              	.LASF30:
 974 0462 45455F41 		.ascii	"EE_ALARM\000"
 974      4C41524D 
 974      00
 975              	.LASF37:
 976 046b 75736564 		.ascii	"used\000"
 976      00
 977              	.LASF22:
 978 0470 436F756E 		.ascii	"CounterType\000"
 978      74657254 
 978      79706500 
 979              	.LASF47:
 980 047c 45455F74 		.ascii	"EE_th_status\000"
 980      685F7374 
 980      61747573 
 980      00
 981              	.LASF46:
 982 0489 45455F74 		.ascii	"EE_th_dispatch_prio\000"
 982      685F6469 
 982      73706174 
ARM GAS  C:\Users\schmi\AppData\Local\Temp\ccNAPmbS.s 			page 23


 982      63685F70 
 982      72696F00 
 983              	.LASF34:
 984 049d 73706563 		.ascii	"spec_id\000"
 984      5F696400 
 985              	.LASF68:
 986 04a5 45455F72 		.ascii	"EE_rq_queryfirst\000"
 986      715F7175 
 986      65727966 
 986      69727374 
 986      00
 987              	.LASF38:
 988 04b6 636E7463 		.ascii	"cntcycle\000"
 988      79636C65 
 988      00
 989              	.LASF48:
 990 04bf 45455F74 		.ascii	"EE_th_next\000"
 990      685F6E65 
 990      787400
 991              	.LASF40:
 992 04ca 6E657874 		.ascii	"next\000"
 992      00
 993              	.LASF64:
 994 04cf 45455F72 		.ascii	"EE_rq_lookup\000"
 994      715F6C6F 
 994      6F6B7570 
 994      00
 995              	.LASF28:
 996 04dc 66697273 		.ascii	"first\000"
 996      7400
 997              		.ident	"GCC: (GNU Tools for ARM Embedded Processors) 5.4.1 20160609 (release) [ARM/embedded-5-bran
