ARM GAS  C:\Users\schmi\AppData\Local\Temp\cc2lgzl4.s 			page 1


   1              		.syntax unified
   2              		.cpu cortex-m3
   3              		.fpu softvfp
   4              		.eabi_attribute 20, 1
   5              		.eabi_attribute 21, 1
   6              		.eabi_attribute 23, 3
   7              		.eabi_attribute 24, 1
   8              		.eabi_attribute 25, 1
   9              		.eabi_attribute 26, 1
  10              		.eabi_attribute 30, 6
  11              		.eabi_attribute 34, 1
  12              		.eabi_attribute 18, 4
  13              		.thumb
  14              		.syntax unified
  15              		.file	"ErikaOS_1_ee_ulockallres.c"
  16              		.text
  17              	.Ltext0:
  18              		.cfi_sections	.debug_frame
  19              		.section	.text.EE_oo_release_all_resources,"ax",%progbits
  20              		.align	2
  21              		.global	EE_oo_release_all_resources
  22              		.thumb
  23              		.thumb_func
  24              		.type	EE_oo_release_all_resources, %function
  25              	EE_oo_release_all_resources:
  26              	.LFB70:
  27              		.file 1 "Generated_Source\\PSoC5\\ErikaOS_1_ee_ulockallres.c"
   1:Generated_Source\PSoC5/ErikaOS_1_ee_ulockallres.c **** /* ###*B*###
   2:Generated_Source\PSoC5/ErikaOS_1_ee_ulockallres.c ****  * ERIKA Enterprise - a tiny RTOS for small microcontrollers
   3:Generated_Source\PSoC5/ErikaOS_1_ee_ulockallres.c ****  *
   4:Generated_Source\PSoC5/ErikaOS_1_ee_ulockallres.c ****  * Copyright (C) 2002-2008  Evidence Srl
   5:Generated_Source\PSoC5/ErikaOS_1_ee_ulockallres.c ****  *
   6:Generated_Source\PSoC5/ErikaOS_1_ee_ulockallres.c ****  * This file is part of ERIKA Enterprise.
   7:Generated_Source\PSoC5/ErikaOS_1_ee_ulockallres.c ****  *
   8:Generated_Source\PSoC5/ErikaOS_1_ee_ulockallres.c ****  * ERIKA Enterprise is free software; you can redistribute it
   9:Generated_Source\PSoC5/ErikaOS_1_ee_ulockallres.c ****  * and/or modify it under the terms of the GNU General Public License
  10:Generated_Source\PSoC5/ErikaOS_1_ee_ulockallres.c ****  * version 2 as published by the Free Software Foundation, 
  11:Generated_Source\PSoC5/ErikaOS_1_ee_ulockallres.c ****  * (with a special exception described below).
  12:Generated_Source\PSoC5/ErikaOS_1_ee_ulockallres.c ****  *
  13:Generated_Source\PSoC5/ErikaOS_1_ee_ulockallres.c ****  * Linking this code statically or dynamically with other modules is
  14:Generated_Source\PSoC5/ErikaOS_1_ee_ulockallres.c ****  * making a combined work based on this code.  Thus, the terms and
  15:Generated_Source\PSoC5/ErikaOS_1_ee_ulockallres.c ****  * conditions of the GNU General Public License cover the whole
  16:Generated_Source\PSoC5/ErikaOS_1_ee_ulockallres.c ****  * combination.
  17:Generated_Source\PSoC5/ErikaOS_1_ee_ulockallres.c ****  *
  18:Generated_Source\PSoC5/ErikaOS_1_ee_ulockallres.c ****  * As a special exception, the copyright holders of this library give you
  19:Generated_Source\PSoC5/ErikaOS_1_ee_ulockallres.c ****  * permission to link this code with independent modules to produce an
  20:Generated_Source\PSoC5/ErikaOS_1_ee_ulockallres.c ****  * executable, regardless of the license terms of these independent
  21:Generated_Source\PSoC5/ErikaOS_1_ee_ulockallres.c ****  * modules, and to copy and distribute the resulting executable under
  22:Generated_Source\PSoC5/ErikaOS_1_ee_ulockallres.c ****  * terms of your choice, provided that you also meet, for each linked
  23:Generated_Source\PSoC5/ErikaOS_1_ee_ulockallres.c ****  * independent module, the terms and conditions of the license of that
  24:Generated_Source\PSoC5/ErikaOS_1_ee_ulockallres.c ****  * module.  An independent module is a module which is not derived from
  25:Generated_Source\PSoC5/ErikaOS_1_ee_ulockallres.c ****  * or based on this library.  If you modify this code, you may extend
  26:Generated_Source\PSoC5/ErikaOS_1_ee_ulockallres.c ****  * this exception to your version of the code, but you are not
  27:Generated_Source\PSoC5/ErikaOS_1_ee_ulockallres.c ****  * obligated to do so.  If you do not wish to do so, delete this
  28:Generated_Source\PSoC5/ErikaOS_1_ee_ulockallres.c ****  * exception statement from your version.
  29:Generated_Source\PSoC5/ErikaOS_1_ee_ulockallres.c ****  *
  30:Generated_Source\PSoC5/ErikaOS_1_ee_ulockallres.c ****  * ERIKA Enterprise is distributed in the hope that it will be
ARM GAS  C:\Users\schmi\AppData\Local\Temp\cc2lgzl4.s 			page 2


  31:Generated_Source\PSoC5/ErikaOS_1_ee_ulockallres.c ****  * useful, but WITHOUT ANY WARRANTY; without even the implied warranty
  32:Generated_Source\PSoC5/ErikaOS_1_ee_ulockallres.c ****  * of MERCHANTABILITY or FITNESS FOR A PARTICULAR PURPOSE.  See the
  33:Generated_Source\PSoC5/ErikaOS_1_ee_ulockallres.c ****  * GNU General Public License version 2 for more details.
  34:Generated_Source\PSoC5/ErikaOS_1_ee_ulockallres.c ****  *
  35:Generated_Source\PSoC5/ErikaOS_1_ee_ulockallres.c ****  * You should have received a copy of the GNU General Public License
  36:Generated_Source\PSoC5/ErikaOS_1_ee_ulockallres.c ****  * version 2 along with ERIKA Enterprise; if not, write to the
  37:Generated_Source\PSoC5/ErikaOS_1_ee_ulockallres.c ****  * Free Software Foundation, Inc., 51 Franklin Street, Fifth Floor,
  38:Generated_Source\PSoC5/ErikaOS_1_ee_ulockallres.c ****  * Boston, MA 02110-1301 USA.
  39:Generated_Source\PSoC5/ErikaOS_1_ee_ulockallres.c ****  * ###*E*### */
  40:Generated_Source\PSoC5/ErikaOS_1_ee_ulockallres.c **** 
  41:Generated_Source\PSoC5/ErikaOS_1_ee_ulockallres.c **** /*
  42:Generated_Source\PSoC5/ErikaOS_1_ee_ulockallres.c ****  * Author: 2011 Errico Guidieri
  43:Generated_Source\PSoC5/ErikaOS_1_ee_ulockallres.c ****  */
  44:Generated_Source\PSoC5/ErikaOS_1_ee_ulockallres.c **** 
  45:Generated_Source\PSoC5/ErikaOS_1_ee_ulockallres.c **** /*
  46:Generated_Source\PSoC5/ErikaOS_1_ee_ulockallres.c ****  * PSoC Port and API Generation
  47:Generated_Source\PSoC5/ErikaOS_1_ee_ulockallres.c ****  * Carlos Fernando Meier Martinez
  48:Generated_Source\PSoC5/ErikaOS_1_ee_ulockallres.c ****  * Hochschule Darmstadt, Germany. 2017.
  49:Generated_Source\PSoC5/ErikaOS_1_ee_ulockallres.c ****  */
  50:Generated_Source\PSoC5/ErikaOS_1_ee_ulockallres.c **** 
  51:Generated_Source\PSoC5/ErikaOS_1_ee_ulockallres.c **** #include "ErikaOS_1_ee_internal.inc"
  52:Generated_Source\PSoC5/ErikaOS_1_ee_ulockallres.c **** #if (defined(__OO_BCC1__) || defined(__OO_BCC2__) || defined(__OO_ECC1__) || defined(__OO_ECC2__)) 
  53:Generated_Source\PSoC5/ErikaOS_1_ee_ulockallres.c **** 
  54:Generated_Source\PSoC5/ErikaOS_1_ee_ulockallres.c **** /*
  55:Generated_Source\PSoC5/ErikaOS_1_ee_ulockallres.c ****   Method to Release All Resources locked by a Thread,
  56:Generated_Source\PSoC5/ErikaOS_1_ee_ulockallres.c ****   used to fulfill AS requirement OS070
  57:Generated_Source\PSoC5/ErikaOS_1_ee_ulockallres.c **** */
  58:Generated_Source\PSoC5/ErikaOS_1_ee_ulockallres.c **** 
  59:Generated_Source\PSoC5/ErikaOS_1_ee_ulockallres.c **** #if ( (defined(__OO_EXTENDED_STATUS__)) || (defined(__OO_ISR2_RESOURCES__)) ) \
  60:Generated_Source\PSoC5/ErikaOS_1_ee_ulockallres.c ****   && (!defined(__PRIVATE_RELEASEALLRESOURCE__))
  61:Generated_Source\PSoC5/ErikaOS_1_ee_ulockallres.c **** 
  62:Generated_Source\PSoC5/ErikaOS_1_ee_ulockallres.c **** #if 0
  63:Generated_Source\PSoC5/ErikaOS_1_ee_ulockallres.c **** #ifdef __MSRP__
  64:Generated_Source\PSoC5/ErikaOS_1_ee_ulockallres.c **** #warning "MSRP multiprocessor kernel protocol is not completly supported!"
  65:Generated_Source\PSoC5/ErikaOS_1_ee_ulockallres.c **** static void EE_oo_unlock_others(EE_UREG ResID)
  66:Generated_Source\PSoC5/ErikaOS_1_ee_ulockallres.c **** {
  67:Generated_Source\PSoC5/ErikaOS_1_ee_ulockallres.c ****   /* TODO Understand what I need to do for global resources
  68:Generated_Source\PSoC5/ErikaOS_1_ee_ulockallres.c ****    * PSEUDO code:
  69:Generated_Source\PSoC5/ErikaOS_1_ee_ulockallres.c ****    *  if(EE_oo_isGlobal(ResID))
  70:Generated_Source\PSoC5/ErikaOS_1_ee_ulockallres.c ****    *    EE_hal_spin_out((EE_TYPESPIN)ResID);
  71:Generated_Source\PSoC5/ErikaOS_1_ee_ulockallres.c ****    * but i cannot rely on EE_GLOBAL_MUTEX flag!
  72:Generated_Source\PSoC5/ErikaOS_1_ee_ulockallres.c ****    * EG:
  73:Generated_Source\PSoC5/ErikaOS_1_ee_ulockallres.c ****    * Global resources are going to disappear!
  74:Generated_Source\PSoC5/ErikaOS_1_ee_ulockallres.c ****    */
  75:Generated_Source\PSoC5/ErikaOS_1_ee_ulockallres.c **** }
  76:Generated_Source\PSoC5/ErikaOS_1_ee_ulockallres.c **** #else
  77:Generated_Source\PSoC5/ErikaOS_1_ee_ulockallres.c **** #define EE_oo_unlock_others(ResID)  ((void)0)
  78:Generated_Source\PSoC5/ErikaOS_1_ee_ulockallres.c **** #endif
  79:Generated_Source\PSoC5/ErikaOS_1_ee_ulockallres.c **** #endif 
  80:Generated_Source\PSoC5/ErikaOS_1_ee_ulockallres.c **** 
  81:Generated_Source\PSoC5/ErikaOS_1_ee_ulockallres.c **** EE_UREG EE_oo_release_all_resources( EE_TID tid ) {
  28              		.loc 1 81 0
  29              		.cfi_startproc
  30              		@ args = 0, pretend = 0, frame = 8
  31              		@ frame_needed = 1, uses_anonymous_args = 0
  32              		@ link register save eliminated.
  33 0000 B0B4     		push	{r4, r5, r7}
ARM GAS  C:\Users\schmi\AppData\Local\Temp\cc2lgzl4.s 			page 3


  34              		.cfi_def_cfa_offset 12
  35              		.cfi_offset 4, -12
  36              		.cfi_offset 5, -8
  37              		.cfi_offset 7, -4
  38 0002 83B0     		sub	sp, sp, #12
  39              		.cfi_def_cfa_offset 24
  40 0004 00AF     		add	r7, sp, #0
  41              		.cfi_def_cfa_register 7
  42 0006 7860     		str	r0, [r7, #4]
  82:Generated_Source\PSoC5/ErikaOS_1_ee_ulockallres.c ****   /* ALLERT! this method have to be called only inside a critical section
  83:Generated_Source\PSoC5/ErikaOS_1_ee_ulockallres.c ****      (e.g. interrupt disabled) */
  84:Generated_Source\PSoC5/ErikaOS_1_ee_ulockallres.c ****   register EE_UREG curRes, ResID = EE_UREG_MINUS1;
  43              		.loc 1 84 0
  44 0008 4FF0FF34 		mov	r4, #-1
  85:Generated_Source\PSoC5/ErikaOS_1_ee_ulockallres.c **** 
  86:Generated_Source\PSoC5/ErikaOS_1_ee_ulockallres.c ****   curRes = EE_th_resource_last[tid];
  45              		.loc 1 86 0
  46 000c 124A     		ldr	r2, .L6
  47 000e 7B68     		ldr	r3, [r7, #4]
  48 0010 52F82350 		ldr	r5, [r2, r3, lsl #2]
  87:Generated_Source\PSoC5/ErikaOS_1_ee_ulockallres.c ****   while ( curRes != EE_UREG_MINUS1 ) {
  49              		.loc 1 87 0
  50 0014 0FE0     		b	.L2
  51              	.L3:
  88:Generated_Source\PSoC5/ErikaOS_1_ee_ulockallres.c ****     ResID = curRes;
  52              		.loc 1 88 0
  53 0016 2C46     		mov	r4, r5
  89:Generated_Source\PSoC5/ErikaOS_1_ee_ulockallres.c ****     /* remove the last entry from the data structure */
  90:Generated_Source\PSoC5/ErikaOS_1_ee_ulockallres.c ****     EE_th_resource_last[tid] =
  91:Generated_Source\PSoC5/ErikaOS_1_ee_ulockallres.c ****       EE_resource_stack[ResID];
  54              		.loc 1 91 0
  55 0018 104B     		ldr	r3, .L6+4
  56 001a 53F82420 		ldr	r2, [r3, r4, lsl #2]
  90:Generated_Source\PSoC5/ErikaOS_1_ee_ulockallres.c ****       EE_resource_stack[ResID];
  57              		.loc 1 90 0
  58 001e 0E49     		ldr	r1, .L6
  59 0020 7B68     		ldr	r3, [r7, #4]
  60 0022 41F82320 		str	r2, [r1, r3, lsl #2]
  92:Generated_Source\PSoC5/ErikaOS_1_ee_ulockallres.c **** #ifdef __OO_EXTENDED_STATUS__
  93:Generated_Source\PSoC5/ErikaOS_1_ee_ulockallres.c ****     /* free the resource */
  94:Generated_Source\PSoC5/ErikaOS_1_ee_ulockallres.c ****     EE_resource_locked[ResID] = EE_FALSE;
  61              		.loc 1 94 0
  62 0026 0E4B     		ldr	r3, .L6+8
  63 0028 0022     		movs	r2, #0
  64 002a 43F82420 		str	r2, [r3, r4, lsl #2]
  95:Generated_Source\PSoC5/ErikaOS_1_ee_ulockallres.c **** #endif /* __OO_EXTENDED_STATUS__ */
  96:Generated_Source\PSoC5/ErikaOS_1_ee_ulockallres.c ****     /* TODO choose the fate of global resources */
  97:Generated_Source\PSoC5/ErikaOS_1_ee_ulockallres.c **** #if 0
  98:Generated_Source\PSoC5/ErikaOS_1_ee_ulockallres.c ****     EE_oo_unlock_others(ResID);
  99:Generated_Source\PSoC5/ErikaOS_1_ee_ulockallres.c **** #endif
 100:Generated_Source\PSoC5/ErikaOS_1_ee_ulockallres.c **** 
 101:Generated_Source\PSoC5/ErikaOS_1_ee_ulockallres.c ****     curRes = EE_th_resource_last[tid];
  65              		.loc 1 101 0
  66 002e 0A4A     		ldr	r2, .L6
  67 0030 7B68     		ldr	r3, [r7, #4]
  68 0032 52F82350 		ldr	r5, [r2, r3, lsl #2]
  69              	.L2:
ARM GAS  C:\Users\schmi\AppData\Local\Temp\cc2lgzl4.s 			page 4


  87:Generated_Source\PSoC5/ErikaOS_1_ee_ulockallres.c ****     ResID = curRes;
  70              		.loc 1 87 0
  71 0036 B5F1FF3F 		cmp	r5, #-1
  72 003a ECD1     		bne	.L3
 102:Generated_Source\PSoC5/ErikaOS_1_ee_ulockallres.c ****   }
 103:Generated_Source\PSoC5/ErikaOS_1_ee_ulockallres.c **** 
 104:Generated_Source\PSoC5/ErikaOS_1_ee_ulockallres.c ****   /* Check if at least one resource have been freed */
 105:Generated_Source\PSoC5/ErikaOS_1_ee_ulockallres.c ****   if ( ResID != EE_UREG_MINUS1 ) {
  73              		.loc 1 105 0
  74 003c B4F1FF3F 		cmp	r4, #-1
  75 0040 04D0     		beq	.L4
 106:Generated_Source\PSoC5/ErikaOS_1_ee_ulockallres.c ****     /* Restore the sys-ceiling with the old value from the bottom of the
 107:Generated_Source\PSoC5/ErikaOS_1_ee_ulockallres.c ****        resource stack */
 108:Generated_Source\PSoC5/ErikaOS_1_ee_ulockallres.c ****     EE_sys_ceiling = EE_resource_oldceiling[ResID];
  76              		.loc 1 108 0
  77 0042 084B     		ldr	r3, .L6+12
  78 0044 53F82430 		ldr	r3, [r3, r4, lsl #2]
  79 0048 074A     		ldr	r2, .L6+16
  80 004a 1360     		str	r3, [r2]
  81              	.L4:
 109:Generated_Source\PSoC5/ErikaOS_1_ee_ulockallres.c **** 
 110:Generated_Source\PSoC5/ErikaOS_1_ee_ulockallres.c **** #ifdef __OO_ISR2_RESOURCES__
 111:Generated_Source\PSoC5/ErikaOS_1_ee_ulockallres.c ****     /* Restore the isr2 prio with the old value from the bottom of the
 112:Generated_Source\PSoC5/ErikaOS_1_ee_ulockallres.c ****        resource stack */
 113:Generated_Source\PSoC5/ErikaOS_1_ee_ulockallres.c ****     EE_hal_set_int_prio(EE_isr2_oldpriority[ResID]);
 114:Generated_Source\PSoC5/ErikaOS_1_ee_ulockallres.c **** #endif /* __OO_ISR2_RESOURCES__ */
 115:Generated_Source\PSoC5/ErikaOS_1_ee_ulockallres.c **** 
 116:Generated_Source\PSoC5/ErikaOS_1_ee_ulockallres.c **** #ifdef __OO_ORTI_PRIORITY__
 117:Generated_Source\PSoC5/ErikaOS_1_ee_ulockallres.c ****     /* Restore the ORTI priority with the old value from the bottom of the
 118:Generated_Source\PSoC5/ErikaOS_1_ee_ulockallres.c ****        resource stack */
 119:Generated_Source\PSoC5/ErikaOS_1_ee_ulockallres.c ****     EE_ORTI_th_priority[tid] = EE_ORTI_resource_oldpriority[ResID];
 120:Generated_Source\PSoC5/ErikaOS_1_ee_ulockallres.c **** #endif /* __OO_ORTI_PRIORITY__ */
 121:Generated_Source\PSoC5/ErikaOS_1_ee_ulockallres.c ****   }
 122:Generated_Source\PSoC5/ErikaOS_1_ee_ulockallres.c ****   return ResID;
  82              		.loc 1 122 0
  83 004c 2346     		mov	r3, r4
 123:Generated_Source\PSoC5/ErikaOS_1_ee_ulockallres.c **** }
  84              		.loc 1 123 0
  85 004e 1846     		mov	r0, r3
  86 0050 0C37     		adds	r7, r7, #12
  87              		.cfi_def_cfa_offset 12
  88 0052 BD46     		mov	sp, r7
  89              		.cfi_def_cfa_register 13
  90              		@ sp needed
  91 0054 B0BC     		pop	{r4, r5, r7}
  92              		.cfi_restore 7
  93              		.cfi_restore 5
  94              		.cfi_restore 4
  95              		.cfi_def_cfa_offset 0
  96 0056 7047     		bx	lr
  97              	.L7:
  98              		.align	2
  99              	.L6:
 100 0058 00000000 		.word	EE_th_resource_last
 101 005c 00000000 		.word	EE_resource_stack
 102 0060 00000000 		.word	EE_resource_locked
 103 0064 00000000 		.word	EE_resource_oldceiling
ARM GAS  C:\Users\schmi\AppData\Local\Temp\cc2lgzl4.s 			page 5


 104 0068 00000000 		.word	EE_sys_ceiling
 105              		.cfi_endproc
 106              	.LFE70:
 107              		.size	EE_oo_release_all_resources, .-EE_oo_release_all_resources
 108              		.text
 109              	.Letext0:
 110              		.file 2 "Generated_Source\\PSoC5\\ErikaOS_1_common_ee_types.inc"
 111              		.file 3 "Generated_Source\\PSoC5\\ErikaOS_1_cortex_mx_ee_cpu.inc"
 112              		.file 4 "Generated_Source\\PSoC5\\ErikaOS_1_ee_oo_common.inc"
 113              		.file 5 "Generated_Source\\PSoC5\\ErikaOS_1_common_ee_primitives.inc"
 114              		.file 6 "Generated_Source\\PSoC5\\ErikaOS_1_cortex_mx_ee_context.inc"
 115              		.file 7 "Generated_Source\\PSoC5\\ErikaOS_1_ee_oo_intfunc.inc"
 116              		.file 8 "Generated_Source\\PSoC5\\ErikaOS_1_ee_oo_internal.inc"
 117              		.section	.debug_info,"",%progbits
 118              	.Ldebug_info0:
 119 0000 55040000 		.4byte	0x455
 120 0004 0400     		.2byte	0x4
 121 0006 00000000 		.4byte	.Ldebug_abbrev0
 122 000a 04       		.byte	0x4
 123 000b 01       		.uleb128 0x1
 124 000c 92000000 		.4byte	.LASF68
 125 0010 0C       		.byte	0xc
 126 0011 A7010000 		.4byte	.LASF69
 127 0015 EE030000 		.4byte	.LASF70
 128 0019 00000000 		.4byte	.Ldebug_ranges0+0
 129 001d 00000000 		.4byte	0
 130 0021 00000000 		.4byte	.Ldebug_line0
 131 0025 02       		.uleb128 0x2
 132 0026 01       		.byte	0x1
 133 0027 06       		.byte	0x6
 134 0028 25030000 		.4byte	.LASF0
 135 002c 02       		.uleb128 0x2
 136 002d 01       		.byte	0x1
 137 002e 08       		.byte	0x8
 138 002f FE020000 		.4byte	.LASF1
 139 0033 02       		.uleb128 0x2
 140 0034 02       		.byte	0x2
 141 0035 05       		.byte	0x5
 142 0036 64000000 		.4byte	.LASF2
 143 003a 02       		.uleb128 0x2
 144 003b 02       		.byte	0x2
 145 003c 07       		.byte	0x7
 146 003d 9F030000 		.4byte	.LASF3
 147 0041 02       		.uleb128 0x2
 148 0042 04       		.byte	0x4
 149 0043 05       		.byte	0x5
 150 0044 40020000 		.4byte	.LASF4
 151 0048 02       		.uleb128 0x2
 152 0049 04       		.byte	0x4
 153 004a 07       		.byte	0x7
 154 004b 76040000 		.4byte	.LASF5
 155 004f 02       		.uleb128 0x2
 156 0050 08       		.byte	0x8
 157 0051 05       		.byte	0x5
 158 0052 09020000 		.4byte	.LASF6
 159 0056 02       		.uleb128 0x2
 160 0057 08       		.byte	0x8
ARM GAS  C:\Users\schmi\AppData\Local\Temp\cc2lgzl4.s 			page 6


 161 0058 07       		.byte	0x7
 162 0059 31030000 		.4byte	.LASF7
 163 005d 03       		.uleb128 0x3
 164 005e 04       		.byte	0x4
 165 005f 05       		.byte	0x5
 166 0060 696E7400 		.ascii	"int\000"
 167 0064 02       		.uleb128 0x2
 168 0065 04       		.byte	0x4
 169 0066 07       		.byte	0x7
 170 0067 48030000 		.4byte	.LASF8
 171 006b 02       		.uleb128 0x2
 172 006c 08       		.byte	0x8
 173 006d 04       		.byte	0x4
 174 006e DD020000 		.4byte	.LASF9
 175 0072 04       		.uleb128 0x4
 176 0073 17020000 		.4byte	.LASF10
 177 0077 02       		.byte	0x2
 178 0078 3F       		.byte	0x3f
 179 0079 25000000 		.4byte	0x25
 180 007d 04       		.uleb128 0x4
 181 007e 4A040000 		.4byte	.LASF11
 182 0082 02       		.byte	0x2
 183 0083 52       		.byte	0x52
 184 0084 3A000000 		.4byte	0x3a
 185 0088 04       		.uleb128 0x4
 186 0089 7A030000 		.4byte	.LASF12
 187 008d 02       		.byte	0x2
 188 008e 53       		.byte	0x53
 189 008f 5D000000 		.4byte	0x5d
 190 0093 04       		.uleb128 0x4
 191 0094 3E010000 		.4byte	.LASF13
 192 0098 02       		.byte	0x2
 193 0099 54       		.byte	0x54
 194 009a 64000000 		.4byte	0x64
 195 009e 04       		.uleb128 0x4
 196 009f 2B000000 		.4byte	.LASF14
 197 00a3 03       		.byte	0x3
 198 00a4 4D       		.byte	0x4d
 199 00a5 93000000 		.4byte	0x93
 200 00a9 04       		.uleb128 0x4
 201 00aa 20010000 		.4byte	.LASF15
 202 00ae 03       		.byte	0x3
 203 00af 4F       		.byte	0x4f
 204 00b0 93000000 		.4byte	0x93
 205 00b4 04       		.uleb128 0x4
 206 00b5 88040000 		.4byte	.LASF16
 207 00b9 03       		.byte	0x3
 208 00ba 54       		.byte	0x54
 209 00bb 9E000000 		.4byte	0x9e
 210 00bf 04       		.uleb128 0x4
 211 00c0 59010000 		.4byte	.LASF17
 212 00c4 03       		.byte	0x3
 213 00c5 78       		.byte	0x78
 214 00c6 88000000 		.4byte	0x88
 215 00ca 05       		.uleb128 0x5
 216 00cb 1F020000 		.4byte	.LASF18
 217 00cf 04       		.byte	0x4
ARM GAS  C:\Users\schmi\AppData\Local\Temp\cc2lgzl4.s 			page 7


 218 00d0 1101     		.2byte	0x111
 219 00d2 7D000000 		.4byte	0x7d
 220 00d6 05       		.uleb128 0x5
 221 00d7 B3020000 		.4byte	.LASF19
 222 00db 04       		.byte	0x4
 223 00dc 3502     		.2byte	0x235
 224 00de 9E000000 		.4byte	0x9e
 225 00e2 05       		.uleb128 0x5
 226 00e3 CB020000 		.4byte	.LASF20
 227 00e7 04       		.byte	0x4
 228 00e8 5D02     		.2byte	0x25d
 229 00ea 9E000000 		.4byte	0x9e
 230 00ee 05       		.uleb128 0x5
 231 00ef C2040000 		.4byte	.LASF21
 232 00f3 04       		.byte	0x4
 233 00f4 6C02     		.2byte	0x26c
 234 00f6 9E000000 		.4byte	0x9e
 235 00fa 06       		.uleb128 0x6
 236 00fb 0C       		.byte	0xc
 237 00fc 04       		.byte	0x4
 238 00fd 7202     		.2byte	0x272
 239 00ff 2B010000 		.4byte	0x12b
 240 0103 07       		.uleb128 0x7
 241 0104 49020000 		.4byte	.LASF22
 242 0108 04       		.byte	0x4
 243 0109 7302     		.2byte	0x273
 244 010b D6000000 		.4byte	0xd6
 245 010f 00       		.byte	0
 246 0110 07       		.uleb128 0x7
 247 0111 33000000 		.4byte	.LASF23
 248 0115 04       		.byte	0x4
 249 0116 7402     		.2byte	0x274
 250 0118 D6000000 		.4byte	0xd6
 251 011c 04       		.byte	0x4
 252 011d 07       		.uleb128 0x7
 253 011e 60010000 		.4byte	.LASF24
 254 0122 04       		.byte	0x4
 255 0123 7502     		.2byte	0x275
 256 0125 D6000000 		.4byte	0xd6
 257 0129 08       		.byte	0x8
 258 012a 00       		.byte	0
 259 012b 05       		.uleb128 0x5
 260 012c 9C020000 		.4byte	.LASF25
 261 0130 04       		.byte	0x4
 262 0131 7A02     		.2byte	0x27a
 263 0133 FA000000 		.4byte	0xfa
 264 0137 06       		.uleb128 0x6
 265 0138 08       		.byte	0x8
 266 0139 04       		.byte	0x4
 267 013a 7D02     		.2byte	0x27d
 268 013c 5B010000 		.4byte	0x15b
 269 0140 07       		.uleb128 0x7
 270 0141 69010000 		.4byte	.LASF26
 271 0145 04       		.byte	0x4
 272 0146 7E02     		.2byte	0x27e
 273 0148 D6000000 		.4byte	0xd6
 274 014c 00       		.byte	0
ARM GAS  C:\Users\schmi\AppData\Local\Temp\cc2lgzl4.s 			page 8


 275 014d 07       		.uleb128 0x7
 276 014e 1D050000 		.4byte	.LASF27
 277 0152 04       		.byte	0x4
 278 0153 7F02     		.2byte	0x27f
 279 0155 E2000000 		.4byte	0xe2
 280 0159 04       		.byte	0x4
 281 015a 00       		.byte	0
 282 015b 05       		.uleb128 0x5
 283 015c D9010000 		.4byte	.LASF28
 284 0160 04       		.byte	0x4
 285 0161 8002     		.2byte	0x280
 286 0163 37010000 		.4byte	0x137
 287 0167 08       		.uleb128 0x8
 288 0168 01       		.byte	0x1
 289 0169 2C000000 		.4byte	0x2c
 290 016d 04       		.byte	0x4
 291 016e 8A02     		.2byte	0x28a
 292 0170 81010000 		.4byte	0x181
 293 0174 09       		.uleb128 0x9
 294 0175 B4040000 		.4byte	.LASF29
 295 0179 00       		.byte	0
 296 017a 09       		.uleb128 0x9
 297 017b 2F020000 		.4byte	.LASF30
 298 017f 01       		.byte	0x1
 299 0180 00       		.byte	0
 300 0181 05       		.uleb128 0x5
 301 0182 88010000 		.4byte	.LASF31
 302 0186 04       		.byte	0x4
 303 0187 8D02     		.2byte	0x28d
 304 0189 67010000 		.4byte	0x167
 305 018d 05       		.uleb128 0x5
 306 018e 28010000 		.4byte	.LASF32
 307 0192 04       		.byte	0x4
 308 0193 9002     		.2byte	0x290
 309 0195 81010000 		.4byte	0x181
 310 0199 06       		.uleb128 0x6
 311 019a 0C       		.byte	0xc
 312 019b 04       		.byte	0x4
 313 019c 9402     		.2byte	0x294
 314 019e C8010000 		.4byte	0x1c8
 315 01a2 0A       		.uleb128 0xa
 316 01a3 6300     		.ascii	"c\000"
 317 01a5 04       		.byte	0x4
 318 01a6 9602     		.2byte	0x296
 319 01a8 EE000000 		.4byte	0xee
 320 01ac 00       		.byte	0
 321 01ad 07       		.uleb128 0x7
 322 01ae EF040000 		.4byte	.LASF33
 323 01b2 04       		.byte	0x4
 324 01b3 9802     		.2byte	0x298
 325 01b5 E2000000 		.4byte	0xe2
 326 01b9 04       		.byte	0x4
 327 01ba 07       		.uleb128 0x7
 328 01bb 00000000 		.4byte	.LASF34
 329 01bf 04       		.byte	0x4
 330 01c0 9A02     		.2byte	0x29a
 331 01c2 8D010000 		.4byte	0x18d
ARM GAS  C:\Users\schmi\AppData\Local\Temp\cc2lgzl4.s 			page 9


 332 01c6 08       		.byte	0x8
 333 01c7 00       		.byte	0
 334 01c8 05       		.uleb128 0x5
 335 01c9 B2030000 		.4byte	.LASF35
 336 01cd 04       		.byte	0x4
 337 01ce 9B02     		.2byte	0x29b
 338 01d0 99010000 		.4byte	0x199
 339 01d4 06       		.uleb128 0x6
 340 01d5 10       		.byte	0x10
 341 01d6 04       		.byte	0x4
 342 01d7 9F02     		.2byte	0x29f
 343 01d9 12020000 		.4byte	0x212
 344 01dd 07       		.uleb128 0x7
 345 01de BD040000 		.4byte	.LASF36
 346 01e2 04       		.byte	0x4
 347 01e3 A002     		.2byte	0x2a0
 348 01e5 B4000000 		.4byte	0xb4
 349 01e9 00       		.byte	0
 350 01ea 07       		.uleb128 0x7
 351 01eb F7040000 		.4byte	.LASF37
 352 01ef 04       		.byte	0x4
 353 01f0 A102     		.2byte	0x2a1
 354 01f2 D6000000 		.4byte	0xd6
 355 01f6 04       		.byte	0x4
 356 01f7 07       		.uleb128 0x7
 357 01f8 8C000000 		.4byte	.LASF38
 358 01fc 04       		.byte	0x4
 359 01fd A202     		.2byte	0x2a2
 360 01ff D6000000 		.4byte	0xd6
 361 0203 08       		.byte	0x8
 362 0204 07       		.uleb128 0x7
 363 0205 0B050000 		.4byte	.LASF39
 364 0209 04       		.byte	0x4
 365 020a A302     		.2byte	0x2a3
 366 020c E2000000 		.4byte	0xe2
 367 0210 0C       		.byte	0xc
 368 0211 00       		.byte	0
 369 0212 05       		.uleb128 0x5
 370 0213 59020000 		.4byte	.LASF40
 371 0217 04       		.byte	0x4
 372 0218 A402     		.2byte	0x2a4
 373 021a D4010000 		.4byte	0x1d4
 374 021e 0B       		.uleb128 0xb
 375 021f 83030000 		.4byte	.LASF71
 376 0223 01       		.byte	0x1
 377 0224 51       		.byte	0x51
 378 0225 9E000000 		.4byte	0x9e
 379 0229 00000000 		.4byte	.LFB70
 380 022d 6C000000 		.4byte	.LFE70-.LFB70
 381 0231 01       		.uleb128 0x1
 382 0232 9C       		.byte	0x9c
 383 0233 60020000 		.4byte	0x260
 384 0237 0C       		.uleb128 0xc
 385 0238 74696400 		.ascii	"tid\000"
 386 023c 01       		.byte	0x1
 387 023d 51       		.byte	0x51
 388 023e BF000000 		.4byte	0xbf
ARM GAS  C:\Users\schmi\AppData\Local\Temp\cc2lgzl4.s 			page 10


 389 0242 02       		.uleb128 0x2
 390 0243 91       		.byte	0x91
 391 0244 6C       		.sleb128 -20
 392 0245 0D       		.uleb128 0xd
 393 0246 D0030000 		.4byte	.LASF41
 394 024a 01       		.byte	0x1
 395 024b 54       		.byte	0x54
 396 024c 9E000000 		.4byte	0x9e
 397 0250 01       		.uleb128 0x1
 398 0251 55       		.byte	0x55
 399 0252 0D       		.uleb128 0xd
 400 0253 F8020000 		.4byte	.LASF42
 401 0257 01       		.byte	0x1
 402 0258 54       		.byte	0x54
 403 0259 9E000000 		.4byte	0x9e
 404 025d 01       		.uleb128 0x1
 405 025e 54       		.byte	0x54
 406 025f 00       		.byte	0
 407 0260 0E       		.uleb128 0xe
 408 0261 77000000 		.4byte	.LASF43
 409 0265 05       		.byte	0x5
 410 0266 44       		.byte	0x44
 411 0267 9E000000 		.4byte	0x9e
 412 026b 0E       		.uleb128 0xe
 413 026c 61030000 		.4byte	.LASF44
 414 0270 06       		.byte	0x6
 415 0271 48       		.byte	0x48
 416 0272 BF000000 		.4byte	0xbf
 417 0276 0F       		.uleb128 0xf
 418 0277 8D020000 		.4byte	0x28d
 419 027b 86020000 		.4byte	0x286
 420 027f 10       		.uleb128 0x10
 421 0280 86020000 		.4byte	0x286
 422 0284 03       		.byte	0x3
 423 0285 00       		.byte	0
 424 0286 02       		.uleb128 0x2
 425 0287 04       		.byte	0x4
 426 0288 07       		.byte	0x7
 427 0289 6E000000 		.4byte	.LASF45
 428 028d 11       		.uleb128 0x11
 429 028e 9E000000 		.4byte	0x9e
 430 0292 0E       		.uleb128 0xe
 431 0293 48010000 		.4byte	.LASF46
 432 0297 04       		.byte	0x4
 433 0298 B2       		.byte	0xb2
 434 0299 9D020000 		.4byte	0x29d
 435 029d 11       		.uleb128 0x11
 436 029e 76020000 		.4byte	0x276
 437 02a2 0E       		.uleb128 0xe
 438 02a3 DB040000 		.4byte	.LASF47
 439 02a7 04       		.byte	0x4
 440 02a8 B3       		.byte	0xb3
 441 02a9 AD020000 		.4byte	0x2ad
 442 02ad 11       		.uleb128 0x11
 443 02ae 76020000 		.4byte	0x276
 444 02b2 0F       		.uleb128 0xf
 445 02b3 9E000000 		.4byte	0x9e
ARM GAS  C:\Users\schmi\AppData\Local\Temp\cc2lgzl4.s 			page 11


 446 02b7 C2020000 		.4byte	0x2c2
 447 02bb 10       		.uleb128 0x10
 448 02bc 86020000 		.4byte	0x286
 449 02c0 03       		.byte	0x3
 450 02c1 00       		.byte	0
 451 02c2 0E       		.uleb128 0xe
 452 02c3 CE040000 		.4byte	.LASF48
 453 02c7 04       		.byte	0x4
 454 02c8 CA       		.byte	0xca
 455 02c9 B2020000 		.4byte	0x2b2
 456 02cd 0F       		.uleb128 0xf
 457 02ce BF000000 		.4byte	0xbf
 458 02d2 DD020000 		.4byte	0x2dd
 459 02d6 10       		.uleb128 0x10
 460 02d7 86020000 		.4byte	0x286
 461 02db 03       		.byte	0x3
 462 02dc 00       		.byte	0
 463 02dd 0E       		.uleb128 0xe
 464 02de 00050000 		.4byte	.LASF49
 465 02e2 04       		.byte	0x4
 466 02e3 D2       		.byte	0xd2
 467 02e4 CD020000 		.4byte	0x2cd
 468 02e8 0E       		.uleb128 0xe
 469 02e9 55030000 		.4byte	.LASF50
 470 02ed 04       		.byte	0x4
 471 02ee DA       		.byte	0xda
 472 02ef B2020000 		.4byte	0x2b2
 473 02f3 0E       		.uleb128 0xe
 474 02f4 A8040000 		.4byte	.LASF51
 475 02f8 04       		.byte	0x4
 476 02f9 E2       		.byte	0xe2
 477 02fa BF000000 		.4byte	0xbf
 478 02fe 0E       		.uleb128 0xe
 479 02ff BC020000 		.4byte	.LASF52
 480 0303 04       		.byte	0x4
 481 0304 F7       		.byte	0xf7
 482 0305 9E000000 		.4byte	0x9e
 483 0309 12       		.uleb128 0x12
 484 030a 1D000000 		.4byte	.LASF53
 485 030e 04       		.byte	0x4
 486 030f 3F01     		.2byte	0x13f
 487 0311 CA000000 		.4byte	0xca
 488 0315 12       		.uleb128 0x12
 489 0316 40000000 		.4byte	.LASF54
 490 031a 04       		.byte	0x4
 491 031b 5C01     		.2byte	0x15c
 492 031d B2020000 		.4byte	0x2b2
 493 0321 0F       		.uleb128 0xf
 494 0322 B4000000 		.4byte	0xb4
 495 0326 31030000 		.4byte	0x331
 496 032a 10       		.uleb128 0x10
 497 032b 86020000 		.4byte	0x286
 498 032f 03       		.byte	0x3
 499 0330 00       		.byte	0
 500 0331 12       		.uleb128 0x12
 501 0332 53000000 		.4byte	.LASF55
 502 0336 04       		.byte	0x4
ARM GAS  C:\Users\schmi\AppData\Local\Temp\cc2lgzl4.s 			page 12


 503 0337 6701     		.2byte	0x167
 504 0339 21030000 		.4byte	0x321
 505 033d 0F       		.uleb128 0xf
 506 033e 9E000000 		.4byte	0x9e
 507 0342 4D030000 		.4byte	0x34d
 508 0346 10       		.uleb128 0x10
 509 0347 86020000 		.4byte	0x286
 510 034b 02       		.byte	0x2
 511 034c 00       		.byte	0
 512 034d 12       		.uleb128 0x12
 513 034e D7030000 		.4byte	.LASF56
 514 0352 04       		.byte	0x4
 515 0353 8F01     		.2byte	0x18f
 516 0355 3D030000 		.4byte	0x33d
 517 0359 0F       		.uleb128 0xf
 518 035a B4000000 		.4byte	0xb4
 519 035e 69030000 		.4byte	0x369
 520 0362 10       		.uleb128 0x10
 521 0363 86020000 		.4byte	0x286
 522 0367 02       		.byte	0x2
 523 0368 00       		.byte	0
 524 0369 12       		.uleb128 0x12
 525 036a 77020000 		.4byte	.LASF57
 526 036e 04       		.byte	0x4
 527 036f 9E01     		.2byte	0x19e
 528 0371 59030000 		.4byte	0x359
 529 0375 12       		.uleb128 0x12
 530 0376 94040000 		.4byte	.LASF58
 531 037a 04       		.byte	0x4
 532 037b BA01     		.2byte	0x1ba
 533 037d B2020000 		.4byte	0x2b2
 534 0381 12       		.uleb128 0x12
 535 0382 8A020000 		.4byte	.LASF59
 536 0386 04       		.byte	0x4
 537 0387 BF01     		.2byte	0x1bf
 538 0389 3D030000 		.4byte	0x33d
 539 038d 0F       		.uleb128 0xf
 540 038e 9D030000 		.4byte	0x39d
 541 0392 9D030000 		.4byte	0x39d
 542 0396 10       		.uleb128 0x10
 543 0397 86020000 		.4byte	0x286
 544 039b 00       		.byte	0
 545 039c 00       		.byte	0
 546 039d 11       		.uleb128 0x11
 547 039e 2B010000 		.4byte	0x12b
 548 03a2 12       		.uleb128 0x12
 549 03a3 E9020000 		.4byte	.LASF60
 550 03a7 04       		.byte	0x4
 551 03a8 CA02     		.2byte	0x2ca
 552 03aa AE030000 		.4byte	0x3ae
 553 03ae 11       		.uleb128 0x11
 554 03af 8D030000 		.4byte	0x38d
 555 03b3 0F       		.uleb128 0xf
 556 03b4 C3030000 		.4byte	0x3c3
 557 03b8 C3030000 		.4byte	0x3c3
 558 03bc 10       		.uleb128 0x10
 559 03bd 86020000 		.4byte	0x286
ARM GAS  C:\Users\schmi\AppData\Local\Temp\cc2lgzl4.s 			page 13


 560 03c1 00       		.byte	0
 561 03c2 00       		.byte	0
 562 03c3 11       		.uleb128 0x11
 563 03c4 C8010000 		.4byte	0x1c8
 564 03c8 12       		.uleb128 0x12
 565 03c9 6F010000 		.4byte	.LASF61
 566 03cd 04       		.byte	0x4
 567 03ce DD02     		.2byte	0x2dd
 568 03d0 D4030000 		.4byte	0x3d4
 569 03d4 11       		.uleb128 0x11
 570 03d5 B3030000 		.4byte	0x3b3
 571 03d9 0F       		.uleb128 0xf
 572 03da 5B010000 		.4byte	0x15b
 573 03de E9030000 		.4byte	0x3e9
 574 03e2 10       		.uleb128 0x10
 575 03e3 86020000 		.4byte	0x286
 576 03e7 00       		.byte	0
 577 03e8 00       		.byte	0
 578 03e9 12       		.uleb128 0x12
 579 03ea 54040000 		.4byte	.LASF62
 580 03ee 04       		.byte	0x4
 581 03ef FB02     		.2byte	0x2fb
 582 03f1 D9030000 		.4byte	0x3d9
 583 03f5 0F       		.uleb128 0xf
 584 03f6 12020000 		.4byte	0x212
 585 03fa 05040000 		.4byte	0x405
 586 03fe 10       		.uleb128 0x10
 587 03ff 86020000 		.4byte	0x286
 588 0403 00       		.byte	0
 589 0404 00       		.byte	0
 590 0405 12       		.uleb128 0x12
 591 0406 0C030000 		.4byte	.LASF63
 592 040a 04       		.byte	0x4
 593 040b 0403     		.2byte	0x304
 594 040d F5030000 		.4byte	0x3f5
 595 0411 0E       		.uleb128 0xe
 596 0412 05000000 		.4byte	.LASF64
 597 0416 07       		.byte	0x7
 598 0417 40       		.byte	0x40
 599 0418 9E000000 		.4byte	0x9e
 600 041c 0E       		.uleb128 0xe
 601 041d F0010000 		.4byte	.LASF65
 602 0421 07       		.byte	0x7
 603 0422 47       		.byte	0x47
 604 0423 A9000000 		.4byte	0xa9
 605 0427 0E       		.uleb128 0xe
 606 0428 63040000 		.4byte	.LASF66
 607 042c 07       		.byte	0x7
 608 042d 4A       		.byte	0x4a
 609 042e 9E000000 		.4byte	0x9e
 610 0432 0F       		.uleb128 0xf
 611 0433 42040000 		.4byte	0x442
 612 0437 42040000 		.4byte	0x442
 613 043b 10       		.uleb128 0x10
 614 043c 86020000 		.4byte	0x286
 615 0440 FF       		.byte	0xff
 616 0441 00       		.byte	0
ARM GAS  C:\Users\schmi\AppData\Local\Temp\cc2lgzl4.s 			page 14


 617 0442 11       		.uleb128 0x11
 618 0443 72000000 		.4byte	0x72
 619 0447 12       		.uleb128 0x12
 620 0448 10050000 		.4byte	.LASF67
 621 044c 08       		.byte	0x8
 622 044d AB01     		.2byte	0x1ab
 623 044f 53040000 		.4byte	0x453
 624 0453 11       		.uleb128 0x11
 625 0454 32040000 		.4byte	0x432
 626 0458 00       		.byte	0
 627              		.section	.debug_abbrev,"",%progbits
 628              	.Ldebug_abbrev0:
 629 0000 01       		.uleb128 0x1
 630 0001 11       		.uleb128 0x11
 631 0002 01       		.byte	0x1
 632 0003 25       		.uleb128 0x25
 633 0004 0E       		.uleb128 0xe
 634 0005 13       		.uleb128 0x13
 635 0006 0B       		.uleb128 0xb
 636 0007 03       		.uleb128 0x3
 637 0008 0E       		.uleb128 0xe
 638 0009 1B       		.uleb128 0x1b
 639 000a 0E       		.uleb128 0xe
 640 000b 55       		.uleb128 0x55
 641 000c 17       		.uleb128 0x17
 642 000d 11       		.uleb128 0x11
 643 000e 01       		.uleb128 0x1
 644 000f 10       		.uleb128 0x10
 645 0010 17       		.uleb128 0x17
 646 0011 00       		.byte	0
 647 0012 00       		.byte	0
 648 0013 02       		.uleb128 0x2
 649 0014 24       		.uleb128 0x24
 650 0015 00       		.byte	0
 651 0016 0B       		.uleb128 0xb
 652 0017 0B       		.uleb128 0xb
 653 0018 3E       		.uleb128 0x3e
 654 0019 0B       		.uleb128 0xb
 655 001a 03       		.uleb128 0x3
 656 001b 0E       		.uleb128 0xe
 657 001c 00       		.byte	0
 658 001d 00       		.byte	0
 659 001e 03       		.uleb128 0x3
 660 001f 24       		.uleb128 0x24
 661 0020 00       		.byte	0
 662 0021 0B       		.uleb128 0xb
 663 0022 0B       		.uleb128 0xb
 664 0023 3E       		.uleb128 0x3e
 665 0024 0B       		.uleb128 0xb
 666 0025 03       		.uleb128 0x3
 667 0026 08       		.uleb128 0x8
 668 0027 00       		.byte	0
 669 0028 00       		.byte	0
 670 0029 04       		.uleb128 0x4
 671 002a 16       		.uleb128 0x16
 672 002b 00       		.byte	0
 673 002c 03       		.uleb128 0x3
ARM GAS  C:\Users\schmi\AppData\Local\Temp\cc2lgzl4.s 			page 15


 674 002d 0E       		.uleb128 0xe
 675 002e 3A       		.uleb128 0x3a
 676 002f 0B       		.uleb128 0xb
 677 0030 3B       		.uleb128 0x3b
 678 0031 0B       		.uleb128 0xb
 679 0032 49       		.uleb128 0x49
 680 0033 13       		.uleb128 0x13
 681 0034 00       		.byte	0
 682 0035 00       		.byte	0
 683 0036 05       		.uleb128 0x5
 684 0037 16       		.uleb128 0x16
 685 0038 00       		.byte	0
 686 0039 03       		.uleb128 0x3
 687 003a 0E       		.uleb128 0xe
 688 003b 3A       		.uleb128 0x3a
 689 003c 0B       		.uleb128 0xb
 690 003d 3B       		.uleb128 0x3b
 691 003e 05       		.uleb128 0x5
 692 003f 49       		.uleb128 0x49
 693 0040 13       		.uleb128 0x13
 694 0041 00       		.byte	0
 695 0042 00       		.byte	0
 696 0043 06       		.uleb128 0x6
 697 0044 13       		.uleb128 0x13
 698 0045 01       		.byte	0x1
 699 0046 0B       		.uleb128 0xb
 700 0047 0B       		.uleb128 0xb
 701 0048 3A       		.uleb128 0x3a
 702 0049 0B       		.uleb128 0xb
 703 004a 3B       		.uleb128 0x3b
 704 004b 05       		.uleb128 0x5
 705 004c 01       		.uleb128 0x1
 706 004d 13       		.uleb128 0x13
 707 004e 00       		.byte	0
 708 004f 00       		.byte	0
 709 0050 07       		.uleb128 0x7
 710 0051 0D       		.uleb128 0xd
 711 0052 00       		.byte	0
 712 0053 03       		.uleb128 0x3
 713 0054 0E       		.uleb128 0xe
 714 0055 3A       		.uleb128 0x3a
 715 0056 0B       		.uleb128 0xb
 716 0057 3B       		.uleb128 0x3b
 717 0058 05       		.uleb128 0x5
 718 0059 49       		.uleb128 0x49
 719 005a 13       		.uleb128 0x13
 720 005b 38       		.uleb128 0x38
 721 005c 0B       		.uleb128 0xb
 722 005d 00       		.byte	0
 723 005e 00       		.byte	0
 724 005f 08       		.uleb128 0x8
 725 0060 04       		.uleb128 0x4
 726 0061 01       		.byte	0x1
 727 0062 0B       		.uleb128 0xb
 728 0063 0B       		.uleb128 0xb
 729 0064 49       		.uleb128 0x49
 730 0065 13       		.uleb128 0x13
ARM GAS  C:\Users\schmi\AppData\Local\Temp\cc2lgzl4.s 			page 16


 731 0066 3A       		.uleb128 0x3a
 732 0067 0B       		.uleb128 0xb
 733 0068 3B       		.uleb128 0x3b
 734 0069 05       		.uleb128 0x5
 735 006a 01       		.uleb128 0x1
 736 006b 13       		.uleb128 0x13
 737 006c 00       		.byte	0
 738 006d 00       		.byte	0
 739 006e 09       		.uleb128 0x9
 740 006f 28       		.uleb128 0x28
 741 0070 00       		.byte	0
 742 0071 03       		.uleb128 0x3
 743 0072 0E       		.uleb128 0xe
 744 0073 1C       		.uleb128 0x1c
 745 0074 0B       		.uleb128 0xb
 746 0075 00       		.byte	0
 747 0076 00       		.byte	0
 748 0077 0A       		.uleb128 0xa
 749 0078 0D       		.uleb128 0xd
 750 0079 00       		.byte	0
 751 007a 03       		.uleb128 0x3
 752 007b 08       		.uleb128 0x8
 753 007c 3A       		.uleb128 0x3a
 754 007d 0B       		.uleb128 0xb
 755 007e 3B       		.uleb128 0x3b
 756 007f 05       		.uleb128 0x5
 757 0080 49       		.uleb128 0x49
 758 0081 13       		.uleb128 0x13
 759 0082 38       		.uleb128 0x38
 760 0083 0B       		.uleb128 0xb
 761 0084 00       		.byte	0
 762 0085 00       		.byte	0
 763 0086 0B       		.uleb128 0xb
 764 0087 2E       		.uleb128 0x2e
 765 0088 01       		.byte	0x1
 766 0089 3F       		.uleb128 0x3f
 767 008a 19       		.uleb128 0x19
 768 008b 03       		.uleb128 0x3
 769 008c 0E       		.uleb128 0xe
 770 008d 3A       		.uleb128 0x3a
 771 008e 0B       		.uleb128 0xb
 772 008f 3B       		.uleb128 0x3b
 773 0090 0B       		.uleb128 0xb
 774 0091 27       		.uleb128 0x27
 775 0092 19       		.uleb128 0x19
 776 0093 49       		.uleb128 0x49
 777 0094 13       		.uleb128 0x13
 778 0095 11       		.uleb128 0x11
 779 0096 01       		.uleb128 0x1
 780 0097 12       		.uleb128 0x12
 781 0098 06       		.uleb128 0x6
 782 0099 40       		.uleb128 0x40
 783 009a 18       		.uleb128 0x18
 784 009b 9742     		.uleb128 0x2117
 785 009d 19       		.uleb128 0x19
 786 009e 01       		.uleb128 0x1
 787 009f 13       		.uleb128 0x13
ARM GAS  C:\Users\schmi\AppData\Local\Temp\cc2lgzl4.s 			page 17


 788 00a0 00       		.byte	0
 789 00a1 00       		.byte	0
 790 00a2 0C       		.uleb128 0xc
 791 00a3 05       		.uleb128 0x5
 792 00a4 00       		.byte	0
 793 00a5 03       		.uleb128 0x3
 794 00a6 08       		.uleb128 0x8
 795 00a7 3A       		.uleb128 0x3a
 796 00a8 0B       		.uleb128 0xb
 797 00a9 3B       		.uleb128 0x3b
 798 00aa 0B       		.uleb128 0xb
 799 00ab 49       		.uleb128 0x49
 800 00ac 13       		.uleb128 0x13
 801 00ad 02       		.uleb128 0x2
 802 00ae 18       		.uleb128 0x18
 803 00af 00       		.byte	0
 804 00b0 00       		.byte	0
 805 00b1 0D       		.uleb128 0xd
 806 00b2 34       		.uleb128 0x34
 807 00b3 00       		.byte	0
 808 00b4 03       		.uleb128 0x3
 809 00b5 0E       		.uleb128 0xe
 810 00b6 3A       		.uleb128 0x3a
 811 00b7 0B       		.uleb128 0xb
 812 00b8 3B       		.uleb128 0x3b
 813 00b9 0B       		.uleb128 0xb
 814 00ba 49       		.uleb128 0x49
 815 00bb 13       		.uleb128 0x13
 816 00bc 02       		.uleb128 0x2
 817 00bd 18       		.uleb128 0x18
 818 00be 00       		.byte	0
 819 00bf 00       		.byte	0
 820 00c0 0E       		.uleb128 0xe
 821 00c1 34       		.uleb128 0x34
 822 00c2 00       		.byte	0
 823 00c3 03       		.uleb128 0x3
 824 00c4 0E       		.uleb128 0xe
 825 00c5 3A       		.uleb128 0x3a
 826 00c6 0B       		.uleb128 0xb
 827 00c7 3B       		.uleb128 0x3b
 828 00c8 0B       		.uleb128 0xb
 829 00c9 49       		.uleb128 0x49
 830 00ca 13       		.uleb128 0x13
 831 00cb 3F       		.uleb128 0x3f
 832 00cc 19       		.uleb128 0x19
 833 00cd 3C       		.uleb128 0x3c
 834 00ce 19       		.uleb128 0x19
 835 00cf 00       		.byte	0
 836 00d0 00       		.byte	0
 837 00d1 0F       		.uleb128 0xf
 838 00d2 01       		.uleb128 0x1
 839 00d3 01       		.byte	0x1
 840 00d4 49       		.uleb128 0x49
 841 00d5 13       		.uleb128 0x13
 842 00d6 01       		.uleb128 0x1
 843 00d7 13       		.uleb128 0x13
 844 00d8 00       		.byte	0
ARM GAS  C:\Users\schmi\AppData\Local\Temp\cc2lgzl4.s 			page 18


 845 00d9 00       		.byte	0
 846 00da 10       		.uleb128 0x10
 847 00db 21       		.uleb128 0x21
 848 00dc 00       		.byte	0
 849 00dd 49       		.uleb128 0x49
 850 00de 13       		.uleb128 0x13
 851 00df 2F       		.uleb128 0x2f
 852 00e0 0B       		.uleb128 0xb
 853 00e1 00       		.byte	0
 854 00e2 00       		.byte	0
 855 00e3 11       		.uleb128 0x11
 856 00e4 26       		.uleb128 0x26
 857 00e5 00       		.byte	0
 858 00e6 49       		.uleb128 0x49
 859 00e7 13       		.uleb128 0x13
 860 00e8 00       		.byte	0
 861 00e9 00       		.byte	0
 862 00ea 12       		.uleb128 0x12
 863 00eb 34       		.uleb128 0x34
 864 00ec 00       		.byte	0
 865 00ed 03       		.uleb128 0x3
 866 00ee 0E       		.uleb128 0xe
 867 00ef 3A       		.uleb128 0x3a
 868 00f0 0B       		.uleb128 0xb
 869 00f1 3B       		.uleb128 0x3b
 870 00f2 05       		.uleb128 0x5
 871 00f3 49       		.uleb128 0x49
 872 00f4 13       		.uleb128 0x13
 873 00f5 3F       		.uleb128 0x3f
 874 00f6 19       		.uleb128 0x19
 875 00f7 3C       		.uleb128 0x3c
 876 00f8 19       		.uleb128 0x19
 877 00f9 00       		.byte	0
 878 00fa 00       		.byte	0
 879 00fb 00       		.byte	0
 880              		.section	.debug_aranges,"",%progbits
 881 0000 1C000000 		.4byte	0x1c
 882 0004 0200     		.2byte	0x2
 883 0006 00000000 		.4byte	.Ldebug_info0
 884 000a 04       		.byte	0x4
 885 000b 00       		.byte	0
 886 000c 0000     		.2byte	0
 887 000e 0000     		.2byte	0
 888 0010 00000000 		.4byte	.LFB70
 889 0014 6C000000 		.4byte	.LFE70-.LFB70
 890 0018 00000000 		.4byte	0
 891 001c 00000000 		.4byte	0
 892              		.section	.debug_ranges,"",%progbits
 893              	.Ldebug_ranges0:
 894 0000 00000000 		.4byte	.LFB70
 895 0004 6C000000 		.4byte	.LFE70
 896 0008 00000000 		.4byte	0
 897 000c 00000000 		.4byte	0
 898              		.section	.debug_line,"",%progbits
 899              	.Ldebug_line0:
 900 0000 5D010000 		.section	.debug_str,"MS",%progbits,1
 900      02003401 
ARM GAS  C:\Users\schmi\AppData\Local\Temp\cc2lgzl4.s 			page 19


 900      00000201 
 900      FB0E0D00 
 900      01010101 
 901              	.LASF34:
 902 0000 6B696E64 		.ascii	"kind\000"
 902      00
 903              	.LASF64:
 904 0005 45455F6F 		.ascii	"EE_oo_IRQ_disable_count\000"
 904      6F5F4952 
 904      515F6469 
 904      7361626C 
 904      655F636F 
 905              	.LASF53:
 906 001d 45455F72 		.ascii	"EE_rq_bitmask\000"
 906      715F6269 
 906      746D6173 
 906      6B00
 907              	.LASF14:
 908 002b 45455F55 		.ascii	"EE_UREG\000"
 908      52454700 
 909              	.LASF23:
 910 0033 7469636B 		.ascii	"ticksperbase\000"
 910      73706572 
 910      62617365 
 910      00
 911              	.LASF54:
 912 0040 45455F74 		.ascii	"EE_th_event_active\000"
 912      685F6576 
 912      656E745F 
 912      61637469 
 912      766500
 913              	.LASF55:
 914 0053 45455F74 		.ascii	"EE_th_waswaiting\000"
 914      685F7761 
 914      73776169 
 914      74696E67 
 914      00
 915              	.LASF2:
 916 0064 73686F72 		.ascii	"short int\000"
 916      7420696E 
 916      7400
 917              	.LASF45:
 918 006e 73697A65 		.ascii	"sizetype\000"
 918      74797065 
 918      00
 919              	.LASF43:
 920 0077 45455F49 		.ascii	"EE_IRQ_nesting_level\000"
 920      52515F6E 
 920      65737469 
 920      6E675F6C 
 920      6576656C 
 921              	.LASF38:
 922 008c 64656C74 		.ascii	"delta\000"
 922      6100
 923              	.LASF68:
 924 0092 474E5520 		.ascii	"GNU C11 5.4.1 20160609 (release) [ARM/embedded-5-br"
 924      43313120 
ARM GAS  C:\Users\schmi\AppData\Local\Temp\cc2lgzl4.s 			page 20


 924      352E342E 
 924      31203230 
 924      31363036 
 925 00c5 616E6368 		.ascii	"anch revision 237715] -mcpu=cortex-m3 -mthumb -g -O"
 925      20726576 
 925      6973696F 
 925      6E203233 
 925      37373135 
 926 00f8 30202D66 		.ascii	"0 -ffunction-sections -ffat-lto-objects\000"
 926      66756E63 
 926      74696F6E 
 926      2D736563 
 926      74696F6E 
 927              	.LASF15:
 928 0120 45455F46 		.ascii	"EE_FREG\000"
 928      52454700 
 929              	.LASF32:
 930 0128 436F756E 		.ascii	"CounterObjectKindType\000"
 930      7465724F 
 930      626A6563 
 930      744B696E 
 930      64547970 
 931              	.LASF13:
 932 013e 45455F55 		.ascii	"EE_UINT32\000"
 932      494E5433 
 932      3200
 933              	.LASF46:
 934 0148 45455F74 		.ascii	"EE_th_ready_prio\000"
 934      685F7265 
 934      6164795F 
 934      7072696F 
 934      00
 935              	.LASF17:
 936 0159 45455F54 		.ascii	"EE_TID\000"
 936      494400
 937              	.LASF24:
 938 0160 6D696E63 		.ascii	"mincycle\000"
 938      79636C65 
 938      00
 939              	.LASF26:
 940 0169 76616C75 		.ascii	"value\000"
 940      6500
 941              	.LASF61:
 942 016f 45455F6F 		.ascii	"EE_oo_counter_object_ROM\000"
 942      6F5F636F 
 942      756E7465 
 942      725F6F62 
 942      6A656374 
 943              	.LASF31:
 944 0188 45455F6F 		.ascii	"EE_oo_counter_object_kind_type\000"
 944      6F5F636F 
 944      756E7465 
 944      725F6F62 
 944      6A656374 
 945              	.LASF69:
 946 01a7 47656E65 		.ascii	"Generated_Source\\PSoC5\\ErikaOS_1_ee_ulockallres.c"
 946      72617465 
ARM GAS  C:\Users\schmi\AppData\Local\Temp\cc2lgzl4.s 			page 21


 946      645F536F 
 946      75726365 
 946      5C50536F 
 947 01d8 00       		.ascii	"\000"
 948              	.LASF28:
 949 01d9 45455F6F 		.ascii	"EE_oo_counter_RAM_type\000"
 949      6F5F636F 
 949      756E7465 
 949      725F5241 
 949      4D5F7479 
 950              	.LASF65:
 951 01f0 45455F6F 		.ascii	"EE_oo_IRQ_suspend_status\000"
 951      6F5F4952 
 951      515F7375 
 951      7370656E 
 951      645F7374 
 952              	.LASF6:
 953 0209 6C6F6E67 		.ascii	"long long int\000"
 953      206C6F6E 
 953      6720696E 
 953      7400
 954              	.LASF10:
 955 0217 45455F49 		.ascii	"EE_INT8\000"
 955      4E543800 
 956              	.LASF18:
 957 021f 45455F54 		.ascii	"EE_TYPE_RQ_MASK\000"
 957      5950455F 
 957      52515F4D 
 957      41534B00 
 958              	.LASF30:
 959 022f 45455F53 		.ascii	"EE_SCHEDULETABLE\000"
 959      43484544 
 959      554C4554 
 959      41424C45 
 959      00
 960              	.LASF4:
 961 0240 6C6F6E67 		.ascii	"long int\000"
 961      20696E74 
 961      00
 962              	.LASF22:
 963 0249 6D617861 		.ascii	"maxallowedvalue\000"
 963      6C6C6F77 
 963      65647661 
 963      6C756500 
 964              	.LASF40:
 965 0259 45455F6F 		.ascii	"EE_oo_counter_object_RAM_type\000"
 965      6F5F636F 
 965      756E7465 
 965      725F6F62 
 965      6A656374 
 966              	.LASF57:
 967 0277 45455F72 		.ascii	"EE_resource_locked\000"
 967      65736F75 
 967      7263655F 
 967      6C6F636B 
 967      656400
 968              	.LASF59:
ARM GAS  C:\Users\schmi\AppData\Local\Temp\cc2lgzl4.s 			page 22


 969 028a 45455F72 		.ascii	"EE_resource_stack\000"
 969      65736F75 
 969      7263655F 
 969      73746163 
 969      6B00
 970              	.LASF25:
 971 029c 45455F6F 		.ascii	"EE_oo_counter_ROM_type\000"
 971      6F5F636F 
 971      756E7465 
 971      725F524F 
 971      4D5F7479 
 972              	.LASF19:
 973 02b3 5469636B 		.ascii	"TickType\000"
 973      54797065 
 973      00
 974              	.LASF52:
 975 02bc 45455F73 		.ascii	"EE_sys_ceiling\000"
 975      79735F63 
 975      65696C69 
 975      6E6700
 976              	.LASF20:
 977 02cb 436F756E 		.ascii	"CounterObjectType\000"
 977      7465724F 
 977      626A6563 
 977      74547970 
 977      6500
 978              	.LASF9:
 979 02dd 6C6F6E67 		.ascii	"long double\000"
 979      20646F75 
 979      626C6500 
 980              	.LASF60:
 981 02e9 45455F63 		.ascii	"EE_counter_ROM\000"
 981      6F756E74 
 981      65725F52 
 981      4F4D00
 982              	.LASF42:
 983 02f8 52657349 		.ascii	"ResID\000"
 983      4400
 984              	.LASF1:
 985 02fe 756E7369 		.ascii	"unsigned char\000"
 985      676E6564 
 985      20636861 
 985      7200
 986              	.LASF63:
 987 030c 45455F6F 		.ascii	"EE_oo_counter_object_RAM\000"
 987      6F5F636F 
 987      756E7465 
 987      725F6F62 
 987      6A656374 
 988              	.LASF0:
 989 0325 7369676E 		.ascii	"signed char\000"
 989      65642063 
 989      68617200 
 990              	.LASF7:
 991 0331 6C6F6E67 		.ascii	"long long unsigned int\000"
 991      206C6F6E 
 991      6720756E 
ARM GAS  C:\Users\schmi\AppData\Local\Temp\cc2lgzl4.s 			page 23


 991      7369676E 
 991      65642069 
 992              	.LASF8:
 993 0348 756E7369 		.ascii	"unsigned int\000"
 993      676E6564 
 993      20696E74 
 993      00
 994              	.LASF50:
 995 0355 45455F74 		.ascii	"EE_th_rnact\000"
 995      685F726E 
 995      61637400 
 996              	.LASF44:
 997 0361 45455F73 		.ascii	"EE_std_endcycle_next_tid\000"
 997      74645F65 
 997      6E646379 
 997      636C655F 
 997      6E657874 
 998              	.LASF12:
 999 037a 45455F49 		.ascii	"EE_INT32\000"
 999      4E543332 
 999      00
 1000              	.LASF71:
 1001 0383 45455F6F 		.ascii	"EE_oo_release_all_resources\000"
 1001      6F5F7265 
 1001      6C656173 
 1001      655F616C 
 1001      6C5F7265 
 1002              	.LASF3:
 1003 039f 73686F72 		.ascii	"short unsigned int\000"
 1003      7420756E 
 1003      7369676E 
 1003      65642069 
 1003      6E7400
 1004              	.LASF35:
 1005 03b2 45455F6F 		.ascii	"EE_oo_counter_object_ROM_type\000"
 1005      6F5F636F 
 1005      756E7465 
 1005      725F6F62 
 1005      6A656374 
 1006              	.LASF41:
 1007 03d0 63757252 		.ascii	"curRes\000"
 1007      657300
 1008              	.LASF56:
 1009 03d7 45455F72 		.ascii	"EE_resource_oldceiling\000"
 1009      65736F75 
 1009      7263655F 
 1009      6F6C6463 
 1009      65696C69 
 1010              	.LASF70:
 1011 03ee 433A5C55 		.ascii	"C:\\Users\\schmi\\OneDrive\\Dokumente\\PSoC Creator"
 1011      73657273 
 1011      5C736368 
 1011      6D695C4F 
 1011      6E654472 
 1012 041c 5C4A736F 		.ascii	"\\JsonParserLAB3\\holidayProject\\setUpEnv.cydsn\000"
 1012      6E506172 
 1012      7365724C 
ARM GAS  C:\Users\schmi\AppData\Local\Temp\cc2lgzl4.s 			page 24


 1012      4142335C 
 1012      686F6C69 
 1013              	.LASF11:
 1014 044a 45455F55 		.ascii	"EE_UINT16\000"
 1014      494E5431 
 1014      3600
 1015              	.LASF62:
 1016 0454 45455F63 		.ascii	"EE_counter_RAM\000"
 1016      6F756E74 
 1016      65725F52 
 1016      414D00
 1017              	.LASF66:
 1018 0463 45455F41 		.ascii	"EE_ApplicationMode\000"
 1018      70706C69 
 1018      63617469 
 1018      6F6E4D6F 
 1018      646500
 1019              	.LASF5:
 1020 0476 6C6F6E67 		.ascii	"long unsigned int\000"
 1020      20756E73 
 1020      69676E65 
 1020      6420696E 
 1020      7400
 1021              	.LASF16:
 1022 0488 45455F54 		.ascii	"EE_TYPEBOOL\000"
 1022      59504542 
 1022      4F4F4C00 
 1023              	.LASF58:
 1024 0494 45455F74 		.ascii	"EE_th_resource_last\000"
 1024      685F7265 
 1024      736F7572 
 1024      63655F6C 
 1024      61737400 
 1025              	.LASF51:
 1026 04a8 45455F73 		.ascii	"EE_stkfirst\000"
 1026      746B6669 
 1026      72737400 
 1027              	.LASF29:
 1028 04b4 45455F41 		.ascii	"EE_ALARM\000"
 1028      4C41524D 
 1028      00
 1029              	.LASF36:
 1030 04bd 75736564 		.ascii	"used\000"
 1030      00
 1031              	.LASF21:
 1032 04c2 436F756E 		.ascii	"CounterType\000"
 1032      74657254 
 1032      79706500 
 1033              	.LASF48:
 1034 04ce 45455F74 		.ascii	"EE_th_status\000"
 1034      685F7374 
 1034      61747573 
 1034      00
 1035              	.LASF47:
 1036 04db 45455F74 		.ascii	"EE_th_dispatch_prio\000"
 1036      685F6469 
 1036      73706174 
ARM GAS  C:\Users\schmi\AppData\Local\Temp\cc2lgzl4.s 			page 25


 1036      63685F70 
 1036      72696F00 
 1037              	.LASF33:
 1038 04ef 73706563 		.ascii	"spec_id\000"
 1038      5F696400 
 1039              	.LASF37:
 1040 04f7 636E7463 		.ascii	"cntcycle\000"
 1040      79636C65 
 1040      00
 1041              	.LASF49:
 1042 0500 45455F74 		.ascii	"EE_th_next\000"
 1042      685F6E65 
 1042      787400
 1043              	.LASF39:
 1044 050b 6E657874 		.ascii	"next\000"
 1044      00
 1045              	.LASF67:
 1046 0510 45455F72 		.ascii	"EE_rq_lookup\000"
 1046      715F6C6F 
 1046      6F6B7570 
 1046      00
 1047              	.LASF27:
 1048 051d 66697273 		.ascii	"first\000"
 1048      7400
 1049              		.ident	"GCC: (GNU Tools for ARM Embedded Processors) 5.4.1 20160609 (release) [ARM/embedded-5-bran
