ARM GAS  C:\Users\schmi\AppData\Local\Temp\ccxqfKQn.s 			page 1


   1              		.syntax unified
   2              		.cpu cortex-m3
   3              		.fpu softvfp
   4              		.eabi_attribute 20, 1
   5              		.eabi_attribute 21, 1
   6              		.eabi_attribute 23, 3
   7              		.eabi_attribute 24, 1
   8              		.eabi_attribute 25, 1
   9              		.eabi_attribute 26, 1
  10              		.eabi_attribute 30, 6
  11              		.eabi_attribute 34, 1
  12              		.eabi_attribute 18, 4
  13              		.thumb
  14              		.syntax unified
  15              		.file	"ErikaOS_1_ee_iparam.c"
  16              		.text
  17              	.Ltext0:
  18              		.cfi_sections	.debug_frame
  19              		.global	EE_os_invalid_param
  20              		.section	.rodata
  21              		.align	2
  22              		.type	EE_os_invalid_param, %object
  23              		.size	EE_os_invalid_param, 4
  24              	EE_os_invalid_param:
  25 0000 FFFFFFFF 		.word	-1
  26              		.text
  27              	.Letext0:
  28              		.file 1 "Generated_Source\\PSoC5\\ErikaOS_1_common_ee_types.inc"
  29              		.file 2 "Generated_Source\\PSoC5\\ErikaOS_1_cortex_mx_ee_cpu.inc"
  30              		.file 3 "Generated_Source\\PSoC5\\ErikaOS_1_ee_oo_common.inc"
  31              		.file 4 "Generated_Source\\PSoC5\\ErikaOS_1_common_ee_primitives.inc"
  32              		.file 5 "Generated_Source\\PSoC5\\ErikaOS_1_cortex_mx_ee_context.inc"
  33              		.file 6 "Generated_Source\\PSoC5\\ErikaOS_1_ee_iparam.c"
  34              		.file 7 "Generated_Source\\PSoC5\\ErikaOS_1_ee_oo_intfunc.inc"
  35              		.file 8 "Generated_Source\\PSoC5\\ErikaOS_1_ee_oo_internal.inc"
  36              		.section	.debug_info,"",%progbits
  37              	.Ldebug_info0:
  38 0000 C4040000 		.4byte	0x4c4
  39 0004 0400     		.2byte	0x4
  40 0006 00000000 		.4byte	.Ldebug_abbrev0
  41 000a 04       		.byte	0x4
  42 000b 01       		.uleb128 0x1
  43 000c B0000000 		.4byte	.LASF76
  44 0010 0C       		.byte	0xc
  45 0011 08050000 		.4byte	.LASF77
  46 0015 F2030000 		.4byte	.LASF78
  47 0019 00000000 		.4byte	.Ldebug_line0
  48 001d 02       		.uleb128 0x2
  49 001e 01       		.byte	0x1
  50 001f 06       		.byte	0x6
  51 0020 1A030000 		.4byte	.LASF0
  52 0024 02       		.uleb128 0x2
  53 0025 01       		.byte	0x1
  54 0026 08       		.byte	0x8
  55 0027 F3020000 		.4byte	.LASF1
  56 002b 02       		.uleb128 0x2
  57 002c 02       		.byte	0x2
ARM GAS  C:\Users\schmi\AppData\Local\Temp\ccxqfKQn.s 			page 2


  58 002d 05       		.byte	0x5
  59 002e 83000000 		.4byte	.LASF2
  60 0032 02       		.uleb128 0x2
  61 0033 02       		.byte	0x2
  62 0034 07       		.byte	0x7
  63 0035 B0030000 		.4byte	.LASF3
  64 0039 02       		.uleb128 0x2
  65 003a 04       		.byte	0x4
  66 003b 05       		.byte	0x5
  67 003c 60020000 		.4byte	.LASF4
  68 0040 02       		.uleb128 0x2
  69 0041 04       		.byte	0x4
  70 0042 07       		.byte	0x7
  71 0043 83040000 		.4byte	.LASF5
  72 0047 02       		.uleb128 0x2
  73 0048 08       		.byte	0x8
  74 0049 05       		.byte	0x5
  75 004a 10020000 		.4byte	.LASF6
  76 004e 02       		.uleb128 0x2
  77 004f 08       		.byte	0x8
  78 0050 07       		.byte	0x7
  79 0051 26030000 		.4byte	.LASF7
  80 0055 03       		.uleb128 0x3
  81 0056 04       		.byte	0x4
  82 0057 05       		.byte	0x5
  83 0058 696E7400 		.ascii	"int\000"
  84 005c 02       		.uleb128 0x2
  85 005d 04       		.byte	0x4
  86 005e 07       		.byte	0x7
  87 005f 49030000 		.4byte	.LASF8
  88 0063 02       		.uleb128 0x2
  89 0064 08       		.byte	0x8
  90 0065 04       		.byte	0x4
  91 0066 D8020000 		.4byte	.LASF9
  92 006a 04       		.uleb128 0x4
  93 006b 1E020000 		.4byte	.LASF10
  94 006f 01       		.byte	0x1
  95 0070 3F       		.byte	0x3f
  96 0071 1D000000 		.4byte	0x1d
  97 0075 04       		.uleb128 0x4
  98 0076 4E040000 		.4byte	.LASF11
  99 007a 01       		.byte	0x1
 100 007b 52       		.byte	0x52
 101 007c 32000000 		.4byte	0x32
 102 0080 04       		.uleb128 0x4
 103 0081 98030000 		.4byte	.LASF12
 104 0085 01       		.byte	0x1
 105 0086 53       		.byte	0x53
 106 0087 55000000 		.4byte	0x55
 107 008b 04       		.uleb128 0x4
 108 008c 65010000 		.4byte	.LASF13
 109 0090 01       		.byte	0x1
 110 0091 54       		.byte	0x54
 111 0092 5C000000 		.4byte	0x5c
 112 0096 04       		.uleb128 0x4
 113 0097 39000000 		.4byte	.LASF14
 114 009b 02       		.byte	0x2
ARM GAS  C:\Users\schmi\AppData\Local\Temp\ccxqfKQn.s 			page 3


 115 009c 4D       		.byte	0x4d
 116 009d 8B000000 		.4byte	0x8b
 117 00a1 04       		.uleb128 0x4
 118 00a2 3E010000 		.4byte	.LASF15
 119 00a6 02       		.byte	0x2
 120 00a7 4F       		.byte	0x4f
 121 00a8 8B000000 		.4byte	0x8b
 122 00ac 04       		.uleb128 0x4
 123 00ad 95040000 		.4byte	.LASF16
 124 00b1 02       		.byte	0x2
 125 00b2 54       		.byte	0x54
 126 00b3 96000000 		.4byte	0x96
 127 00b7 04       		.uleb128 0x4
 128 00b8 8C010000 		.4byte	.LASF17
 129 00bc 02       		.byte	0x2
 130 00bd 78       		.byte	0x78
 131 00be 80000000 		.4byte	0x80
 132 00c2 05       		.uleb128 0x5
 133 00c3 3F020000 		.4byte	.LASF18
 134 00c7 03       		.byte	0x3
 135 00c8 1101     		.2byte	0x111
 136 00ca 75000000 		.4byte	0x75
 137 00ce 05       		.uleb128 0x5
 138 00cf 3D030000 		.4byte	.LASF19
 139 00d3 03       		.byte	0x3
 140 00d4 FA01     		.2byte	0x1fa
 141 00d6 DA000000 		.4byte	0xda
 142 00da 06       		.uleb128 0x6
 143 00db 04       		.byte	0x4
 144 00dc B7000000 		.4byte	0xb7
 145 00e0 05       		.uleb128 0x5
 146 00e1 AD040000 		.4byte	.LASF20
 147 00e5 03       		.byte	0x3
 148 00e6 0002     		.2byte	0x200
 149 00e8 EC000000 		.4byte	0xec
 150 00ec 06       		.uleb128 0x6
 151 00ed 04       		.byte	0x4
 152 00ee 96000000 		.4byte	0x96
 153 00f2 05       		.uleb128 0x5
 154 00f3 4E000000 		.4byte	.LASF21
 155 00f7 03       		.byte	0x3
 156 00f8 2F02     		.2byte	0x22f
 157 00fa EC000000 		.4byte	0xec
 158 00fe 05       		.uleb128 0x5
 159 00ff AE020000 		.4byte	.LASF22
 160 0103 03       		.byte	0x3
 161 0104 3502     		.2byte	0x235
 162 0106 96000000 		.4byte	0x96
 163 010a 05       		.uleb128 0x5
 164 010b 6F010000 		.4byte	.LASF23
 165 010f 03       		.byte	0x3
 166 0110 3802     		.2byte	0x238
 167 0112 16010000 		.4byte	0x116
 168 0116 06       		.uleb128 0x6
 169 0117 04       		.byte	0x4
 170 0118 FE000000 		.4byte	0xfe
 171 011c 07       		.uleb128 0x7
ARM GAS  C:\Users\schmi\AppData\Local\Temp\ccxqfKQn.s 			page 4


 172 011d 0C       		.byte	0xc
 173 011e 03       		.byte	0x3
 174 011f 4D02     		.2byte	0x24d
 175 0121 4D010000 		.4byte	0x14d
 176 0125 08       		.uleb128 0x8
 177 0126 69020000 		.4byte	.LASF24
 178 012a 03       		.byte	0x3
 179 012b 4E02     		.2byte	0x24e
 180 012d FE000000 		.4byte	0xfe
 181 0131 00       		.byte	0
 182 0132 08       		.uleb128 0x8
 183 0133 41000000 		.4byte	.LASF25
 184 0137 03       		.byte	0x3
 185 0138 5002     		.2byte	0x250
 186 013a FE000000 		.4byte	0xfe
 187 013e 04       		.byte	0x4
 188 013f 08       		.uleb128 0x8
 189 0140 93010000 		.4byte	.LASF26
 190 0144 03       		.byte	0x3
 191 0145 5302     		.2byte	0x253
 192 0147 FE000000 		.4byte	0xfe
 193 014b 08       		.byte	0x8
 194 014c 00       		.byte	0
 195 014d 05       		.uleb128 0x5
 196 014e 1D000000 		.4byte	.LASF27
 197 0152 03       		.byte	0x3
 198 0153 5702     		.2byte	0x257
 199 0155 1C010000 		.4byte	0x11c
 200 0159 05       		.uleb128 0x5
 201 015a 62030000 		.4byte	.LASF28
 202 015e 03       		.byte	0x3
 203 015f 5A02     		.2byte	0x25a
 204 0161 65010000 		.4byte	0x165
 205 0165 06       		.uleb128 0x6
 206 0166 04       		.byte	0x4
 207 0167 4D010000 		.4byte	0x14d
 208 016b 05       		.uleb128 0x5
 209 016c C6020000 		.4byte	.LASF29
 210 0170 03       		.byte	0x3
 211 0171 5D02     		.2byte	0x25d
 212 0173 96000000 		.4byte	0x96
 213 0177 05       		.uleb128 0x5
 214 0178 CC040000 		.4byte	.LASF30
 215 017c 03       		.byte	0x3
 216 017d 6C02     		.2byte	0x26c
 217 017f 96000000 		.4byte	0x96
 218 0183 07       		.uleb128 0x7
 219 0184 0C       		.byte	0xc
 220 0185 03       		.byte	0x3
 221 0186 7202     		.2byte	0x272
 222 0188 B4010000 		.4byte	0x1b4
 223 018c 08       		.uleb128 0x8
 224 018d 69020000 		.4byte	.LASF24
 225 0191 03       		.byte	0x3
 226 0192 7302     		.2byte	0x273
 227 0194 FE000000 		.4byte	0xfe
 228 0198 00       		.byte	0
ARM GAS  C:\Users\schmi\AppData\Local\Temp\ccxqfKQn.s 			page 5


 229 0199 08       		.uleb128 0x8
 230 019a 41000000 		.4byte	.LASF25
 231 019e 03       		.byte	0x3
 232 019f 7402     		.2byte	0x274
 233 01a1 FE000000 		.4byte	0xfe
 234 01a5 04       		.byte	0x4
 235 01a6 08       		.uleb128 0x8
 236 01a7 93010000 		.4byte	.LASF26
 237 01ab 03       		.byte	0x3
 238 01ac 7502     		.2byte	0x275
 239 01ae FE000000 		.4byte	0xfe
 240 01b2 08       		.byte	0x8
 241 01b3 00       		.byte	0
 242 01b4 05       		.uleb128 0x5
 243 01b5 97020000 		.4byte	.LASF31
 244 01b9 03       		.byte	0x3
 245 01ba 7A02     		.2byte	0x27a
 246 01bc 83010000 		.4byte	0x183
 247 01c0 07       		.uleb128 0x7
 248 01c1 08       		.byte	0x8
 249 01c2 03       		.byte	0x3
 250 01c3 7D02     		.2byte	0x27d
 251 01c5 E4010000 		.4byte	0x1e4
 252 01c9 08       		.uleb128 0x8
 253 01ca 9C010000 		.4byte	.LASF32
 254 01ce 03       		.byte	0x3
 255 01cf 7E02     		.2byte	0x27e
 256 01d1 FE000000 		.4byte	0xfe
 257 01d5 00       		.byte	0
 258 01d6 08       		.uleb128 0x8
 259 01d7 63050000 		.4byte	.LASF33
 260 01db 03       		.byte	0x3
 261 01dc 7F02     		.2byte	0x27f
 262 01de 6B010000 		.4byte	0x16b
 263 01e2 04       		.byte	0x4
 264 01e3 00       		.byte	0
 265 01e4 05       		.uleb128 0x5
 266 01e5 EF010000 		.4byte	.LASF34
 267 01e9 03       		.byte	0x3
 268 01ea 8002     		.2byte	0x280
 269 01ec C0010000 		.4byte	0x1c0
 270 01f0 09       		.uleb128 0x9
 271 01f1 01       		.byte	0x1
 272 01f2 24000000 		.4byte	0x24
 273 01f6 03       		.byte	0x3
 274 01f7 8A02     		.2byte	0x28a
 275 01f9 0A020000 		.4byte	0x20a
 276 01fd 0A       		.uleb128 0xa
 277 01fe BE040000 		.4byte	.LASF35
 278 0202 00       		.byte	0
 279 0203 0A       		.uleb128 0xa
 280 0204 4F020000 		.4byte	.LASF36
 281 0208 01       		.byte	0x1
 282 0209 00       		.byte	0
 283 020a 05       		.uleb128 0x5
 284 020b BB010000 		.4byte	.LASF37
 285 020f 03       		.byte	0x3
ARM GAS  C:\Users\schmi\AppData\Local\Temp\ccxqfKQn.s 			page 6


 286 0210 8D02     		.2byte	0x28d
 287 0212 F0010000 		.4byte	0x1f0
 288 0216 05       		.uleb128 0x5
 289 0217 4F010000 		.4byte	.LASF38
 290 021b 03       		.byte	0x3
 291 021c 9002     		.2byte	0x290
 292 021e 0A020000 		.4byte	0x20a
 293 0222 07       		.uleb128 0x7
 294 0223 0C       		.byte	0xc
 295 0224 03       		.byte	0x3
 296 0225 9402     		.2byte	0x294
 297 0227 51020000 		.4byte	0x251
 298 022b 0B       		.uleb128 0xb
 299 022c 6300     		.ascii	"c\000"
 300 022e 03       		.byte	0x3
 301 022f 9602     		.2byte	0x296
 302 0231 77010000 		.4byte	0x177
 303 0235 00       		.byte	0
 304 0236 08       		.uleb128 0x8
 305 0237 35050000 		.4byte	.LASF39
 306 023b 03       		.byte	0x3
 307 023c 9802     		.2byte	0x298
 308 023e 6B010000 		.4byte	0x16b
 309 0242 04       		.byte	0x4
 310 0243 08       		.uleb128 0x8
 311 0244 00000000 		.4byte	.LASF40
 312 0248 03       		.byte	0x3
 313 0249 9A02     		.2byte	0x29a
 314 024b 16020000 		.4byte	0x216
 315 024f 08       		.byte	0x8
 316 0250 00       		.byte	0
 317 0251 05       		.uleb128 0x5
 318 0252 C3030000 		.4byte	.LASF41
 319 0256 03       		.byte	0x3
 320 0257 9B02     		.2byte	0x29b
 321 0259 22020000 		.4byte	0x222
 322 025d 07       		.uleb128 0x7
 323 025e 10       		.byte	0x10
 324 025f 03       		.byte	0x3
 325 0260 9F02     		.2byte	0x29f
 326 0262 9B020000 		.4byte	0x29b
 327 0266 08       		.uleb128 0x8
 328 0267 C7040000 		.4byte	.LASF42
 329 026b 03       		.byte	0x3
 330 026c A002     		.2byte	0x2a0
 331 026e AC000000 		.4byte	0xac
 332 0272 00       		.byte	0
 333 0273 08       		.uleb128 0x8
 334 0274 3D050000 		.4byte	.LASF43
 335 0278 03       		.byte	0x3
 336 0279 A102     		.2byte	0x2a1
 337 027b FE000000 		.4byte	0xfe
 338 027f 04       		.byte	0x4
 339 0280 08       		.uleb128 0x8
 340 0281 AA000000 		.4byte	.LASF44
 341 0285 03       		.byte	0x3
 342 0286 A202     		.2byte	0x2a2
ARM GAS  C:\Users\schmi\AppData\Local\Temp\ccxqfKQn.s 			page 7


 343 0288 FE000000 		.4byte	0xfe
 344 028c 08       		.byte	0x8
 345 028d 08       		.uleb128 0x8
 346 028e 51050000 		.4byte	.LASF45
 347 0292 03       		.byte	0x3
 348 0293 A302     		.2byte	0x2a3
 349 0295 6B010000 		.4byte	0x16b
 350 0299 0C       		.byte	0xc
 351 029a 00       		.byte	0
 352 029b 05       		.uleb128 0x5
 353 029c 79020000 		.4byte	.LASF46
 354 02a0 03       		.byte	0x3
 355 02a1 A402     		.2byte	0x2a4
 356 02a3 5D020000 		.4byte	0x25d
 357 02a7 0C       		.uleb128 0xc
 358 02a8 E1030000 		.4byte	.LASF79
 359 02ac 04       		.byte	0x4
 360 02ad 03       		.byte	0x3
 361 02ae 2806     		.2byte	0x628
 362 02b0 FD020000 		.4byte	0x2fd
 363 02b4 0D       		.uleb128 0xd
 364 02b5 69050000 		.4byte	.LASF47
 365 02b9 03       		.byte	0x3
 366 02ba 2906     		.2byte	0x629
 367 02bc 96000000 		.4byte	0x96
 368 02c0 0D       		.uleb128 0xd
 369 02c1 58040000 		.4byte	.LASF48
 370 02c5 03       		.byte	0x3
 371 02c6 2A06     		.2byte	0x62a
 372 02c8 CE000000 		.4byte	0xce
 373 02cc 0D       		.uleb128 0xd
 374 02cd D8040000 		.4byte	.LASF49
 375 02d1 03       		.byte	0x3
 376 02d2 2B06     		.2byte	0x62b
 377 02d4 E0000000 		.4byte	0xe0
 378 02d8 0D       		.uleb128 0xd
 379 02d9 A1030000 		.4byte	.LASF50
 380 02dd 03       		.byte	0x3
 381 02de 2D06     		.2byte	0x62d
 382 02e0 59010000 		.4byte	0x159
 383 02e4 0D       		.uleb128 0xd
 384 02e5 46010000 		.4byte	.LASF51
 385 02e9 03       		.byte	0x3
 386 02ea 2E06     		.2byte	0x62e
 387 02ec 0A010000 		.4byte	0x10a
 388 02f0 0D       		.uleb128 0xd
 389 02f1 06020000 		.4byte	.LASF52
 390 02f5 03       		.byte	0x3
 391 02f6 3106     		.2byte	0x631
 392 02f8 F2000000 		.4byte	0xf2
 393 02fc 00       		.byte	0
 394 02fd 05       		.uleb128 0x5
 395 02fe 56030000 		.4byte	.LASF53
 396 0302 03       		.byte	0x3
 397 0303 4606     		.2byte	0x646
 398 0305 A7020000 		.4byte	0x2a7
 399 0309 0E       		.uleb128 0xe
ARM GAS  C:\Users\schmi\AppData\Local\Temp\ccxqfKQn.s 			page 8


 400 030a DA010000 		.4byte	.LASF54
 401 030e 04       		.byte	0x4
 402 030f 44       		.byte	0x44
 403 0310 96000000 		.4byte	0x96
 404 0314 0E       		.uleb128 0xe
 405 0315 7F030000 		.4byte	.LASF55
 406 0319 05       		.byte	0x5
 407 031a 48       		.byte	0x48
 408 031b B7000000 		.4byte	0xb7
 409 031f 0F       		.uleb128 0xf
 410 0320 36030000 		.4byte	0x336
 411 0324 2F030000 		.4byte	0x32f
 412 0328 10       		.uleb128 0x10
 413 0329 2F030000 		.4byte	0x32f
 414 032d 03       		.byte	0x3
 415 032e 00       		.byte	0
 416 032f 02       		.uleb128 0x2
 417 0330 04       		.byte	0x4
 418 0331 07       		.byte	0x7
 419 0332 A1000000 		.4byte	.LASF56
 420 0336 11       		.uleb128 0x11
 421 0337 96000000 		.4byte	0x96
 422 033b 0E       		.uleb128 0xe
 423 033c 7B010000 		.4byte	.LASF57
 424 0340 03       		.byte	0x3
 425 0341 B2       		.byte	0xb2
 426 0342 46030000 		.4byte	0x346
 427 0346 11       		.uleb128 0x11
 428 0347 1F030000 		.4byte	0x31f
 429 034b 0E       		.uleb128 0xe
 430 034c F4040000 		.4byte	.LASF58
 431 0350 03       		.byte	0x3
 432 0351 B3       		.byte	0xb3
 433 0352 56030000 		.4byte	0x356
 434 0356 11       		.uleb128 0x11
 435 0357 1F030000 		.4byte	0x31f
 436 035b 0F       		.uleb128 0xf
 437 035c 96000000 		.4byte	0x96
 438 0360 6B030000 		.4byte	0x36b
 439 0364 10       		.uleb128 0x10
 440 0365 2F030000 		.4byte	0x32f
 441 0369 03       		.byte	0x3
 442 036a 00       		.byte	0
 443 036b 0E       		.uleb128 0xe
 444 036c E7040000 		.4byte	.LASF59
 445 0370 03       		.byte	0x3
 446 0371 CA       		.byte	0xca
 447 0372 5B030000 		.4byte	0x35b
 448 0376 0F       		.uleb128 0xf
 449 0377 B7000000 		.4byte	0xb7
 450 037b 86030000 		.4byte	0x386
 451 037f 10       		.uleb128 0x10
 452 0380 2F030000 		.4byte	0x32f
 453 0384 03       		.byte	0x3
 454 0385 00       		.byte	0
 455 0386 0E       		.uleb128 0xe
 456 0387 46050000 		.4byte	.LASF60
ARM GAS  C:\Users\schmi\AppData\Local\Temp\ccxqfKQn.s 			page 9


 457 038b 03       		.byte	0x3
 458 038c D2       		.byte	0xd2
 459 038d 76030000 		.4byte	0x376
 460 0391 0E       		.uleb128 0xe
 461 0392 73030000 		.4byte	.LASF61
 462 0396 03       		.byte	0x3
 463 0397 DA       		.byte	0xda
 464 0398 5B030000 		.4byte	0x35b
 465 039c 0E       		.uleb128 0xe
 466 039d A1040000 		.4byte	.LASF62
 467 03a1 03       		.byte	0x3
 468 03a2 E2       		.byte	0xe2
 469 03a3 B7000000 		.4byte	0xb7
 470 03a7 0E       		.uleb128 0xe
 471 03a8 B7020000 		.4byte	.LASF63
 472 03ac 03       		.byte	0x3
 473 03ad F7       		.byte	0xf7
 474 03ae 96000000 		.4byte	0x96
 475 03b2 12       		.uleb128 0x12
 476 03b3 2B000000 		.4byte	.LASF64
 477 03b7 03       		.byte	0x3
 478 03b8 3F01     		.2byte	0x13f
 479 03ba C2000000 		.4byte	0xc2
 480 03be 12       		.uleb128 0x12
 481 03bf 5F000000 		.4byte	.LASF65
 482 03c3 03       		.byte	0x3
 483 03c4 5C01     		.2byte	0x15c
 484 03c6 5B030000 		.4byte	0x35b
 485 03ca 0F       		.uleb128 0xf
 486 03cb AC000000 		.4byte	0xac
 487 03cf DA030000 		.4byte	0x3da
 488 03d3 10       		.uleb128 0x10
 489 03d4 2F030000 		.4byte	0x32f
 490 03d8 03       		.byte	0x3
 491 03d9 00       		.byte	0
 492 03da 12       		.uleb128 0x12
 493 03db 72000000 		.4byte	.LASF66
 494 03df 03       		.byte	0x3
 495 03e0 6701     		.2byte	0x167
 496 03e2 CA030000 		.4byte	0x3ca
 497 03e6 0F       		.uleb128 0xf
 498 03e7 F6030000 		.4byte	0x3f6
 499 03eb F6030000 		.4byte	0x3f6
 500 03ef 10       		.uleb128 0x10
 501 03f0 2F030000 		.4byte	0x32f
 502 03f4 00       		.byte	0
 503 03f5 00       		.byte	0
 504 03f6 11       		.uleb128 0x11
 505 03f7 B4010000 		.4byte	0x1b4
 506 03fb 12       		.uleb128 0x12
 507 03fc E4020000 		.4byte	.LASF67
 508 0400 03       		.byte	0x3
 509 0401 CA02     		.2byte	0x2ca
 510 0403 07040000 		.4byte	0x407
 511 0407 11       		.uleb128 0x11
 512 0408 E6030000 		.4byte	0x3e6
 513 040c 0F       		.uleb128 0xf
ARM GAS  C:\Users\schmi\AppData\Local\Temp\ccxqfKQn.s 			page 10


 514 040d 1C040000 		.4byte	0x41c
 515 0411 1C040000 		.4byte	0x41c
 516 0415 10       		.uleb128 0x10
 517 0416 2F030000 		.4byte	0x32f
 518 041a 00       		.byte	0
 519 041b 00       		.byte	0
 520 041c 11       		.uleb128 0x11
 521 041d 51020000 		.4byte	0x251
 522 0421 12       		.uleb128 0x12
 523 0422 A2010000 		.4byte	.LASF68
 524 0426 03       		.byte	0x3
 525 0427 DD02     		.2byte	0x2dd
 526 0429 2D040000 		.4byte	0x42d
 527 042d 11       		.uleb128 0x11
 528 042e 0C040000 		.4byte	0x40c
 529 0432 0F       		.uleb128 0xf
 530 0433 E4010000 		.4byte	0x1e4
 531 0437 42040000 		.4byte	0x442
 532 043b 10       		.uleb128 0x10
 533 043c 2F030000 		.4byte	0x32f
 534 0440 00       		.byte	0
 535 0441 00       		.byte	0
 536 0442 12       		.uleb128 0x12
 537 0443 61040000 		.4byte	.LASF69
 538 0447 03       		.byte	0x3
 539 0448 FB02     		.2byte	0x2fb
 540 044a 32040000 		.4byte	0x432
 541 044e 0F       		.uleb128 0xf
 542 044f 9B020000 		.4byte	0x29b
 543 0453 5E040000 		.4byte	0x45e
 544 0457 10       		.uleb128 0x10
 545 0458 2F030000 		.4byte	0x32f
 546 045c 00       		.byte	0
 547 045d 00       		.byte	0
 548 045e 12       		.uleb128 0x12
 549 045f 01030000 		.4byte	.LASF70
 550 0463 03       		.byte	0x3
 551 0464 0403     		.2byte	0x304
 552 0466 4E040000 		.4byte	0x44e
 553 046a 13       		.uleb128 0x13
 554 046b 8D000000 		.4byte	.LASF71
 555 046f 06       		.byte	0x6
 556 0470 39       		.byte	0x39
 557 0471 7B040000 		.4byte	0x47b
 558 0475 05       		.uleb128 0x5
 559 0476 03       		.byte	0x3
 560 0477 00000000 		.4byte	EE_os_invalid_param
 561 047b 11       		.uleb128 0x11
 562 047c FD020000 		.4byte	0x2fd
 563 0480 0E       		.uleb128 0xe
 564 0481 05000000 		.4byte	.LASF72
 565 0485 07       		.byte	0x7
 566 0486 40       		.byte	0x40
 567 0487 96000000 		.4byte	0x96
 568 048b 0E       		.uleb128 0xe
 569 048c 26020000 		.4byte	.LASF73
 570 0490 07       		.byte	0x7
ARM GAS  C:\Users\schmi\AppData\Local\Temp\ccxqfKQn.s 			page 11


 571 0491 47       		.byte	0x47
 572 0492 A1000000 		.4byte	0xa1
 573 0496 0E       		.uleb128 0xe
 574 0497 70040000 		.4byte	.LASF74
 575 049b 07       		.byte	0x7
 576 049c 4A       		.byte	0x4a
 577 049d 96000000 		.4byte	0x96
 578 04a1 0F       		.uleb128 0xf
 579 04a2 B1040000 		.4byte	0x4b1
 580 04a6 B1040000 		.4byte	0x4b1
 581 04aa 10       		.uleb128 0x10
 582 04ab 2F030000 		.4byte	0x32f
 583 04af FF       		.byte	0xff
 584 04b0 00       		.byte	0
 585 04b1 11       		.uleb128 0x11
 586 04b2 6A000000 		.4byte	0x6a
 587 04b6 12       		.uleb128 0x12
 588 04b7 56050000 		.4byte	.LASF75
 589 04bb 08       		.byte	0x8
 590 04bc AB01     		.2byte	0x1ab
 591 04be C2040000 		.4byte	0x4c2
 592 04c2 11       		.uleb128 0x11
 593 04c3 A1040000 		.4byte	0x4a1
 594 04c7 00       		.byte	0
 595              		.section	.debug_abbrev,"",%progbits
 596              	.Ldebug_abbrev0:
 597 0000 01       		.uleb128 0x1
 598 0001 11       		.uleb128 0x11
 599 0002 01       		.byte	0x1
 600 0003 25       		.uleb128 0x25
 601 0004 0E       		.uleb128 0xe
 602 0005 13       		.uleb128 0x13
 603 0006 0B       		.uleb128 0xb
 604 0007 03       		.uleb128 0x3
 605 0008 0E       		.uleb128 0xe
 606 0009 1B       		.uleb128 0x1b
 607 000a 0E       		.uleb128 0xe
 608 000b 10       		.uleb128 0x10
 609 000c 17       		.uleb128 0x17
 610 000d 00       		.byte	0
 611 000e 00       		.byte	0
 612 000f 02       		.uleb128 0x2
 613 0010 24       		.uleb128 0x24
 614 0011 00       		.byte	0
 615 0012 0B       		.uleb128 0xb
 616 0013 0B       		.uleb128 0xb
 617 0014 3E       		.uleb128 0x3e
 618 0015 0B       		.uleb128 0xb
 619 0016 03       		.uleb128 0x3
 620 0017 0E       		.uleb128 0xe
 621 0018 00       		.byte	0
 622 0019 00       		.byte	0
 623 001a 03       		.uleb128 0x3
 624 001b 24       		.uleb128 0x24
 625 001c 00       		.byte	0
 626 001d 0B       		.uleb128 0xb
 627 001e 0B       		.uleb128 0xb
ARM GAS  C:\Users\schmi\AppData\Local\Temp\ccxqfKQn.s 			page 12


 628 001f 3E       		.uleb128 0x3e
 629 0020 0B       		.uleb128 0xb
 630 0021 03       		.uleb128 0x3
 631 0022 08       		.uleb128 0x8
 632 0023 00       		.byte	0
 633 0024 00       		.byte	0
 634 0025 04       		.uleb128 0x4
 635 0026 16       		.uleb128 0x16
 636 0027 00       		.byte	0
 637 0028 03       		.uleb128 0x3
 638 0029 0E       		.uleb128 0xe
 639 002a 3A       		.uleb128 0x3a
 640 002b 0B       		.uleb128 0xb
 641 002c 3B       		.uleb128 0x3b
 642 002d 0B       		.uleb128 0xb
 643 002e 49       		.uleb128 0x49
 644 002f 13       		.uleb128 0x13
 645 0030 00       		.byte	0
 646 0031 00       		.byte	0
 647 0032 05       		.uleb128 0x5
 648 0033 16       		.uleb128 0x16
 649 0034 00       		.byte	0
 650 0035 03       		.uleb128 0x3
 651 0036 0E       		.uleb128 0xe
 652 0037 3A       		.uleb128 0x3a
 653 0038 0B       		.uleb128 0xb
 654 0039 3B       		.uleb128 0x3b
 655 003a 05       		.uleb128 0x5
 656 003b 49       		.uleb128 0x49
 657 003c 13       		.uleb128 0x13
 658 003d 00       		.byte	0
 659 003e 00       		.byte	0
 660 003f 06       		.uleb128 0x6
 661 0040 0F       		.uleb128 0xf
 662 0041 00       		.byte	0
 663 0042 0B       		.uleb128 0xb
 664 0043 0B       		.uleb128 0xb
 665 0044 49       		.uleb128 0x49
 666 0045 13       		.uleb128 0x13
 667 0046 00       		.byte	0
 668 0047 00       		.byte	0
 669 0048 07       		.uleb128 0x7
 670 0049 13       		.uleb128 0x13
 671 004a 01       		.byte	0x1
 672 004b 0B       		.uleb128 0xb
 673 004c 0B       		.uleb128 0xb
 674 004d 3A       		.uleb128 0x3a
 675 004e 0B       		.uleb128 0xb
 676 004f 3B       		.uleb128 0x3b
 677 0050 05       		.uleb128 0x5
 678 0051 01       		.uleb128 0x1
 679 0052 13       		.uleb128 0x13
 680 0053 00       		.byte	0
 681 0054 00       		.byte	0
 682 0055 08       		.uleb128 0x8
 683 0056 0D       		.uleb128 0xd
 684 0057 00       		.byte	0
ARM GAS  C:\Users\schmi\AppData\Local\Temp\ccxqfKQn.s 			page 13


 685 0058 03       		.uleb128 0x3
 686 0059 0E       		.uleb128 0xe
 687 005a 3A       		.uleb128 0x3a
 688 005b 0B       		.uleb128 0xb
 689 005c 3B       		.uleb128 0x3b
 690 005d 05       		.uleb128 0x5
 691 005e 49       		.uleb128 0x49
 692 005f 13       		.uleb128 0x13
 693 0060 38       		.uleb128 0x38
 694 0061 0B       		.uleb128 0xb
 695 0062 00       		.byte	0
 696 0063 00       		.byte	0
 697 0064 09       		.uleb128 0x9
 698 0065 04       		.uleb128 0x4
 699 0066 01       		.byte	0x1
 700 0067 0B       		.uleb128 0xb
 701 0068 0B       		.uleb128 0xb
 702 0069 49       		.uleb128 0x49
 703 006a 13       		.uleb128 0x13
 704 006b 3A       		.uleb128 0x3a
 705 006c 0B       		.uleb128 0xb
 706 006d 3B       		.uleb128 0x3b
 707 006e 05       		.uleb128 0x5
 708 006f 01       		.uleb128 0x1
 709 0070 13       		.uleb128 0x13
 710 0071 00       		.byte	0
 711 0072 00       		.byte	0
 712 0073 0A       		.uleb128 0xa
 713 0074 28       		.uleb128 0x28
 714 0075 00       		.byte	0
 715 0076 03       		.uleb128 0x3
 716 0077 0E       		.uleb128 0xe
 717 0078 1C       		.uleb128 0x1c
 718 0079 0B       		.uleb128 0xb
 719 007a 00       		.byte	0
 720 007b 00       		.byte	0
 721 007c 0B       		.uleb128 0xb
 722 007d 0D       		.uleb128 0xd
 723 007e 00       		.byte	0
 724 007f 03       		.uleb128 0x3
 725 0080 08       		.uleb128 0x8
 726 0081 3A       		.uleb128 0x3a
 727 0082 0B       		.uleb128 0xb
 728 0083 3B       		.uleb128 0x3b
 729 0084 05       		.uleb128 0x5
 730 0085 49       		.uleb128 0x49
 731 0086 13       		.uleb128 0x13
 732 0087 38       		.uleb128 0x38
 733 0088 0B       		.uleb128 0xb
 734 0089 00       		.byte	0
 735 008a 00       		.byte	0
 736 008b 0C       		.uleb128 0xc
 737 008c 17       		.uleb128 0x17
 738 008d 01       		.byte	0x1
 739 008e 03       		.uleb128 0x3
 740 008f 0E       		.uleb128 0xe
 741 0090 0B       		.uleb128 0xb
ARM GAS  C:\Users\schmi\AppData\Local\Temp\ccxqfKQn.s 			page 14


 742 0091 0B       		.uleb128 0xb
 743 0092 3A       		.uleb128 0x3a
 744 0093 0B       		.uleb128 0xb
 745 0094 3B       		.uleb128 0x3b
 746 0095 05       		.uleb128 0x5
 747 0096 01       		.uleb128 0x1
 748 0097 13       		.uleb128 0x13
 749 0098 00       		.byte	0
 750 0099 00       		.byte	0
 751 009a 0D       		.uleb128 0xd
 752 009b 0D       		.uleb128 0xd
 753 009c 00       		.byte	0
 754 009d 03       		.uleb128 0x3
 755 009e 0E       		.uleb128 0xe
 756 009f 3A       		.uleb128 0x3a
 757 00a0 0B       		.uleb128 0xb
 758 00a1 3B       		.uleb128 0x3b
 759 00a2 05       		.uleb128 0x5
 760 00a3 49       		.uleb128 0x49
 761 00a4 13       		.uleb128 0x13
 762 00a5 00       		.byte	0
 763 00a6 00       		.byte	0
 764 00a7 0E       		.uleb128 0xe
 765 00a8 34       		.uleb128 0x34
 766 00a9 00       		.byte	0
 767 00aa 03       		.uleb128 0x3
 768 00ab 0E       		.uleb128 0xe
 769 00ac 3A       		.uleb128 0x3a
 770 00ad 0B       		.uleb128 0xb
 771 00ae 3B       		.uleb128 0x3b
 772 00af 0B       		.uleb128 0xb
 773 00b0 49       		.uleb128 0x49
 774 00b1 13       		.uleb128 0x13
 775 00b2 3F       		.uleb128 0x3f
 776 00b3 19       		.uleb128 0x19
 777 00b4 3C       		.uleb128 0x3c
 778 00b5 19       		.uleb128 0x19
 779 00b6 00       		.byte	0
 780 00b7 00       		.byte	0
 781 00b8 0F       		.uleb128 0xf
 782 00b9 01       		.uleb128 0x1
 783 00ba 01       		.byte	0x1
 784 00bb 49       		.uleb128 0x49
 785 00bc 13       		.uleb128 0x13
 786 00bd 01       		.uleb128 0x1
 787 00be 13       		.uleb128 0x13
 788 00bf 00       		.byte	0
 789 00c0 00       		.byte	0
 790 00c1 10       		.uleb128 0x10
 791 00c2 21       		.uleb128 0x21
 792 00c3 00       		.byte	0
 793 00c4 49       		.uleb128 0x49
 794 00c5 13       		.uleb128 0x13
 795 00c6 2F       		.uleb128 0x2f
 796 00c7 0B       		.uleb128 0xb
 797 00c8 00       		.byte	0
 798 00c9 00       		.byte	0
ARM GAS  C:\Users\schmi\AppData\Local\Temp\ccxqfKQn.s 			page 15


 799 00ca 11       		.uleb128 0x11
 800 00cb 26       		.uleb128 0x26
 801 00cc 00       		.byte	0
 802 00cd 49       		.uleb128 0x49
 803 00ce 13       		.uleb128 0x13
 804 00cf 00       		.byte	0
 805 00d0 00       		.byte	0
 806 00d1 12       		.uleb128 0x12
 807 00d2 34       		.uleb128 0x34
 808 00d3 00       		.byte	0
 809 00d4 03       		.uleb128 0x3
 810 00d5 0E       		.uleb128 0xe
 811 00d6 3A       		.uleb128 0x3a
 812 00d7 0B       		.uleb128 0xb
 813 00d8 3B       		.uleb128 0x3b
 814 00d9 05       		.uleb128 0x5
 815 00da 49       		.uleb128 0x49
 816 00db 13       		.uleb128 0x13
 817 00dc 3F       		.uleb128 0x3f
 818 00dd 19       		.uleb128 0x19
 819 00de 3C       		.uleb128 0x3c
 820 00df 19       		.uleb128 0x19
 821 00e0 00       		.byte	0
 822 00e1 00       		.byte	0
 823 00e2 13       		.uleb128 0x13
 824 00e3 34       		.uleb128 0x34
 825 00e4 00       		.byte	0
 826 00e5 03       		.uleb128 0x3
 827 00e6 0E       		.uleb128 0xe
 828 00e7 3A       		.uleb128 0x3a
 829 00e8 0B       		.uleb128 0xb
 830 00e9 3B       		.uleb128 0x3b
 831 00ea 0B       		.uleb128 0xb
 832 00eb 49       		.uleb128 0x49
 833 00ec 13       		.uleb128 0x13
 834 00ed 3F       		.uleb128 0x3f
 835 00ee 19       		.uleb128 0x19
 836 00ef 02       		.uleb128 0x2
 837 00f0 18       		.uleb128 0x18
 838 00f1 00       		.byte	0
 839 00f2 00       		.byte	0
 840 00f3 00       		.byte	0
 841              		.section	.debug_aranges,"",%progbits
 842 0000 14000000 		.4byte	0x14
 843 0004 0200     		.2byte	0x2
 844 0006 00000000 		.4byte	.Ldebug_info0
 845 000a 04       		.byte	0x4
 846 000b 00       		.byte	0
 847 000c 0000     		.2byte	0
 848 000e 0000     		.2byte	0
 849 0010 00000000 		.4byte	0
 850 0014 00000000 		.4byte	0
 851              		.section	.debug_line,"",%progbits
 852              	.Ldebug_line0:
 853 0000 35010000 		.section	.debug_str,"MS",%progbits,1
 853      02002F01 
 853      00000201 
ARM GAS  C:\Users\schmi\AppData\Local\Temp\ccxqfKQn.s 			page 16


 853      FB0E0D00 
 853      01010101 
 854              	.LASF40:
 855 0000 6B696E64 		.ascii	"kind\000"
 855      00
 856              	.LASF72:
 857 0005 45455F6F 		.ascii	"EE_oo_IRQ_disable_count\000"
 857      6F5F4952 
 857      515F6469 
 857      7361626C 
 857      655F636F 
 858              	.LASF27:
 859 001d 416C6172 		.ascii	"AlarmBaseType\000"
 859      6D426173 
 859      65547970 
 859      6500
 860              	.LASF64:
 861 002b 45455F72 		.ascii	"EE_rq_bitmask\000"
 861      715F6269 
 861      746D6173 
 861      6B00
 862              	.LASF14:
 863 0039 45455F55 		.ascii	"EE_UREG\000"
 863      52454700 
 864              	.LASF25:
 865 0041 7469636B 		.ascii	"ticksperbase\000"
 865      73706572 
 865      62617365 
 865      00
 866              	.LASF21:
 867 004e 4576656E 		.ascii	"EventMaskRefType\000"
 867      744D6173 
 867      6B526566 
 867      54797065 
 867      00
 868              	.LASF65:
 869 005f 45455F74 		.ascii	"EE_th_event_active\000"
 869      685F6576 
 869      656E745F 
 869      61637469 
 869      766500
 870              	.LASF66:
 871 0072 45455F74 		.ascii	"EE_th_waswaiting\000"
 871      685F7761 
 871      73776169 
 871      74696E67 
 871      00
 872              	.LASF2:
 873 0083 73686F72 		.ascii	"short int\000"
 873      7420696E 
 873      7400
 874              	.LASF71:
 875 008d 45455F6F 		.ascii	"EE_os_invalid_param\000"
 875      735F696E 
 875      76616C69 
 875      645F7061 
 875      72616D00 
ARM GAS  C:\Users\schmi\AppData\Local\Temp\ccxqfKQn.s 			page 17


 876              	.LASF56:
 877 00a1 73697A65 		.ascii	"sizetype\000"
 877      74797065 
 877      00
 878              	.LASF44:
 879 00aa 64656C74 		.ascii	"delta\000"
 879      6100
 880              	.LASF76:
 881 00b0 474E5520 		.ascii	"GNU C11 5.4.1 20160609 (release) [ARM/embedded-5-br"
 881      43313120 
 881      352E342E 
 881      31203230 
 881      31363036 
 882 00e3 616E6368 		.ascii	"anch revision 237715] -mcpu=cortex-m3 -mthumb -g -O"
 882      20726576 
 882      6973696F 
 882      6E203233 
 882      37373135 
 883 0116 30202D66 		.ascii	"0 -ffunction-sections -ffat-lto-objects\000"
 883      66756E63 
 883      74696F6E 
 883      2D736563 
 883      74696F6E 
 884              	.LASF15:
 885 013e 45455F46 		.ascii	"EE_FREG\000"
 885      52454700 
 886              	.LASF51:
 887 0146 7469636B 		.ascii	"tick_ref\000"
 887      5F726566 
 887      00
 888              	.LASF38:
 889 014f 436F756E 		.ascii	"CounterObjectKindType\000"
 889      7465724F 
 889      626A6563 
 889      744B696E 
 889      64547970 
 890              	.LASF13:
 891 0165 45455F55 		.ascii	"EE_UINT32\000"
 891      494E5433 
 891      3200
 892              	.LASF23:
 893 016f 5469636B 		.ascii	"TickRefType\000"
 893      52656654 
 893      79706500 
 894              	.LASF57:
 895 017b 45455F74 		.ascii	"EE_th_ready_prio\000"
 895      685F7265 
 895      6164795F 
 895      7072696F 
 895      00
 896              	.LASF17:
 897 018c 45455F54 		.ascii	"EE_TID\000"
 897      494400
 898              	.LASF26:
 899 0193 6D696E63 		.ascii	"mincycle\000"
 899      79636C65 
 899      00
ARM GAS  C:\Users\schmi\AppData\Local\Temp\ccxqfKQn.s 			page 18


 900              	.LASF32:
 901 019c 76616C75 		.ascii	"value\000"
 901      6500
 902              	.LASF68:
 903 01a2 45455F6F 		.ascii	"EE_oo_counter_object_ROM\000"
 903      6F5F636F 
 903      756E7465 
 903      725F6F62 
 903      6A656374 
 904              	.LASF37:
 905 01bb 45455F6F 		.ascii	"EE_oo_counter_object_kind_type\000"
 905      6F5F636F 
 905      756E7465 
 905      725F6F62 
 905      6A656374 
 906              	.LASF54:
 907 01da 45455F49 		.ascii	"EE_IRQ_nesting_level\000"
 907      52515F6E 
 907      65737469 
 907      6E675F6C 
 907      6576656C 
 908              	.LASF34:
 909 01ef 45455F6F 		.ascii	"EE_oo_counter_RAM_type\000"
 909      6F5F636F 
 909      756E7465 
 909      725F5241 
 909      4D5F7479 
 910              	.LASF52:
 911 0206 6576656E 		.ascii	"event_ref\000"
 911      745F7265 
 911      6600
 912              	.LASF6:
 913 0210 6C6F6E67 		.ascii	"long long int\000"
 913      206C6F6E 
 913      6720696E 
 913      7400
 914              	.LASF10:
 915 021e 45455F49 		.ascii	"EE_INT8\000"
 915      4E543800 
 916              	.LASF73:
 917 0226 45455F6F 		.ascii	"EE_oo_IRQ_suspend_status\000"
 917      6F5F4952 
 917      515F7375 
 917      7370656E 
 917      645F7374 
 918              	.LASF18:
 919 023f 45455F54 		.ascii	"EE_TYPE_RQ_MASK\000"
 919      5950455F 
 919      52515F4D 
 919      41534B00 
 920              	.LASF36:
 921 024f 45455F53 		.ascii	"EE_SCHEDULETABLE\000"
 921      43484544 
 921      554C4554 
 921      41424C45 
 921      00
 922              	.LASF4:
ARM GAS  C:\Users\schmi\AppData\Local\Temp\ccxqfKQn.s 			page 19


 923 0260 6C6F6E67 		.ascii	"long int\000"
 923      20696E74 
 923      00
 924              	.LASF24:
 925 0269 6D617861 		.ascii	"maxallowedvalue\000"
 925      6C6C6F77 
 925      65647661 
 925      6C756500 
 926              	.LASF46:
 927 0279 45455F6F 		.ascii	"EE_oo_counter_object_RAM_type\000"
 927      6F5F636F 
 927      756E7465 
 927      725F6F62 
 927      6A656374 
 928              	.LASF31:
 929 0297 45455F6F 		.ascii	"EE_oo_counter_ROM_type\000"
 929      6F5F636F 
 929      756E7465 
 929      725F524F 
 929      4D5F7479 
 930              	.LASF22:
 931 02ae 5469636B 		.ascii	"TickType\000"
 931      54797065 
 931      00
 932              	.LASF63:
 933 02b7 45455F73 		.ascii	"EE_sys_ceiling\000"
 933      79735F63 
 933      65696C69 
 933      6E6700
 934              	.LASF29:
 935 02c6 436F756E 		.ascii	"CounterObjectType\000"
 935      7465724F 
 935      626A6563 
 935      74547970 
 935      6500
 936              	.LASF9:
 937 02d8 6C6F6E67 		.ascii	"long double\000"
 937      20646F75 
 937      626C6500 
 938              	.LASF67:
 939 02e4 45455F63 		.ascii	"EE_counter_ROM\000"
 939      6F756E74 
 939      65725F52 
 939      4F4D00
 940              	.LASF1:
 941 02f3 756E7369 		.ascii	"unsigned char\000"
 941      676E6564 
 941      20636861 
 941      7200
 942              	.LASF70:
 943 0301 45455F6F 		.ascii	"EE_oo_counter_object_RAM\000"
 943      6F5F636F 
 943      756E7465 
 943      725F6F62 
 943      6A656374 
 944              	.LASF0:
 945 031a 7369676E 		.ascii	"signed char\000"
ARM GAS  C:\Users\schmi\AppData\Local\Temp\ccxqfKQn.s 			page 20


 945      65642063 
 945      68617200 
 946              	.LASF7:
 947 0326 6C6F6E67 		.ascii	"long long unsigned int\000"
 947      206C6F6E 
 947      6720756E 
 947      7369676E 
 947      65642069 
 948              	.LASF19:
 949 033d 5461736B 		.ascii	"TaskRefType\000"
 949      52656654 
 949      79706500 
 950              	.LASF8:
 951 0349 756E7369 		.ascii	"unsigned int\000"
 951      676E6564 
 951      20696E74 
 951      00
 952              	.LASF53:
 953 0356 45455F6F 		.ascii	"EE_os_param\000"
 953      735F7061 
 953      72616D00 
 954              	.LASF28:
 955 0362 416C6172 		.ascii	"AlarmBaseRefType\000"
 955      6D426173 
 955      65526566 
 955      54797065 
 955      00
 956              	.LASF61:
 957 0373 45455F74 		.ascii	"EE_th_rnact\000"
 957      685F726E 
 957      61637400 
 958              	.LASF55:
 959 037f 45455F73 		.ascii	"EE_std_endcycle_next_tid\000"
 959      74645F65 
 959      6E646379 
 959      636C655F 
 959      6E657874 
 960              	.LASF12:
 961 0398 45455F49 		.ascii	"EE_INT32\000"
 961      4E543332 
 961      00
 962              	.LASF50:
 963 03a1 616C6172 		.ascii	"alarm_base_ref\000"
 963      6D5F6261 
 963      73655F72 
 963      656600
 964              	.LASF3:
 965 03b0 73686F72 		.ascii	"short unsigned int\000"
 965      7420756E 
 965      7369676E 
 965      65642069 
 965      6E7400
 966              	.LASF41:
 967 03c3 45455F6F 		.ascii	"EE_oo_counter_object_ROM_type\000"
 967      6F5F636F 
 967      756E7465 
 967      725F6F62 
ARM GAS  C:\Users\schmi\AppData\Local\Temp\ccxqfKQn.s 			page 21


 967      6A656374 
 968              	.LASF79:
 969 03e1 45455F6F 		.ascii	"EE_os_param_type\000"
 969      735F7061 
 969      72616D5F 
 969      74797065 
 969      00
 970              	.LASF78:
 971 03f2 433A5C55 		.ascii	"C:\\Users\\schmi\\OneDrive\\Dokumente\\PSoC Creator"
 971      73657273 
 971      5C736368 
 971      6D695C4F 
 971      6E654472 
 972 0420 5C4A736F 		.ascii	"\\JsonParserLAB3\\holidayProject\\setUpEnv.cydsn\000"
 972      6E506172 
 972      7365724C 
 972      4142335C 
 972      686F6C69 
 973              	.LASF11:
 974 044e 45455F55 		.ascii	"EE_UINT16\000"
 974      494E5431 
 974      3600
 975              	.LASF48:
 976 0458 7461736B 		.ascii	"task_ref\000"
 976      5F726566 
 976      00
 977              	.LASF69:
 978 0461 45455F63 		.ascii	"EE_counter_RAM\000"
 978      6F756E74 
 978      65725F52 
 978      414D00
 979              	.LASF74:
 980 0470 45455F41 		.ascii	"EE_ApplicationMode\000"
 980      70706C69 
 980      63617469 
 980      6F6E4D6F 
 980      646500
 981              	.LASF5:
 982 0483 6C6F6E67 		.ascii	"long unsigned int\000"
 982      20756E73 
 982      69676E65 
 982      6420696E 
 982      7400
 983              	.LASF16:
 984 0495 45455F54 		.ascii	"EE_TYPEBOOL\000"
 984      59504542 
 984      4F4F4C00 
 985              	.LASF62:
 986 04a1 45455F73 		.ascii	"EE_stkfirst\000"
 986      746B6669 
 986      72737400 
 987              	.LASF20:
 988 04ad 5461736B 		.ascii	"TaskStateRefType\000"
 988      53746174 
 988      65526566 
 988      54797065 
 988      00
ARM GAS  C:\Users\schmi\AppData\Local\Temp\ccxqfKQn.s 			page 22


 989              	.LASF35:
 990 04be 45455F41 		.ascii	"EE_ALARM\000"
 990      4C41524D 
 990      00
 991              	.LASF42:
 992 04c7 75736564 		.ascii	"used\000"
 992      00
 993              	.LASF30:
 994 04cc 436F756E 		.ascii	"CounterType\000"
 994      74657254 
 994      79706500 
 995              	.LASF49:
 996 04d8 7461736B 		.ascii	"task_state_ref\000"
 996      5F737461 
 996      74655F72 
 996      656600
 997              	.LASF59:
 998 04e7 45455F74 		.ascii	"EE_th_status\000"
 998      685F7374 
 998      61747573 
 998      00
 999              	.LASF58:
 1000 04f4 45455F74 		.ascii	"EE_th_dispatch_prio\000"
 1000      685F6469 
 1000      73706174 
 1000      63685F70 
 1000      72696F00 
 1001              	.LASF77:
 1002 0508 47656E65 		.ascii	"Generated_Source\\PSoC5\\ErikaOS_1_ee_iparam.c\000"
 1002      72617465 
 1002      645F536F 
 1002      75726365 
 1002      5C50536F 
 1003              	.LASF39:
 1004 0535 73706563 		.ascii	"spec_id\000"
 1004      5F696400 
 1005              	.LASF43:
 1006 053d 636E7463 		.ascii	"cntcycle\000"
 1006      79636C65 
 1006      00
 1007              	.LASF60:
 1008 0546 45455F74 		.ascii	"EE_th_next\000"
 1008      685F6E65 
 1008      787400
 1009              	.LASF45:
 1010 0551 6E657874 		.ascii	"next\000"
 1010      00
 1011              	.LASF75:
 1012 0556 45455F72 		.ascii	"EE_rq_lookup\000"
 1012      715F6C6F 
 1012      6F6B7570 
 1012      00
 1013              	.LASF33:
 1014 0563 66697273 		.ascii	"first\000"
 1014      7400
 1015              	.LASF47:
 1016 0569 76616C75 		.ascii	"value_param\000"
ARM GAS  C:\Users\schmi\AppData\Local\Temp\ccxqfKQn.s 			page 23


 1016      655F7061 
 1016      72616D00 
 1017              		.ident	"GCC: (GNU Tools for ARM Embedded Processors) 5.4.1 20160609 (release) [ARM/embedded-5-bran
