ARM GAS  C:\Users\schmi\AppData\Local\Temp\ccp224k5.s 			page 1


   1              		.syntax unified
   2              		.cpu cortex-m3
   3              		.fpu softvfp
   4              		.eabi_attribute 20, 1
   5              		.eabi_attribute 21, 1
   6              		.eabi_attribute 23, 3
   7              		.eabi_attribute 24, 1
   8              		.eabi_attribute 25, 1
   9              		.eabi_attribute 26, 1
  10              		.eabi_attribute 30, 1
  11              		.eabi_attribute 34, 1
  12              		.eabi_attribute 18, 4
  13              		.thumb
  14              		.syntax unified
  15              		.file	"Joystick.c"
  16              		.text
  17              	.Ltext0:
  18              		.cfi_sections	.debug_frame
  19              		.section	.text.joystick_init,"ax",%progbits
  20              		.align	2
  21              		.global	joystick_init
  22              		.thumb
  23              		.thumb_func
  24              		.type	joystick_init, %function
  25              	joystick_init:
  26              	.LFB0:
  27              		.file 1 "Joystick.c"
   1:Joystick.c    **** /* ========================================
   2:Joystick.c    ****  *
   3:Joystick.c    ****  * Copyright YOUR COMPANY, THE YEAR
   4:Joystick.c    ****  * All Rights Reserved
   5:Joystick.c    ****  * UNPUBLISHED, LICENSED SOFTWARE.
   6:Joystick.c    ****  *
   7:Joystick.c    ****  * CONFIDENTIAL AND PROPRIETARY INFORMATION
   8:Joystick.c    ****  * WHICH IS THE PROPERTY OF your company.
   9:Joystick.c    ****  *
  10:Joystick.c    ****  * ========================================
  11:Joystick.c    **** */
  12:Joystick.c    **** 
  13:Joystick.c    **** /* [] END OF FILE */
  14:Joystick.c    **** 
  15:Joystick.c    **** #include "joystick.h"
  16:Joystick.c    **** #include "ADC_Joy.h"
  17:Joystick.c    **** 
  18:Joystick.c    **** RC_t joystick_init(){
  28              		.loc 1 18 0
  29              		.cfi_startproc
  30              		@ args = 0, pretend = 0, frame = 0
  31              		@ frame_needed = 0, uses_anonymous_args = 0
  32 0000 08B5     		push	{r3, lr}
  33              		.cfi_def_cfa_offset 8
  34              		.cfi_offset 3, -8
  35              		.cfi_offset 14, -4
  19:Joystick.c    ****     ADC_Joy_Start();
  36              		.loc 1 19 0
  37 0002 FFF7FEFF 		bl	ADC_Joy_Start
  38              	.LVL0:
ARM GAS  C:\Users\schmi\AppData\Local\Temp\ccp224k5.s 			page 2


  20:Joystick.c    **** }
  39              		.loc 1 20 0
  40 0006 08BD     		pop	{r3, pc}
  41              		.cfi_endproc
  42              	.LFE0:
  43              		.size	joystick_init, .-joystick_init
  44              		.section	.text.joystick_get_horizontal,"ax",%progbits
  45              		.align	2
  46              		.global	joystick_get_horizontal
  47              		.thumb
  48              		.thumb_func
  49              		.type	joystick_get_horizontal, %function
  50              	joystick_get_horizontal:
  51              	.LFB1:
  21:Joystick.c    **** 
  22:Joystick.c    **** joystick_t joystick_get_horizontal(){
  52              		.loc 1 22 0
  53              		.cfi_startproc
  54              		@ args = 0, pretend = 0, frame = 0
  55              		@ frame_needed = 0, uses_anonymous_args = 0
  56 0000 08B5     		push	{r3, lr}
  57              		.cfi_def_cfa_offset 8
  58              		.cfi_offset 3, -8
  59              		.cfi_offset 14, -4
  23:Joystick.c    ****     int16_t result;
  24:Joystick.c    ****     // result = ADC_Joy_GetResult16(0);
  25:Joystick.c    ****     ADC_Joy_StartConvert();
  60              		.loc 1 25 0
  61 0002 FFF7FEFF 		bl	ADC_Joy_StartConvert
  62              	.LVL1:
  63              	.L4:
  26:Joystick.c    ****     while(ADC_Joy_IsEndConversion(ADC_Joy_RETURN_STATUS) == 0);
  64              		.loc 1 26 0 discriminator 1
  65 0006 0120     		movs	r0, #1
  66 0008 FFF7FEFF 		bl	ADC_Joy_IsEndConversion
  67              	.LVL2:
  68 000c 0028     		cmp	r0, #0
  69 000e FAD0     		beq	.L4
  27:Joystick.c    ****     result = ADC_Joy_GetResult16(0);
  70              		.loc 1 27 0
  71 0010 0020     		movs	r0, #0
  72 0012 FFF7FEFF 		bl	ADC_Joy_GetResult16
  73              	.LVL3:
  28:Joystick.c    ****     //ADC_Joy_Stop();
  29:Joystick.c    ****     if(result > 140){
  74              		.loc 1 29 0
  75 0016 8C28     		cmp	r0, #140
  76 0018 03DC     		bgt	.L6
  30:Joystick.c    ****         return right; 
  31:Joystick.c    ****     }else if (result < 120){
  77              		.loc 1 31 0
  78 001a 7728     		cmp	r0, #119
  79 001c 03DC     		bgt	.L7
  32:Joystick.c    ****         return left;
  80              		.loc 1 32 0
  81 001e 0220     		movs	r0, #2
  82              	.LVL4:
ARM GAS  C:\Users\schmi\AppData\Local\Temp\ccp224k5.s 			page 3


  83 0020 08BD     		pop	{r3, pc}
  84              	.LVL5:
  85              	.L6:
  30:Joystick.c    ****         return right; 
  86              		.loc 1 30 0
  87 0022 0320     		movs	r0, #3
  88              	.LVL6:
  89 0024 08BD     		pop	{r3, pc}
  90              	.LVL7:
  91              	.L7:
  33:Joystick.c    ****     }else{
  34:Joystick.c    ****         return initial;
  92              		.loc 1 34 0
  93 0026 0420     		movs	r0, #4
  94              	.LVL8:
  35:Joystick.c    ****     }
  36:Joystick.c    **** }
  95              		.loc 1 36 0
  96 0028 08BD     		pop	{r3, pc}
  97              		.cfi_endproc
  98              	.LFE1:
  99              		.size	joystick_get_horizontal, .-joystick_get_horizontal
 100 002a 00BF     		.section	.text.joystick_get_vertical,"ax",%progbits
 101              		.align	2
 102              		.global	joystick_get_vertical
 103              		.thumb
 104              		.thumb_func
 105              		.type	joystick_get_vertical, %function
 106              	joystick_get_vertical:
 107              	.LFB2:
  37:Joystick.c    **** 
  38:Joystick.c    **** joystick_t joystick_get_vertical(){
 108              		.loc 1 38 0
 109              		.cfi_startproc
 110              		@ args = 0, pretend = 0, frame = 0
 111              		@ frame_needed = 0, uses_anonymous_args = 0
 112 0000 08B5     		push	{r3, lr}
 113              		.cfi_def_cfa_offset 8
 114              		.cfi_offset 3, -8
 115              		.cfi_offset 14, -4
  39:Joystick.c    ****     int16_t result;
  40:Joystick.c    ****     //ADC_Joy_Start();
  41:Joystick.c    ****     result = ADC_Joy_GetResult16(1);
 116              		.loc 1 41 0
 117 0002 0120     		movs	r0, #1
 118 0004 FFF7FEFF 		bl	ADC_Joy_GetResult16
 119              	.LVL9:
  42:Joystick.c    ****     //ADC_Joy_Stop();
  43:Joystick.c    ****     if(result > 140){
 120              		.loc 1 43 0
 121 0008 8C28     		cmp	r0, #140
 122 000a 03DC     		bgt	.L11
  44:Joystick.c    ****         return up; 
  45:Joystick.c    ****     }else if (result < 120){
 123              		.loc 1 45 0
 124 000c 7728     		cmp	r0, #119
 125 000e 03DC     		bgt	.L12
ARM GAS  C:\Users\schmi\AppData\Local\Temp\ccp224k5.s 			page 4


  46:Joystick.c    ****         return down;
 126              		.loc 1 46 0
 127 0010 0120     		movs	r0, #1
 128              	.LVL10:
 129 0012 08BD     		pop	{r3, pc}
 130              	.LVL11:
 131              	.L11:
  44:Joystick.c    ****         return up; 
 132              		.loc 1 44 0
 133 0014 0020     		movs	r0, #0
 134              	.LVL12:
 135 0016 08BD     		pop	{r3, pc}
 136              	.LVL13:
 137              	.L12:
  47:Joystick.c    ****     }else{
  48:Joystick.c    ****         return initial;
 138              		.loc 1 48 0
 139 0018 0420     		movs	r0, #4
 140              	.LVL14:
  49:Joystick.c    ****     }
  50:Joystick.c    **** }...
 141              		.loc 1 50 0
 142 001a 08BD     		pop	{r3, pc}
 143              		.cfi_endproc
 144              	.LFE2:
 145              		.size	joystick_get_vertical, .-joystick_get_vertical
 146              		.text
 147              	.Letext0:
 148              		.file 2 ".\\source\\bsw/global.h"
 149              		.file 3 "joystick.h"
 150              		.file 4 "c:\\program files (x86)\\cypress\\psoc creator\\4.4\\psoc creator\\import\\gnu\\arm\\5.4.
 151              		.file 5 "c:\\program files (x86)\\cypress\\psoc creator\\4.4\\psoc creator\\import\\gnu\\arm\\5.4.
 152              		.file 6 "Generated_Source\\PSoC5/ADC_Joy.h"
 153              		.section	.debug_info,"",%progbits
 154              	.Ldebug_info0:
 155 0000 65020000 		.4byte	0x265
 156 0004 0400     		.2byte	0x4
 157 0006 00000000 		.4byte	.Ldebug_abbrev0
 158 000a 04       		.byte	0x4
 159 000b 01       		.uleb128 0x1
 160 000c 41010000 		.4byte	.LASF56
 161 0010 0C       		.byte	0xc
 162 0011 A3030000 		.4byte	.LASF57
 163 0015 A0000000 		.4byte	.LASF58
 164 0019 00000000 		.4byte	.Ldebug_ranges0+0
 165 001d 00000000 		.4byte	0
 166 0021 00000000 		.4byte	.Ldebug_line0
 167 0025 02       		.uleb128 0x2
 168 0026 01       		.byte	0x1
 169 0027 06       		.byte	0x6
 170 0028 EC030000 		.4byte	.LASF0
 171 002c 02       		.uleb128 0x2
 172 002d 01       		.byte	0x1
 173 002e 08       		.byte	0x8
 174 002f 33010000 		.4byte	.LASF1
 175 0033 02       		.uleb128 0x2
 176 0034 02       		.byte	0x2
ARM GAS  C:\Users\schmi\AppData\Local\Temp\ccp224k5.s 			page 5


 177 0035 05       		.byte	0x5
 178 0036 80030000 		.4byte	.LASF2
 179 003a 02       		.uleb128 0x2
 180 003b 02       		.byte	0x2
 181 003c 07       		.byte	0x7
 182 003d EE010000 		.4byte	.LASF3
 183 0041 02       		.uleb128 0x2
 184 0042 04       		.byte	0x4
 185 0043 05       		.byte	0x5
 186 0044 C4030000 		.4byte	.LASF4
 187 0048 02       		.uleb128 0x2
 188 0049 04       		.byte	0x4
 189 004a 07       		.byte	0x7
 190 004b C2020000 		.4byte	.LASF5
 191 004f 02       		.uleb128 0x2
 192 0050 04       		.byte	0x4
 193 0051 04       		.byte	0x4
 194 0052 2D010000 		.4byte	.LASF6
 195 0056 02       		.uleb128 0x2
 196 0057 08       		.byte	0x8
 197 0058 04       		.byte	0x4
 198 0059 70020000 		.4byte	.LASF7
 199 005d 02       		.uleb128 0x2
 200 005e 08       		.byte	0x8
 201 005f 05       		.byte	0x5
 202 0060 56030000 		.4byte	.LASF8
 203 0064 02       		.uleb128 0x2
 204 0065 08       		.byte	0x8
 205 0066 07       		.byte	0x7
 206 0067 EF020000 		.4byte	.LASF9
 207 006b 02       		.uleb128 0x2
 208 006c 01       		.byte	0x1
 209 006d 08       		.byte	0x8
 210 006e 64030000 		.4byte	.LASF10
 211 0072 03       		.uleb128 0x3
 212 0073 01       		.byte	0x1
 213 0074 25000000 		.4byte	0x25
 214 0078 02       		.byte	0x2
 215 0079 CF       		.byte	0xcf
 216 007a 1B010000 		.4byte	0x11b
 217 007e 04       		.uleb128 0x4
 218 007f CF010000 		.4byte	.LASF11
 219 0083 00       		.byte	0
 220 0084 05       		.uleb128 0x5
 221 0085 2A000000 		.4byte	.LASF12
 222 0089 7F       		.sleb128 -1
 223 008a 05       		.uleb128 0x5
 224 008b 92000000 		.4byte	.LASF13
 225 008f 7E       		.sleb128 -2
 226 0090 05       		.uleb128 0x5
 227 0091 DA010000 		.4byte	.LASF14
 228 0095 7D       		.sleb128 -3
 229 0096 05       		.uleb128 0x5
 230 0097 88020000 		.4byte	.LASF15
 231 009b 7C       		.sleb128 -4
 232 009c 05       		.uleb128 0x5
 233 009d 17040000 		.4byte	.LASF16
ARM GAS  C:\Users\schmi\AppData\Local\Temp\ccp224k5.s 			page 6


 234 00a1 7B       		.sleb128 -5
 235 00a2 05       		.uleb128 0x5
 236 00a3 77020000 		.4byte	.LASF17
 237 00a7 7A       		.sleb128 -6
 238 00a8 05       		.uleb128 0x5
 239 00a9 3D000000 		.4byte	.LASF18
 240 00ad 79       		.sleb128 -7
 241 00ae 05       		.uleb128 0x5
 242 00af 38030000 		.4byte	.LASF19
 243 00b3 78       		.sleb128 -8
 244 00b4 05       		.uleb128 0x5
 245 00b5 00000000 		.4byte	.LASF20
 246 00b9 77       		.sleb128 -9
 247 00ba 05       		.uleb128 0x5
 248 00bb E1020000 		.4byte	.LASF21
 249 00bf 76       		.sleb128 -10
 250 00c0 05       		.uleb128 0x5
 251 00c1 01020000 		.4byte	.LASF22
 252 00c5 75       		.sleb128 -11
 253 00c6 05       		.uleb128 0x5
 254 00c7 09040000 		.4byte	.LASF23
 255 00cb 74       		.sleb128 -12
 256 00cc 05       		.uleb128 0x5
 257 00cd 06030000 		.4byte	.LASF24
 258 00d1 73       		.sleb128 -13
 259 00d2 05       		.uleb128 0x5
 260 00d3 D9030000 		.4byte	.LASF25
 261 00d7 72       		.sleb128 -14
 262 00d8 05       		.uleb128 0x5
 263 00d9 8F030000 		.4byte	.LASF26
 264 00dd 71       		.sleb128 -15
 265 00de 05       		.uleb128 0x5
 266 00df F8030000 		.4byte	.LASF27
 267 00e3 70       		.sleb128 -16
 268 00e4 05       		.uleb128 0x5
 269 00e5 16000000 		.4byte	.LASF28
 270 00e9 6F       		.sleb128 -17
 271 00ea 05       		.uleb128 0x5
 272 00eb 25020000 		.4byte	.LASF29
 273 00ef 6E       		.sleb128 -18
 274 00f0 05       		.uleb128 0x5
 275 00f1 5D020000 		.4byte	.LASF30
 276 00f5 6D       		.sleb128 -19
 277 00f6 05       		.uleb128 0x5
 278 00f7 7A000000 		.4byte	.LASF31
 279 00fb 6C       		.sleb128 -20
 280 00fc 05       		.uleb128 0x5
 281 00fd 13020000 		.4byte	.LASF32
 282 0101 6B       		.sleb128 -21
 283 0102 05       		.uleb128 0x5
 284 0103 B0020000 		.4byte	.LASF33
 285 0107 6A       		.sleb128 -22
 286 0108 05       		.uleb128 0x5
 287 0109 69030000 		.4byte	.LASF34
 288 010d 69       		.sleb128 -23
 289 010e 05       		.uleb128 0x5
 290 010f 27030000 		.4byte	.LASF35
ARM GAS  C:\Users\schmi\AppData\Local\Temp\ccp224k5.s 			page 7


 291 0113 68       		.sleb128 -24
 292 0114 05       		.uleb128 0x5
 293 0115 14010000 		.4byte	.LASF36
 294 0119 67       		.sleb128 -25
 295 011a 00       		.byte	0
 296 011b 06       		.uleb128 0x6
 297 011c 8D000000 		.4byte	.LASF41
 298 0120 02       		.byte	0x2
 299 0121 EA       		.byte	0xea
 300 0122 72000000 		.4byte	0x72
 301 0126 03       		.uleb128 0x3
 302 0127 01       		.byte	0x1
 303 0128 2C000000 		.4byte	0x2c
 304 012c 03       		.byte	0x3
 305 012d 0E       		.byte	0xe
 306 012e 50010000 		.4byte	0x150
 307 0132 07       		.uleb128 0x7
 308 0133 757000   		.ascii	"up\000"
 309 0136 00       		.byte	0
 310 0137 04       		.uleb128 0x4
 311 0138 8A030000 		.4byte	.LASF37
 312 013c 01       		.byte	0x1
 313 013d 04       		.uleb128 0x4
 314 013e 01010000 		.4byte	.LASF38
 315 0142 02       		.byte	0x2
 316 0143 04       		.uleb128 0x4
 317 0144 E8010000 		.4byte	.LASF39
 318 0148 03       		.byte	0x3
 319 0149 04       		.uleb128 0x4
 320 014a BC030000 		.4byte	.LASF40
 321 014e 04       		.byte	0x4
 322 014f 00       		.byte	0
 323 0150 06       		.uleb128 0x6
 324 0151 3A020000 		.4byte	.LASF42
 325 0155 03       		.byte	0x3
 326 0156 14       		.byte	0x14
 327 0157 26010000 		.4byte	0x126
 328 015b 06       		.uleb128 0x6
 329 015c 33000000 		.4byte	.LASF43
 330 0160 04       		.byte	0x4
 331 0161 29       		.byte	0x29
 332 0162 33000000 		.4byte	0x33
 333 0166 08       		.uleb128 0x8
 334 0167 04       		.byte	0x4
 335 0168 05       		.byte	0x5
 336 0169 696E7400 		.ascii	"int\000"
 337 016d 02       		.uleb128 0x2
 338 016e 04       		.byte	0x4
 339 016f 07       		.byte	0x7
 340 0170 D4020000 		.4byte	.LASF44
 341 0174 06       		.uleb128 0x6
 342 0175 1F030000 		.4byte	.LASF45
 343 0179 05       		.byte	0x5
 344 017a 20       		.byte	0x20
 345 017b 5B010000 		.4byte	0x15b
 346 017f 02       		.uleb128 0x2
 347 0180 08       		.byte	0x8
ARM GAS  C:\Users\schmi\AppData\Local\Temp\ccp224k5.s 			page 8


 348 0181 04       		.byte	0x4
 349 0182 CD030000 		.4byte	.LASF46
 350 0186 02       		.uleb128 0x2
 351 0187 04       		.byte	0x4
 352 0188 07       		.byte	0x7
 353 0189 4D030000 		.4byte	.LASF47
 354 018d 09       		.uleb128 0x9
 355 018e 06010000 		.4byte	.LASF48
 356 0192 01       		.byte	0x1
 357 0193 12       		.byte	0x12
 358 0194 1B010000 		.4byte	0x11b
 359 0198 00000000 		.4byte	.LFB0
 360 019c 08000000 		.4byte	.LFE0-.LFB0
 361 01a0 01       		.uleb128 0x1
 362 01a1 9C       		.byte	0x9c
 363 01a2 B0010000 		.4byte	0x1b0
 364 01a6 0A       		.uleb128 0xa
 365 01a7 06000000 		.4byte	.LVL0
 366 01ab 3C020000 		.4byte	0x23c
 367 01af 00       		.byte	0
 368 01b0 09       		.uleb128 0x9
 369 01b1 45020000 		.4byte	.LASF49
 370 01b5 01       		.byte	0x1
 371 01b6 16       		.byte	0x16
 372 01b7 50010000 		.4byte	0x150
 373 01bb 00000000 		.4byte	.LFB1
 374 01bf 2A000000 		.4byte	.LFE1-.LFB1
 375 01c3 01       		.uleb128 0x1
 376 01c4 9C       		.byte	0x9c
 377 01c5 04020000 		.4byte	0x204
 378 01c9 0B       		.uleb128 0xb
 379 01ca 18030000 		.4byte	.LASF51
 380 01ce 01       		.byte	0x1
 381 01cf 17       		.byte	0x17
 382 01d0 74010000 		.4byte	0x174
 383 01d4 00000000 		.4byte	.LLST0
 384 01d8 0A       		.uleb128 0xa
 385 01d9 06000000 		.4byte	.LVL1
 386 01dd 47020000 		.4byte	0x247
 387 01e1 0C       		.uleb128 0xc
 388 01e2 0C000000 		.4byte	.LVL2
 389 01e6 52020000 		.4byte	0x252
 390 01ea F4010000 		.4byte	0x1f4
 391 01ee 0D       		.uleb128 0xd
 392 01ef 01       		.uleb128 0x1
 393 01f0 50       		.byte	0x50
 394 01f1 01       		.uleb128 0x1
 395 01f2 31       		.byte	0x31
 396 01f3 00       		.byte	0
 397 01f4 0E       		.uleb128 0xe
 398 01f5 16000000 		.4byte	.LVL3
 399 01f9 5D020000 		.4byte	0x25d
 400 01fd 0D       		.uleb128 0xd
 401 01fe 01       		.uleb128 0x1
 402 01ff 50       		.byte	0x50
 403 0200 01       		.uleb128 0x1
 404 0201 30       		.byte	0x30
ARM GAS  C:\Users\schmi\AppData\Local\Temp\ccp224k5.s 			page 9


 405 0202 00       		.byte	0
 406 0203 00       		.byte	0
 407 0204 09       		.uleb128 0x9
 408 0205 4F000000 		.4byte	.LASF50
 409 0209 01       		.byte	0x1
 410 020a 26       		.byte	0x26
 411 020b 50010000 		.4byte	0x150
 412 020f 00000000 		.4byte	.LFB2
 413 0213 1C000000 		.4byte	.LFE2-.LFB2
 414 0217 01       		.uleb128 0x1
 415 0218 9C       		.byte	0x9c
 416 0219 3C020000 		.4byte	0x23c
 417 021d 0B       		.uleb128 0xb
 418 021e 18030000 		.4byte	.LASF51
 419 0222 01       		.byte	0x1
 420 0223 27       		.byte	0x27
 421 0224 74010000 		.4byte	0x174
 422 0228 29000000 		.4byte	.LLST1
 423 022c 0E       		.uleb128 0xe
 424 022d 08000000 		.4byte	.LVL9
 425 0231 5D020000 		.4byte	0x25d
 426 0235 0D       		.uleb128 0xd
 427 0236 01       		.uleb128 0x1
 428 0237 50       		.byte	0x50
 429 0238 01       		.uleb128 0x1
 430 0239 31       		.byte	0x31
 431 023a 00       		.byte	0
 432 023b 00       		.byte	0
 433 023c 0F       		.uleb128 0xf
 434 023d AE030000 		.4byte	.LASF52
 435 0241 AE030000 		.4byte	.LASF52
 436 0245 06       		.byte	0x6
 437 0246 31       		.byte	0x31
 438 0247 0F       		.uleb128 0xf
 439 0248 65000000 		.4byte	.LASF53
 440 024c 65000000 		.4byte	.LASF53
 441 0250 06       		.byte	0x6
 442 0251 A1       		.byte	0xa1
 443 0252 0F       		.uleb128 0xf
 444 0253 98020000 		.4byte	.LASF54
 445 0257 98020000 		.4byte	.LASF54
 446 025b 06       		.byte	0x6
 447 025c 34       		.byte	0x34
 448 025d 0F       		.uleb128 0xf
 449 025e ED000000 		.4byte	.LASF55
 450 0262 ED000000 		.4byte	.LASF55
 451 0266 06       		.byte	0x6
 452 0267 35       		.byte	0x35
 453 0268 00       		.byte	0
 454              		.section	.debug_abbrev,"",%progbits
 455              	.Ldebug_abbrev0:
 456 0000 01       		.uleb128 0x1
 457 0001 11       		.uleb128 0x11
 458 0002 01       		.byte	0x1
 459 0003 25       		.uleb128 0x25
 460 0004 0E       		.uleb128 0xe
 461 0005 13       		.uleb128 0x13
ARM GAS  C:\Users\schmi\AppData\Local\Temp\ccp224k5.s 			page 10


 462 0006 0B       		.uleb128 0xb
 463 0007 03       		.uleb128 0x3
 464 0008 0E       		.uleb128 0xe
 465 0009 1B       		.uleb128 0x1b
 466 000a 0E       		.uleb128 0xe
 467 000b 55       		.uleb128 0x55
 468 000c 17       		.uleb128 0x17
 469 000d 11       		.uleb128 0x11
 470 000e 01       		.uleb128 0x1
 471 000f 10       		.uleb128 0x10
 472 0010 17       		.uleb128 0x17
 473 0011 00       		.byte	0
 474 0012 00       		.byte	0
 475 0013 02       		.uleb128 0x2
 476 0014 24       		.uleb128 0x24
 477 0015 00       		.byte	0
 478 0016 0B       		.uleb128 0xb
 479 0017 0B       		.uleb128 0xb
 480 0018 3E       		.uleb128 0x3e
 481 0019 0B       		.uleb128 0xb
 482 001a 03       		.uleb128 0x3
 483 001b 0E       		.uleb128 0xe
 484 001c 00       		.byte	0
 485 001d 00       		.byte	0
 486 001e 03       		.uleb128 0x3
 487 001f 04       		.uleb128 0x4
 488 0020 01       		.byte	0x1
 489 0021 0B       		.uleb128 0xb
 490 0022 0B       		.uleb128 0xb
 491 0023 49       		.uleb128 0x49
 492 0024 13       		.uleb128 0x13
 493 0025 3A       		.uleb128 0x3a
 494 0026 0B       		.uleb128 0xb
 495 0027 3B       		.uleb128 0x3b
 496 0028 0B       		.uleb128 0xb
 497 0029 01       		.uleb128 0x1
 498 002a 13       		.uleb128 0x13
 499 002b 00       		.byte	0
 500 002c 00       		.byte	0
 501 002d 04       		.uleb128 0x4
 502 002e 28       		.uleb128 0x28
 503 002f 00       		.byte	0
 504 0030 03       		.uleb128 0x3
 505 0031 0E       		.uleb128 0xe
 506 0032 1C       		.uleb128 0x1c
 507 0033 0B       		.uleb128 0xb
 508 0034 00       		.byte	0
 509 0035 00       		.byte	0
 510 0036 05       		.uleb128 0x5
 511 0037 28       		.uleb128 0x28
 512 0038 00       		.byte	0
 513 0039 03       		.uleb128 0x3
 514 003a 0E       		.uleb128 0xe
 515 003b 1C       		.uleb128 0x1c
 516 003c 0D       		.uleb128 0xd
 517 003d 00       		.byte	0
 518 003e 00       		.byte	0
ARM GAS  C:\Users\schmi\AppData\Local\Temp\ccp224k5.s 			page 11


 519 003f 06       		.uleb128 0x6
 520 0040 16       		.uleb128 0x16
 521 0041 00       		.byte	0
 522 0042 03       		.uleb128 0x3
 523 0043 0E       		.uleb128 0xe
 524 0044 3A       		.uleb128 0x3a
 525 0045 0B       		.uleb128 0xb
 526 0046 3B       		.uleb128 0x3b
 527 0047 0B       		.uleb128 0xb
 528 0048 49       		.uleb128 0x49
 529 0049 13       		.uleb128 0x13
 530 004a 00       		.byte	0
 531 004b 00       		.byte	0
 532 004c 07       		.uleb128 0x7
 533 004d 28       		.uleb128 0x28
 534 004e 00       		.byte	0
 535 004f 03       		.uleb128 0x3
 536 0050 08       		.uleb128 0x8
 537 0051 1C       		.uleb128 0x1c
 538 0052 0B       		.uleb128 0xb
 539 0053 00       		.byte	0
 540 0054 00       		.byte	0
 541 0055 08       		.uleb128 0x8
 542 0056 24       		.uleb128 0x24
 543 0057 00       		.byte	0
 544 0058 0B       		.uleb128 0xb
 545 0059 0B       		.uleb128 0xb
 546 005a 3E       		.uleb128 0x3e
 547 005b 0B       		.uleb128 0xb
 548 005c 03       		.uleb128 0x3
 549 005d 08       		.uleb128 0x8
 550 005e 00       		.byte	0
 551 005f 00       		.byte	0
 552 0060 09       		.uleb128 0x9
 553 0061 2E       		.uleb128 0x2e
 554 0062 01       		.byte	0x1
 555 0063 3F       		.uleb128 0x3f
 556 0064 19       		.uleb128 0x19
 557 0065 03       		.uleb128 0x3
 558 0066 0E       		.uleb128 0xe
 559 0067 3A       		.uleb128 0x3a
 560 0068 0B       		.uleb128 0xb
 561 0069 3B       		.uleb128 0x3b
 562 006a 0B       		.uleb128 0xb
 563 006b 49       		.uleb128 0x49
 564 006c 13       		.uleb128 0x13
 565 006d 11       		.uleb128 0x11
 566 006e 01       		.uleb128 0x1
 567 006f 12       		.uleb128 0x12
 568 0070 06       		.uleb128 0x6
 569 0071 40       		.uleb128 0x40
 570 0072 18       		.uleb128 0x18
 571 0073 9742     		.uleb128 0x2117
 572 0075 19       		.uleb128 0x19
 573 0076 01       		.uleb128 0x1
 574 0077 13       		.uleb128 0x13
 575 0078 00       		.byte	0
ARM GAS  C:\Users\schmi\AppData\Local\Temp\ccp224k5.s 			page 12


 576 0079 00       		.byte	0
 577 007a 0A       		.uleb128 0xa
 578 007b 898201   		.uleb128 0x4109
 579 007e 00       		.byte	0
 580 007f 11       		.uleb128 0x11
 581 0080 01       		.uleb128 0x1
 582 0081 31       		.uleb128 0x31
 583 0082 13       		.uleb128 0x13
 584 0083 00       		.byte	0
 585 0084 00       		.byte	0
 586 0085 0B       		.uleb128 0xb
 587 0086 34       		.uleb128 0x34
 588 0087 00       		.byte	0
 589 0088 03       		.uleb128 0x3
 590 0089 0E       		.uleb128 0xe
 591 008a 3A       		.uleb128 0x3a
 592 008b 0B       		.uleb128 0xb
 593 008c 3B       		.uleb128 0x3b
 594 008d 0B       		.uleb128 0xb
 595 008e 49       		.uleb128 0x49
 596 008f 13       		.uleb128 0x13
 597 0090 02       		.uleb128 0x2
 598 0091 17       		.uleb128 0x17
 599 0092 00       		.byte	0
 600 0093 00       		.byte	0
 601 0094 0C       		.uleb128 0xc
 602 0095 898201   		.uleb128 0x4109
 603 0098 01       		.byte	0x1
 604 0099 11       		.uleb128 0x11
 605 009a 01       		.uleb128 0x1
 606 009b 31       		.uleb128 0x31
 607 009c 13       		.uleb128 0x13
 608 009d 01       		.uleb128 0x1
 609 009e 13       		.uleb128 0x13
 610 009f 00       		.byte	0
 611 00a0 00       		.byte	0
 612 00a1 0D       		.uleb128 0xd
 613 00a2 8A8201   		.uleb128 0x410a
 614 00a5 00       		.byte	0
 615 00a6 02       		.uleb128 0x2
 616 00a7 18       		.uleb128 0x18
 617 00a8 9142     		.uleb128 0x2111
 618 00aa 18       		.uleb128 0x18
 619 00ab 00       		.byte	0
 620 00ac 00       		.byte	0
 621 00ad 0E       		.uleb128 0xe
 622 00ae 898201   		.uleb128 0x4109
 623 00b1 01       		.byte	0x1
 624 00b2 11       		.uleb128 0x11
 625 00b3 01       		.uleb128 0x1
 626 00b4 31       		.uleb128 0x31
 627 00b5 13       		.uleb128 0x13
 628 00b6 00       		.byte	0
 629 00b7 00       		.byte	0
 630 00b8 0F       		.uleb128 0xf
 631 00b9 2E       		.uleb128 0x2e
 632 00ba 00       		.byte	0
ARM GAS  C:\Users\schmi\AppData\Local\Temp\ccp224k5.s 			page 13


 633 00bb 3F       		.uleb128 0x3f
 634 00bc 19       		.uleb128 0x19
 635 00bd 3C       		.uleb128 0x3c
 636 00be 19       		.uleb128 0x19
 637 00bf 6E       		.uleb128 0x6e
 638 00c0 0E       		.uleb128 0xe
 639 00c1 03       		.uleb128 0x3
 640 00c2 0E       		.uleb128 0xe
 641 00c3 3A       		.uleb128 0x3a
 642 00c4 0B       		.uleb128 0xb
 643 00c5 3B       		.uleb128 0x3b
 644 00c6 0B       		.uleb128 0xb
 645 00c7 00       		.byte	0
 646 00c8 00       		.byte	0
 647 00c9 00       		.byte	0
 648              		.section	.debug_loc,"",%progbits
 649              	.Ldebug_loc0:
 650              	.LLST0:
 651 0000 16000000 		.4byte	.LVL3
 652 0004 20000000 		.4byte	.LVL4
 653 0008 0100     		.2byte	0x1
 654 000a 50       		.byte	0x50
 655 000b 22000000 		.4byte	.LVL5
 656 000f 24000000 		.4byte	.LVL6
 657 0013 0100     		.2byte	0x1
 658 0015 50       		.byte	0x50
 659 0016 26000000 		.4byte	.LVL7
 660 001a 28000000 		.4byte	.LVL8
 661 001e 0100     		.2byte	0x1
 662 0020 50       		.byte	0x50
 663 0021 00000000 		.4byte	0
 664 0025 00000000 		.4byte	0
 665              	.LLST1:
 666 0029 08000000 		.4byte	.LVL9
 667 002d 12000000 		.4byte	.LVL10
 668 0031 0100     		.2byte	0x1
 669 0033 50       		.byte	0x50
 670 0034 14000000 		.4byte	.LVL11
 671 0038 16000000 		.4byte	.LVL12
 672 003c 0100     		.2byte	0x1
 673 003e 50       		.byte	0x50
 674 003f 18000000 		.4byte	.LVL13
 675 0043 1A000000 		.4byte	.LVL14
 676 0047 0100     		.2byte	0x1
 677 0049 50       		.byte	0x50
 678 004a 00000000 		.4byte	0
 679 004e 00000000 		.4byte	0
 680              		.section	.debug_aranges,"",%progbits
 681 0000 2C000000 		.4byte	0x2c
 682 0004 0200     		.2byte	0x2
 683 0006 00000000 		.4byte	.Ldebug_info0
 684 000a 04       		.byte	0x4
 685 000b 00       		.byte	0
 686 000c 0000     		.2byte	0
 687 000e 0000     		.2byte	0
 688 0010 00000000 		.4byte	.LFB0
 689 0014 08000000 		.4byte	.LFE0-.LFB0
ARM GAS  C:\Users\schmi\AppData\Local\Temp\ccp224k5.s 			page 14


 690 0018 00000000 		.4byte	.LFB1
 691 001c 2A000000 		.4byte	.LFE1-.LFB1
 692 0020 00000000 		.4byte	.LFB2
 693 0024 1C000000 		.4byte	.LFE2-.LFB2
 694 0028 00000000 		.4byte	0
 695 002c 00000000 		.4byte	0
 696              		.section	.debug_ranges,"",%progbits
 697              	.Ldebug_ranges0:
 698 0000 00000000 		.4byte	.LFB0
 699 0004 08000000 		.4byte	.LFE0
 700 0008 00000000 		.4byte	.LFB1
 701 000c 2A000000 		.4byte	.LFE1
 702 0010 00000000 		.4byte	.LFB2
 703 0014 1C000000 		.4byte	.LFE2
 704 0018 00000000 		.4byte	0
 705 001c 00000000 		.4byte	0
 706              		.section	.debug_line,"",%progbits
 707              	.Ldebug_line0:
 708 0000 B2010000 		.section	.debug_str,"MS",%progbits,1
 708      02006901 
 708      00000201 
 708      FB0E0D00 
 708      01010101 
 709              	.LASF20:
 710 0000 52435F45 		.ascii	"RC_ERROR_BUFFER_EMTPY\000"
 710      52524F52 
 710      5F425546 
 710      4645525F 
 710      454D5450 
 711              	.LASF28:
 712 0016 52435F45 		.ascii	"RC_ERROR_READ_FAILS\000"
 712      52524F52 
 712      5F524541 
 712      445F4641 
 712      494C5300 
 713              	.LASF12:
 714 002a 52435F45 		.ascii	"RC_ERROR\000"
 714      52524F52 
 714      00
 715              	.LASF43:
 716 0033 5F5F696E 		.ascii	"__int16_t\000"
 716      7431365F 
 716      7400
 717              	.LASF18:
 718 003d 52435F45 		.ascii	"RC_ERROR_UNDERRUN\000"
 718      52524F52 
 718      5F554E44 
 718      45525255 
 718      4E00
 719              	.LASF50:
 720 004f 6A6F7973 		.ascii	"joystick_get_vertical\000"
 720      7469636B 
 720      5F676574 
 720      5F766572 
 720      74696361 
 721              	.LASF53:
 722 0065 4144435F 		.ascii	"ADC_Joy_StartConvert\000"
ARM GAS  C:\Users\schmi\AppData\Local\Temp\ccp224k5.s 			page 15


 722      4A6F795F 
 722      53746172 
 722      74436F6E 
 722      76657274 
 723              	.LASF31:
 724 007a 52435F45 		.ascii	"RC_ERROR_BAD_PARAM\000"
 724      52524F52 
 724      5F424144 
 724      5F504152 
 724      414D00
 725              	.LASF41:
 726 008d 52435F74 		.ascii	"RC_t\000"
 726      00
 727              	.LASF13:
 728 0092 52435F45 		.ascii	"RC_ERROR_NULL\000"
 728      52524F52 
 728      5F4E554C 
 728      4C00
 729              	.LASF58:
 730 00a0 433A5C55 		.ascii	"C:\\Users\\schmi\\OneDrive\\Dokumente\\PSoC Creator"
 730      73657273 
 730      5C736368 
 730      6D695C4F 
 730      6E654472 
 731 00ce 5C686F6C 		.ascii	"\\holidayProject\\setUpEnv.cydsn\000"
 731      69646179 
 731      50726F6A 
 731      6563745C 
 731      73657455 
 732              	.LASF55:
 733 00ed 4144435F 		.ascii	"ADC_Joy_GetResult16\000"
 733      4A6F795F 
 733      47657452 
 733      6573756C 
 733      74313600 
 734              	.LASF38:
 735 0101 6C656674 		.ascii	"left\000"
 735      00
 736              	.LASF48:
 737 0106 6A6F7973 		.ascii	"joystick_init\000"
 737      7469636B 
 737      5F696E69 
 737      7400
 738              	.LASF36:
 739 0114 52435F45 		.ascii	"RC_ERROR_NOT_IMPLEMENTED\000"
 739      52524F52 
 739      5F4E4F54 
 739      5F494D50 
 739      4C454D45 
 740              	.LASF6:
 741 012d 666C6F61 		.ascii	"float\000"
 741      7400
 742              	.LASF1:
 743 0133 756E7369 		.ascii	"unsigned char\000"
 743      676E6564 
 743      20636861 
 743      7200
ARM GAS  C:\Users\schmi\AppData\Local\Temp\ccp224k5.s 			page 16


 744              	.LASF56:
 745 0141 474E5520 		.ascii	"GNU C11 5.4.1 20160609 (release) [ARM/embedded-5-br"
 745      43313120 
 745      352E342E 
 745      31203230 
 745      31363036 
 746 0174 616E6368 		.ascii	"anch revision 237715] -mcpu=cortex-m3 -mthumb -g -O"
 746      20726576 
 746      6973696F 
 746      6E203233 
 746      37373135 
 747 01a7 67202D66 		.ascii	"g -ffunction-sections -ffat-lto-objects\000"
 747      66756E63 
 747      74696F6E 
 747      2D736563 
 747      74696F6E 
 748              	.LASF11:
 749 01cf 52435F53 		.ascii	"RC_SUCCESS\000"
 749      55434345 
 749      535300
 750              	.LASF14:
 751 01da 52435F45 		.ascii	"RC_ERROR_ZERO\000"
 751      52524F52 
 751      5F5A4552 
 751      4F00
 752              	.LASF39:
 753 01e8 72696768 		.ascii	"right\000"
 753      7400
 754              	.LASF3:
 755 01ee 73686F72 		.ascii	"short unsigned int\000"
 755      7420756E 
 755      7369676E 
 755      65642069 
 755      6E7400
 756              	.LASF22:
 757 0201 52435F45 		.ascii	"RC_ERROR_TIME_OUT\000"
 757      52524F52 
 757      5F54494D 
 757      455F4F55 
 757      5400
 758              	.LASF32:
 759 0213 52435F45 		.ascii	"RC_ERROR_BAD_DATA\000"
 759      52524F52 
 759      5F424144 
 759      5F444154 
 759      4100
 760              	.LASF29:
 761 0225 52435F45 		.ascii	"RC_ERROR_WRITE_FAILS\000"
 761      52524F52 
 761      5F575249 
 761      54455F46 
 761      41494C53 
 762              	.LASF42:
 763 023a 6A6F7973 		.ascii	"joystick_t\000"
 763      7469636B 
 763      5F7400
 764              	.LASF49:
ARM GAS  C:\Users\schmi\AppData\Local\Temp\ccp224k5.s 			page 17


 765 0245 6A6F7973 		.ascii	"joystick_get_horizontal\000"
 765      7469636B 
 765      5F676574 
 765      5F686F72 
 765      697A6F6E 
 766              	.LASF30:
 767 025d 52435F45 		.ascii	"RC_ERROR_NOT_MATCH\000"
 767      52524F52 
 767      5F4E4F54 
 767      5F4D4154 
 767      434800
 768              	.LASF7:
 769 0270 646F7562 		.ascii	"double\000"
 769      6C6500
 770              	.LASF17:
 771 0277 52435F45 		.ascii	"RC_ERROR_OVERRUN\000"
 771      52524F52 
 771      5F4F5645 
 771      5252554E 
 771      00
 772              	.LASF15:
 773 0288 52435F45 		.ascii	"RC_ERROR_MEMORY\000"
 773      52524F52 
 773      5F4D454D 
 773      4F525900 
 774              	.LASF54:
 775 0298 4144435F 		.ascii	"ADC_Joy_IsEndConversion\000"
 775      4A6F795F 
 775      4973456E 
 775      64436F6E 
 775      76657273 
 776              	.LASF33:
 777 02b0 52435F45 		.ascii	"RC_ERROR_CANCELED\000"
 777      52524F52 
 777      5F43414E 
 777      43454C45 
 777      4400
 778              	.LASF5:
 779 02c2 6C6F6E67 		.ascii	"long unsigned int\000"
 779      20756E73 
 779      69676E65 
 779      6420696E 
 779      7400
 780              	.LASF44:
 781 02d4 756E7369 		.ascii	"unsigned int\000"
 781      676E6564 
 781      20696E74 
 781      00
 782              	.LASF21:
 783 02e1 52435F45 		.ascii	"RC_ERROR_BUSY\000"
 783      52524F52 
 783      5F425553 
 783      5900
 784              	.LASF9:
 785 02ef 6C6F6E67 		.ascii	"long long unsigned int\000"
 785      206C6F6E 
 785      6720756E 
ARM GAS  C:\Users\schmi\AppData\Local\Temp\ccp224k5.s 			page 18


 785      7369676E 
 785      65642069 
 786              	.LASF24:
 787 0306 52435F45 		.ascii	"RC_ERROR_CHECKSUM\000"
 787      52524F52 
 787      5F434845 
 787      434B5355 
 787      4D00
 788              	.LASF51:
 789 0318 72657375 		.ascii	"result\000"
 789      6C7400
 790              	.LASF45:
 791 031f 696E7431 		.ascii	"int16_t\000"
 791      365F7400 
 792              	.LASF35:
 793 0327 52435F45 		.ascii	"RC_ERROR_UNKNOWN\000"
 793      52524F52 
 793      5F554E4B 
 793      4E4F574E 
 793      00
 794              	.LASF19:
 795 0338 52435F45 		.ascii	"RC_ERROR_BUFFER_FULL\000"
 795      52524F52 
 795      5F425546 
 795      4645525F 
 795      46554C4C 
 796              	.LASF47:
 797 034d 73697A65 		.ascii	"sizetype\000"
 797      74797065 
 797      00
 798              	.LASF8:
 799 0356 6C6F6E67 		.ascii	"long long int\000"
 799      206C6F6E 
 799      6720696E 
 799      7400
 800              	.LASF10:
 801 0364 63686172 		.ascii	"char\000"
 801      00
 802              	.LASF34:
 803 0369 52435F45 		.ascii	"RC_ERROR_INVALID_STATE\000"
 803      52524F52 
 803      5F494E56 
 803      414C4944 
 803      5F535441 
 804              	.LASF2:
 805 0380 73686F72 		.ascii	"short int\000"
 805      7420696E 
 805      7400
 806              	.LASF37:
 807 038a 646F776E 		.ascii	"down\000"
 807      00
 808              	.LASF26:
 809 038f 52435F45 		.ascii	"RC_ERROR_WRITE_ONLY\000"
 809      52524F52 
 809      5F575249 
 809      54455F4F 
 809      4E4C5900 
ARM GAS  C:\Users\schmi\AppData\Local\Temp\ccp224k5.s 			page 19


 810              	.LASF57:
 811 03a3 4A6F7973 		.ascii	"Joystick.c\000"
 811      7469636B 
 811      2E6300
 812              	.LASF52:
 813 03ae 4144435F 		.ascii	"ADC_Joy_Start\000"
 813      4A6F795F 
 813      53746172 
 813      7400
 814              	.LASF40:
 815 03bc 696E6974 		.ascii	"initial\000"
 815      69616C00 
 816              	.LASF4:
 817 03c4 6C6F6E67 		.ascii	"long int\000"
 817      20696E74 
 817      00
 818              	.LASF46:
 819 03cd 6C6F6E67 		.ascii	"long double\000"
 819      20646F75 
 819      626C6500 
 820              	.LASF25:
 821 03d9 52435F45 		.ascii	"RC_ERROR_READ_ONLY\000"
 821      52524F52 
 821      5F524541 
 821      445F4F4E 
 821      4C5900
 822              	.LASF0:
 823 03ec 7369676E 		.ascii	"signed char\000"
 823      65642063 
 823      68617200 
 824              	.LASF27:
 825 03f8 52435F45 		.ascii	"RC_ERROR_INVALID\000"
 825      52524F52 
 825      5F494E56 
 825      414C4944 
 825      00
 826              	.LASF23:
 827 0409 52435F45 		.ascii	"RC_ERROR_OPEN\000"
 827      52524F52 
 827      5F4F5045 
 827      4E00
 828              	.LASF16:
 829 0417 52435F45 		.ascii	"RC_ERROR_RANGE\000"
 829      52524F52 
 829      5F52414E 
 829      474500
 830              		.ident	"GCC: (GNU Tools for ARM Embedded Processors) 5.4.1 20160609 (release) [ARM/embedded-5-bran
