ARM GAS  C:\Users\schmi\AppData\Local\Temp\ccsT6Bub.s 			page 1


   1              		.syntax unified
   2              		.cpu cortex-m3
   3              		.fpu softvfp
   4              		.eabi_attribute 20, 1
   5              		.eabi_attribute 21, 1
   6              		.eabi_attribute 23, 3
   7              		.eabi_attribute 24, 1
   8              		.eabi_attribute 25, 1
   9              		.eabi_attribute 26, 1
  10              		.eabi_attribute 30, 6
  11              		.eabi_attribute 34, 1
  12              		.eabi_attribute 18, 4
  13              		.thumb
  14              		.syntax unified
  15              		.file	"led.c"
  16              		.text
  17              	.Ltext0:
  18              		.cfi_sections	.debug_frame
  19              		.bss
  20              		.align	2
  21              	LED__state:
  22 0000 000000   		.space	3
  23              		.section	.rodata
  24              		.align	2
  25              		.type	LED__Pulse_Width, %object
  26              		.size	LED__Pulse_Width, 512
  27              	LED__Pulse_Width:
  28 0000 0000     		.short	0
  29 0002 0100     		.short	1
  30 0004 0100     		.short	1
  31 0006 0100     		.short	1
  32 0008 0100     		.short	1
  33 000a 0100     		.short	1
  34 000c 0100     		.short	1
  35 000e 0100     		.short	1
  36 0010 0100     		.short	1
  37 0012 0200     		.short	2
  38 0014 0200     		.short	2
  39 0016 0200     		.short	2
  40 0018 0200     		.short	2
  41 001a 0200     		.short	2
  42 001c 0200     		.short	2
  43 001e 0200     		.short	2
  44 0020 0200     		.short	2
  45 0022 0200     		.short	2
  46 0024 0200     		.short	2
  47 0026 0200     		.short	2
  48 0028 0200     		.short	2
  49 002a 0300     		.short	3
  50 002c 0300     		.short	3
  51 002e 0300     		.short	3
  52 0030 0300     		.short	3
  53 0032 0300     		.short	3
  54 0034 0300     		.short	3
  55 0036 0300     		.short	3
  56 0038 0400     		.short	4
  57 003a 0400     		.short	4
ARM GAS  C:\Users\schmi\AppData\Local\Temp\ccsT6Bub.s 			page 2


  58 003c 0400     		.short	4
  59 003e 0400     		.short	4
  60 0040 0400     		.short	4
  61 0042 0400     		.short	4
  62 0044 0500     		.short	5
  63 0046 0500     		.short	5
  64 0048 0500     		.short	5
  65 004a 0500     		.short	5
  66 004c 0500     		.short	5
  67 004e 0600     		.short	6
  68 0050 0600     		.short	6
  69 0052 0600     		.short	6
  70 0054 0600     		.short	6
  71 0056 0700     		.short	7
  72 0058 0700     		.short	7
  73 005a 0700     		.short	7
  74 005c 0800     		.short	8
  75 005e 0800     		.short	8
  76 0060 0800     		.short	8
  77 0062 0900     		.short	9
  78 0064 0900     		.short	9
  79 0066 0A00     		.short	10
  80 0068 0A00     		.short	10
  81 006a 0A00     		.short	10
  82 006c 0B00     		.short	11
  83 006e 0B00     		.short	11
  84 0070 0C00     		.short	12
  85 0072 0C00     		.short	12
  86 0074 0D00     		.short	13
  87 0076 0D00     		.short	13
  88 0078 0E00     		.short	14
  89 007a 0F00     		.short	15
  90 007c 0F00     		.short	15
  91 007e 1000     		.short	16
  92 0080 1100     		.short	17
  93 0082 1100     		.short	17
  94 0084 1200     		.short	18
  95 0086 1300     		.short	19
  96 0088 1400     		.short	20
  97 008a 1500     		.short	21
  98 008c 1600     		.short	22
  99 008e 1700     		.short	23
 100 0090 1800     		.short	24
 101 0092 1900     		.short	25
 102 0094 1A00     		.short	26
 103 0096 1B00     		.short	27
 104 0098 1C00     		.short	28
 105 009a 1D00     		.short	29
 106 009c 1F00     		.short	31
 107 009e 2000     		.short	32
 108 00a0 2100     		.short	33
 109 00a2 2300     		.short	35
 110 00a4 2400     		.short	36
 111 00a6 2600     		.short	38
 112 00a8 2800     		.short	40
 113 00aa 2900     		.short	41
 114 00ac 2B00     		.short	43
ARM GAS  C:\Users\schmi\AppData\Local\Temp\ccsT6Bub.s 			page 3


 115 00ae 2D00     		.short	45
 116 00b0 2F00     		.short	47
 117 00b2 3100     		.short	49
 118 00b4 3400     		.short	52
 119 00b6 3600     		.short	54
 120 00b8 3800     		.short	56
 121 00ba 3B00     		.short	59
 122 00bc 3D00     		.short	61
 123 00be 4000     		.short	64
 124 00c0 4300     		.short	67
 125 00c2 4600     		.short	70
 126 00c4 4900     		.short	73
 127 00c6 4C00     		.short	76
 128 00c8 4F00     		.short	79
 129 00ca 5300     		.short	83
 130 00cc 5700     		.short	87
 131 00ce 5B00     		.short	91
 132 00d0 5F00     		.short	95
 133 00d2 6300     		.short	99
 134 00d4 6700     		.short	103
 135 00d6 6C00     		.short	108
 136 00d8 7000     		.short	112
 137 00da 7500     		.short	117
 138 00dc 7B00     		.short	123
 139 00de 8000     		.short	128
 140 00e0 8600     		.short	134
 141 00e2 8C00     		.short	140
 142 00e4 9200     		.short	146
 143 00e6 9800     		.short	152
 144 00e8 9F00     		.short	159
 145 00ea A600     		.short	166
 146 00ec AD00     		.short	173
 147 00ee B500     		.short	181
 148 00f0 BD00     		.short	189
 149 00f2 C500     		.short	197
 150 00f4 CE00     		.short	206
 151 00f6 D700     		.short	215
 152 00f8 E100     		.short	225
 153 00fa EB00     		.short	235
 154 00fc F500     		.short	245
 155 00fe 0001     		.short	256
 156 0100 0B01     		.short	267
 157 0102 1701     		.short	279
 158 0104 2401     		.short	292
 159 0106 3001     		.short	304
 160 0108 3E01     		.short	318
 161 010a 4C01     		.short	332
 162 010c 5B01     		.short	347
 163 010e 6A01     		.short	362
 164 0110 7A01     		.short	378
 165 0112 8B01     		.short	395
 166 0114 9C01     		.short	412
 167 0116 AF01     		.short	431
 168 0118 C201     		.short	450
 169 011a D601     		.short	470
 170 011c EA01     		.short	490
 171 011e 0002     		.short	512
ARM GAS  C:\Users\schmi\AppData\Local\Temp\ccsT6Bub.s 			page 4


 172 0120 1702     		.short	535
 173 0122 2E02     		.short	558
 174 0124 4702     		.short	583
 175 0126 6102     		.short	609
 176 0128 7C02     		.short	636
 177 012a 9802     		.short	664
 178 012c B502     		.short	693
 179 012e D402     		.short	724
 180 0130 F402     		.short	756
 181 0132 1603     		.short	790
 182 0134 3903     		.short	825
 183 0136 5D03     		.short	861
 184 0138 8303     		.short	899
 185 013a AB03     		.short	939
 186 013c D503     		.short	981
 187 013e 0004     		.short	1024
 188 0140 2D04     		.short	1069
 189 0142 5D04     		.short	1117
 190 0144 8E04     		.short	1166
 191 0146 C204     		.short	1218
 192 0148 F804     		.short	1272
 193 014a 3005     		.short	1328
 194 014c 6B05     		.short	1387
 195 014e A805     		.short	1448
 196 0150 E805     		.short	1512
 197 0152 2B06     		.short	1579
 198 0154 7106     		.short	1649
 199 0156 BA06     		.short	1722
 200 0158 0607     		.short	1798
 201 015a 5607     		.short	1878
 202 015c A907     		.short	1961
 203 015e 0008     		.short	2048
 204 0160 5B08     		.short	2139
 205 0162 B908     		.short	2233
 206 0164 1C09     		.short	2332
 207 0166 8309     		.short	2435
 208 0168 EF09     		.short	2543
 209 016a 600A     		.short	2656
 210 016c D50A     		.short	2773
 211 016e 500B     		.short	2896
 212 0170 D10B     		.short	3025
 213 0172 560C     		.short	3158
 214 0174 E20C     		.short	3298
 215 0176 740D     		.short	3444
 216 0178 0D0E     		.short	3597
 217 017a AC0E     		.short	3756
 218 017c 520F     		.short	3922
 219 017e 0010     		.short	4096
 220 0180 B510     		.short	4277
 221 0182 7311     		.short	4467
 222 0184 3812     		.short	4664
 223 0186 0713     		.short	4871
 224 0188 DF13     		.short	5087
 225 018a C014     		.short	5312
 226 018c AB15     		.short	5547
 227 018e A116     		.short	5793
 228 0190 A117     		.short	6049
ARM GAS  C:\Users\schmi\AppData\Local\Temp\ccsT6Bub.s 			page 5


 229 0192 AD18     		.short	6317
 230 0194 C419     		.short	6596
 231 0196 E91A     		.short	6889
 232 0198 1A1C     		.short	7194
 233 019a 581D     		.short	7512
 234 019c A51E     		.short	7845
 235 019e 0020     		.short	8192
 236 01a0 6B21     		.short	8555
 237 01a2 E522     		.short	8933
 238 01a4 7124     		.short	9329
 239 01a6 0E26     		.short	9742
 240 01a8 BD27     		.short	10173
 241 01aa 8029     		.short	10624
 242 01ac 562B     		.short	11094
 243 01ae 412D     		.short	11585
 244 01b0 422F     		.short	12098
 245 01b2 5A31     		.short	12634
 246 01b4 8933     		.short	13193
 247 01b6 D135     		.short	13777
 248 01b8 3338     		.short	14387
 249 01ba B03A     		.short	15024
 250 01bc 493D     		.short	15689
 251 01be 0040     		.short	16384
 252 01c0 D542     		.short	17109
 253 01c2 CB45     		.short	17867
 254 01c4 E248     		.short	18658
 255 01c6 1C4C     		.short	19484
 256 01c8 7A4F     		.short	20346
 257 01ca FF52     		.short	21247
 258 01cc AC56     		.short	22188
 259 01ce 825A     		.short	23170
 260 01d0 845E     		.short	24196
 261 01d2 B362     		.short	25267
 262 01d4 1267     		.short	26386
 263 01d6 A26B     		.short	27554
 264 01d8 6670     		.short	28774
 265 01da 6075     		.short	30048
 266 01dc 927A     		.short	31378
 267 01de 0080     		.short	-32768
 268 01e0 AA85     		.short	-31318
 269 01e2 958B     		.short	-29803
 270 01e4 C391     		.short	-28221
 271 01e6 3798     		.short	-26569
 272 01e8 F59E     		.short	-24843
 273 01ea FEA5     		.short	-23042
 274 01ec 58AD     		.short	-21160
 275 01ee 04B5     		.short	-19196
 276 01f0 08BD     		.short	-17144
 277 01f2 66C5     		.short	-15002
 278 01f4 24CE     		.short	-12764
 279 01f6 44D7     		.short	-10428
 280 01f8 CCE0     		.short	-7988
 281 01fa C0EA     		.short	-5440
 282 01fc 25F5     		.short	-2779
 283 01fe FFFF     		.short	-1
 284              		.section	.text.LED_Init,"ax",%progbits
 285              		.align	2
ARM GAS  C:\Users\schmi\AppData\Local\Temp\ccsT6Bub.s 			page 6


 286              		.global	LED_Init
 287              		.thumb
 288              		.thumb_func
 289              		.type	LED_Init, %function
 290              	LED_Init:
 291              	.LFB110:
 292              		.file 1 "source\\bsw\\labboard\\led.c"
   1:source\bsw\labboard/led.c **** /**
   2:source\bsw\labboard/led.c **** * \file <filename>
   3:source\bsw\labboard/led.c **** * \author <author-name>
   4:source\bsw\labboard/led.c **** * \date <date>
   5:source\bsw\labboard/led.c **** *
   6:source\bsw\labboard/led.c **** * \brief <Symbolic File name>
   7:source\bsw\labboard/led.c **** *
   8:source\bsw\labboard/led.c **** * \copyright Copyright ©2016
   9:source\bsw\labboard/led.c **** * Department of electrical engineering and information technology, Hochschule Darmstadt - Universit
  10:source\bsw\labboard/led.c **** * Permission to use, copy, modify, and distribute this software and its documentation for education
  11:source\bsw\labboard/led.c **** * (unless permitted by h_da) and official h_da projects, is hereby granted for enrolled students of
  12:source\bsw\labboard/led.c **** * this paragraph and the following paragraph appear in all copies, modifications, and distributions
  13:source\bsw\labboard/led.c **** * Contact Prof.Dr.-Ing. Peter Fromm, peter.fromm@h-da.de, Birkenweg 8 64295 Darmstadt - GERMANY for
  14:source\bsw\labboard/led.c **** *
  15:source\bsw\labboard/led.c **** * \warning This software is a PROTOTYPE version and is not designed or intended for use in producti
  16:source\bsw\labboard/led.c **** * The user represents and warrants that it will NOT use or redistribute the Software for such purpo
  17:source\bsw\labboard/led.c **** * This prototype is for research purposes only. This software is provided "AS IS," without a warran
  18:source\bsw\labboard/led.c **** */
  19:source\bsw\labboard/led.c **** 
  20:source\bsw\labboard/led.c **** /*****************************************************************************/
  21:source\bsw\labboard/led.c **** /* Include files                                                             */
  22:source\bsw\labboard/led.c **** /*****************************************************************************/
  23:source\bsw\labboard/led.c **** 
  24:source\bsw\labboard/led.c **** #include "project.h"
  25:source\bsw\labboard/led.c **** #include "led.h"
  26:source\bsw\labboard/led.c **** 
  27:source\bsw\labboard/led.c **** 
  28:source\bsw\labboard/led.c **** /*****************************************************************************/
  29:source\bsw\labboard/led.c **** /* Local pre-processor symbols/macros ('#define')                            */
  30:source\bsw\labboard/led.c **** /*****************************************************************************/
  31:source\bsw\labboard/led.c **** 
  32:source\bsw\labboard/led.c **** /*****************************************************************************/
  33:source\bsw\labboard/led.c **** /* Global variable definitions (declared in header file with 'extern')       */
  34:source\bsw\labboard/led.c **** /*****************************************************************************/
  35:source\bsw\labboard/led.c **** 
  36:source\bsw\labboard/led.c **** /*****************************************************************************/
  37:source\bsw\labboard/led.c **** /* Local type definitions ('typedef')                                        */
  38:source\bsw\labboard/led.c **** /*****************************************************************************/
  39:source\bsw\labboard/led.c **** 
  40:source\bsw\labboard/led.c **** 
  41:source\bsw\labboard/led.c **** 
  42:source\bsw\labboard/led.c **** /*****************************************************************************/
  43:source\bsw\labboard/led.c **** /* Local variable definitions ('static')                                     */
  44:source\bsw\labboard/led.c **** /*****************************************************************************/
  45:source\bsw\labboard/led.c **** 
  46:source\bsw\labboard/led.c **** 
  47:source\bsw\labboard/led.c **** static LED_ONOFF_t LED__state[LED_ALL] = {LED_OFF, LED_OFF, LED_OFF}; /**< On/Off State of the LED,
  48:source\bsw\labboard/led.c **** 
  49:source\bsw\labboard/led.c **** const static uint16 LED__Pulse_Width[256] = {
  50:source\bsw\labboard/led.c ****     0, 1, 1, 1, 1, 1, 1, 1, 1, 2, 2, 2, 2, 2, 2, 2, 2, 2, 2, 2, 2, 3,
ARM GAS  C:\Users\schmi\AppData\Local\Temp\ccsT6Bub.s 			page 7


  51:source\bsw\labboard/led.c ****     3, 3, 3, 3, 3, 3, 4, 4, 4, 4, 4, 4, 5, 5, 5, 5, 5, 6, 6, 6, 6, 7,
  52:source\bsw\labboard/led.c ****     7, 7, 8, 8, 8, 9, 9, 10, 10, 10, 11, 11, 12, 12, 13, 13, 14, 15,
  53:source\bsw\labboard/led.c ****     15, 16, 17, 17, 18, 19, 20, 21, 22, 23, 24, 25, 26, 27, 28, 29,
  54:source\bsw\labboard/led.c ****     31, 32, 33, 35, 36, 38, 40, 41, 43, 45, 47, 49, 52, 54, 56, 59,
  55:source\bsw\labboard/led.c ****     61, 64, 67, 70, 73, 76, 79, 83, 87, 91, 95, 99, 103, 108, 112,
  56:source\bsw\labboard/led.c ****     117, 123, 128, 134, 140, 146, 152, 159, 166, 173, 181, 189, 197,
  57:source\bsw\labboard/led.c ****     206, 215, 225, 235, 245, 256, 267, 279, 292, 304, 318, 332, 347,
  58:source\bsw\labboard/led.c ****     362, 378, 395, 412, 431, 450, 470, 490, 512, 535, 558, 583, 609,
  59:source\bsw\labboard/led.c ****     636, 664, 693, 724, 756, 790, 825, 861, 899, 939, 981, 1024, 1069,
  60:source\bsw\labboard/led.c ****     1117, 1166, 1218, 1272, 1328, 1387, 1448, 1512, 1579, 1649, 1722,
  61:source\bsw\labboard/led.c ****     1798, 1878, 1961, 2048, 2139, 2233, 2332, 2435, 2543, 2656, 2773,
  62:source\bsw\labboard/led.c ****     2896, 3025, 3158, 3298, 3444, 3597, 3756, 3922, 4096, 4277, 4467,
  63:source\bsw\labboard/led.c ****     4664, 4871, 5087, 5312, 5547, 5793, 6049, 6317, 6596, 6889, 7194,
  64:source\bsw\labboard/led.c ****     7512, 7845, 8192, 8555, 8933, 9329, 9742, 10173, 10624, 11094,
  65:source\bsw\labboard/led.c ****     11585, 12098, 12634, 13193, 13777, 14387, 15024, 15689, 16384,
  66:source\bsw\labboard/led.c ****     17109, 17867, 18658, 19484, 20346, 21247, 22188, 23170, 24196,
  67:source\bsw\labboard/led.c ****     25267, 26386, 27554, 28774, 30048, 31378, 32768, 34218, 35733,
  68:source\bsw\labboard/led.c ****     37315, 38967, 40693, 42494, 44376, 46340, 48392, 50534, 52772,
  69:source\bsw\labboard/led.c ****     55108, 57548, 60096, 62757, 65535
  70:source\bsw\labboard/led.c **** };
  71:source\bsw\labboard/led.c **** 
  72:source\bsw\labboard/led.c **** /*****************************************************************************/
  73:source\bsw\labboard/led.c **** /* Local function prototypes ('static')                                      */
  74:source\bsw\labboard/led.c **** /*****************************************************************************/
  75:source\bsw\labboard/led.c **** 
  76:source\bsw\labboard/led.c **** /**
  77:source\bsw\labboard/led.c ****  * Inverts the parameter
  78:source\bsw\labboard/led.c ****  * @param LED_ONOFF_t ledOnOff - Value to be inverted
  79:source\bsw\labboard/led.c ****  * @return inverted parameter
  80:source\bsw\labboard/led.c ****  */
  81:source\bsw\labboard/led.c **** static inline LED_ONOFF_t LED__toggleValue(LED_ONOFF_t ledOnOff);
  82:source\bsw\labboard/led.c **** 
  83:source\bsw\labboard/led.c **** 
  84:source\bsw\labboard/led.c **** /*****************************************************************************/
  85:source\bsw\labboard/led.c **** /* Function implementation - global ('extern') and local ('static')          */
  86:source\bsw\labboard/led.c **** /*****************************************************************************/
  87:source\bsw\labboard/led.c **** 
  88:source\bsw\labboard/led.c **** /**
  89:source\bsw\labboard/led.c ****  * Initialises the LED's and turns them off
  90:source\bsw\labboard/led.c ****  * @return RC_SUCCESS if function was executed as exepected, other error code in case of error
  91:source\bsw\labboard/led.c ****  */
  92:source\bsw\labboard/led.c **** RC_t LED_Init()
  93:source\bsw\labboard/led.c **** {
 293              		.loc 1 93 0
 294              		.cfi_startproc
 295              		@ args = 0, pretend = 0, frame = 8
 296              		@ frame_needed = 1, uses_anonymous_args = 0
 297 0000 80B5     		push	{r7, lr}
 298              		.cfi_def_cfa_offset 8
 299              		.cfi_offset 7, -8
 300              		.cfi_offset 14, -4
 301 0002 82B0     		sub	sp, sp, #8
 302              		.cfi_def_cfa_offset 16
 303 0004 00AF     		add	r7, sp, #0
 304              		.cfi_def_cfa_register 7
  94:source\bsw\labboard/led.c ****     RC_t result = RC_SUCCESS;
 305              		.loc 1 94 0
ARM GAS  C:\Users\schmi\AppData\Local\Temp\ccsT6Bub.s 			page 8


 306 0006 0023     		movs	r3, #0
 307 0008 FB71     		strb	r3, [r7, #7]
 308              	.LBB2:
  95:source\bsw\labboard/led.c ****     
  96:source\bsw\labboard/led.c ****     for (LED_id_t i = LED_RED; i < LED_ALL; i++)
 309              		.loc 1 96 0
 310 000a 0023     		movs	r3, #0
 311 000c BB71     		strb	r3, [r7, #6]
 312 000e 13E0     		b	.L2
 313              	.L4:
 314              	.LBB3:
  97:source\bsw\labboard/led.c ****     {
  98:source\bsw\labboard/led.c ****         LED__state[i] = OFF;
 315              		.loc 1 98 0
 316 0010 BB79     		ldrb	r3, [r7, #6]	@ zero_extendqisi2
 317 0012 114A     		ldr	r2, .L6
 318 0014 0021     		movs	r1, #0
 319 0016 D154     		strb	r1, [r2, r3]
  99:source\bsw\labboard/led.c ****         
 100:source\bsw\labboard/led.c ****         RC_t clearResult;
 101:source\bsw\labboard/led.c ****         clearResult = LED_Set(i, LED_OFF);
 320              		.loc 1 101 0
 321 0018 BB79     		ldrb	r3, [r7, #6]	@ zero_extendqisi2
 322 001a 0021     		movs	r1, #0
 323 001c 1846     		mov	r0, r3
 324 001e FFF7FEFF 		bl	LED_Set
 325 0022 0346     		mov	r3, r0
 326 0024 7B71     		strb	r3, [r7, #5]
 102:source\bsw\labboard/led.c ****         
 103:source\bsw\labboard/led.c ****         if (clearResult != RC_SUCCESS)
 327              		.loc 1 103 0
 328 0026 97F90530 		ldrsb	r3, [r7, #5]
 329 002a 002B     		cmp	r3, #0
 330 002c 01D0     		beq	.L3
 104:source\bsw\labboard/led.c ****         {
 105:source\bsw\labboard/led.c ****             //memorize error
 106:source\bsw\labboard/led.c ****             result = clearResult;
 331              		.loc 1 106 0
 332 002e 7B79     		ldrb	r3, [r7, #5]
 333 0030 FB71     		strb	r3, [r7, #7]
 334              	.L3:
 335              	.LBE3:
  96:source\bsw\labboard/led.c ****     {
 336              		.loc 1 96 0 discriminator 2
 337 0032 BB79     		ldrb	r3, [r7, #6]	@ zero_extendqisi2
 338 0034 0133     		adds	r3, r3, #1
 339 0036 BB71     		strb	r3, [r7, #6]
 340              	.L2:
  96:source\bsw\labboard/led.c ****     {
 341              		.loc 1 96 0 is_stmt 0 discriminator 1
 342 0038 BB79     		ldrb	r3, [r7, #6]	@ zero_extendqisi2
 343 003a 022B     		cmp	r3, #2
 344 003c E8D9     		bls	.L4
 345              	.LBE2:
 107:source\bsw\labboard/led.c ****         }
 108:source\bsw\labboard/led.c ****     }
 109:source\bsw\labboard/led.c ****     
ARM GAS  C:\Users\schmi\AppData\Local\Temp\ccsT6Bub.s 			page 9


 110:source\bsw\labboard/led.c ****     //Init RGB
 111:source\bsw\labboard/led.c ****     RGB_PWM_blue_Start();
 346              		.loc 1 111 0 is_stmt 1
 347 003e FFF7FEFF 		bl	RGB_PWM_blue_Start
 112:source\bsw\labboard/led.c ****     RGB_PWM_green_Start();
 348              		.loc 1 112 0
 349 0042 FFF7FEFF 		bl	RGB_PWM_green_Start
 113:source\bsw\labboard/led.c ****     RGB_PWM_red_Start();
 350              		.loc 1 113 0
 351 0046 FFF7FEFF 		bl	RGB_PWM_red_Start
 114:source\bsw\labboard/led.c ****     
 115:source\bsw\labboard/led.c ****     return result;
 352              		.loc 1 115 0
 353 004a 97F90730 		ldrsb	r3, [r7, #7]
 116:source\bsw\labboard/led.c **** }
 354              		.loc 1 116 0
 355 004e 1846     		mov	r0, r3
 356 0050 0837     		adds	r7, r7, #8
 357              		.cfi_def_cfa_offset 8
 358 0052 BD46     		mov	sp, r7
 359              		.cfi_def_cfa_register 13
 360              		@ sp needed
 361 0054 80BD     		pop	{r7, pc}
 362              	.L7:
 363 0056 00BF     		.align	2
 364              	.L6:
 365 0058 00000000 		.word	LED__state
 366              		.cfi_endproc
 367              	.LFE110:
 368              		.size	LED_Init, .-LED_Init
 369              		.section	.text.LED_Set,"ax",%progbits
 370              		.align	2
 371              		.global	LED_Set
 372              		.thumb
 373              		.thumb_func
 374              		.type	LED_Set, %function
 375              	LED_Set:
 376              	.LFB111:
 117:source\bsw\labboard/led.c **** 
 118:source\bsw\labboard/led.c **** /**
 119:source\bsw\labboard/led.c ****  * Sets the required LED
 120:source\bsw\labboard/led.c ****  * @param LED_t ledId - Identifier for the LED, ALL will change all LED's
 121:source\bsw\labboard/led.c ****  * @param LED_ONOFF_t ledOnOff - Trun the led on or off
 122:source\bsw\labboard/led.c ****  * @return RC_SUCCESS if function was executed as exepected, other error code in case of error
 123:source\bsw\labboard/led.c ****  */
 124:source\bsw\labboard/led.c **** RC_t LED_Set(LED_id_t ledId, LED_ONOFF_t ledOnOff)
 125:source\bsw\labboard/led.c **** {
 377              		.loc 1 125 0
 378              		.cfi_startproc
 379              		@ args = 0, pretend = 0, frame = 16
 380              		@ frame_needed = 1, uses_anonymous_args = 0
 381 0000 80B5     		push	{r7, lr}
 382              		.cfi_def_cfa_offset 8
 383              		.cfi_offset 7, -8
 384              		.cfi_offset 14, -4
 385 0002 84B0     		sub	sp, sp, #16
 386              		.cfi_def_cfa_offset 24
ARM GAS  C:\Users\schmi\AppData\Local\Temp\ccsT6Bub.s 			page 10


 387 0004 00AF     		add	r7, sp, #0
 388              		.cfi_def_cfa_register 7
 389 0006 0346     		mov	r3, r0
 390 0008 0A46     		mov	r2, r1
 391 000a FB71     		strb	r3, [r7, #7]
 392 000c 1346     		mov	r3, r2
 393 000e BB71     		strb	r3, [r7, #6]
 126:source\bsw\labboard/led.c ****     //set individual LED
 127:source\bsw\labboard/led.c ****     switch (ledId)
 394              		.loc 1 127 0
 395 0010 FB79     		ldrb	r3, [r7, #7]	@ zero_extendqisi2
 396 0012 032B     		cmp	r3, #3
 397 0014 35D8     		bhi	.L9
 398 0016 01A2     		adr	r2, .L11
 399 0018 52F823F0 		ldr	pc, [r2, r3, lsl #2]
 400              		.p2align 2
 401              	.L11:
 402 001c 2D000000 		.word	.L10+1
 403 0020 3F000000 		.word	.L12+1
 404 0024 51000000 		.word	.L13+1
 405 0028 63000000 		.word	.L14+1
 406              		.p2align 1
 407              	.L10:
 408              	.LBB4:
 128:source\bsw\labboard/led.c ****     {
 129:source\bsw\labboard/led.c ****         case LED_RED : 
 130:source\bsw\labboard/led.c ****             LED_red_Write(ledOnOff); 
 409              		.loc 1 130 0
 410 002c BB79     		ldrb	r3, [r7, #6]	@ zero_extendqisi2
 411 002e 1846     		mov	r0, r3
 412 0030 FFF7FEFF 		bl	LED_red_Write
 131:source\bsw\labboard/led.c ****             LED__state[ledId] = ledOnOff; 
 413              		.loc 1 131 0
 414 0034 FB79     		ldrb	r3, [r7, #7]	@ zero_extendqisi2
 415 0036 1749     		ldr	r1, .L19
 416 0038 BA79     		ldrb	r2, [r7, #6]
 417 003a CA54     		strb	r2, [r1, r3]
 132:source\bsw\labboard/led.c ****             break;
 418              		.loc 1 132 0
 419 003c 24E0     		b	.L15
 420              	.L12:
 133:source\bsw\labboard/led.c ****         
 134:source\bsw\labboard/led.c ****         case LED_YELLOW : 
 135:source\bsw\labboard/led.c ****             LED_yellow_Write(ledOnOff); 
 421              		.loc 1 135 0
 422 003e BB79     		ldrb	r3, [r7, #6]	@ zero_extendqisi2
 423 0040 1846     		mov	r0, r3
 424 0042 FFF7FEFF 		bl	LED_yellow_Write
 136:source\bsw\labboard/led.c ****             LED__state[ledId] = ledOnOff;
 425              		.loc 1 136 0
 426 0046 FB79     		ldrb	r3, [r7, #7]	@ zero_extendqisi2
 427 0048 1249     		ldr	r1, .L19
 428 004a BA79     		ldrb	r2, [r7, #6]
 429 004c CA54     		strb	r2, [r1, r3]
 137:source\bsw\labboard/led.c ****             break;
 430              		.loc 1 137 0
 431 004e 1BE0     		b	.L15
ARM GAS  C:\Users\schmi\AppData\Local\Temp\ccsT6Bub.s 			page 11


 432              	.L13:
 138:source\bsw\labboard/led.c ****             
 139:source\bsw\labboard/led.c ****         case LED_GREEN : 
 140:source\bsw\labboard/led.c ****             LED_green_Write(ledOnOff); 
 433              		.loc 1 140 0
 434 0050 BB79     		ldrb	r3, [r7, #6]	@ zero_extendqisi2
 435 0052 1846     		mov	r0, r3
 436 0054 FFF7FEFF 		bl	LED_green_Write
 141:source\bsw\labboard/led.c ****             LED__state[ledId] = ledOnOff;
 437              		.loc 1 141 0
 438 0058 FB79     		ldrb	r3, [r7, #7]	@ zero_extendqisi2
 439 005a 0E49     		ldr	r1, .L19
 440 005c BA79     		ldrb	r2, [r7, #6]
 441 005e CA54     		strb	r2, [r1, r3]
 142:source\bsw\labboard/led.c ****             break;
 442              		.loc 1 142 0
 443 0060 12E0     		b	.L15
 444              	.L14:
 445              	.LBB5:
 143:source\bsw\labboard/led.c ****            
 144:source\bsw\labboard/led.c ****         case LED_ALL : 
 145:source\bsw\labboard/led.c ****             for (LED_id_t i = LED_RED; i < LED_ALL; i++)
 446              		.loc 1 145 0
 447 0062 0023     		movs	r3, #0
 448 0064 FB73     		strb	r3, [r7, #15]
 449 0066 08E0     		b	.L16
 450              	.L17:
 146:source\bsw\labboard/led.c ****             {
 147:source\bsw\labboard/led.c ****                 LED_Set(i, ledOnOff);
 451              		.loc 1 147 0 discriminator 3
 452 0068 BA79     		ldrb	r2, [r7, #6]	@ zero_extendqisi2
 453 006a FB7B     		ldrb	r3, [r7, #15]	@ zero_extendqisi2
 454 006c 1146     		mov	r1, r2
 455 006e 1846     		mov	r0, r3
 456 0070 FFF7FEFF 		bl	LED_Set
 145:source\bsw\labboard/led.c ****             {
 457              		.loc 1 145 0 discriminator 3
 458 0074 FB7B     		ldrb	r3, [r7, #15]	@ zero_extendqisi2
 459 0076 0133     		adds	r3, r3, #1
 460 0078 FB73     		strb	r3, [r7, #15]
 461              	.L16:
 145:source\bsw\labboard/led.c ****             {
 462              		.loc 1 145 0 is_stmt 0 discriminator 1
 463 007a FB7B     		ldrb	r3, [r7, #15]	@ zero_extendqisi2
 464 007c 022B     		cmp	r3, #2
 465 007e F3D9     		bls	.L17
 466              	.LBE5:
 148:source\bsw\labboard/led.c ****             }
 149:source\bsw\labboard/led.c ****             break;
 467              		.loc 1 149 0 is_stmt 1
 468 0080 02E0     		b	.L15
 469              	.L9:
 150:source\bsw\labboard/led.c ****         default: return RC_ERROR_BAD_PARAM;
 470              		.loc 1 150 0
 471 0082 6FF01303 		mvn	r3, #19
 472 0086 00E0     		b	.L18
 473              	.L15:
ARM GAS  C:\Users\schmi\AppData\Local\Temp\ccsT6Bub.s 			page 12


 474              	.LBE4:
 151:source\bsw\labboard/led.c ****     }
 152:source\bsw\labboard/led.c ****     
 153:source\bsw\labboard/led.c ****     return RC_SUCCESS;
 475              		.loc 1 153 0
 476 0088 0023     		movs	r3, #0
 477              	.L18:
 154:source\bsw\labboard/led.c **** }
 478              		.loc 1 154 0
 479 008a 1846     		mov	r0, r3
 480 008c 1037     		adds	r7, r7, #16
 481              		.cfi_def_cfa_offset 8
 482 008e BD46     		mov	sp, r7
 483              		.cfi_def_cfa_register 13
 484              		@ sp needed
 485 0090 80BD     		pop	{r7, pc}
 486              	.L20:
 487 0092 00BF     		.align	2
 488              	.L19:
 489 0094 00000000 		.word	LED__state
 490              		.cfi_endproc
 491              	.LFE111:
 492              		.size	LED_Set, .-LED_Set
 493              		.section	.text.LED_Toggle,"ax",%progbits
 494              		.align	2
 495              		.global	LED_Toggle
 496              		.thumb
 497              		.thumb_func
 498              		.type	LED_Toggle, %function
 499              	LED_Toggle:
 500              	.LFB112:
 155:source\bsw\labboard/led.c **** 
 156:source\bsw\labboard/led.c **** 
 157:source\bsw\labboard/led.c **** 
 158:source\bsw\labboard/led.c **** /**
 159:source\bsw\labboard/led.c ****  * Toggle the required LED
 160:source\bsw\labboard/led.c ****  * @param LED_t ledId - Identifier for the LED, ALL will change all LED's
 161:source\bsw\labboard/led.c ****  * @return RC_SUCCESS if function was executed as exepected, other error code in case of error
 162:source\bsw\labboard/led.c ****  */
 163:source\bsw\labboard/led.c **** RC_t LED_Toggle(LED_id_t ledId)
 164:source\bsw\labboard/led.c **** {
 501              		.loc 1 164 0
 502              		.cfi_startproc
 503              		@ args = 0, pretend = 0, frame = 16
 504              		@ frame_needed = 1, uses_anonymous_args = 0
 505 0000 90B5     		push	{r4, r7, lr}
 506              		.cfi_def_cfa_offset 12
 507              		.cfi_offset 4, -12
 508              		.cfi_offset 7, -8
 509              		.cfi_offset 14, -4
 510 0002 85B0     		sub	sp, sp, #20
 511              		.cfi_def_cfa_offset 32
 512 0004 00AF     		add	r7, sp, #0
 513              		.cfi_def_cfa_register 7
 514 0006 0346     		mov	r3, r0
 515 0008 FB71     		strb	r3, [r7, #7]
 165:source\bsw\labboard/led.c ****     //set individual LED
ARM GAS  C:\Users\schmi\AppData\Local\Temp\ccsT6Bub.s 			page 13


 166:source\bsw\labboard/led.c ****     switch (ledId)
 516              		.loc 1 166 0
 517 000a FB79     		ldrb	r3, [r7, #7]	@ zero_extendqisi2
 518 000c 032B     		cmp	r3, #3
 519 000e 4FD8     		bhi	.L22
 520 0010 01A2     		adr	r2, .L24
 521 0012 52F823F0 		ldr	pc, [r2, r3, lsl #2]
 522 0016 00BF     		.p2align 2
 523              	.L24:
 524 0018 29000000 		.word	.L23+1
 525 001c 4D000000 		.word	.L25+1
 526 0020 71000000 		.word	.L26+1
 527 0024 95000000 		.word	.L27+1
 528              		.p2align 1
 529              	.L23:
 530              	.LBB6:
 167:source\bsw\labboard/led.c ****     {
 168:source\bsw\labboard/led.c ****         case LED_RED : 
 169:source\bsw\labboard/led.c ****             LED__state[ledId] = LED__toggleValue(LED__state[ledId]); 
 531              		.loc 1 169 0
 532 0028 FC79     		ldrb	r4, [r7, #7]	@ zero_extendqisi2
 533 002a FB79     		ldrb	r3, [r7, #7]	@ zero_extendqisi2
 534 002c 244A     		ldr	r2, .L32
 535 002e D35C     		ldrb	r3, [r2, r3]	@ zero_extendqisi2
 536 0030 1846     		mov	r0, r3
 537 0032 FFF7FEFF 		bl	LED__toggleValue
 538 0036 0346     		mov	r3, r0
 539 0038 1A46     		mov	r2, r3
 540 003a 214B     		ldr	r3, .L32
 541 003c 1A55     		strb	r2, [r3, r4]
 170:source\bsw\labboard/led.c ****             LED_red_Write(LED__state[ledId]);
 542              		.loc 1 170 0
 543 003e FB79     		ldrb	r3, [r7, #7]	@ zero_extendqisi2
 544 0040 1F4A     		ldr	r2, .L32
 545 0042 D35C     		ldrb	r3, [r2, r3]	@ zero_extendqisi2
 546 0044 1846     		mov	r0, r3
 547 0046 FFF7FEFF 		bl	LED_red_Write
 171:source\bsw\labboard/led.c ****             break;
 548              		.loc 1 171 0
 549 004a 34E0     		b	.L28
 550              	.L25:
 172:source\bsw\labboard/led.c ****         
 173:source\bsw\labboard/led.c ****         case LED_YELLOW : 
 174:source\bsw\labboard/led.c ****             LED__state[ledId] = LED__toggleValue(LED__state[ledId]); 
 551              		.loc 1 174 0
 552 004c FC79     		ldrb	r4, [r7, #7]	@ zero_extendqisi2
 553 004e FB79     		ldrb	r3, [r7, #7]	@ zero_extendqisi2
 554 0050 1B4A     		ldr	r2, .L32
 555 0052 D35C     		ldrb	r3, [r2, r3]	@ zero_extendqisi2
 556 0054 1846     		mov	r0, r3
 557 0056 FFF7FEFF 		bl	LED__toggleValue
 558 005a 0346     		mov	r3, r0
 559 005c 1A46     		mov	r2, r3
 560 005e 184B     		ldr	r3, .L32
 561 0060 1A55     		strb	r2, [r3, r4]
 175:source\bsw\labboard/led.c ****             LED_yellow_Write(LED__state[ledId]);
 562              		.loc 1 175 0
ARM GAS  C:\Users\schmi\AppData\Local\Temp\ccsT6Bub.s 			page 14


 563 0062 FB79     		ldrb	r3, [r7, #7]	@ zero_extendqisi2
 564 0064 164A     		ldr	r2, .L32
 565 0066 D35C     		ldrb	r3, [r2, r3]	@ zero_extendqisi2
 566 0068 1846     		mov	r0, r3
 567 006a FFF7FEFF 		bl	LED_yellow_Write
 176:source\bsw\labboard/led.c ****             break;
 568              		.loc 1 176 0
 569 006e 22E0     		b	.L28
 570              	.L26:
 177:source\bsw\labboard/led.c ****             
 178:source\bsw\labboard/led.c ****         case LED_GREEN : 
 179:source\bsw\labboard/led.c ****             LED__state[ledId] = LED__toggleValue(LED__state[ledId]); 
 571              		.loc 1 179 0
 572 0070 FC79     		ldrb	r4, [r7, #7]	@ zero_extendqisi2
 573 0072 FB79     		ldrb	r3, [r7, #7]	@ zero_extendqisi2
 574 0074 124A     		ldr	r2, .L32
 575 0076 D35C     		ldrb	r3, [r2, r3]	@ zero_extendqisi2
 576 0078 1846     		mov	r0, r3
 577 007a FFF7FEFF 		bl	LED__toggleValue
 578 007e 0346     		mov	r3, r0
 579 0080 1A46     		mov	r2, r3
 580 0082 0F4B     		ldr	r3, .L32
 581 0084 1A55     		strb	r2, [r3, r4]
 180:source\bsw\labboard/led.c ****             LED_green_Write(LED__state[ledId]);
 582              		.loc 1 180 0
 583 0086 FB79     		ldrb	r3, [r7, #7]	@ zero_extendqisi2
 584 0088 0D4A     		ldr	r2, .L32
 585 008a D35C     		ldrb	r3, [r2, r3]	@ zero_extendqisi2
 586 008c 1846     		mov	r0, r3
 587 008e FFF7FEFF 		bl	LED_green_Write
 181:source\bsw\labboard/led.c ****             break;
 588              		.loc 1 181 0
 589 0092 10E0     		b	.L28
 590              	.L27:
 591              	.LBB7:
 182:source\bsw\labboard/led.c ****            
 183:source\bsw\labboard/led.c ****         case LED_ALL : 
 184:source\bsw\labboard/led.c ****             for (LED_id_t i = LED_RED; i < LED_ALL; i++)
 592              		.loc 1 184 0
 593 0094 0023     		movs	r3, #0
 594 0096 FB73     		strb	r3, [r7, #15]
 595 0098 06E0     		b	.L29
 596              	.L30:
 185:source\bsw\labboard/led.c ****             {
 186:source\bsw\labboard/led.c ****                 LED_Toggle(i);
 597              		.loc 1 186 0 discriminator 3
 598 009a FB7B     		ldrb	r3, [r7, #15]	@ zero_extendqisi2
 599 009c 1846     		mov	r0, r3
 600 009e FFF7FEFF 		bl	LED_Toggle
 184:source\bsw\labboard/led.c ****             {
 601              		.loc 1 184 0 discriminator 3
 602 00a2 FB7B     		ldrb	r3, [r7, #15]	@ zero_extendqisi2
 603 00a4 0133     		adds	r3, r3, #1
 604 00a6 FB73     		strb	r3, [r7, #15]
 605              	.L29:
 184:source\bsw\labboard/led.c ****             {
 606              		.loc 1 184 0 is_stmt 0 discriminator 1
ARM GAS  C:\Users\schmi\AppData\Local\Temp\ccsT6Bub.s 			page 15


 607 00a8 FB7B     		ldrb	r3, [r7, #15]	@ zero_extendqisi2
 608 00aa 022B     		cmp	r3, #2
 609 00ac F5D9     		bls	.L30
 610              	.LBE7:
 187:source\bsw\labboard/led.c ****             }
 188:source\bsw\labboard/led.c ****             break;
 611              		.loc 1 188 0 is_stmt 1
 612 00ae 02E0     		b	.L28
 613              	.L22:
 189:source\bsw\labboard/led.c ****         default: return RC_ERROR_BAD_PARAM;
 614              		.loc 1 189 0
 615 00b0 6FF01303 		mvn	r3, #19
 616 00b4 00E0     		b	.L31
 617              	.L28:
 618              	.LBE6:
 190:source\bsw\labboard/led.c ****     }
 191:source\bsw\labboard/led.c ****     
 192:source\bsw\labboard/led.c ****     return RC_SUCCESS;
 619              		.loc 1 192 0
 620 00b6 0023     		movs	r3, #0
 621              	.L31:
 193:source\bsw\labboard/led.c **** }
 622              		.loc 1 193 0
 623 00b8 1846     		mov	r0, r3
 624 00ba 1437     		adds	r7, r7, #20
 625              		.cfi_def_cfa_offset 12
 626 00bc BD46     		mov	sp, r7
 627              		.cfi_def_cfa_register 13
 628              		@ sp needed
 629 00be 90BD     		pop	{r4, r7, pc}
 630              	.L33:
 631              		.align	2
 632              	.L32:
 633 00c0 00000000 		.word	LED__state
 634              		.cfi_endproc
 635              	.LFE112:
 636              		.size	LED_Toggle, .-LED_Toggle
 637              		.section	.text.LED__toggleValue,"ax",%progbits
 638              		.align	2
 639              		.thumb
 640              		.thumb_func
 641              		.type	LED__toggleValue, %function
 642              	LED__toggleValue:
 643              	.LFB113:
 194:source\bsw\labboard/led.c **** 
 195:source\bsw\labboard/led.c **** 
 196:source\bsw\labboard/led.c **** /**
 197:source\bsw\labboard/led.c ****  * Inverts the parameter
 198:source\bsw\labboard/led.c ****  * @param LED_ONOFF_t ledOnOff - Value to be inverted
 199:source\bsw\labboard/led.c ****  * @return inverted parameter
 200:source\bsw\labboard/led.c ****  */
 201:source\bsw\labboard/led.c **** static inline LED_ONOFF_t LED__toggleValue(LED_ONOFF_t ledOnOff)
 202:source\bsw\labboard/led.c **** {
 644              		.loc 1 202 0
 645              		.cfi_startproc
 646              		@ args = 0, pretend = 0, frame = 8
 647              		@ frame_needed = 1, uses_anonymous_args = 0
ARM GAS  C:\Users\schmi\AppData\Local\Temp\ccsT6Bub.s 			page 16


 648              		@ link register save eliminated.
 649 0000 80B4     		push	{r7}
 650              		.cfi_def_cfa_offset 4
 651              		.cfi_offset 7, -4
 652 0002 83B0     		sub	sp, sp, #12
 653              		.cfi_def_cfa_offset 16
 654 0004 00AF     		add	r7, sp, #0
 655              		.cfi_def_cfa_register 7
 656 0006 0346     		mov	r3, r0
 657 0008 FB71     		strb	r3, [r7, #7]
 203:source\bsw\labboard/led.c ****     if (ledOnOff == LED_ON) 
 658              		.loc 1 203 0
 659 000a FB79     		ldrb	r3, [r7, #7]	@ zero_extendqisi2
 660 000c 012B     		cmp	r3, #1
 661 000e 01D1     		bne	.L35
 204:source\bsw\labboard/led.c ****     {
 205:source\bsw\labboard/led.c ****         return LED_OFF;
 662              		.loc 1 205 0
 663 0010 0023     		movs	r3, #0
 664 0012 00E0     		b	.L36
 665              	.L35:
 206:source\bsw\labboard/led.c ****     }
 207:source\bsw\labboard/led.c ****     else
 208:source\bsw\labboard/led.c ****     {
 209:source\bsw\labboard/led.c ****         return LED_ON;
 666              		.loc 1 209 0
 667 0014 0123     		movs	r3, #1
 668              	.L36:
 210:source\bsw\labboard/led.c ****     }
 211:source\bsw\labboard/led.c **** }
 669              		.loc 1 211 0
 670 0016 1846     		mov	r0, r3
 671 0018 0C37     		adds	r7, r7, #12
 672              		.cfi_def_cfa_offset 4
 673 001a BD46     		mov	sp, r7
 674              		.cfi_def_cfa_register 13
 675              		@ sp needed
 676 001c 80BC     		pop	{r7}
 677              		.cfi_restore 7
 678              		.cfi_def_cfa_offset 0
 679 001e 7047     		bx	lr
 680              		.cfi_endproc
 681              	.LFE113:
 682              		.size	LED__toggleValue, .-LED__toggleValue
 683              		.section	.text.LED_RGB_Set,"ax",%progbits
 684              		.align	2
 685              		.global	LED_RGB_Set
 686              		.thumb
 687              		.thumb_func
 688              		.type	LED_RGB_Set, %function
 689              	LED_RGB_Set:
 690              	.LFB114:
 212:source\bsw\labboard/led.c **** 
 213:source\bsw\labboard/led.c **** /**
 214:source\bsw\labboard/led.c ****  * Set the RGB LED
 215:source\bsw\labboard/led.c ****  * @param uint16_t red - brightness 
 216:source\bsw\labboard/led.c ****  * @param uint16_t green - brightness 
ARM GAS  C:\Users\schmi\AppData\Local\Temp\ccsT6Bub.s 			page 17


 217:source\bsw\labboard/led.c ****  * @param uint16_t blue - brightness 
 218:source\bsw\labboard/led.c ****  * @return RC_SUCCESS if function was executed as exepected, other error code in case of error
 219:source\bsw\labboard/led.c ****  */
 220:source\bsw\labboard/led.c **** RC_t LED_RGB_Set(uint8_t red, uint8_t green, uint8_t blue)
 221:source\bsw\labboard/led.c **** {
 691              		.loc 1 221 0
 692              		.cfi_startproc
 693              		@ args = 0, pretend = 0, frame = 8
 694              		@ frame_needed = 1, uses_anonymous_args = 0
 695 0000 80B5     		push	{r7, lr}
 696              		.cfi_def_cfa_offset 8
 697              		.cfi_offset 7, -8
 698              		.cfi_offset 14, -4
 699 0002 82B0     		sub	sp, sp, #8
 700              		.cfi_def_cfa_offset 16
 701 0004 00AF     		add	r7, sp, #0
 702              		.cfi_def_cfa_register 7
 703 0006 0346     		mov	r3, r0
 704 0008 FB71     		strb	r3, [r7, #7]
 705 000a 0B46     		mov	r3, r1
 706 000c BB71     		strb	r3, [r7, #6]
 707 000e 1346     		mov	r3, r2
 708 0010 7B71     		strb	r3, [r7, #5]
 222:source\bsw\labboard/led.c ****     RGB_PWM_red_WriteCompare(LED__Pulse_Width[red]);
 709              		.loc 1 222 0
 710 0012 FB79     		ldrb	r3, [r7, #7]	@ zero_extendqisi2
 711 0014 0C4A     		ldr	r2, .L39
 712 0016 32F81330 		ldrh	r3, [r2, r3, lsl #1]
 713 001a 1846     		mov	r0, r3
 714 001c FFF7FEFF 		bl	RGB_PWM_red_WriteCompare
 223:source\bsw\labboard/led.c ****     RGB_PWM_green_WriteCompare(LED__Pulse_Width[green]);
 715              		.loc 1 223 0
 716 0020 BB79     		ldrb	r3, [r7, #6]	@ zero_extendqisi2
 717 0022 094A     		ldr	r2, .L39
 718 0024 32F81330 		ldrh	r3, [r2, r3, lsl #1]
 719 0028 1846     		mov	r0, r3
 720 002a FFF7FEFF 		bl	RGB_PWM_green_WriteCompare
 224:source\bsw\labboard/led.c ****     RGB_PWM_blue_WriteCompare(LED__Pulse_Width[blue]);
 721              		.loc 1 224 0
 722 002e 7B79     		ldrb	r3, [r7, #5]	@ zero_extendqisi2
 723 0030 054A     		ldr	r2, .L39
 724 0032 32F81330 		ldrh	r3, [r2, r3, lsl #1]
 725 0036 1846     		mov	r0, r3
 726 0038 FFF7FEFF 		bl	RGB_PWM_blue_WriteCompare
 225:source\bsw\labboard/led.c ****  
 226:source\bsw\labboard/led.c ****     return RC_SUCCESS;
 727              		.loc 1 226 0
 728 003c 0023     		movs	r3, #0
 227:source\bsw\labboard/led.c **** }
 729              		.loc 1 227 0
 730 003e 1846     		mov	r0, r3
 731 0040 0837     		adds	r7, r7, #8
 732              		.cfi_def_cfa_offset 8
 733 0042 BD46     		mov	sp, r7
 734              		.cfi_def_cfa_register 13
 735              		@ sp needed
 736 0044 80BD     		pop	{r7, pc}
ARM GAS  C:\Users\schmi\AppData\Local\Temp\ccsT6Bub.s 			page 18


 737              	.L40:
 738 0046 00BF     		.align	2
 739              	.L39:
 740 0048 00000000 		.word	LED__Pulse_Width
 741              		.cfi_endproc
 742              	.LFE114:
 743              		.size	LED_RGB_Set, .-LED_RGB_Set
 744              		.text
 745              	.Letext0:
 746              		.file 2 "c:\\program files (x86)\\cypress\\psoc creator\\4.4\\psoc creator\\import\\gnu\\arm\\5.4.
 747              		.file 3 "c:\\program files (x86)\\cypress\\psoc creator\\4.4\\psoc creator\\import\\gnu\\arm\\5.4.
 748              		.file 4 "Generated_Source\\PSoC5/cytypes.h"
 749              		.file 5 "Generated_Source\\PSoC5/ErikaOS_1_common_ee_types.inc"
 750              		.file 6 "Generated_Source\\PSoC5/ErikaOS_1_cortex_mx_ee_cpu.inc"
 751              		.file 7 ".\\source\\bsw/global.h"
 752              		.file 8 "source\\bsw\\labboard\\led.h"
 753              		.file 9 "Generated_Source\\PSoC5/ErikaOS_1_ee_oo_intfunc.inc"
 754              		.file 10 "Generated_Source\\PSoC5/ErikaOS_1_cortex_mx_ee_context.inc"
 755              		.file 11 "Generated_Source\\PSoC5/ErikaOS_1_common_ee_primitives.inc"
 756              		.file 12 "Generated_Source\\PSoC5/core_cm3.h"
 757              		.section	.debug_info,"",%progbits
 758              	.Ldebug_info0:
 759 0000 C6040000 		.4byte	0x4c6
 760 0004 0400     		.2byte	0x4
 761 0006 00000000 		.4byte	.Ldebug_abbrev0
 762 000a 04       		.byte	0x4
 763 000b 01       		.uleb128 0x1
 764 000c AC000000 		.4byte	.LASF86
 765 0010 0C       		.byte	0xc
 766 0011 21050000 		.4byte	.LASF87
 767 0015 2E040000 		.4byte	.LASF88
 768 0019 00000000 		.4byte	.Ldebug_ranges0+0
 769 001d 00000000 		.4byte	0
 770 0021 00000000 		.4byte	.Ldebug_line0
 771 0025 02       		.uleb128 0x2
 772 0026 01       		.byte	0x1
 773 0027 06       		.byte	0x6
 774 0028 31030000 		.4byte	.LASF0
 775 002c 03       		.uleb128 0x3
 776 002d C9050000 		.4byte	.LASF4
 777 0031 02       		.byte	0x2
 778 0032 1D       		.byte	0x1d
 779 0033 37000000 		.4byte	0x37
 780 0037 02       		.uleb128 0x2
 781 0038 01       		.byte	0x1
 782 0039 08       		.byte	0x8
 783 003a 04030000 		.4byte	.LASF1
 784 003e 02       		.uleb128 0x2
 785 003f 02       		.byte	0x2
 786 0040 05       		.byte	0x5
 787 0041 6E000000 		.4byte	.LASF2
 788 0045 02       		.uleb128 0x2
 789 0046 02       		.byte	0x2
 790 0047 07       		.byte	0x7
 791 0048 E1030000 		.4byte	.LASF3
 792 004c 03       		.uleb128 0x3
 793 004d 3B050000 		.4byte	.LASF5
ARM GAS  C:\Users\schmi\AppData\Local\Temp\ccsT6Bub.s 			page 19


 794 0051 02       		.byte	0x2
 795 0052 3F       		.byte	0x3f
 796 0053 57000000 		.4byte	0x57
 797 0057 02       		.uleb128 0x2
 798 0058 04       		.byte	0x4
 799 0059 05       		.byte	0x5
 800 005a 63020000 		.4byte	.LASF6
 801 005e 02       		.uleb128 0x2
 802 005f 04       		.byte	0x4
 803 0060 07       		.byte	0x7
 804 0061 E4040000 		.4byte	.LASF7
 805 0065 02       		.uleb128 0x2
 806 0066 08       		.byte	0x8
 807 0067 05       		.byte	0x5
 808 0068 10020000 		.4byte	.LASF8
 809 006c 02       		.uleb128 0x2
 810 006d 08       		.byte	0x8
 811 006e 07       		.byte	0x7
 812 006f 3D030000 		.4byte	.LASF9
 813 0073 04       		.uleb128 0x4
 814 0074 04       		.byte	0x4
 815 0075 05       		.byte	0x5
 816 0076 696E7400 		.ascii	"int\000"
 817 007a 02       		.uleb128 0x2
 818 007b 04       		.byte	0x4
 819 007c 07       		.byte	0x7
 820 007d 64030000 		.4byte	.LASF10
 821 0081 03       		.uleb128 0x3
 822 0082 95010000 		.4byte	.LASF11
 823 0086 03       		.byte	0x3
 824 0087 18       		.byte	0x18
 825 0088 2C000000 		.4byte	0x2c
 826 008c 03       		.uleb128 0x3
 827 008d 9F040000 		.4byte	.LASF12
 828 0091 03       		.byte	0x3
 829 0092 2C       		.byte	0x2c
 830 0093 4C000000 		.4byte	0x4c
 831 0097 05       		.uleb128 0x5
 832 0098 83010000 		.4byte	.LASF13
 833 009c 04       		.byte	0x4
 834 009d E901     		.2byte	0x1e9
 835 009f 45000000 		.4byte	0x45
 836 00a3 02       		.uleb128 0x2
 837 00a4 04       		.byte	0x4
 838 00a5 04       		.byte	0x4
 839 00a6 F1010000 		.4byte	.LASF14
 840 00aa 02       		.uleb128 0x2
 841 00ab 08       		.byte	0x8
 842 00ac 04       		.byte	0x4
 843 00ad 6B050000 		.4byte	.LASF15
 844 00b1 02       		.uleb128 0x2
 845 00b2 01       		.byte	0x1
 846 00b3 08       		.byte	0x8
 847 00b4 29040000 		.4byte	.LASF16
 848 00b8 02       		.uleb128 0x2
 849 00b9 08       		.byte	0x8
 850 00ba 04       		.byte	0x4
ARM GAS  C:\Users\schmi\AppData\Local\Temp\ccsT6Bub.s 			page 20


 851 00bb E8020000 		.4byte	.LASF17
 852 00bf 02       		.uleb128 0x2
 853 00c0 04       		.byte	0x4
 854 00c1 07       		.byte	0x7
 855 00c2 9E000000 		.4byte	.LASF18
 856 00c6 03       		.uleb128 0x3
 857 00c7 BE030000 		.4byte	.LASF19
 858 00cb 05       		.byte	0x5
 859 00cc 53       		.byte	0x53
 860 00cd 73000000 		.4byte	0x73
 861 00d1 03       		.uleb128 0x3
 862 00d2 61010000 		.4byte	.LASF20
 863 00d6 05       		.byte	0x5
 864 00d7 54       		.byte	0x54
 865 00d8 7A000000 		.4byte	0x7a
 866 00dc 03       		.uleb128 0x3
 867 00dd 11050000 		.4byte	.LASF21
 868 00e1 06       		.byte	0x6
 869 00e2 4D       		.byte	0x4d
 870 00e3 D1000000 		.4byte	0xd1
 871 00e7 03       		.uleb128 0x3
 872 00e8 48010000 		.4byte	.LASF22
 873 00ec 06       		.byte	0x6
 874 00ed 4F       		.byte	0x4f
 875 00ee D1000000 		.4byte	0xd1
 876 00f2 03       		.uleb128 0x3
 877 00f3 77010000 		.4byte	.LASF23
 878 00f7 06       		.byte	0x6
 879 00f8 78       		.byte	0x78
 880 00f9 C6000000 		.4byte	0xc6
 881 00fd 06       		.uleb128 0x6
 882 00fe 01       		.byte	0x1
 883 00ff 25000000 		.4byte	0x25
 884 0103 07       		.byte	0x7
 885 0104 CF       		.byte	0xcf
 886 0105 A6010000 		.4byte	0x1a6
 887 0109 07       		.uleb128 0x7
 888 010a 30000000 		.4byte	.LASF24
 889 010e 00       		.byte	0
 890 010f 08       		.uleb128 0x8
 891 0110 7F050000 		.4byte	.LASF25
 892 0114 7F       		.sleb128 -1
 893 0115 08       		.uleb128 0x8
 894 0116 9A030000 		.4byte	.LASF26
 895 011a 7E       		.sleb128 -2
 896 011b 08       		.uleb128 0x8
 897 011c 3A010000 		.4byte	.LASF27
 898 0120 7D       		.sleb128 -3
 899 0121 08       		.uleb128 0x8
 900 0122 A1050000 		.4byte	.LASF28
 901 0126 7C       		.sleb128 -4
 902 0127 08       		.uleb128 0x8
 903 0128 E2010000 		.4byte	.LASF29
 904 012c 7B       		.sleb128 -5
 905 012d 08       		.uleb128 0x8
 906 012e 78000000 		.4byte	.LASF30
 907 0132 7A       		.sleb128 -6
ARM GAS  C:\Users\schmi\AppData\Local\Temp\ccsT6Bub.s 			page 21


 908 0133 08       		.uleb128 0x8
 909 0134 6C020000 		.4byte	.LASF31
 910 0138 79       		.sleb128 -7
 911 0139 08       		.uleb128 0x8
 912 013a 8A040000 		.4byte	.LASF32
 913 013e 78       		.sleb128 -8
 914 013f 08       		.uleb128 0x8
 915 0140 A8030000 		.4byte	.LASF33
 916 0144 77       		.sleb128 -9
 917 0145 08       		.uleb128 0x8
 918 0146 7E020000 		.4byte	.LASF34
 919 014a 76       		.sleb128 -10
 920 014b 08       		.uleb128 0x8
 921 014c D3050000 		.4byte	.LASF35
 922 0150 75       		.sleb128 -11
 923 0151 08       		.uleb128 0x8
 924 0152 71030000 		.4byte	.LASF36
 925 0156 74       		.sleb128 -12
 926 0157 08       		.uleb128 0x8
 927 0158 FF040000 		.4byte	.LASF37
 928 015c 73       		.sleb128 -13
 929 015d 08       		.uleb128 0x8
 930 015e 1D000000 		.4byte	.LASF38
 931 0162 72       		.sleb128 -14
 932 0163 08       		.uleb128 0x8
 933 0164 5A000000 		.4byte	.LASF39
 934 0168 71       		.sleb128 -15
 935 0169 08       		.uleb128 0x8
 936 016a 50010000 		.4byte	.LASF40
 937 016e 70       		.sleb128 -16
 938 016f 08       		.uleb128 0x8
 939 0170 A7040000 		.4byte	.LASF41
 940 0174 6F       		.sleb128 -17
 941 0175 08       		.uleb128 0x8
 942 0176 89000000 		.4byte	.LASF42
 943 017a 6E       		.sleb128 -18
 944 017b 08       		.uleb128 0x8
 945 017c 3F020000 		.4byte	.LASF43
 946 0180 6D       		.sleb128 -19
 947 0181 08       		.uleb128 0x8
 948 0182 12030000 		.4byte	.LASF44
 949 0186 6C       		.sleb128 -20
 950 0187 08       		.uleb128 0x8
 951 0188 AA020000 		.4byte	.LASF45
 952 018c 6B       		.sleb128 -21
 953 018d 08       		.uleb128 0x8
 954 018e 59050000 		.4byte	.LASF46
 955 0192 6A       		.sleb128 -22
 956 0193 08       		.uleb128 0x8
 957 0194 9D010000 		.4byte	.LASF47
 958 0198 69       		.sleb128 -23
 959 0199 08       		.uleb128 0x8
 960 019a 52020000 		.4byte	.LASF48
 961 019e 68       		.sleb128 -24
 962 019f 08       		.uleb128 0x8
 963 01a0 F7010000 		.4byte	.LASF49
 964 01a4 67       		.sleb128 -25
ARM GAS  C:\Users\schmi\AppData\Local\Temp\ccsT6Bub.s 			page 22


 965 01a5 00       		.byte	0
 966 01a6 03       		.uleb128 0x3
 967 01a7 A7000000 		.4byte	.LASF50
 968 01ab 07       		.byte	0x7
 969 01ac EA       		.byte	0xea
 970 01ad FD000000 		.4byte	0xfd
 971 01b1 09       		.uleb128 0x9
 972 01b2 1E020000 		.4byte	.LASF56
 973 01b6 01       		.byte	0x1
 974 01b7 37000000 		.4byte	0x37
 975 01bb 08       		.byte	0x8
 976 01bc 5A       		.byte	0x5a
 977 01bd DA010000 		.4byte	0x1da
 978 01c1 07       		.uleb128 0x7
 979 01c2 99050000 		.4byte	.LASF51
 980 01c6 00       		.byte	0
 981 01c7 07       		.uleb128 0x7
 982 01c8 8F030000 		.4byte	.LASF52
 983 01cc 01       		.byte	0x1
 984 01cd 07       		.uleb128 0x7
 985 01ce C7040000 		.4byte	.LASF53
 986 01d2 02       		.byte	0x2
 987 01d3 07       		.uleb128 0x7
 988 01d4 19050000 		.4byte	.LASF54
 989 01d8 03       		.byte	0x3
 990 01d9 00       		.byte	0
 991 01da 03       		.uleb128 0x3
 992 01db 5B030000 		.4byte	.LASF55
 993 01df 08       		.byte	0x8
 994 01e0 60       		.byte	0x60
 995 01e1 B1010000 		.4byte	0x1b1
 996 01e5 09       		.uleb128 0x9
 997 01e6 8A010000 		.4byte	.LASF57
 998 01ea 01       		.byte	0x1
 999 01eb 37000000 		.4byte	0x37
 1000 01ef 08       		.byte	0x8
 1001 01f0 62       		.byte	0x62
 1002 01f1 02020000 		.4byte	0x202
 1003 01f5 07       		.uleb128 0x7
 1004 01f6 87030000 		.4byte	.LASF58
 1005 01fa 00       		.byte	0
 1006 01fb 07       		.uleb128 0x7
 1007 01fc 54030000 		.4byte	.LASF59
 1008 0200 01       		.byte	0x1
 1009 0201 00       		.byte	0
 1010 0202 03       		.uleb128 0x3
 1011 0203 25030000 		.4byte	.LASF60
 1012 0207 08       		.byte	0x8
 1013 0208 66       		.byte	0x66
 1014 0209 E5010000 		.4byte	0x1e5
 1015 020d 0A       		.uleb128 0xa
 1016 020e F6040000 		.4byte	.LASF89
 1017 0212 01       		.byte	0x1
 1018 0213 5C       		.byte	0x5c
 1019 0214 A6010000 		.4byte	0x1a6
 1020 0218 00000000 		.4byte	.LFB110
 1021 021c 5C000000 		.4byte	.LFE110-.LFB110
ARM GAS  C:\Users\schmi\AppData\Local\Temp\ccsT6Bub.s 			page 23


 1022 0220 01       		.uleb128 0x1
 1023 0221 9C       		.byte	0x9c
 1024 0222 96020000 		.4byte	0x296
 1025 0226 0B       		.uleb128 0xb
 1026 0227 0B000000 		.4byte	.LASF64
 1027 022b 01       		.byte	0x1
 1028 022c 5E       		.byte	0x5e
 1029 022d A6010000 		.4byte	0x1a6
 1030 0231 02       		.uleb128 0x2
 1031 0232 91       		.byte	0x91
 1032 0233 77       		.sleb128 -9
 1033 0234 0C       		.uleb128 0xc
 1034 0235 D5020000 		.4byte	.LASF61
 1035 0239 01       		.byte	0x1
 1036 023a 6F       		.byte	0x6f
 1037 023b 73000000 		.4byte	0x73
 1038 023f 45020000 		.4byte	0x245
 1039 0243 0D       		.uleb128 0xd
 1040 0244 00       		.byte	0
 1041 0245 0C       		.uleb128 0xc
 1042 0246 45050000 		.4byte	.LASF62
 1043 024a 01       		.byte	0x1
 1044 024b 70       		.byte	0x70
 1045 024c 73000000 		.4byte	0x73
 1046 0250 56020000 		.4byte	0x256
 1047 0254 0D       		.uleb128 0xd
 1048 0255 00       		.byte	0
 1049 0256 0C       		.uleb128 0xc
 1050 0257 92020000 		.4byte	.LASF63
 1051 025b 01       		.byte	0x1
 1052 025c 71       		.byte	0x71
 1053 025d 73000000 		.4byte	0x73
 1054 0261 67020000 		.4byte	0x267
 1055 0265 0D       		.uleb128 0xd
 1056 0266 00       		.byte	0
 1057 0267 0E       		.uleb128 0xe
 1058 0268 0A000000 		.4byte	.LBB2
 1059 026c 34000000 		.4byte	.LBE2-.LBB2
 1060 0270 0F       		.uleb128 0xf
 1061 0271 6900     		.ascii	"i\000"
 1062 0273 01       		.byte	0x1
 1063 0274 60       		.byte	0x60
 1064 0275 DA010000 		.4byte	0x1da
 1065 0279 02       		.uleb128 0x2
 1066 027a 91       		.byte	0x91
 1067 027b 76       		.sleb128 -10
 1068 027c 0E       		.uleb128 0xe
 1069 027d 10000000 		.4byte	.LBB3
 1070 0281 22000000 		.4byte	.LBE3-.LBB3
 1071 0285 0B       		.uleb128 0xb
 1072 0286 6B010000 		.4byte	.LASF65
 1073 028a 01       		.byte	0x1
 1074 028b 64       		.byte	0x64
 1075 028c A6010000 		.4byte	0x1a6
 1076 0290 02       		.uleb128 0x2
 1077 0291 91       		.byte	0x91
 1078 0292 75       		.sleb128 -11
ARM GAS  C:\Users\schmi\AppData\Local\Temp\ccsT6Bub.s 			page 24


 1079 0293 00       		.byte	0
 1080 0294 00       		.byte	0
 1081 0295 00       		.byte	0
 1082 0296 10       		.uleb128 0x10
 1083 0297 7F030000 		.4byte	.LASF71
 1084 029b 01       		.byte	0x1
 1085 029c 7C       		.byte	0x7c
 1086 029d A6010000 		.4byte	0x1a6
 1087 02a1 00000000 		.4byte	.LFB111
 1088 02a5 98000000 		.4byte	.LFE111-.LFB111
 1089 02a9 01       		.uleb128 0x1
 1090 02aa 9C       		.byte	0x9c
 1091 02ab 1F030000 		.4byte	0x31f
 1092 02af 11       		.uleb128 0x11
 1093 02b0 8C020000 		.4byte	.LASF66
 1094 02b4 01       		.byte	0x1
 1095 02b5 7C       		.byte	0x7c
 1096 02b6 DA010000 		.4byte	0x1da
 1097 02ba 02       		.uleb128 0x2
 1098 02bb 91       		.byte	0x91
 1099 02bc 6F       		.sleb128 -17
 1100 02bd 11       		.uleb128 0x11
 1101 02be D8030000 		.4byte	.LASF67
 1102 02c2 01       		.byte	0x1
 1103 02c3 7C       		.byte	0x7c
 1104 02c4 02020000 		.4byte	0x202
 1105 02c8 02       		.uleb128 0x2
 1106 02c9 91       		.byte	0x91
 1107 02ca 6E       		.sleb128 -18
 1108 02cb 0E       		.uleb128 0xe
 1109 02cc 2C000000 		.4byte	.LBB4
 1110 02d0 5C000000 		.4byte	.LBE4-.LBB4
 1111 02d4 0C       		.uleb128 0xc
 1112 02d5 4C000000 		.4byte	.LASF68
 1113 02d9 01       		.byte	0x1
 1114 02da 82       		.byte	0x82
 1115 02db 73000000 		.4byte	0x73
 1116 02df E5020000 		.4byte	0x2e5
 1117 02e3 0D       		.uleb128 0xd
 1118 02e4 00       		.byte	0
 1119 02e5 0C       		.uleb128 0xc
 1120 02e6 88050000 		.4byte	.LASF69
 1121 02ea 01       		.byte	0x1
 1122 02eb 87       		.byte	0x87
 1123 02ec 73000000 		.4byte	0x73
 1124 02f0 F6020000 		.4byte	0x2f6
 1125 02f4 0D       		.uleb128 0xd
 1126 02f5 00       		.byte	0
 1127 02f6 0C       		.uleb128 0xc
 1128 02f7 F4020000 		.4byte	.LASF70
 1129 02fb 01       		.byte	0x1
 1130 02fc 8C       		.byte	0x8c
 1131 02fd 73000000 		.4byte	0x73
 1132 0301 07030000 		.4byte	0x307
 1133 0305 0D       		.uleb128 0xd
 1134 0306 00       		.byte	0
 1135 0307 0E       		.uleb128 0xe
ARM GAS  C:\Users\schmi\AppData\Local\Temp\ccsT6Bub.s 			page 25


 1136 0308 62000000 		.4byte	.LBB5
 1137 030c 1E000000 		.4byte	.LBE5-.LBB5
 1138 0310 0F       		.uleb128 0xf
 1139 0311 6900     		.ascii	"i\000"
 1140 0313 01       		.byte	0x1
 1141 0314 91       		.byte	0x91
 1142 0315 DA010000 		.4byte	0x1da
 1143 0319 02       		.uleb128 0x2
 1144 031a 91       		.byte	0x91
 1145 031b 77       		.sleb128 -9
 1146 031c 00       		.byte	0
 1147 031d 00       		.byte	0
 1148 031e 00       		.byte	0
 1149 031f 10       		.uleb128 0x10
 1150 0320 00000000 		.4byte	.LASF72
 1151 0324 01       		.byte	0x1
 1152 0325 A3       		.byte	0xa3
 1153 0326 A6010000 		.4byte	0x1a6
 1154 032a 00000000 		.4byte	.LFB112
 1155 032e C4000000 		.4byte	.LFE112-.LFB112
 1156 0332 01       		.uleb128 0x1
 1157 0333 9C       		.byte	0x9c
 1158 0334 9A030000 		.4byte	0x39a
 1159 0338 11       		.uleb128 0x11
 1160 0339 8C020000 		.4byte	.LASF66
 1161 033d 01       		.byte	0x1
 1162 033e A3       		.byte	0xa3
 1163 033f DA010000 		.4byte	0x1da
 1164 0343 02       		.uleb128 0x2
 1165 0344 91       		.byte	0x91
 1166 0345 67       		.sleb128 -25
 1167 0346 0E       		.uleb128 0xe
 1168 0347 28000000 		.4byte	.LBB6
 1169 034b 8E000000 		.4byte	.LBE6-.LBB6
 1170 034f 0C       		.uleb128 0xc
 1171 0350 4C000000 		.4byte	.LASF68
 1172 0354 01       		.byte	0x1
 1173 0355 82       		.byte	0x82
 1174 0356 73000000 		.4byte	0x73
 1175 035a 60030000 		.4byte	0x360
 1176 035e 0D       		.uleb128 0xd
 1177 035f 00       		.byte	0
 1178 0360 0C       		.uleb128 0xc
 1179 0361 88050000 		.4byte	.LASF69
 1180 0365 01       		.byte	0x1
 1181 0366 87       		.byte	0x87
 1182 0367 73000000 		.4byte	0x73
 1183 036b 71030000 		.4byte	0x371
 1184 036f 0D       		.uleb128 0xd
 1185 0370 00       		.byte	0
 1186 0371 0C       		.uleb128 0xc
 1187 0372 F4020000 		.4byte	.LASF70
 1188 0376 01       		.byte	0x1
 1189 0377 8C       		.byte	0x8c
 1190 0378 73000000 		.4byte	0x73
 1191 037c 82030000 		.4byte	0x382
 1192 0380 0D       		.uleb128 0xd
ARM GAS  C:\Users\schmi\AppData\Local\Temp\ccsT6Bub.s 			page 26


 1193 0381 00       		.byte	0
 1194 0382 0E       		.uleb128 0xe
 1195 0383 94000000 		.4byte	.LBB7
 1196 0387 1A000000 		.4byte	.LBE7-.LBB7
 1197 038b 0F       		.uleb128 0xf
 1198 038c 6900     		.ascii	"i\000"
 1199 038e 01       		.byte	0x1
 1200 038f B8       		.byte	0xb8
 1201 0390 DA010000 		.4byte	0x1da
 1202 0394 02       		.uleb128 0x2
 1203 0395 91       		.byte	0x91
 1204 0396 6F       		.sleb128 -17
 1205 0397 00       		.byte	0
 1206 0398 00       		.byte	0
 1207 0399 00       		.byte	0
 1208 039a 12       		.uleb128 0x12
 1209 039b 3B000000 		.4byte	.LASF90
 1210 039f 01       		.byte	0x1
 1211 03a0 C9       		.byte	0xc9
 1212 03a1 02020000 		.4byte	0x202
 1213 03a5 00000000 		.4byte	.LFB113
 1214 03a9 20000000 		.4byte	.LFE113-.LFB113
 1215 03ad 01       		.uleb128 0x1
 1216 03ae 9C       		.byte	0x9c
 1217 03af C2030000 		.4byte	0x3c2
 1218 03b3 11       		.uleb128 0x11
 1219 03b4 D8030000 		.4byte	.LASF67
 1220 03b8 01       		.byte	0x1
 1221 03b9 C9       		.byte	0xc9
 1222 03ba 02020000 		.4byte	0x202
 1223 03be 02       		.uleb128 0x2
 1224 03bf 91       		.byte	0x91
 1225 03c0 77       		.sleb128 -9
 1226 03c1 00       		.byte	0
 1227 03c2 10       		.uleb128 0x10
 1228 03c3 BB040000 		.4byte	.LASF73
 1229 03c7 01       		.byte	0x1
 1230 03c8 DC       		.byte	0xdc
 1231 03c9 A6010000 		.4byte	0x1a6
 1232 03cd 00000000 		.4byte	.LFB114
 1233 03d1 4C000000 		.4byte	.LFE114-.LFB114
 1234 03d5 01       		.uleb128 0x1
 1235 03d6 9C       		.byte	0x9c
 1236 03d7 35040000 		.4byte	0x435
 1237 03db 13       		.uleb128 0x13
 1238 03dc 72656400 		.ascii	"red\000"
 1239 03e0 01       		.byte	0x1
 1240 03e1 DC       		.byte	0xdc
 1241 03e2 81000000 		.4byte	0x81
 1242 03e6 02       		.uleb128 0x2
 1243 03e7 91       		.byte	0x91
 1244 03e8 77       		.sleb128 -9
 1245 03e9 11       		.uleb128 0x11
 1246 03ea A4020000 		.4byte	.LASF74
 1247 03ee 01       		.byte	0x1
 1248 03ef DC       		.byte	0xdc
 1249 03f0 81000000 		.4byte	0x81
ARM GAS  C:\Users\schmi\AppData\Local\Temp\ccsT6Bub.s 			page 27


 1250 03f4 02       		.uleb128 0x2
 1251 03f5 91       		.byte	0x91
 1252 03f6 76       		.sleb128 -10
 1253 03f7 11       		.uleb128 0x11
 1254 03f8 7E010000 		.4byte	.LASF75
 1255 03fc 01       		.byte	0x1
 1256 03fd DC       		.byte	0xdc
 1257 03fe 81000000 		.4byte	0x81
 1258 0402 02       		.uleb128 0x2
 1259 0403 91       		.byte	0x91
 1260 0404 75       		.sleb128 -11
 1261 0405 0C       		.uleb128 0xc
 1262 0406 BC020000 		.4byte	.LASF76
 1263 040a 01       		.byte	0x1
 1264 040b DE       		.byte	0xde
 1265 040c 73000000 		.4byte	0x73
 1266 0410 16040000 		.4byte	0x416
 1267 0414 0D       		.uleb128 0xd
 1268 0415 00       		.byte	0
 1269 0416 0C       		.uleb128 0xc
 1270 0417 F4030000 		.4byte	.LASF77
 1271 041b 01       		.byte	0x1
 1272 041c DF       		.byte	0xdf
 1273 041d 73000000 		.4byte	0x73
 1274 0421 27040000 		.4byte	0x427
 1275 0425 0D       		.uleb128 0xd
 1276 0426 00       		.byte	0
 1277 0427 14       		.uleb128 0x14
 1278 0428 0F040000 		.4byte	.LASF91
 1279 042c 01       		.byte	0x1
 1280 042d E0       		.byte	0xe0
 1281 042e 73000000 		.4byte	0x73
 1282 0432 0D       		.uleb128 0xd
 1283 0433 00       		.byte	0
 1284 0434 00       		.byte	0
 1285 0435 15       		.uleb128 0x15
 1286 0436 02020000 		.4byte	0x202
 1287 043a 45040000 		.4byte	0x445
 1288 043e 16       		.uleb128 0x16
 1289 043f BF000000 		.4byte	0xbf
 1290 0443 02       		.byte	0x2
 1291 0444 00       		.byte	0
 1292 0445 0B       		.uleb128 0xb
 1293 0446 12000000 		.4byte	.LASF78
 1294 044a 01       		.byte	0x1
 1295 044b 2F       		.byte	0x2f
 1296 044c 35040000 		.4byte	0x435
 1297 0450 05       		.uleb128 0x5
 1298 0451 03       		.byte	0x3
 1299 0452 00000000 		.4byte	LED__state
 1300 0456 15       		.uleb128 0x15
 1301 0457 66040000 		.4byte	0x466
 1302 045b 66040000 		.4byte	0x466
 1303 045f 16       		.uleb128 0x16
 1304 0460 BF000000 		.4byte	0xbf
 1305 0464 FF       		.byte	0xff
 1306 0465 00       		.byte	0
ARM GAS  C:\Users\schmi\AppData\Local\Temp\ccsT6Bub.s 			page 28


 1307 0466 17       		.uleb128 0x17
 1308 0467 97000000 		.4byte	0x97
 1309 046b 0B       		.uleb128 0xb
 1310 046c C7030000 		.4byte	.LASF79
 1311 0470 01       		.byte	0x1
 1312 0471 31       		.byte	0x31
 1313 0472 7C040000 		.4byte	0x47c
 1314 0476 05       		.uleb128 0x5
 1315 0477 03       		.byte	0x3
 1316 0478 00000000 		.4byte	LED__Pulse_Width
 1317 047c 17       		.uleb128 0x17
 1318 047d 56040000 		.4byte	0x456
 1319 0481 18       		.uleb128 0x18
 1320 0482 B1050000 		.4byte	.LASF80
 1321 0486 09       		.byte	0x9
 1322 0487 40       		.byte	0x40
 1323 0488 DC000000 		.4byte	0xdc
 1324 048c 18       		.uleb128 0x18
 1325 048d 26020000 		.4byte	.LASF81
 1326 0491 09       		.byte	0x9
 1327 0492 47       		.byte	0x47
 1328 0493 E7000000 		.4byte	0xe7
 1329 0497 18       		.uleb128 0x18
 1330 0498 D1040000 		.4byte	.LASF82
 1331 049c 09       		.byte	0x9
 1332 049d 4A       		.byte	0x4a
 1333 049e DC000000 		.4byte	0xdc
 1334 04a2 18       		.uleb128 0x18
 1335 04a3 C9010000 		.4byte	.LASF83
 1336 04a7 0A       		.byte	0xa
 1337 04a8 48       		.byte	0x48
 1338 04a9 F2000000 		.4byte	0xf2
 1339 04ad 18       		.uleb128 0x18
 1340 04ae B4010000 		.4byte	.LASF84
 1341 04b2 0B       		.byte	0xb
 1342 04b3 44       		.byte	0x44
 1343 04b4 DC000000 		.4byte	0xdc
 1344 04b8 19       		.uleb128 0x19
 1345 04b9 72050000 		.4byte	.LASF85
 1346 04bd 0C       		.byte	0xc
 1347 04be 1207     		.2byte	0x712
 1348 04c0 C4040000 		.4byte	0x4c4
 1349 04c4 1A       		.uleb128 0x1a
 1350 04c5 8C000000 		.4byte	0x8c
 1351 04c9 00       		.byte	0
 1352              		.section	.debug_abbrev,"",%progbits
 1353              	.Ldebug_abbrev0:
 1354 0000 01       		.uleb128 0x1
 1355 0001 11       		.uleb128 0x11
 1356 0002 01       		.byte	0x1
 1357 0003 25       		.uleb128 0x25
 1358 0004 0E       		.uleb128 0xe
 1359 0005 13       		.uleb128 0x13
 1360 0006 0B       		.uleb128 0xb
 1361 0007 03       		.uleb128 0x3
 1362 0008 0E       		.uleb128 0xe
 1363 0009 1B       		.uleb128 0x1b
ARM GAS  C:\Users\schmi\AppData\Local\Temp\ccsT6Bub.s 			page 29


 1364 000a 0E       		.uleb128 0xe
 1365 000b 55       		.uleb128 0x55
 1366 000c 17       		.uleb128 0x17
 1367 000d 11       		.uleb128 0x11
 1368 000e 01       		.uleb128 0x1
 1369 000f 10       		.uleb128 0x10
 1370 0010 17       		.uleb128 0x17
 1371 0011 00       		.byte	0
 1372 0012 00       		.byte	0
 1373 0013 02       		.uleb128 0x2
 1374 0014 24       		.uleb128 0x24
 1375 0015 00       		.byte	0
 1376 0016 0B       		.uleb128 0xb
 1377 0017 0B       		.uleb128 0xb
 1378 0018 3E       		.uleb128 0x3e
 1379 0019 0B       		.uleb128 0xb
 1380 001a 03       		.uleb128 0x3
 1381 001b 0E       		.uleb128 0xe
 1382 001c 00       		.byte	0
 1383 001d 00       		.byte	0
 1384 001e 03       		.uleb128 0x3
 1385 001f 16       		.uleb128 0x16
 1386 0020 00       		.byte	0
 1387 0021 03       		.uleb128 0x3
 1388 0022 0E       		.uleb128 0xe
 1389 0023 3A       		.uleb128 0x3a
 1390 0024 0B       		.uleb128 0xb
 1391 0025 3B       		.uleb128 0x3b
 1392 0026 0B       		.uleb128 0xb
 1393 0027 49       		.uleb128 0x49
 1394 0028 13       		.uleb128 0x13
 1395 0029 00       		.byte	0
 1396 002a 00       		.byte	0
 1397 002b 04       		.uleb128 0x4
 1398 002c 24       		.uleb128 0x24
 1399 002d 00       		.byte	0
 1400 002e 0B       		.uleb128 0xb
 1401 002f 0B       		.uleb128 0xb
 1402 0030 3E       		.uleb128 0x3e
 1403 0031 0B       		.uleb128 0xb
 1404 0032 03       		.uleb128 0x3
 1405 0033 08       		.uleb128 0x8
 1406 0034 00       		.byte	0
 1407 0035 00       		.byte	0
 1408 0036 05       		.uleb128 0x5
 1409 0037 16       		.uleb128 0x16
 1410 0038 00       		.byte	0
 1411 0039 03       		.uleb128 0x3
 1412 003a 0E       		.uleb128 0xe
 1413 003b 3A       		.uleb128 0x3a
 1414 003c 0B       		.uleb128 0xb
 1415 003d 3B       		.uleb128 0x3b
 1416 003e 05       		.uleb128 0x5
 1417 003f 49       		.uleb128 0x49
 1418 0040 13       		.uleb128 0x13
 1419 0041 00       		.byte	0
 1420 0042 00       		.byte	0
ARM GAS  C:\Users\schmi\AppData\Local\Temp\ccsT6Bub.s 			page 30


 1421 0043 06       		.uleb128 0x6
 1422 0044 04       		.uleb128 0x4
 1423 0045 01       		.byte	0x1
 1424 0046 0B       		.uleb128 0xb
 1425 0047 0B       		.uleb128 0xb
 1426 0048 49       		.uleb128 0x49
 1427 0049 13       		.uleb128 0x13
 1428 004a 3A       		.uleb128 0x3a
 1429 004b 0B       		.uleb128 0xb
 1430 004c 3B       		.uleb128 0x3b
 1431 004d 0B       		.uleb128 0xb
 1432 004e 01       		.uleb128 0x1
 1433 004f 13       		.uleb128 0x13
 1434 0050 00       		.byte	0
 1435 0051 00       		.byte	0
 1436 0052 07       		.uleb128 0x7
 1437 0053 28       		.uleb128 0x28
 1438 0054 00       		.byte	0
 1439 0055 03       		.uleb128 0x3
 1440 0056 0E       		.uleb128 0xe
 1441 0057 1C       		.uleb128 0x1c
 1442 0058 0B       		.uleb128 0xb
 1443 0059 00       		.byte	0
 1444 005a 00       		.byte	0
 1445 005b 08       		.uleb128 0x8
 1446 005c 28       		.uleb128 0x28
 1447 005d 00       		.byte	0
 1448 005e 03       		.uleb128 0x3
 1449 005f 0E       		.uleb128 0xe
 1450 0060 1C       		.uleb128 0x1c
 1451 0061 0D       		.uleb128 0xd
 1452 0062 00       		.byte	0
 1453 0063 00       		.byte	0
 1454 0064 09       		.uleb128 0x9
 1455 0065 04       		.uleb128 0x4
 1456 0066 01       		.byte	0x1
 1457 0067 03       		.uleb128 0x3
 1458 0068 0E       		.uleb128 0xe
 1459 0069 0B       		.uleb128 0xb
 1460 006a 0B       		.uleb128 0xb
 1461 006b 49       		.uleb128 0x49
 1462 006c 13       		.uleb128 0x13
 1463 006d 3A       		.uleb128 0x3a
 1464 006e 0B       		.uleb128 0xb
 1465 006f 3B       		.uleb128 0x3b
 1466 0070 0B       		.uleb128 0xb
 1467 0071 01       		.uleb128 0x1
 1468 0072 13       		.uleb128 0x13
 1469 0073 00       		.byte	0
 1470 0074 00       		.byte	0
 1471 0075 0A       		.uleb128 0xa
 1472 0076 2E       		.uleb128 0x2e
 1473 0077 01       		.byte	0x1
 1474 0078 3F       		.uleb128 0x3f
 1475 0079 19       		.uleb128 0x19
 1476 007a 03       		.uleb128 0x3
 1477 007b 0E       		.uleb128 0xe
ARM GAS  C:\Users\schmi\AppData\Local\Temp\ccsT6Bub.s 			page 31


 1478 007c 3A       		.uleb128 0x3a
 1479 007d 0B       		.uleb128 0xb
 1480 007e 3B       		.uleb128 0x3b
 1481 007f 0B       		.uleb128 0xb
 1482 0080 49       		.uleb128 0x49
 1483 0081 13       		.uleb128 0x13
 1484 0082 11       		.uleb128 0x11
 1485 0083 01       		.uleb128 0x1
 1486 0084 12       		.uleb128 0x12
 1487 0085 06       		.uleb128 0x6
 1488 0086 40       		.uleb128 0x40
 1489 0087 18       		.uleb128 0x18
 1490 0088 9642     		.uleb128 0x2116
 1491 008a 19       		.uleb128 0x19
 1492 008b 01       		.uleb128 0x1
 1493 008c 13       		.uleb128 0x13
 1494 008d 00       		.byte	0
 1495 008e 00       		.byte	0
 1496 008f 0B       		.uleb128 0xb
 1497 0090 34       		.uleb128 0x34
 1498 0091 00       		.byte	0
 1499 0092 03       		.uleb128 0x3
 1500 0093 0E       		.uleb128 0xe
 1501 0094 3A       		.uleb128 0x3a
 1502 0095 0B       		.uleb128 0xb
 1503 0096 3B       		.uleb128 0x3b
 1504 0097 0B       		.uleb128 0xb
 1505 0098 49       		.uleb128 0x49
 1506 0099 13       		.uleb128 0x13
 1507 009a 02       		.uleb128 0x2
 1508 009b 18       		.uleb128 0x18
 1509 009c 00       		.byte	0
 1510 009d 00       		.byte	0
 1511 009e 0C       		.uleb128 0xc
 1512 009f 2E       		.uleb128 0x2e
 1513 00a0 01       		.byte	0x1
 1514 00a1 3F       		.uleb128 0x3f
 1515 00a2 19       		.uleb128 0x19
 1516 00a3 03       		.uleb128 0x3
 1517 00a4 0E       		.uleb128 0xe
 1518 00a5 3A       		.uleb128 0x3a
 1519 00a6 0B       		.uleb128 0xb
 1520 00a7 3B       		.uleb128 0x3b
 1521 00a8 0B       		.uleb128 0xb
 1522 00a9 49       		.uleb128 0x49
 1523 00aa 13       		.uleb128 0x13
 1524 00ab 3C       		.uleb128 0x3c
 1525 00ac 19       		.uleb128 0x19
 1526 00ad 01       		.uleb128 0x1
 1527 00ae 13       		.uleb128 0x13
 1528 00af 00       		.byte	0
 1529 00b0 00       		.byte	0
 1530 00b1 0D       		.uleb128 0xd
 1531 00b2 18       		.uleb128 0x18
 1532 00b3 00       		.byte	0
 1533 00b4 00       		.byte	0
 1534 00b5 00       		.byte	0
ARM GAS  C:\Users\schmi\AppData\Local\Temp\ccsT6Bub.s 			page 32


 1535 00b6 0E       		.uleb128 0xe
 1536 00b7 0B       		.uleb128 0xb
 1537 00b8 01       		.byte	0x1
 1538 00b9 11       		.uleb128 0x11
 1539 00ba 01       		.uleb128 0x1
 1540 00bb 12       		.uleb128 0x12
 1541 00bc 06       		.uleb128 0x6
 1542 00bd 00       		.byte	0
 1543 00be 00       		.byte	0
 1544 00bf 0F       		.uleb128 0xf
 1545 00c0 34       		.uleb128 0x34
 1546 00c1 00       		.byte	0
 1547 00c2 03       		.uleb128 0x3
 1548 00c3 08       		.uleb128 0x8
 1549 00c4 3A       		.uleb128 0x3a
 1550 00c5 0B       		.uleb128 0xb
 1551 00c6 3B       		.uleb128 0x3b
 1552 00c7 0B       		.uleb128 0xb
 1553 00c8 49       		.uleb128 0x49
 1554 00c9 13       		.uleb128 0x13
 1555 00ca 02       		.uleb128 0x2
 1556 00cb 18       		.uleb128 0x18
 1557 00cc 00       		.byte	0
 1558 00cd 00       		.byte	0
 1559 00ce 10       		.uleb128 0x10
 1560 00cf 2E       		.uleb128 0x2e
 1561 00d0 01       		.byte	0x1
 1562 00d1 3F       		.uleb128 0x3f
 1563 00d2 19       		.uleb128 0x19
 1564 00d3 03       		.uleb128 0x3
 1565 00d4 0E       		.uleb128 0xe
 1566 00d5 3A       		.uleb128 0x3a
 1567 00d6 0B       		.uleb128 0xb
 1568 00d7 3B       		.uleb128 0x3b
 1569 00d8 0B       		.uleb128 0xb
 1570 00d9 27       		.uleb128 0x27
 1571 00da 19       		.uleb128 0x19
 1572 00db 49       		.uleb128 0x49
 1573 00dc 13       		.uleb128 0x13
 1574 00dd 11       		.uleb128 0x11
 1575 00de 01       		.uleb128 0x1
 1576 00df 12       		.uleb128 0x12
 1577 00e0 06       		.uleb128 0x6
 1578 00e1 40       		.uleb128 0x40
 1579 00e2 18       		.uleb128 0x18
 1580 00e3 9642     		.uleb128 0x2116
 1581 00e5 19       		.uleb128 0x19
 1582 00e6 01       		.uleb128 0x1
 1583 00e7 13       		.uleb128 0x13
 1584 00e8 00       		.byte	0
 1585 00e9 00       		.byte	0
 1586 00ea 11       		.uleb128 0x11
 1587 00eb 05       		.uleb128 0x5
 1588 00ec 00       		.byte	0
 1589 00ed 03       		.uleb128 0x3
 1590 00ee 0E       		.uleb128 0xe
 1591 00ef 3A       		.uleb128 0x3a
ARM GAS  C:\Users\schmi\AppData\Local\Temp\ccsT6Bub.s 			page 33


 1592 00f0 0B       		.uleb128 0xb
 1593 00f1 3B       		.uleb128 0x3b
 1594 00f2 0B       		.uleb128 0xb
 1595 00f3 49       		.uleb128 0x49
 1596 00f4 13       		.uleb128 0x13
 1597 00f5 02       		.uleb128 0x2
 1598 00f6 18       		.uleb128 0x18
 1599 00f7 00       		.byte	0
 1600 00f8 00       		.byte	0
 1601 00f9 12       		.uleb128 0x12
 1602 00fa 2E       		.uleb128 0x2e
 1603 00fb 01       		.byte	0x1
 1604 00fc 03       		.uleb128 0x3
 1605 00fd 0E       		.uleb128 0xe
 1606 00fe 3A       		.uleb128 0x3a
 1607 00ff 0B       		.uleb128 0xb
 1608 0100 3B       		.uleb128 0x3b
 1609 0101 0B       		.uleb128 0xb
 1610 0102 27       		.uleb128 0x27
 1611 0103 19       		.uleb128 0x19
 1612 0104 49       		.uleb128 0x49
 1613 0105 13       		.uleb128 0x13
 1614 0106 11       		.uleb128 0x11
 1615 0107 01       		.uleb128 0x1
 1616 0108 12       		.uleb128 0x12
 1617 0109 06       		.uleb128 0x6
 1618 010a 40       		.uleb128 0x40
 1619 010b 18       		.uleb128 0x18
 1620 010c 9742     		.uleb128 0x2117
 1621 010e 19       		.uleb128 0x19
 1622 010f 01       		.uleb128 0x1
 1623 0110 13       		.uleb128 0x13
 1624 0111 00       		.byte	0
 1625 0112 00       		.byte	0
 1626 0113 13       		.uleb128 0x13
 1627 0114 05       		.uleb128 0x5
 1628 0115 00       		.byte	0
 1629 0116 03       		.uleb128 0x3
 1630 0117 08       		.uleb128 0x8
 1631 0118 3A       		.uleb128 0x3a
 1632 0119 0B       		.uleb128 0xb
 1633 011a 3B       		.uleb128 0x3b
 1634 011b 0B       		.uleb128 0xb
 1635 011c 49       		.uleb128 0x49
 1636 011d 13       		.uleb128 0x13
 1637 011e 02       		.uleb128 0x2
 1638 011f 18       		.uleb128 0x18
 1639 0120 00       		.byte	0
 1640 0121 00       		.byte	0
 1641 0122 14       		.uleb128 0x14
 1642 0123 2E       		.uleb128 0x2e
 1643 0124 01       		.byte	0x1
 1644 0125 3F       		.uleb128 0x3f
 1645 0126 19       		.uleb128 0x19
 1646 0127 03       		.uleb128 0x3
 1647 0128 0E       		.uleb128 0xe
 1648 0129 3A       		.uleb128 0x3a
ARM GAS  C:\Users\schmi\AppData\Local\Temp\ccsT6Bub.s 			page 34


 1649 012a 0B       		.uleb128 0xb
 1650 012b 3B       		.uleb128 0x3b
 1651 012c 0B       		.uleb128 0xb
 1652 012d 49       		.uleb128 0x49
 1653 012e 13       		.uleb128 0x13
 1654 012f 3C       		.uleb128 0x3c
 1655 0130 19       		.uleb128 0x19
 1656 0131 00       		.byte	0
 1657 0132 00       		.byte	0
 1658 0133 15       		.uleb128 0x15
 1659 0134 01       		.uleb128 0x1
 1660 0135 01       		.byte	0x1
 1661 0136 49       		.uleb128 0x49
 1662 0137 13       		.uleb128 0x13
 1663 0138 01       		.uleb128 0x1
 1664 0139 13       		.uleb128 0x13
 1665 013a 00       		.byte	0
 1666 013b 00       		.byte	0
 1667 013c 16       		.uleb128 0x16
 1668 013d 21       		.uleb128 0x21
 1669 013e 00       		.byte	0
 1670 013f 49       		.uleb128 0x49
 1671 0140 13       		.uleb128 0x13
 1672 0141 2F       		.uleb128 0x2f
 1673 0142 0B       		.uleb128 0xb
 1674 0143 00       		.byte	0
 1675 0144 00       		.byte	0
 1676 0145 17       		.uleb128 0x17
 1677 0146 26       		.uleb128 0x26
 1678 0147 00       		.byte	0
 1679 0148 49       		.uleb128 0x49
 1680 0149 13       		.uleb128 0x13
 1681 014a 00       		.byte	0
 1682 014b 00       		.byte	0
 1683 014c 18       		.uleb128 0x18
 1684 014d 34       		.uleb128 0x34
 1685 014e 00       		.byte	0
 1686 014f 03       		.uleb128 0x3
 1687 0150 0E       		.uleb128 0xe
 1688 0151 3A       		.uleb128 0x3a
 1689 0152 0B       		.uleb128 0xb
 1690 0153 3B       		.uleb128 0x3b
 1691 0154 0B       		.uleb128 0xb
 1692 0155 49       		.uleb128 0x49
 1693 0156 13       		.uleb128 0x13
 1694 0157 3F       		.uleb128 0x3f
 1695 0158 19       		.uleb128 0x19
 1696 0159 3C       		.uleb128 0x3c
 1697 015a 19       		.uleb128 0x19
 1698 015b 00       		.byte	0
 1699 015c 00       		.byte	0
 1700 015d 19       		.uleb128 0x19
 1701 015e 34       		.uleb128 0x34
 1702 015f 00       		.byte	0
 1703 0160 03       		.uleb128 0x3
 1704 0161 0E       		.uleb128 0xe
 1705 0162 3A       		.uleb128 0x3a
ARM GAS  C:\Users\schmi\AppData\Local\Temp\ccsT6Bub.s 			page 35


 1706 0163 0B       		.uleb128 0xb
 1707 0164 3B       		.uleb128 0x3b
 1708 0165 05       		.uleb128 0x5
 1709 0166 49       		.uleb128 0x49
 1710 0167 13       		.uleb128 0x13
 1711 0168 3F       		.uleb128 0x3f
 1712 0169 19       		.uleb128 0x19
 1713 016a 3C       		.uleb128 0x3c
 1714 016b 19       		.uleb128 0x19
 1715 016c 00       		.byte	0
 1716 016d 00       		.byte	0
 1717 016e 1A       		.uleb128 0x1a
 1718 016f 35       		.uleb128 0x35
 1719 0170 00       		.byte	0
 1720 0171 49       		.uleb128 0x49
 1721 0172 13       		.uleb128 0x13
 1722 0173 00       		.byte	0
 1723 0174 00       		.byte	0
 1724 0175 00       		.byte	0
 1725              		.section	.debug_aranges,"",%progbits
 1726 0000 3C000000 		.4byte	0x3c
 1727 0004 0200     		.2byte	0x2
 1728 0006 00000000 		.4byte	.Ldebug_info0
 1729 000a 04       		.byte	0x4
 1730 000b 00       		.byte	0
 1731 000c 0000     		.2byte	0
 1732 000e 0000     		.2byte	0
 1733 0010 00000000 		.4byte	.LFB110
 1734 0014 5C000000 		.4byte	.LFE110-.LFB110
 1735 0018 00000000 		.4byte	.LFB111
 1736 001c 98000000 		.4byte	.LFE111-.LFB111
 1737 0020 00000000 		.4byte	.LFB112
 1738 0024 C4000000 		.4byte	.LFE112-.LFB112
 1739 0028 00000000 		.4byte	.LFB113
 1740 002c 20000000 		.4byte	.LFE113-.LFB113
 1741 0030 00000000 		.4byte	.LFB114
 1742 0034 4C000000 		.4byte	.LFE114-.LFB114
 1743 0038 00000000 		.4byte	0
 1744 003c 00000000 		.4byte	0
 1745              		.section	.debug_ranges,"",%progbits
 1746              	.Ldebug_ranges0:
 1747 0000 00000000 		.4byte	.LFB110
 1748 0004 5C000000 		.4byte	.LFE110
 1749 0008 00000000 		.4byte	.LFB111
 1750 000c 98000000 		.4byte	.LFE111
 1751 0010 00000000 		.4byte	.LFB112
 1752 0014 C4000000 		.4byte	.LFE112
 1753 0018 00000000 		.4byte	.LFB113
 1754 001c 20000000 		.4byte	.LFE113
 1755 0020 00000000 		.4byte	.LFB114
 1756 0024 4C000000 		.4byte	.LFE114
 1757 0028 00000000 		.4byte	0
 1758 002c 00000000 		.4byte	0
 1759              		.section	.debug_line,"",%progbits
 1760              	.Ldebug_line0:
 1761 0000 E9020000 		.section	.debug_str,"MS",%progbits,1
 1761      02002F02 
ARM GAS  C:\Users\schmi\AppData\Local\Temp\ccsT6Bub.s 			page 36


 1761      00000201 
 1761      FB0E0D00 
 1761      01010101 
 1762              	.LASF72:
 1763 0000 4C45445F 		.ascii	"LED_Toggle\000"
 1763      546F6767 
 1763      6C6500
 1764              	.LASF64:
 1765 000b 72657375 		.ascii	"result\000"
 1765      6C7400
 1766              	.LASF78:
 1767 0012 4C45445F 		.ascii	"LED__state\000"
 1767      5F737461 
 1767      746500
 1768              	.LASF38:
 1769 001d 52435F45 		.ascii	"RC_ERROR_READ_ONLY\000"
 1769      52524F52 
 1769      5F524541 
 1769      445F4F4E 
 1769      4C5900
 1770              	.LASF24:
 1771 0030 52435F53 		.ascii	"RC_SUCCESS\000"
 1771      55434345 
 1771      535300
 1772              	.LASF90:
 1773 003b 4C45445F 		.ascii	"LED__toggleValue\000"
 1773      5F746F67 
 1773      676C6556 
 1773      616C7565 
 1773      00
 1774              	.LASF68:
 1775 004c 4C45445F 		.ascii	"LED_red_Write\000"
 1775      7265645F 
 1775      57726974 
 1775      6500
 1776              	.LASF39:
 1777 005a 52435F45 		.ascii	"RC_ERROR_WRITE_ONLY\000"
 1777      52524F52 
 1777      5F575249 
 1777      54455F4F 
 1777      4E4C5900 
 1778              	.LASF2:
 1779 006e 73686F72 		.ascii	"short int\000"
 1779      7420696E 
 1779      7400
 1780              	.LASF30:
 1781 0078 52435F45 		.ascii	"RC_ERROR_OVERRUN\000"
 1781      52524F52 
 1781      5F4F5645 
 1781      5252554E 
 1781      00
 1782              	.LASF42:
 1783 0089 52435F45 		.ascii	"RC_ERROR_WRITE_FAILS\000"
 1783      52524F52 
 1783      5F575249 
 1783      54455F46 
 1783      41494C53 
ARM GAS  C:\Users\schmi\AppData\Local\Temp\ccsT6Bub.s 			page 37


 1784              	.LASF18:
 1785 009e 73697A65 		.ascii	"sizetype\000"
 1785      74797065 
 1785      00
 1786              	.LASF50:
 1787 00a7 52435F74 		.ascii	"RC_t\000"
 1787      00
 1788              	.LASF86:
 1789 00ac 474E5520 		.ascii	"GNU C11 5.4.1 20160609 (release) [ARM/embedded-5-br"
 1789      43313120 
 1789      352E342E 
 1789      31203230 
 1789      31363036 
 1790 00df 616E6368 		.ascii	"anch revision 237715] -mcpu=cortex-m3 -mthumb -g -O"
 1790      20726576 
 1790      6973696F 
 1790      6E203233 
 1790      37373135 
 1791 0112 30202D66 		.ascii	"0 -ffunction-sections -ffat-lto-objects\000"
 1791      66756E63 
 1791      74696F6E 
 1791      2D736563 
 1791      74696F6E 
 1792              	.LASF27:
 1793 013a 52435F45 		.ascii	"RC_ERROR_ZERO\000"
 1793      52524F52 
 1793      5F5A4552 
 1793      4F00
 1794              	.LASF22:
 1795 0148 45455F46 		.ascii	"EE_FREG\000"
 1795      52454700 
 1796              	.LASF40:
 1797 0150 52435F45 		.ascii	"RC_ERROR_INVALID\000"
 1797      52524F52 
 1797      5F494E56 
 1797      414C4944 
 1797      00
 1798              	.LASF20:
 1799 0161 45455F55 		.ascii	"EE_UINT32\000"
 1799      494E5433 
 1799      3200
 1800              	.LASF65:
 1801 016b 636C6561 		.ascii	"clearResult\000"
 1801      72526573 
 1801      756C7400 
 1802              	.LASF23:
 1803 0177 45455F54 		.ascii	"EE_TID\000"
 1803      494400
 1804              	.LASF75:
 1805 017e 626C7565 		.ascii	"blue\000"
 1805      00
 1806              	.LASF13:
 1807 0183 75696E74 		.ascii	"uint16\000"
 1807      313600
 1808              	.LASF57:
 1809 018a 654C4544 		.ascii	"eLED_ONOFF\000"
 1809      5F4F4E4F 
ARM GAS  C:\Users\schmi\AppData\Local\Temp\ccsT6Bub.s 			page 38


 1809      464600
 1810              	.LASF11:
 1811 0195 75696E74 		.ascii	"uint8_t\000"
 1811      385F7400 
 1812              	.LASF47:
 1813 019d 52435F45 		.ascii	"RC_ERROR_INVALID_STATE\000"
 1813      52524F52 
 1813      5F494E56 
 1813      414C4944 
 1813      5F535441 
 1814              	.LASF84:
 1815 01b4 45455F49 		.ascii	"EE_IRQ_nesting_level\000"
 1815      52515F6E 
 1815      65737469 
 1815      6E675F6C 
 1815      6576656C 
 1816              	.LASF83:
 1817 01c9 45455F73 		.ascii	"EE_std_endcycle_next_tid\000"
 1817      74645F65 
 1817      6E646379 
 1817      636C655F 
 1817      6E657874 
 1818              	.LASF29:
 1819 01e2 52435F45 		.ascii	"RC_ERROR_RANGE\000"
 1819      52524F52 
 1819      5F52414E 
 1819      474500
 1820              	.LASF14:
 1821 01f1 666C6F61 		.ascii	"float\000"
 1821      7400
 1822              	.LASF49:
 1823 01f7 52435F45 		.ascii	"RC_ERROR_NOT_IMPLEMENTED\000"
 1823      52524F52 
 1823      5F4E4F54 
 1823      5F494D50 
 1823      4C454D45 
 1824              	.LASF8:
 1825 0210 6C6F6E67 		.ascii	"long long int\000"
 1825      206C6F6E 
 1825      6720696E 
 1825      7400
 1826              	.LASF56:
 1827 021e 654C4544 		.ascii	"eLED_id\000"
 1827      5F696400 
 1828              	.LASF81:
 1829 0226 45455F6F 		.ascii	"EE_oo_IRQ_suspend_status\000"
 1829      6F5F4952 
 1829      515F7375 
 1829      7370656E 
 1829      645F7374 
 1830              	.LASF43:
 1831 023f 52435F45 		.ascii	"RC_ERROR_NOT_MATCH\000"
 1831      52524F52 
 1831      5F4E4F54 
 1831      5F4D4154 
 1831      434800
 1832              	.LASF48:
ARM GAS  C:\Users\schmi\AppData\Local\Temp\ccsT6Bub.s 			page 39


 1833 0252 52435F45 		.ascii	"RC_ERROR_UNKNOWN\000"
 1833      52524F52 
 1833      5F554E4B 
 1833      4E4F574E 
 1833      00
 1834              	.LASF6:
 1835 0263 6C6F6E67 		.ascii	"long int\000"
 1835      20696E74 
 1835      00
 1836              	.LASF31:
 1837 026c 52435F45 		.ascii	"RC_ERROR_UNDERRUN\000"
 1837      52524F52 
 1837      5F554E44 
 1837      45525255 
 1837      4E00
 1838              	.LASF34:
 1839 027e 52435F45 		.ascii	"RC_ERROR_BUSY\000"
 1839      52524F52 
 1839      5F425553 
 1839      5900
 1840              	.LASF66:
 1841 028c 6C656449 		.ascii	"ledId\000"
 1841      6400
 1842              	.LASF63:
 1843 0292 5247425F 		.ascii	"RGB_PWM_red_Start\000"
 1843      50574D5F 
 1843      7265645F 
 1843      53746172 
 1843      7400
 1844              	.LASF74:
 1845 02a4 67726565 		.ascii	"green\000"
 1845      6E00
 1846              	.LASF45:
 1847 02aa 52435F45 		.ascii	"RC_ERROR_BAD_DATA\000"
 1847      52524F52 
 1847      5F424144 
 1847      5F444154 
 1847      4100
 1848              	.LASF76:
 1849 02bc 5247425F 		.ascii	"RGB_PWM_red_WriteCompare\000"
 1849      50574D5F 
 1849      7265645F 
 1849      57726974 
 1849      65436F6D 
 1850              	.LASF61:
 1851 02d5 5247425F 		.ascii	"RGB_PWM_blue_Start\000"
 1851      50574D5F 
 1851      626C7565 
 1851      5F537461 
 1851      727400
 1852              	.LASF17:
 1853 02e8 6C6F6E67 		.ascii	"long double\000"
 1853      20646F75 
 1853      626C6500 
 1854              	.LASF70:
 1855 02f4 4C45445F 		.ascii	"LED_green_Write\000"
 1855      67726565 
ARM GAS  C:\Users\schmi\AppData\Local\Temp\ccsT6Bub.s 			page 40


 1855      6E5F5772 
 1855      69746500 
 1856              	.LASF1:
 1857 0304 756E7369 		.ascii	"unsigned char\000"
 1857      676E6564 
 1857      20636861 
 1857      7200
 1858              	.LASF44:
 1859 0312 52435F45 		.ascii	"RC_ERROR_BAD_PARAM\000"
 1859      52524F52 
 1859      5F424144 
 1859      5F504152 
 1859      414D00
 1860              	.LASF60:
 1861 0325 4C45445F 		.ascii	"LED_ONOFF_t\000"
 1861      4F4E4F46 
 1861      465F7400 
 1862              	.LASF0:
 1863 0331 7369676E 		.ascii	"signed char\000"
 1863      65642063 
 1863      68617200 
 1864              	.LASF9:
 1865 033d 6C6F6E67 		.ascii	"long long unsigned int\000"
 1865      206C6F6E 
 1865      6720756E 
 1865      7369676E 
 1865      65642069 
 1866              	.LASF59:
 1867 0354 4C45445F 		.ascii	"LED_ON\000"
 1867      4F4E00
 1868              	.LASF55:
 1869 035b 4C45445F 		.ascii	"LED_id_t\000"
 1869      69645F74 
 1869      00
 1870              	.LASF10:
 1871 0364 756E7369 		.ascii	"unsigned int\000"
 1871      676E6564 
 1871      20696E74 
 1871      00
 1872              	.LASF36:
 1873 0371 52435F45 		.ascii	"RC_ERROR_OPEN\000"
 1873      52524F52 
 1873      5F4F5045 
 1873      4E00
 1874              	.LASF71:
 1875 037f 4C45445F 		.ascii	"LED_Set\000"
 1875      53657400 
 1876              	.LASF58:
 1877 0387 4C45445F 		.ascii	"LED_OFF\000"
 1877      4F464600 
 1878              	.LASF52:
 1879 038f 4C45445F 		.ascii	"LED_YELLOW\000"
 1879      59454C4C 
 1879      4F5700
 1880              	.LASF26:
 1881 039a 52435F45 		.ascii	"RC_ERROR_NULL\000"
 1881      52524F52 
ARM GAS  C:\Users\schmi\AppData\Local\Temp\ccsT6Bub.s 			page 41


 1881      5F4E554C 
 1881      4C00
 1882              	.LASF33:
 1883 03a8 52435F45 		.ascii	"RC_ERROR_BUFFER_EMTPY\000"
 1883      52524F52 
 1883      5F425546 
 1883      4645525F 
 1883      454D5450 
 1884              	.LASF19:
 1885 03be 45455F49 		.ascii	"EE_INT32\000"
 1885      4E543332 
 1885      00
 1886              	.LASF79:
 1887 03c7 4C45445F 		.ascii	"LED__Pulse_Width\000"
 1887      5F50756C 
 1887      73655F57 
 1887      69647468 
 1887      00
 1888              	.LASF67:
 1889 03d8 6C65644F 		.ascii	"ledOnOff\000"
 1889      6E4F6666 
 1889      00
 1890              	.LASF3:
 1891 03e1 73686F72 		.ascii	"short unsigned int\000"
 1891      7420756E 
 1891      7369676E 
 1891      65642069 
 1891      6E7400
 1892              	.LASF77:
 1893 03f4 5247425F 		.ascii	"RGB_PWM_green_WriteCompare\000"
 1893      50574D5F 
 1893      67726565 
 1893      6E5F5772 
 1893      69746543 
 1894              	.LASF91:
 1895 040f 5247425F 		.ascii	"RGB_PWM_blue_WriteCompare\000"
 1895      50574D5F 
 1895      626C7565 
 1895      5F577269 
 1895      7465436F 
 1896              	.LASF16:
 1897 0429 63686172 		.ascii	"char\000"
 1897      00
 1898              	.LASF88:
 1899 042e 433A5C55 		.ascii	"C:\\Users\\schmi\\OneDrive\\Dokumente\\PSoC Creator"
 1899      73657273 
 1899      5C736368 
 1899      6D695C4F 
 1899      6E654472 
 1900 045c 5C4A736F 		.ascii	"\\JsonParserLAB3\\holidayProject\\setUpEnv.cydsn\000"
 1900      6E506172 
 1900      7365724C 
 1900      4142335C 
 1900      686F6C69 
 1901              	.LASF32:
 1902 048a 52435F45 		.ascii	"RC_ERROR_BUFFER_FULL\000"
 1902      52524F52 
ARM GAS  C:\Users\schmi\AppData\Local\Temp\ccsT6Bub.s 			page 42


 1902      5F425546 
 1902      4645525F 
 1902      46554C4C 
 1903              	.LASF12:
 1904 049f 696E7433 		.ascii	"int32_t\000"
 1904      325F7400 
 1905              	.LASF41:
 1906 04a7 52435F45 		.ascii	"RC_ERROR_READ_FAILS\000"
 1906      52524F52 
 1906      5F524541 
 1906      445F4641 
 1906      494C5300 
 1907              	.LASF73:
 1908 04bb 4C45445F 		.ascii	"LED_RGB_Set\000"
 1908      5247425F 
 1908      53657400 
 1909              	.LASF53:
 1910 04c7 4C45445F 		.ascii	"LED_GREEN\000"
 1910      47524545 
 1910      4E00
 1911              	.LASF82:
 1912 04d1 45455F41 		.ascii	"EE_ApplicationMode\000"
 1912      70706C69 
 1912      63617469 
 1912      6F6E4D6F 
 1912      646500
 1913              	.LASF7:
 1914 04e4 6C6F6E67 		.ascii	"long unsigned int\000"
 1914      20756E73 
 1914      69676E65 
 1914      6420696E 
 1914      7400
 1915              	.LASF89:
 1916 04f6 4C45445F 		.ascii	"LED_Init\000"
 1916      496E6974 
 1916      00
 1917              	.LASF37:
 1918 04ff 52435F45 		.ascii	"RC_ERROR_CHECKSUM\000"
 1918      52524F52 
 1918      5F434845 
 1918      434B5355 
 1918      4D00
 1919              	.LASF21:
 1920 0511 45455F55 		.ascii	"EE_UREG\000"
 1920      52454700 
 1921              	.LASF54:
 1922 0519 4C45445F 		.ascii	"LED_ALL\000"
 1922      414C4C00 
 1923              	.LASF87:
 1924 0521 736F7572 		.ascii	"source\\bsw\\labboard\\led.c\000"
 1924      63655C62 
 1924      73775C6C 
 1924      6162626F 
 1924      6172645C 
 1925              	.LASF5:
 1926 053b 5F5F696E 		.ascii	"__int32_t\000"
 1926      7433325F 
ARM GAS  C:\Users\schmi\AppData\Local\Temp\ccsT6Bub.s 			page 43


 1926      7400
 1927              	.LASF62:
 1928 0545 5247425F 		.ascii	"RGB_PWM_green_Start\000"
 1928      50574D5F 
 1928      67726565 
 1928      6E5F5374 
 1928      61727400 
 1929              	.LASF46:
 1930 0559 52435F45 		.ascii	"RC_ERROR_CANCELED\000"
 1930      52524F52 
 1930      5F43414E 
 1930      43454C45 
 1930      4400
 1931              	.LASF15:
 1932 056b 646F7562 		.ascii	"double\000"
 1932      6C6500
 1933              	.LASF85:
 1934 0572 49544D5F 		.ascii	"ITM_RxBuffer\000"
 1934      52784275 
 1934      66666572 
 1934      00
 1935              	.LASF25:
 1936 057f 52435F45 		.ascii	"RC_ERROR\000"
 1936      52524F52 
 1936      00
 1937              	.LASF69:
 1938 0588 4C45445F 		.ascii	"LED_yellow_Write\000"
 1938      79656C6C 
 1938      6F775F57 
 1938      72697465 
 1938      00
 1939              	.LASF51:
 1940 0599 4C45445F 		.ascii	"LED_RED\000"
 1940      52454400 
 1941              	.LASF28:
 1942 05a1 52435F45 		.ascii	"RC_ERROR_MEMORY\000"
 1942      52524F52 
 1942      5F4D454D 
 1942      4F525900 
 1943              	.LASF80:
 1944 05b1 45455F6F 		.ascii	"EE_oo_IRQ_disable_count\000"
 1944      6F5F4952 
 1944      515F6469 
 1944      7361626C 
 1944      655F636F 
 1945              	.LASF4:
 1946 05c9 5F5F7569 		.ascii	"__uint8_t\000"
 1946      6E74385F 
 1946      7400
 1947              	.LASF35:
 1948 05d3 52435F45 		.ascii	"RC_ERROR_TIME_OUT\000"
 1948      52524F52 
 1948      5F54494D 
 1948      455F4F55 
 1948      5400
 1949              		.ident	"GCC: (GNU Tools for ARM Embedded Processors) 5.4.1 20160609 (release) [ARM/embedded-5-bran
