ARM GAS  C:\Users\schmi\AppData\Local\Temp\ccJh8FBa.s 			page 1


   1              		.syntax unified
   2              		.cpu cortex-m3
   3              		.fpu softvfp
   4              		.eabi_attribute 20, 1
   5              		.eabi_attribute 21, 1
   6              		.eabi_attribute 23, 3
   7              		.eabi_attribute 24, 1
   8              		.eabi_attribute 25, 1
   9              		.eabi_attribute 26, 1
  10              		.eabi_attribute 30, 6
  11              		.eabi_attribute 34, 1
  12              		.eabi_attribute 18, 4
  13              		.thumb
  14              		.syntax unified
  15              		.file	"logging.c"
  16              		.text
  17              	.Ltext0:
  18              		.cfi_sections	.debug_frame
  19              		.global	logLevel2String
  20              		.section	.rodata
  21              		.align	2
  22              		.type	logLevel2String, %object
  23              		.size	logLevel2String, 48
  24              	logLevel2String:
  25 0000 56657262 		.ascii	"Verbose\000"
  25      6F736500 
  26 0008 496E666F 		.ascii	"Info\000"
  26      00
  27 000d 000000   		.space	3
  28 0010 5761726E 		.ascii	"Warning\000"
  28      696E6700 
  29 0018 4572726F 		.ascii	"Error\000"
  29      7200
  30 001e 0000     		.space	2
  31 0020 44656275 		.ascii	"Debug\000"
  31      6700
  32 0026 0000     		.space	2
  33 0028 4F666600 		.ascii	"Off\000"
  34 002c 00000000 		.space	4
  35              		.align	2
  36              	.LC0:
  37 0030 0A00     		.ascii	"\012\000"
  38 0032 0000     		.align	2
  39              	.LC1:
  40 0034 55415254 		.ascii	"UART started\000"
  40      20737461 
  40      72746564 
  40      00
  41              		.section	.text.LOG_Init,"ax",%progbits
  42              		.align	2
  43              		.global	LOG_Init
  44              		.thumb
  45              		.thumb_func
  46              		.type	LOG_Init, %function
  47              	LOG_Init:
  48              	.LFB114:
  49              		.file 1 "source\\bsw\\services\\logging.c"
ARM GAS  C:\Users\schmi\AppData\Local\Temp\ccJh8FBa.s 			page 2


   1:source\bsw\services/logging.c **** /**
   2:source\bsw\services/logging.c ****  * \file 	logging.c
   3:source\bsw\services/logging.c ****  * \author 	Thomas Barth	- Hochschule Darmstadt thomas.barth@h-da.de
   4:source\bsw\services/logging.c ****  * \date 	26.11.2016
   5:source\bsw\services/logging.c ****  * \version 0.1
   6:source\bsw\services/logging.c ****  *
   7:source\bsw\services/logging.c ****  * \brief  Logging mechanism
   8:source\bsw\services/logging.c ****  *
   9:source\bsw\services/logging.c ****  * \copyright Copyright ©2016
  10:source\bsw\services/logging.c ****  * Department of electrical engineering and information technology, Hochschule Darmstadt - Universi
  11:source\bsw\services/logging.c ****  * Permission to use, copy, modify, and distribute this software and its documentation for educatio
  12:source\bsw\services/logging.c ****  * (unless permitted by h_da) and official h_da projects, is hereby granted for enrolled students o
  13:source\bsw\services/logging.c ****  * this paragraph and the following paragraph appear in all copies, modifications, and distribution
  14:source\bsw\services/logging.c ****  * Contact Prof.Dr.-Ing. Peter Fromm, peter.fromm@h-da.de, Birkenweg 8 64295 Darmstadt - GERMANY fo
  15:source\bsw\services/logging.c ****  *
  16:source\bsw\services/logging.c ****  * \warning This software is a PROTOTYPE version and is not designed or intended for use in product
  17:source\bsw\services/logging.c ****  * The user represents and warrants that it will NOT use or redistribute the Software for such purp
  18:source\bsw\services/logging.c ****  * This prototype is for research purposes only. This software is provided "AS IS," without a warra
  19:source\bsw\services/logging.c ****  */
  20:source\bsw\services/logging.c **** /*=======================[ Includes ]==============================================================
  21:source\bsw\services/logging.c **** #include <project.h>
  22:source\bsw\services/logging.c **** #include "logging.h"
  23:source\bsw\services/logging.c **** 
  24:source\bsw\services/logging.c **** 
  25:source\bsw\services/logging.c **** /*=======================[ constant data ]=========================================================
  26:source\bsw\services/logging.c **** 
  27:source\bsw\services/logging.c **** const char logLevel2String[6][CFG_LOGGING_LEVEL_L+1]={
  28:source\bsw\services/logging.c ****     "Verbose",
  29:source\bsw\services/logging.c ****     "Info",
  30:source\bsw\services/logging.c ****     "Warning",
  31:source\bsw\services/logging.c ****     "Error",
  32:source\bsw\services/logging.c ****     "Debug",
  33:source\bsw\services/logging.c ****     "Off"
  34:source\bsw\services/logging.c **** };
  35:source\bsw\services/logging.c **** 
  36:source\bsw\services/logging.c **** /*=======================[ variable data ]=========================================================
  37:source\bsw\services/logging.c **** 
  38:source\bsw\services/logging.c **** /*=======================[ Function implementation ]===============================================
  39:source\bsw\services/logging.c **** 
  40:source\bsw\services/logging.c **** RC_t LOG_Init(void){
  50              		.loc 1 40 0
  51              		.cfi_startproc
  52              		@ args = 0, pretend = 0, frame = 0
  53              		@ frame_needed = 1, uses_anonymous_args = 0
  54 0000 80B5     		push	{r7, lr}
  55              		.cfi_def_cfa_offset 8
  56              		.cfi_offset 7, -8
  57              		.cfi_offset 14, -4
  58 0002 00AF     		add	r7, sp, #0
  59              		.cfi_def_cfa_register 7
  41:source\bsw\services/logging.c **** #if (CFG_LOGGING_ENABLE==ON)   
  42:source\bsw\services/logging.c ****     //Start logging service HW module
  43:source\bsw\services/logging.c ****     MODULE_LOG(Start)();
  60              		.loc 1 43 0
  61 0004 FFF7FEFF 		bl	UART_LOG_Start
  44:source\bsw\services/logging.c ****     
  45:source\bsw\services/logging.c ****     //indicate DEBUG Start
ARM GAS  C:\Users\schmi\AppData\Local\Temp\ccJh8FBa.s 			page 3


  46:source\bsw\services/logging.c ****     MODULE_LOG(PutString)(CFG_LOGGING_NL_CHAR);
  62              		.loc 1 46 0
  63 0008 0748     		ldr	r0, .L2
  64 000a FFF7FEFF 		bl	UART_LOG_PutString
  47:source\bsw\services/logging.c ****     MODULE_LOG(PutString)(CFG_LOGGING_NL_CHAR);
  65              		.loc 1 47 0
  66 000e 0648     		ldr	r0, .L2
  67 0010 FFF7FEFF 		bl	UART_LOG_PutString
  48:source\bsw\services/logging.c ****     MODULE_LOG(PutString)("UART started");
  68              		.loc 1 48 0
  69 0014 0548     		ldr	r0, .L2+4
  70 0016 FFF7FEFF 		bl	UART_LOG_PutString
  49:source\bsw\services/logging.c ****     MODULE_LOG(PutString)(CFG_LOGGING_NL_CHAR);
  71              		.loc 1 49 0
  72 001a 0348     		ldr	r0, .L2
  73 001c FFF7FEFF 		bl	UART_LOG_PutString
  50:source\bsw\services/logging.c **** 
  51:source\bsw\services/logging.c **** #else
  52:source\bsw\services/logging.c ****     return RC_ERROR_INVALID_STATE;
  53:source\bsw\services/logging.c **** #endif
  54:source\bsw\services/logging.c **** }
  74              		.loc 1 54 0
  75 0020 00BF     		nop
  76 0022 1846     		mov	r0, r3
  77 0024 80BD     		pop	{r7, pc}
  78              	.L3:
  79 0026 00BF     		.align	2
  80              	.L2:
  81 0028 30000000 		.word	.LC0
  82 002c 34000000 		.word	.LC1
  83              		.cfi_endproc
  84              	.LFE114:
  85              		.size	LOG_Init, .-LOG_Init
  86              		.section	.rodata
  87 0041 000000   		.align	2
  88              	.LC2:
  89 0044 203A2000 		.ascii	" : \000"
  90              		.section	.text.LOG_send,"ax",%progbits
  91              		.align	2
  92              		.global	LOG_send
  93              		.thumb
  94              		.thumb_func
  95              		.type	LOG_send, %function
  96              	LOG_send:
  97              	.LFB115:
  55:source\bsw\services/logging.c **** 
  56:source\bsw\services/logging.c **** RC_t LOG_send(logging_t* entry){
  98              		.loc 1 56 0
  99              		.cfi_startproc
 100              		@ args = 0, pretend = 0, frame = 16
 101              		@ frame_needed = 1, uses_anonymous_args = 0
 102 0000 80B5     		push	{r7, lr}
 103              		.cfi_def_cfa_offset 8
 104              		.cfi_offset 7, -8
 105              		.cfi_offset 14, -4
 106 0002 84B0     		sub	sp, sp, #16
 107              		.cfi_def_cfa_offset 24
ARM GAS  C:\Users\schmi\AppData\Local\Temp\ccJh8FBa.s 			page 4


 108 0004 00AF     		add	r7, sp, #0
 109              		.cfi_def_cfa_register 7
 110 0006 7860     		str	r0, [r7, #4]
  57:source\bsw\services/logging.c ****     
  58:source\bsw\services/logging.c ****     //result buffer
  59:source\bsw\services/logging.c ****     RC_t result=RC_ERROR_INVALID_STATE;
 111              		.loc 1 59 0
 112 0008 E923     		movs	r3, #233
 113 000a FB73     		strb	r3, [r7, #15]
  60:source\bsw\services/logging.c **** #if (CFG_LOGGING_ENABLE==ON)     
  61:source\bsw\services/logging.c ****     MODULE_LOG(PutString)(entry->sender);
 114              		.loc 1 61 0
 115 000c 7B68     		ldr	r3, [r7, #4]
 116 000e 0133     		adds	r3, r3, #1
 117 0010 1846     		mov	r0, r3
 118 0012 FFF7FEFF 		bl	UART_LOG_PutString
  62:source\bsw\services/logging.c ****     MODULE_LOG(PutString)(" : ");
 119              		.loc 1 62 0
 120 0016 0948     		ldr	r0, .L6
 121 0018 FFF7FEFF 		bl	UART_LOG_PutString
  63:source\bsw\services/logging.c ****     MODULE_LOG(PutString)(entry->message);
 122              		.loc 1 63 0
 123 001c 7B68     		ldr	r3, [r7, #4]
 124 001e 1133     		adds	r3, r3, #17
 125 0020 1846     		mov	r0, r3
 126 0022 FFF7FEFF 		bl	UART_LOG_PutString
  64:source\bsw\services/logging.c ****     MODULE_LOG(PutString)(CFG_LOGGING_NL_CHAR);
 127              		.loc 1 64 0
 128 0026 0648     		ldr	r0, .L6+4
 129 0028 FFF7FEFF 		bl	UART_LOG_PutString
  65:source\bsw\services/logging.c ****     
  66:source\bsw\services/logging.c ****     result = RC_SUCCESS;
 130              		.loc 1 66 0
 131 002c 0023     		movs	r3, #0
 132 002e FB73     		strb	r3, [r7, #15]
  67:source\bsw\services/logging.c ****     
  68:source\bsw\services/logging.c **** #endif
  69:source\bsw\services/logging.c **** 
  70:source\bsw\services/logging.c ****     return result;
 133              		.loc 1 70 0
 134 0030 97F90F30 		ldrsb	r3, [r7, #15]
  71:source\bsw\services/logging.c **** 
  72:source\bsw\services/logging.c **** }
 135              		.loc 1 72 0
 136 0034 1846     		mov	r0, r3
 137 0036 1037     		adds	r7, r7, #16
 138              		.cfi_def_cfa_offset 8
 139 0038 BD46     		mov	sp, r7
 140              		.cfi_def_cfa_register 13
 141              		@ sp needed
 142 003a 80BD     		pop	{r7, pc}
 143              	.L7:
 144              		.align	2
 145              	.L6:
 146 003c 44000000 		.word	.LC2
 147 0040 30000000 		.word	.LC0
 148              		.cfi_endproc
ARM GAS  C:\Users\schmi\AppData\Local\Temp\ccJh8FBa.s 			page 5


 149              	.LFE115:
 150              		.size	LOG_send, .-LOG_send
 151              		.text
 152              	.Letext0:
 153              		.file 2 "c:\\program files (x86)\\cypress\\psoc creator\\4.4\\psoc creator\\import\\gnu\\arm\\5.4.
 154              		.file 3 "c:\\program files (x86)\\cypress\\psoc creator\\4.4\\psoc creator\\import\\gnu\\arm\\5.4.
 155              		.file 4 "Generated_Source\\PSoC5/ErikaOS_1_common_ee_types.inc"
 156              		.file 5 "Generated_Source\\PSoC5/ErikaOS_1_cortex_mx_ee_cpu.inc"
 157              		.file 6 ".\\source\\bsw/global.h"
 158              		.file 7 "source\\bsw\\services\\logging.h"
 159              		.file 8 "Generated_Source\\PSoC5/ErikaOS_1_ee_oo_intfunc.inc"
 160              		.file 9 "Generated_Source\\PSoC5/ErikaOS_1_cortex_mx_ee_context.inc"
 161              		.file 10 "Generated_Source\\PSoC5/ErikaOS_1_common_ee_primitives.inc"
 162              		.file 11 "Generated_Source\\PSoC5/core_cm3.h"
 163              		.section	.debug_info,"",%progbits
 164              	.Ldebug_info0:
 165 0000 EA020000 		.4byte	0x2ea
 166 0004 0400     		.2byte	0x4
 167 0006 00000000 		.4byte	.Ldebug_abbrev0
 168 000a 04       		.byte	0x4
 169 000b 01       		.uleb128 0x1
 170 000c A5000000 		.4byte	.LASF66
 171 0010 0C       		.byte	0xc
 172 0011 6E010000 		.4byte	.LASF67
 173 0015 6D030000 		.4byte	.LASF68
 174 0019 00000000 		.4byte	.Ldebug_ranges0+0
 175 001d 00000000 		.4byte	0
 176 0021 00000000 		.4byte	.Ldebug_line0
 177 0025 02       		.uleb128 0x2
 178 0026 01       		.byte	0x1
 179 0027 06       		.byte	0x6
 180 0028 BC020000 		.4byte	.LASF0
 181 002c 02       		.uleb128 0x2
 182 002d 01       		.byte	0x1
 183 002e 08       		.byte	0x8
 184 002f AE020000 		.4byte	.LASF1
 185 0033 02       		.uleb128 0x2
 186 0034 02       		.byte	0x2
 187 0035 05       		.byte	0x5
 188 0036 57000000 		.4byte	.LASF2
 189 003a 02       		.uleb128 0x2
 190 003b 02       		.byte	0x2
 191 003c 07       		.byte	0x7
 192 003d 49030000 		.4byte	.LASF3
 193 0041 03       		.uleb128 0x3
 194 0042 4E040000 		.4byte	.LASF9
 195 0046 02       		.byte	0x2
 196 0047 3F       		.byte	0x3f
 197 0048 4C000000 		.4byte	0x4c
 198 004c 02       		.uleb128 0x2
 199 004d 04       		.byte	0x4
 200 004e 05       		.byte	0x5
 201 004f 46020000 		.4byte	.LASF4
 202 0053 02       		.uleb128 0x2
 203 0054 04       		.byte	0x4
 204 0055 07       		.byte	0x7
 205 0056 0A030000 		.4byte	.LASF5
ARM GAS  C:\Users\schmi\AppData\Local\Temp\ccJh8FBa.s 			page 6


 206 005a 02       		.uleb128 0x2
 207 005b 08       		.byte	0x8
 208 005c 05       		.byte	0x5
 209 005d FB010000 		.4byte	.LASF6
 210 0061 02       		.uleb128 0x2
 211 0062 08       		.byte	0x8
 212 0063 07       		.byte	0x7
 213 0064 C8020000 		.4byte	.LASF7
 214 0068 04       		.uleb128 0x4
 215 0069 04       		.byte	0x4
 216 006a 05       		.byte	0x5
 217 006b 696E7400 		.ascii	"int\000"
 218 006f 02       		.uleb128 0x2
 219 0070 04       		.byte	0x4
 220 0071 07       		.byte	0x7
 221 0072 EF020000 		.4byte	.LASF8
 222 0076 03       		.uleb128 0x3
 223 0077 DE030000 		.4byte	.LASF10
 224 007b 03       		.byte	0x3
 225 007c 2C       		.byte	0x2c
 226 007d 41000000 		.4byte	0x41
 227 0081 02       		.uleb128 0x2
 228 0082 04       		.byte	0x4
 229 0083 04       		.byte	0x4
 230 0084 DC010000 		.4byte	.LASF11
 231 0088 02       		.uleb128 0x2
 232 0089 08       		.byte	0x8
 233 008a 04       		.byte	0x4
 234 008b 2D040000 		.4byte	.LASF12
 235 008f 02       		.uleb128 0x2
 236 0090 01       		.byte	0x1
 237 0091 08       		.byte	0x8
 238 0092 68030000 		.4byte	.LASF13
 239 0096 02       		.uleb128 0x2
 240 0097 08       		.byte	0x8
 241 0098 04       		.byte	0x4
 242 0099 A2020000 		.4byte	.LASF14
 243 009d 02       		.uleb128 0x2
 244 009e 04       		.byte	0x4
 245 009f 07       		.byte	0x7
 246 00a0 87000000 		.4byte	.LASF15
 247 00a4 05       		.uleb128 0x5
 248 00a5 8F000000 		.4byte	0x8f
 249 00a9 03       		.uleb128 0x3
 250 00aa 40030000 		.4byte	.LASF16
 251 00ae 04       		.byte	0x4
 252 00af 53       		.byte	0x53
 253 00b0 68000000 		.4byte	0x68
 254 00b4 03       		.uleb128 0x3
 255 00b5 5D010000 		.4byte	.LASF17
 256 00b9 04       		.byte	0x4
 257 00ba 54       		.byte	0x54
 258 00bb 6F000000 		.4byte	0x6f
 259 00bf 03       		.uleb128 0x3
 260 00c0 46040000 		.4byte	.LASF18
 261 00c4 05       		.byte	0x5
 262 00c5 4D       		.byte	0x4d
ARM GAS  C:\Users\schmi\AppData\Local\Temp\ccJh8FBa.s 			page 7


 263 00c6 B4000000 		.4byte	0xb4
 264 00ca 03       		.uleb128 0x3
 265 00cb 41010000 		.4byte	.LASF19
 266 00cf 05       		.byte	0x5
 267 00d0 4F       		.byte	0x4f
 268 00d1 B4000000 		.4byte	0xb4
 269 00d5 03       		.uleb128 0x3
 270 00d6 67010000 		.4byte	.LASF20
 271 00da 05       		.byte	0x5
 272 00db 78       		.byte	0x78
 273 00dc A9000000 		.4byte	0xa9
 274 00e0 06       		.uleb128 0x6
 275 00e1 01       		.byte	0x1
 276 00e2 25000000 		.4byte	0x25
 277 00e6 06       		.byte	0x6
 278 00e7 CF       		.byte	0xcf
 279 00e8 89010000 		.4byte	0x189
 280 00ec 07       		.uleb128 0x7
 281 00ed 1A000000 		.4byte	.LASF21
 282 00f1 00       		.byte	0
 283 00f2 08       		.uleb128 0x8
 284 00f3 8F040000 		.4byte	.LASF22
 285 00f7 7F       		.sleb128 -1
 286 00f8 08       		.uleb128 0x8
 287 00f9 1C030000 		.4byte	.LASF23
 288 00fd 7E       		.sleb128 -2
 289 00fe 08       		.uleb128 0x8
 290 00ff 33010000 		.4byte	.LASF24
 291 0103 7D       		.sleb128 -3
 292 0104 08       		.uleb128 0x8
 293 0105 98040000 		.4byte	.LASF25
 294 0109 7C       		.sleb128 -4
 295 010a 08       		.uleb128 0x8
 296 010b C6010000 		.4byte	.LASF26
 297 010f 7B       		.sleb128 -5
 298 0110 08       		.uleb128 0x8
 299 0111 61000000 		.4byte	.LASF27
 300 0115 7A       		.sleb128 -6
 301 0116 08       		.uleb128 0x8
 302 0117 4F020000 		.4byte	.LASF28
 303 011b 79       		.sleb128 -7
 304 011c 08       		.uleb128 0x8
 305 011d C9030000 		.4byte	.LASF29
 306 0121 78       		.sleb128 -8
 307 0122 08       		.uleb128 0x8
 308 0123 2A030000 		.4byte	.LASF30
 309 0127 77       		.sleb128 -9
 310 0128 08       		.uleb128 0x8
 311 0129 61020000 		.4byte	.LASF31
 312 012d 76       		.sleb128 -10
 313 012e 08       		.uleb128 0x8
 314 012f C5040000 		.4byte	.LASF32
 315 0133 75       		.sleb128 -11
 316 0134 08       		.uleb128 0x8
 317 0135 FC020000 		.4byte	.LASF33
 318 0139 74       		.sleb128 -12
 319 013a 08       		.uleb128 0x8
ARM GAS  C:\Users\schmi\AppData\Local\Temp\ccJh8FBa.s 			page 8


 320 013b 34040000 		.4byte	.LASF34
 321 013f 73       		.sleb128 -13
 322 0140 08       		.uleb128 0x8
 323 0141 07000000 		.4byte	.LASF35
 324 0145 72       		.sleb128 -14
 325 0146 08       		.uleb128 0x8
 326 0147 43000000 		.4byte	.LASF36
 327 014b 71       		.sleb128 -15
 328 014c 08       		.uleb128 0x8
 329 014d 6F020000 		.4byte	.LASF37
 330 0151 70       		.sleb128 -16
 331 0152 08       		.uleb128 0x8
 332 0153 49010000 		.4byte	.LASF38
 333 0157 6F       		.sleb128 -17
 334 0158 08       		.uleb128 0x8
 335 0159 72000000 		.4byte	.LASF39
 336 015d 6E       		.sleb128 -18
 337 015e 08       		.uleb128 0x8
 338 015f 22020000 		.4byte	.LASF40
 339 0163 6D       		.sleb128 -19
 340 0164 08       		.uleb128 0x8
 341 0165 FF030000 		.4byte	.LASF41
 342 0169 6C       		.sleb128 -20
 343 016a 08       		.uleb128 0x8
 344 016b 80020000 		.4byte	.LASF42
 345 016f 6B       		.sleb128 -21
 346 0170 08       		.uleb128 0x8
 347 0171 70040000 		.4byte	.LASF43
 348 0175 6A       		.sleb128 -22
 349 0176 08       		.uleb128 0x8
 350 0177 8C010000 		.4byte	.LASF44
 351 017b 69       		.sleb128 -23
 352 017c 08       		.uleb128 0x8
 353 017d 35020000 		.4byte	.LASF45
 354 0181 68       		.sleb128 -24
 355 0182 08       		.uleb128 0x8
 356 0183 E2010000 		.4byte	.LASF46
 357 0187 67       		.sleb128 -25
 358 0188 00       		.byte	0
 359 0189 03       		.uleb128 0x3
 360 018a C0040000 		.4byte	.LASF47
 361 018e 06       		.byte	0x6
 362 018f EA       		.byte	0xea
 363 0190 E0000000 		.4byte	0xe0
 364 0194 06       		.uleb128 0x6
 365 0195 01       		.byte	0x1
 366 0196 2C000000 		.4byte	0x2c
 367 019a 07       		.byte	0x7
 368 019b 3D       		.byte	0x3d
 369 019c C5010000 		.4byte	0x1c5
 370 01a0 07       		.uleb128 0x7
 371 01a1 37000000 		.4byte	.LASF48
 372 01a5 00       		.byte	0
 373 01a6 07       		.uleb128 0x7
 374 01a7 67040000 		.4byte	.LASF49
 375 01ab 01       		.byte	0x1
 376 01ac 07       		.uleb128 0x7
ARM GAS  C:\Users\schmi\AppData\Local\Temp\ccJh8FBa.s 			page 9


 377 01ad 5C030000 		.4byte	.LASF50
 378 01b1 02       		.byte	0x2
 379 01b2 07       		.uleb128 0x7
 380 01b3 A3010000 		.4byte	.LASF51
 381 01b7 03       		.byte	0x3
 382 01b8 07       		.uleb128 0x7
 383 01b9 92020000 		.4byte	.LASF52
 384 01bd 04       		.byte	0x4
 385 01be 07       		.uleb128 0x7
 386 01bf 25000000 		.4byte	.LASF53
 387 01c3 05       		.byte	0x5
 388 01c4 00       		.byte	0
 389 01c5 03       		.uleb128 0x3
 390 01c6 EF030000 		.4byte	.LASF54
 391 01ca 07       		.byte	0x7
 392 01cb 44       		.byte	0x44
 393 01cc 94010000 		.4byte	0x194
 394 01d0 09       		.uleb128 0x9
 395 01d1 A8       		.byte	0xa8
 396 01d2 07       		.byte	0x7
 397 01d3 4B       		.byte	0x4b
 398 01d4 FD010000 		.4byte	0x1fd
 399 01d8 0A       		.uleb128 0xa
 400 01d9 58040000 		.4byte	.LASF55
 401 01dd 07       		.byte	0x7
 402 01de 4C       		.byte	0x4c
 403 01df C5010000 		.4byte	0x1c5
 404 01e3 00       		.byte	0
 405 01e4 0A       		.uleb128 0xa
 406 01e5 D5010000 		.4byte	.LASF56
 407 01e9 07       		.byte	0x7
 408 01ea 4D       		.byte	0x4d
 409 01eb FD010000 		.4byte	0x1fd
 410 01ef 01       		.byte	0x1
 411 01f0 0A       		.uleb128 0xa
 412 01f1 25040000 		.4byte	.LASF57
 413 01f5 07       		.byte	0x7
 414 01f6 4E       		.byte	0x4e
 415 01f7 0D020000 		.4byte	0x20d
 416 01fb 11       		.byte	0x11
 417 01fc 00       		.byte	0
 418 01fd 0B       		.uleb128 0xb
 419 01fe 8F000000 		.4byte	0x8f
 420 0202 0D020000 		.4byte	0x20d
 421 0206 0C       		.uleb128 0xc
 422 0207 9D000000 		.4byte	0x9d
 423 020b 0F       		.byte	0xf
 424 020c 00       		.byte	0
 425 020d 0B       		.uleb128 0xb
 426 020e 8F000000 		.4byte	0x8f
 427 0212 1D020000 		.4byte	0x21d
 428 0216 0C       		.uleb128 0xc
 429 0217 9D000000 		.4byte	0x9d
 430 021b 96       		.byte	0x96
 431 021c 00       		.byte	0
 432 021d 03       		.uleb128 0x3
 433 021e 2D000000 		.4byte	.LASF58
ARM GAS  C:\Users\schmi\AppData\Local\Temp\ccJh8FBa.s 			page 10


 434 0222 07       		.byte	0x7
 435 0223 4F       		.byte	0x4f
 436 0224 D0010000 		.4byte	0x1d0
 437 0228 0D       		.uleb128 0xd
 438 0229 E6030000 		.4byte	.LASF69
 439 022d 01       		.byte	0x1
 440 022e 28       		.byte	0x28
 441 022f 89010000 		.4byte	0x189
 442 0233 00000000 		.4byte	.LFB114
 443 0237 30000000 		.4byte	.LFE114-.LFB114
 444 023b 01       		.uleb128 0x1
 445 023c 9C       		.byte	0x9c
 446 023d 0E       		.uleb128 0xe
 447 023e 5E040000 		.4byte	.LASF70
 448 0242 01       		.byte	0x1
 449 0243 38       		.byte	0x38
 450 0244 89010000 		.4byte	0x189
 451 0248 00000000 		.4byte	.LFB115
 452 024c 44000000 		.4byte	.LFE115-.LFB115
 453 0250 01       		.uleb128 0x1
 454 0251 9C       		.byte	0x9c
 455 0252 73020000 		.4byte	0x273
 456 0256 0F       		.uleb128 0xf
 457 0257 9C020000 		.4byte	.LASF71
 458 025b 01       		.byte	0x1
 459 025c 38       		.byte	0x38
 460 025d 73020000 		.4byte	0x273
 461 0261 02       		.uleb128 0x2
 462 0262 91       		.byte	0x91
 463 0263 6C       		.sleb128 -20
 464 0264 10       		.uleb128 0x10
 465 0265 00000000 		.4byte	.LASF72
 466 0269 01       		.byte	0x1
 467 026a 3B       		.byte	0x3b
 468 026b 89010000 		.4byte	0x189
 469 026f 02       		.uleb128 0x2
 470 0270 91       		.byte	0x91
 471 0271 77       		.sleb128 -9
 472 0272 00       		.byte	0
 473 0273 11       		.uleb128 0x11
 474 0274 04       		.byte	0x4
 475 0275 1D020000 		.4byte	0x21d
 476 0279 12       		.uleb128 0x12
 477 027a A8040000 		.4byte	.LASF59
 478 027e 08       		.byte	0x8
 479 027f 40       		.byte	0x40
 480 0280 BF000000 		.4byte	0xbf
 481 0284 12       		.uleb128 0x12
 482 0285 09020000 		.4byte	.LASF60
 483 0289 08       		.byte	0x8
 484 028a 47       		.byte	0x47
 485 028b CA000000 		.4byte	0xca
 486 028f 12       		.uleb128 0x12
 487 0290 12040000 		.4byte	.LASF61
 488 0294 08       		.byte	0x8
 489 0295 4A       		.byte	0x4a
 490 0296 BF000000 		.4byte	0xbf
ARM GAS  C:\Users\schmi\AppData\Local\Temp\ccJh8FBa.s 			page 11


 491 029a 12       		.uleb128 0x12
 492 029b AD010000 		.4byte	.LASF62
 493 029f 09       		.byte	0x9
 494 02a0 48       		.byte	0x48
 495 02a1 D5000000 		.4byte	0xd5
 496 02a5 12       		.uleb128 0x12
 497 02a6 90000000 		.4byte	.LASF63
 498 02aa 0A       		.byte	0xa
 499 02ab 44       		.byte	0x44
 500 02ac BF000000 		.4byte	0xbf
 501 02b0 13       		.uleb128 0x13
 502 02b1 82040000 		.4byte	.LASF64
 503 02b5 0B       		.byte	0xb
 504 02b6 1207     		.2byte	0x712
 505 02b8 BC020000 		.4byte	0x2bc
 506 02bc 14       		.uleb128 0x14
 507 02bd 76000000 		.4byte	0x76
 508 02c1 0B       		.uleb128 0xb
 509 02c2 A4000000 		.4byte	0xa4
 510 02c6 D7020000 		.4byte	0x2d7
 511 02ca 0C       		.uleb128 0xc
 512 02cb 9D000000 		.4byte	0x9d
 513 02cf 05       		.byte	0x5
 514 02d0 0C       		.uleb128 0xc
 515 02d1 9D000000 		.4byte	0x9d
 516 02d5 07       		.byte	0x7
 517 02d6 00       		.byte	0
 518 02d7 15       		.uleb128 0x15
 519 02d8 DF020000 		.4byte	.LASF65
 520 02dc 01       		.byte	0x1
 521 02dd 1B       		.byte	0x1b
 522 02de E8020000 		.4byte	0x2e8
 523 02e2 05       		.uleb128 0x5
 524 02e3 03       		.byte	0x3
 525 02e4 00000000 		.4byte	logLevel2String
 526 02e8 05       		.uleb128 0x5
 527 02e9 C1020000 		.4byte	0x2c1
 528 02ed 00       		.byte	0
 529              		.section	.debug_abbrev,"",%progbits
 530              	.Ldebug_abbrev0:
 531 0000 01       		.uleb128 0x1
 532 0001 11       		.uleb128 0x11
 533 0002 01       		.byte	0x1
 534 0003 25       		.uleb128 0x25
 535 0004 0E       		.uleb128 0xe
 536 0005 13       		.uleb128 0x13
 537 0006 0B       		.uleb128 0xb
 538 0007 03       		.uleb128 0x3
 539 0008 0E       		.uleb128 0xe
 540 0009 1B       		.uleb128 0x1b
 541 000a 0E       		.uleb128 0xe
 542 000b 55       		.uleb128 0x55
 543 000c 17       		.uleb128 0x17
 544 000d 11       		.uleb128 0x11
 545 000e 01       		.uleb128 0x1
 546 000f 10       		.uleb128 0x10
 547 0010 17       		.uleb128 0x17
ARM GAS  C:\Users\schmi\AppData\Local\Temp\ccJh8FBa.s 			page 12


 548 0011 00       		.byte	0
 549 0012 00       		.byte	0
 550 0013 02       		.uleb128 0x2
 551 0014 24       		.uleb128 0x24
 552 0015 00       		.byte	0
 553 0016 0B       		.uleb128 0xb
 554 0017 0B       		.uleb128 0xb
 555 0018 3E       		.uleb128 0x3e
 556 0019 0B       		.uleb128 0xb
 557 001a 03       		.uleb128 0x3
 558 001b 0E       		.uleb128 0xe
 559 001c 00       		.byte	0
 560 001d 00       		.byte	0
 561 001e 03       		.uleb128 0x3
 562 001f 16       		.uleb128 0x16
 563 0020 00       		.byte	0
 564 0021 03       		.uleb128 0x3
 565 0022 0E       		.uleb128 0xe
 566 0023 3A       		.uleb128 0x3a
 567 0024 0B       		.uleb128 0xb
 568 0025 3B       		.uleb128 0x3b
 569 0026 0B       		.uleb128 0xb
 570 0027 49       		.uleb128 0x49
 571 0028 13       		.uleb128 0x13
 572 0029 00       		.byte	0
 573 002a 00       		.byte	0
 574 002b 04       		.uleb128 0x4
 575 002c 24       		.uleb128 0x24
 576 002d 00       		.byte	0
 577 002e 0B       		.uleb128 0xb
 578 002f 0B       		.uleb128 0xb
 579 0030 3E       		.uleb128 0x3e
 580 0031 0B       		.uleb128 0xb
 581 0032 03       		.uleb128 0x3
 582 0033 08       		.uleb128 0x8
 583 0034 00       		.byte	0
 584 0035 00       		.byte	0
 585 0036 05       		.uleb128 0x5
 586 0037 26       		.uleb128 0x26
 587 0038 00       		.byte	0
 588 0039 49       		.uleb128 0x49
 589 003a 13       		.uleb128 0x13
 590 003b 00       		.byte	0
 591 003c 00       		.byte	0
 592 003d 06       		.uleb128 0x6
 593 003e 04       		.uleb128 0x4
 594 003f 01       		.byte	0x1
 595 0040 0B       		.uleb128 0xb
 596 0041 0B       		.uleb128 0xb
 597 0042 49       		.uleb128 0x49
 598 0043 13       		.uleb128 0x13
 599 0044 3A       		.uleb128 0x3a
 600 0045 0B       		.uleb128 0xb
 601 0046 3B       		.uleb128 0x3b
 602 0047 0B       		.uleb128 0xb
 603 0048 01       		.uleb128 0x1
 604 0049 13       		.uleb128 0x13
ARM GAS  C:\Users\schmi\AppData\Local\Temp\ccJh8FBa.s 			page 13


 605 004a 00       		.byte	0
 606 004b 00       		.byte	0
 607 004c 07       		.uleb128 0x7
 608 004d 28       		.uleb128 0x28
 609 004e 00       		.byte	0
 610 004f 03       		.uleb128 0x3
 611 0050 0E       		.uleb128 0xe
 612 0051 1C       		.uleb128 0x1c
 613 0052 0B       		.uleb128 0xb
 614 0053 00       		.byte	0
 615 0054 00       		.byte	0
 616 0055 08       		.uleb128 0x8
 617 0056 28       		.uleb128 0x28
 618 0057 00       		.byte	0
 619 0058 03       		.uleb128 0x3
 620 0059 0E       		.uleb128 0xe
 621 005a 1C       		.uleb128 0x1c
 622 005b 0D       		.uleb128 0xd
 623 005c 00       		.byte	0
 624 005d 00       		.byte	0
 625 005e 09       		.uleb128 0x9
 626 005f 13       		.uleb128 0x13
 627 0060 01       		.byte	0x1
 628 0061 0B       		.uleb128 0xb
 629 0062 0B       		.uleb128 0xb
 630 0063 3A       		.uleb128 0x3a
 631 0064 0B       		.uleb128 0xb
 632 0065 3B       		.uleb128 0x3b
 633 0066 0B       		.uleb128 0xb
 634 0067 01       		.uleb128 0x1
 635 0068 13       		.uleb128 0x13
 636 0069 00       		.byte	0
 637 006a 00       		.byte	0
 638 006b 0A       		.uleb128 0xa
 639 006c 0D       		.uleb128 0xd
 640 006d 00       		.byte	0
 641 006e 03       		.uleb128 0x3
 642 006f 0E       		.uleb128 0xe
 643 0070 3A       		.uleb128 0x3a
 644 0071 0B       		.uleb128 0xb
 645 0072 3B       		.uleb128 0x3b
 646 0073 0B       		.uleb128 0xb
 647 0074 49       		.uleb128 0x49
 648 0075 13       		.uleb128 0x13
 649 0076 38       		.uleb128 0x38
 650 0077 0B       		.uleb128 0xb
 651 0078 00       		.byte	0
 652 0079 00       		.byte	0
 653 007a 0B       		.uleb128 0xb
 654 007b 01       		.uleb128 0x1
 655 007c 01       		.byte	0x1
 656 007d 49       		.uleb128 0x49
 657 007e 13       		.uleb128 0x13
 658 007f 01       		.uleb128 0x1
 659 0080 13       		.uleb128 0x13
 660 0081 00       		.byte	0
 661 0082 00       		.byte	0
ARM GAS  C:\Users\schmi\AppData\Local\Temp\ccJh8FBa.s 			page 14


 662 0083 0C       		.uleb128 0xc
 663 0084 21       		.uleb128 0x21
 664 0085 00       		.byte	0
 665 0086 49       		.uleb128 0x49
 666 0087 13       		.uleb128 0x13
 667 0088 2F       		.uleb128 0x2f
 668 0089 0B       		.uleb128 0xb
 669 008a 00       		.byte	0
 670 008b 00       		.byte	0
 671 008c 0D       		.uleb128 0xd
 672 008d 2E       		.uleb128 0x2e
 673 008e 00       		.byte	0
 674 008f 3F       		.uleb128 0x3f
 675 0090 19       		.uleb128 0x19
 676 0091 03       		.uleb128 0x3
 677 0092 0E       		.uleb128 0xe
 678 0093 3A       		.uleb128 0x3a
 679 0094 0B       		.uleb128 0xb
 680 0095 3B       		.uleb128 0x3b
 681 0096 0B       		.uleb128 0xb
 682 0097 27       		.uleb128 0x27
 683 0098 19       		.uleb128 0x19
 684 0099 49       		.uleb128 0x49
 685 009a 13       		.uleb128 0x13
 686 009b 11       		.uleb128 0x11
 687 009c 01       		.uleb128 0x1
 688 009d 12       		.uleb128 0x12
 689 009e 06       		.uleb128 0x6
 690 009f 40       		.uleb128 0x40
 691 00a0 18       		.uleb128 0x18
 692 00a1 9642     		.uleb128 0x2116
 693 00a3 19       		.uleb128 0x19
 694 00a4 00       		.byte	0
 695 00a5 00       		.byte	0
 696 00a6 0E       		.uleb128 0xe
 697 00a7 2E       		.uleb128 0x2e
 698 00a8 01       		.byte	0x1
 699 00a9 3F       		.uleb128 0x3f
 700 00aa 19       		.uleb128 0x19
 701 00ab 03       		.uleb128 0x3
 702 00ac 0E       		.uleb128 0xe
 703 00ad 3A       		.uleb128 0x3a
 704 00ae 0B       		.uleb128 0xb
 705 00af 3B       		.uleb128 0x3b
 706 00b0 0B       		.uleb128 0xb
 707 00b1 27       		.uleb128 0x27
 708 00b2 19       		.uleb128 0x19
 709 00b3 49       		.uleb128 0x49
 710 00b4 13       		.uleb128 0x13
 711 00b5 11       		.uleb128 0x11
 712 00b6 01       		.uleb128 0x1
 713 00b7 12       		.uleb128 0x12
 714 00b8 06       		.uleb128 0x6
 715 00b9 40       		.uleb128 0x40
 716 00ba 18       		.uleb128 0x18
 717 00bb 9642     		.uleb128 0x2116
 718 00bd 19       		.uleb128 0x19
ARM GAS  C:\Users\schmi\AppData\Local\Temp\ccJh8FBa.s 			page 15


 719 00be 01       		.uleb128 0x1
 720 00bf 13       		.uleb128 0x13
 721 00c0 00       		.byte	0
 722 00c1 00       		.byte	0
 723 00c2 0F       		.uleb128 0xf
 724 00c3 05       		.uleb128 0x5
 725 00c4 00       		.byte	0
 726 00c5 03       		.uleb128 0x3
 727 00c6 0E       		.uleb128 0xe
 728 00c7 3A       		.uleb128 0x3a
 729 00c8 0B       		.uleb128 0xb
 730 00c9 3B       		.uleb128 0x3b
 731 00ca 0B       		.uleb128 0xb
 732 00cb 49       		.uleb128 0x49
 733 00cc 13       		.uleb128 0x13
 734 00cd 02       		.uleb128 0x2
 735 00ce 18       		.uleb128 0x18
 736 00cf 00       		.byte	0
 737 00d0 00       		.byte	0
 738 00d1 10       		.uleb128 0x10
 739 00d2 34       		.uleb128 0x34
 740 00d3 00       		.byte	0
 741 00d4 03       		.uleb128 0x3
 742 00d5 0E       		.uleb128 0xe
 743 00d6 3A       		.uleb128 0x3a
 744 00d7 0B       		.uleb128 0xb
 745 00d8 3B       		.uleb128 0x3b
 746 00d9 0B       		.uleb128 0xb
 747 00da 49       		.uleb128 0x49
 748 00db 13       		.uleb128 0x13
 749 00dc 02       		.uleb128 0x2
 750 00dd 18       		.uleb128 0x18
 751 00de 00       		.byte	0
 752 00df 00       		.byte	0
 753 00e0 11       		.uleb128 0x11
 754 00e1 0F       		.uleb128 0xf
 755 00e2 00       		.byte	0
 756 00e3 0B       		.uleb128 0xb
 757 00e4 0B       		.uleb128 0xb
 758 00e5 49       		.uleb128 0x49
 759 00e6 13       		.uleb128 0x13
 760 00e7 00       		.byte	0
 761 00e8 00       		.byte	0
 762 00e9 12       		.uleb128 0x12
 763 00ea 34       		.uleb128 0x34
 764 00eb 00       		.byte	0
 765 00ec 03       		.uleb128 0x3
 766 00ed 0E       		.uleb128 0xe
 767 00ee 3A       		.uleb128 0x3a
 768 00ef 0B       		.uleb128 0xb
 769 00f0 3B       		.uleb128 0x3b
 770 00f1 0B       		.uleb128 0xb
 771 00f2 49       		.uleb128 0x49
 772 00f3 13       		.uleb128 0x13
 773 00f4 3F       		.uleb128 0x3f
 774 00f5 19       		.uleb128 0x19
 775 00f6 3C       		.uleb128 0x3c
ARM GAS  C:\Users\schmi\AppData\Local\Temp\ccJh8FBa.s 			page 16


 776 00f7 19       		.uleb128 0x19
 777 00f8 00       		.byte	0
 778 00f9 00       		.byte	0
 779 00fa 13       		.uleb128 0x13
 780 00fb 34       		.uleb128 0x34
 781 00fc 00       		.byte	0
 782 00fd 03       		.uleb128 0x3
 783 00fe 0E       		.uleb128 0xe
 784 00ff 3A       		.uleb128 0x3a
 785 0100 0B       		.uleb128 0xb
 786 0101 3B       		.uleb128 0x3b
 787 0102 05       		.uleb128 0x5
 788 0103 49       		.uleb128 0x49
 789 0104 13       		.uleb128 0x13
 790 0105 3F       		.uleb128 0x3f
 791 0106 19       		.uleb128 0x19
 792 0107 3C       		.uleb128 0x3c
 793 0108 19       		.uleb128 0x19
 794 0109 00       		.byte	0
 795 010a 00       		.byte	0
 796 010b 14       		.uleb128 0x14
 797 010c 35       		.uleb128 0x35
 798 010d 00       		.byte	0
 799 010e 49       		.uleb128 0x49
 800 010f 13       		.uleb128 0x13
 801 0110 00       		.byte	0
 802 0111 00       		.byte	0
 803 0112 15       		.uleb128 0x15
 804 0113 34       		.uleb128 0x34
 805 0114 00       		.byte	0
 806 0115 03       		.uleb128 0x3
 807 0116 0E       		.uleb128 0xe
 808 0117 3A       		.uleb128 0x3a
 809 0118 0B       		.uleb128 0xb
 810 0119 3B       		.uleb128 0x3b
 811 011a 0B       		.uleb128 0xb
 812 011b 49       		.uleb128 0x49
 813 011c 13       		.uleb128 0x13
 814 011d 3F       		.uleb128 0x3f
 815 011e 19       		.uleb128 0x19
 816 011f 02       		.uleb128 0x2
 817 0120 18       		.uleb128 0x18
 818 0121 00       		.byte	0
 819 0122 00       		.byte	0
 820 0123 00       		.byte	0
 821              		.section	.debug_aranges,"",%progbits
 822 0000 24000000 		.4byte	0x24
 823 0004 0200     		.2byte	0x2
 824 0006 00000000 		.4byte	.Ldebug_info0
 825 000a 04       		.byte	0x4
 826 000b 00       		.byte	0
 827 000c 0000     		.2byte	0
 828 000e 0000     		.2byte	0
 829 0010 00000000 		.4byte	.LFB114
 830 0014 30000000 		.4byte	.LFE114-.LFB114
 831 0018 00000000 		.4byte	.LFB115
 832 001c 44000000 		.4byte	.LFE115-.LFB115
ARM GAS  C:\Users\schmi\AppData\Local\Temp\ccJh8FBa.s 			page 17


 833 0020 00000000 		.4byte	0
 834 0024 00000000 		.4byte	0
 835              		.section	.debug_ranges,"",%progbits
 836              	.Ldebug_ranges0:
 837 0000 00000000 		.4byte	.LFB114
 838 0004 30000000 		.4byte	.LFE114
 839 0008 00000000 		.4byte	.LFB115
 840 000c 44000000 		.4byte	.LFE115
 841 0010 00000000 		.4byte	0
 842 0014 00000000 		.4byte	0
 843              		.section	.debug_line,"",%progbits
 844              	.Ldebug_line0:
 845 0000 5C020000 		.section	.debug_str,"MS",%progbits,1
 845      02002A02 
 845      00000201 
 845      FB0E0D00 
 845      01010101 
 846              	.LASF72:
 847 0000 72657375 		.ascii	"result\000"
 847      6C7400
 848              	.LASF35:
 849 0007 52435F45 		.ascii	"RC_ERROR_READ_ONLY\000"
 849      52524F52 
 849      5F524541 
 849      445F4F4E 
 849      4C5900
 850              	.LASF21:
 851 001a 52435F53 		.ascii	"RC_SUCCESS\000"
 851      55434345 
 851      535300
 852              	.LASF53:
 853 0025 4C4F475F 		.ascii	"LOG_OFF\000"
 853      4F464600 
 854              	.LASF58:
 855 002d 6C6F6767 		.ascii	"logging_t\000"
 855      696E675F 
 855      7400
 856              	.LASF48:
 857 0037 4C4F475F 		.ascii	"LOG_VERBOSE\000"
 857      56455242 
 857      4F534500 
 858              	.LASF36:
 859 0043 52435F45 		.ascii	"RC_ERROR_WRITE_ONLY\000"
 859      52524F52 
 859      5F575249 
 859      54455F4F 
 859      4E4C5900 
 860              	.LASF2:
 861 0057 73686F72 		.ascii	"short int\000"
 861      7420696E 
 861      7400
 862              	.LASF27:
 863 0061 52435F45 		.ascii	"RC_ERROR_OVERRUN\000"
 863      52524F52 
 863      5F4F5645 
 863      5252554E 
 863      00
ARM GAS  C:\Users\schmi\AppData\Local\Temp\ccJh8FBa.s 			page 18


 864              	.LASF39:
 865 0072 52435F45 		.ascii	"RC_ERROR_WRITE_FAILS\000"
 865      52524F52 
 865      5F575249 
 865      54455F46 
 865      41494C53 
 866              	.LASF15:
 867 0087 73697A65 		.ascii	"sizetype\000"
 867      74797065 
 867      00
 868              	.LASF63:
 869 0090 45455F49 		.ascii	"EE_IRQ_nesting_level\000"
 869      52515F6E 
 869      65737469 
 869      6E675F6C 
 869      6576656C 
 870              	.LASF66:
 871 00a5 474E5520 		.ascii	"GNU C11 5.4.1 20160609 (release) [ARM/embedded-5-br"
 871      43313120 
 871      352E342E 
 871      31203230 
 871      31363036 
 872 00d8 616E6368 		.ascii	"anch revision 237715] -mcpu=cortex-m3 -mthumb -g -O"
 872      20726576 
 872      6973696F 
 872      6E203233 
 872      37373135 
 873 010b 30202D66 		.ascii	"0 -ffunction-sections -ffat-lto-objects\000"
 873      66756E63 
 873      74696F6E 
 873      2D736563 
 873      74696F6E 
 874              	.LASF24:
 875 0133 52435F45 		.ascii	"RC_ERROR_ZERO\000"
 875      52524F52 
 875      5F5A4552 
 875      4F00
 876              	.LASF19:
 877 0141 45455F46 		.ascii	"EE_FREG\000"
 877      52454700 
 878              	.LASF38:
 879 0149 52435F45 		.ascii	"RC_ERROR_READ_FAILS\000"
 879      52524F52 
 879      5F524541 
 879      445F4641 
 879      494C5300 
 880              	.LASF17:
 881 015d 45455F55 		.ascii	"EE_UINT32\000"
 881      494E5433 
 881      3200
 882              	.LASF20:
 883 0167 45455F54 		.ascii	"EE_TID\000"
 883      494400
 884              	.LASF67:
 885 016e 736F7572 		.ascii	"source\\bsw\\services\\logging.c\000"
 885      63655C62 
 885      73775C73 
ARM GAS  C:\Users\schmi\AppData\Local\Temp\ccJh8FBa.s 			page 19


 885      65727669 
 885      6365735C 
 886              	.LASF44:
 887 018c 52435F45 		.ascii	"RC_ERROR_INVALID_STATE\000"
 887      52524F52 
 887      5F494E56 
 887      414C4944 
 887      5F535441 
 888              	.LASF51:
 889 01a3 4C4F475F 		.ascii	"LOG_ERROR\000"
 889      4552524F 
 889      5200
 890              	.LASF62:
 891 01ad 45455F73 		.ascii	"EE_std_endcycle_next_tid\000"
 891      74645F65 
 891      6E646379 
 891      636C655F 
 891      6E657874 
 892              	.LASF26:
 893 01c6 52435F45 		.ascii	"RC_ERROR_RANGE\000"
 893      52524F52 
 893      5F52414E 
 893      474500
 894              	.LASF56:
 895 01d5 73656E64 		.ascii	"sender\000"
 895      657200
 896              	.LASF11:
 897 01dc 666C6F61 		.ascii	"float\000"
 897      7400
 898              	.LASF46:
 899 01e2 52435F45 		.ascii	"RC_ERROR_NOT_IMPLEMENTED\000"
 899      52524F52 
 899      5F4E4F54 
 899      5F494D50 
 899      4C454D45 
 900              	.LASF6:
 901 01fb 6C6F6E67 		.ascii	"long long int\000"
 901      206C6F6E 
 901      6720696E 
 901      7400
 902              	.LASF60:
 903 0209 45455F6F 		.ascii	"EE_oo_IRQ_suspend_status\000"
 903      6F5F4952 
 903      515F7375 
 903      7370656E 
 903      645F7374 
 904              	.LASF40:
 905 0222 52435F45 		.ascii	"RC_ERROR_NOT_MATCH\000"
 905      52524F52 
 905      5F4E4F54 
 905      5F4D4154 
 905      434800
 906              	.LASF45:
 907 0235 52435F45 		.ascii	"RC_ERROR_UNKNOWN\000"
 907      52524F52 
 907      5F554E4B 
 907      4E4F574E 
ARM GAS  C:\Users\schmi\AppData\Local\Temp\ccJh8FBa.s 			page 20


 907      00
 908              	.LASF4:
 909 0246 6C6F6E67 		.ascii	"long int\000"
 909      20696E74 
 909      00
 910              	.LASF28:
 911 024f 52435F45 		.ascii	"RC_ERROR_UNDERRUN\000"
 911      52524F52 
 911      5F554E44 
 911      45525255 
 911      4E00
 912              	.LASF31:
 913 0261 52435F45 		.ascii	"RC_ERROR_BUSY\000"
 913      52524F52 
 913      5F425553 
 913      5900
 914              	.LASF37:
 915 026f 52435F45 		.ascii	"RC_ERROR_INVALID\000"
 915      52524F52 
 915      5F494E56 
 915      414C4944 
 915      00
 916              	.LASF42:
 917 0280 52435F45 		.ascii	"RC_ERROR_BAD_DATA\000"
 917      52524F52 
 917      5F424144 
 917      5F444154 
 917      4100
 918              	.LASF52:
 919 0292 4C4F475F 		.ascii	"LOG_DEBUG\000"
 919      44454255 
 919      4700
 920              	.LASF71:
 921 029c 656E7472 		.ascii	"entry\000"
 921      7900
 922              	.LASF14:
 923 02a2 6C6F6E67 		.ascii	"long double\000"
 923      20646F75 
 923      626C6500 
 924              	.LASF1:
 925 02ae 756E7369 		.ascii	"unsigned char\000"
 925      676E6564 
 925      20636861 
 925      7200
 926              	.LASF0:
 927 02bc 7369676E 		.ascii	"signed char\000"
 927      65642063 
 927      68617200 
 928              	.LASF7:
 929 02c8 6C6F6E67 		.ascii	"long long unsigned int\000"
 929      206C6F6E 
 929      6720756E 
 929      7369676E 
 929      65642069 
 930              	.LASF65:
 931 02df 6C6F674C 		.ascii	"logLevel2String\000"
 931      6576656C 
ARM GAS  C:\Users\schmi\AppData\Local\Temp\ccJh8FBa.s 			page 21


 931      32537472 
 931      696E6700 
 932              	.LASF8:
 933 02ef 756E7369 		.ascii	"unsigned int\000"
 933      676E6564 
 933      20696E74 
 933      00
 934              	.LASF33:
 935 02fc 52435F45 		.ascii	"RC_ERROR_OPEN\000"
 935      52524F52 
 935      5F4F5045 
 935      4E00
 936              	.LASF5:
 937 030a 6C6F6E67 		.ascii	"long unsigned int\000"
 937      20756E73 
 937      69676E65 
 937      6420696E 
 937      7400
 938              	.LASF23:
 939 031c 52435F45 		.ascii	"RC_ERROR_NULL\000"
 939      52524F52 
 939      5F4E554C 
 939      4C00
 940              	.LASF30:
 941 032a 52435F45 		.ascii	"RC_ERROR_BUFFER_EMTPY\000"
 941      52524F52 
 941      5F425546 
 941      4645525F 
 941      454D5450 
 942              	.LASF16:
 943 0340 45455F49 		.ascii	"EE_INT32\000"
 943      4E543332 
 943      00
 944              	.LASF3:
 945 0349 73686F72 		.ascii	"short unsigned int\000"
 945      7420756E 
 945      7369676E 
 945      65642069 
 945      6E7400
 946              	.LASF50:
 947 035c 4C4F475F 		.ascii	"LOG_WARNING\000"
 947      5741524E 
 947      494E4700 
 948              	.LASF13:
 949 0368 63686172 		.ascii	"char\000"
 949      00
 950              	.LASF68:
 951 036d 433A5C55 		.ascii	"C:\\Users\\schmi\\OneDrive\\Dokumente\\PSoC Creator"
 951      73657273 
 951      5C736368 
 951      6D695C4F 
 951      6E654472 
 952 039b 5C4A736F 		.ascii	"\\JsonParserLAB3\\holidayProject\\setUpEnv.cydsn\000"
 952      6E506172 
 952      7365724C 
 952      4142335C 
 952      686F6C69 
ARM GAS  C:\Users\schmi\AppData\Local\Temp\ccJh8FBa.s 			page 22


 953              	.LASF29:
 954 03c9 52435F45 		.ascii	"RC_ERROR_BUFFER_FULL\000"
 954      52524F52 
 954      5F425546 
 954      4645525F 
 954      46554C4C 
 955              	.LASF10:
 956 03de 696E7433 		.ascii	"int32_t\000"
 956      325F7400 
 957              	.LASF69:
 958 03e6 4C4F475F 		.ascii	"LOG_Init\000"
 958      496E6974 
 958      00
 959              	.LASF54:
 960 03ef 6C6F6767 		.ascii	"logging_level_t\000"
 960      696E675F 
 960      6C657665 
 960      6C5F7400 
 961              	.LASF41:
 962 03ff 52435F45 		.ascii	"RC_ERROR_BAD_PARAM\000"
 962      52524F52 
 962      5F424144 
 962      5F504152 
 962      414D00
 963              	.LASF61:
 964 0412 45455F41 		.ascii	"EE_ApplicationMode\000"
 964      70706C69 
 964      63617469 
 964      6F6E4D6F 
 964      646500
 965              	.LASF57:
 966 0425 6D657373 		.ascii	"message\000"
 966      61676500 
 967              	.LASF12:
 968 042d 646F7562 		.ascii	"double\000"
 968      6C6500
 969              	.LASF34:
 970 0434 52435F45 		.ascii	"RC_ERROR_CHECKSUM\000"
 970      52524F52 
 970      5F434845 
 970      434B5355 
 970      4D00
 971              	.LASF18:
 972 0446 45455F55 		.ascii	"EE_UREG\000"
 972      52454700 
 973              	.LASF9:
 974 044e 5F5F696E 		.ascii	"__int32_t\000"
 974      7433325F 
 974      7400
 975              	.LASF55:
 976 0458 6C657665 		.ascii	"level\000"
 976      6C00
 977              	.LASF70:
 978 045e 4C4F475F 		.ascii	"LOG_send\000"
 978      73656E64 
 978      00
 979              	.LASF49:
ARM GAS  C:\Users\schmi\AppData\Local\Temp\ccJh8FBa.s 			page 23


 980 0467 4C4F475F 		.ascii	"LOG_INFO\000"
 980      494E464F 
 980      00
 981              	.LASF43:
 982 0470 52435F45 		.ascii	"RC_ERROR_CANCELED\000"
 982      52524F52 
 982      5F43414E 
 982      43454C45 
 982      4400
 983              	.LASF64:
 984 0482 49544D5F 		.ascii	"ITM_RxBuffer\000"
 984      52784275 
 984      66666572 
 984      00
 985              	.LASF22:
 986 048f 52435F45 		.ascii	"RC_ERROR\000"
 986      52524F52 
 986      00
 987              	.LASF25:
 988 0498 52435F45 		.ascii	"RC_ERROR_MEMORY\000"
 988      52524F52 
 988      5F4D454D 
 988      4F525900 
 989              	.LASF59:
 990 04a8 45455F6F 		.ascii	"EE_oo_IRQ_disable_count\000"
 990      6F5F4952 
 990      515F6469 
 990      7361626C 
 990      655F636F 
 991              	.LASF47:
 992 04c0 52435F74 		.ascii	"RC_t\000"
 992      00
 993              	.LASF32:
 994 04c5 52435F45 		.ascii	"RC_ERROR_TIME_OUT\000"
 994      52524F52 
 994      5F54494D 
 994      455F4F55 
 994      5400
 995              		.ident	"GCC: (GNU Tools for ARM Embedded Processors) 5.4.1 20160609 (release) [ARM/embedded-5-bran
