ARM GAS  C:\Users\schmi\AppData\Local\Temp\ccQtq4en.s 			page 1


   1              		.syntax unified
   2              		.cpu cortex-m3
   3              		.fpu softvfp
   4              		.eabi_attribute 20, 1
   5              		.eabi_attribute 21, 1
   6              		.eabi_attribute 23, 3
   7              		.eabi_attribute 24, 1
   8              		.eabi_attribute 25, 1
   9              		.eabi_attribute 26, 1
  10              		.eabi_attribute 30, 6
  11              		.eabi_attribute 34, 1
  12              		.eabi_attribute 18, 4
  13              		.thumb
  14              		.syntax unified
  15              		.file	"MyJoystick.c"
  16              		.text
  17              	.Ltext0:
  18              		.cfi_sections	.debug_frame
  19              		.section	.text.joystick_init,"ax",%progbits
  20              		.align	2
  21              		.global	joystick_init
  22              		.thumb
  23              		.thumb_func
  24              		.type	joystick_init, %function
  25              	joystick_init:
  26              	.LFB0:
  27              		.file 1 "MyJoystick.c"
   1:MyJoystick.c  **** /* ========================================
   2:MyJoystick.c  ****  *
   3:MyJoystick.c  ****  * Copyright YOUR COMPANY, THE YEAR
   4:MyJoystick.c  ****  * All Rights Reserved
   5:MyJoystick.c  ****  * UNPUBLISHED, LICENSED SOFTWARE.
   6:MyJoystick.c  ****  *
   7:MyJoystick.c  ****  * CONFIDENTIAL AND PROPRIETARY INFORMATION
   8:MyJoystick.c  ****  * WHICH IS THE PROPERTY OF your company.
   9:MyJoystick.c  ****  *
  10:MyJoystick.c  ****  * ========================================
  11:MyJoystick.c  **** */
  12:MyJoystick.c  **** 
  13:MyJoystick.c  **** /* [] END OF FILE */
  14:MyJoystick.c  **** 
  15:MyJoystick.c  **** #include "MyJoystick.h"
  16:MyJoystick.c  **** #include "ADC_Joy.h"
  17:MyJoystick.c  **** 
  18:MyJoystick.c  **** RC_t joystick_init(){
  28              		.loc 1 18 0
  29              		.cfi_startproc
  30              		@ args = 0, pretend = 0, frame = 0
  31              		@ frame_needed = 1, uses_anonymous_args = 0
  32 0000 80B5     		push	{r7, lr}
  33              		.cfi_def_cfa_offset 8
  34              		.cfi_offset 7, -8
  35              		.cfi_offset 14, -4
  36 0002 00AF     		add	r7, sp, #0
  37              		.cfi_def_cfa_register 7
  19:MyJoystick.c  ****     ADC_Joy_Start();
  38              		.loc 1 19 0
ARM GAS  C:\Users\schmi\AppData\Local\Temp\ccQtq4en.s 			page 2


  39 0004 FFF7FEFF 		bl	ADC_Joy_Start
  20:MyJoystick.c  **** }
  40              		.loc 1 20 0
  41 0008 00BF     		nop
  42 000a 1846     		mov	r0, r3
  43 000c 80BD     		pop	{r7, pc}
  44              		.cfi_endproc
  45              	.LFE0:
  46              		.size	joystick_init, .-joystick_init
  47 000e 00BF     		.section	.text.joystick_get_horizontal,"ax",%progbits
  48              		.align	2
  49              		.global	joystick_get_horizontal
  50              		.thumb
  51              		.thumb_func
  52              		.type	joystick_get_horizontal, %function
  53              	joystick_get_horizontal:
  54              	.LFB1:
  21:MyJoystick.c  **** 
  22:MyJoystick.c  **** joystick_t joystick_get_horizontal(){
  55              		.loc 1 22 0
  56              		.cfi_startproc
  57              		@ args = 0, pretend = 0, frame = 8
  58              		@ frame_needed = 1, uses_anonymous_args = 0
  59 0000 80B5     		push	{r7, lr}
  60              		.cfi_def_cfa_offset 8
  61              		.cfi_offset 7, -8
  62              		.cfi_offset 14, -4
  63 0002 82B0     		sub	sp, sp, #8
  64              		.cfi_def_cfa_offset 16
  65 0004 00AF     		add	r7, sp, #0
  66              		.cfi_def_cfa_register 7
  23:MyJoystick.c  ****     int16_t result;
  24:MyJoystick.c  ****     // result = ADC_Joy_GetResult16(0);
  25:MyJoystick.c  ****     ADC_Joy_StartConvert();
  67              		.loc 1 25 0
  68 0006 FFF7FEFF 		bl	ADC_Joy_StartConvert
  26:MyJoystick.c  ****     while(ADC_Joy_IsEndConversion(ADC_Joy_RETURN_STATUS) == 0);
  69              		.loc 1 26 0
  70 000a 00BF     		nop
  71              	.L3:
  72              		.loc 1 26 0 is_stmt 0 discriminator 1
  73 000c 0120     		movs	r0, #1
  74 000e FFF7FEFF 		bl	ADC_Joy_IsEndConversion
  75 0012 0346     		mov	r3, r0
  76 0014 002B     		cmp	r3, #0
  77 0016 F9D0     		beq	.L3
  27:MyJoystick.c  ****     result = ADC_Joy_GetResult16(0);
  78              		.loc 1 27 0 is_stmt 1
  79 0018 0020     		movs	r0, #0
  80 001a FFF7FEFF 		bl	ADC_Joy_GetResult16
  81 001e 0346     		mov	r3, r0
  82 0020 FB80     		strh	r3, [r7, #6]	@ movhi
  28:MyJoystick.c  ****     //ADC_Joy_Stop();
  29:MyJoystick.c  ****     if(result > 140){
  83              		.loc 1 29 0
  84 0022 B7F90630 		ldrsh	r3, [r7, #6]
  85 0026 8C2B     		cmp	r3, #140
ARM GAS  C:\Users\schmi\AppData\Local\Temp\ccQtq4en.s 			page 3


  86 0028 01DD     		ble	.L4
  30:MyJoystick.c  ****         return right; 
  87              		.loc 1 30 0
  88 002a 0323     		movs	r3, #3
  89 002c 06E0     		b	.L5
  90              	.L4:
  31:MyJoystick.c  ****     }else if (result < 120){
  91              		.loc 1 31 0
  92 002e B7F90630 		ldrsh	r3, [r7, #6]
  93 0032 772B     		cmp	r3, #119
  94 0034 01DC     		bgt	.L6
  32:MyJoystick.c  ****         return left;
  95              		.loc 1 32 0
  96 0036 0223     		movs	r3, #2
  97 0038 00E0     		b	.L5
  98              	.L6:
  33:MyJoystick.c  ****     }else{
  34:MyJoystick.c  ****         return initial;
  99              		.loc 1 34 0
 100 003a 0423     		movs	r3, #4
 101              	.L5:
  35:MyJoystick.c  ****     }
  36:MyJoystick.c  **** }
 102              		.loc 1 36 0
 103 003c 1846     		mov	r0, r3
 104 003e 0837     		adds	r7, r7, #8
 105              		.cfi_def_cfa_offset 8
 106 0040 BD46     		mov	sp, r7
 107              		.cfi_def_cfa_register 13
 108              		@ sp needed
 109 0042 80BD     		pop	{r7, pc}
 110              		.cfi_endproc
 111              	.LFE1:
 112              		.size	joystick_get_horizontal, .-joystick_get_horizontal
 113              		.section	.text.joystick_get_vertical,"ax",%progbits
 114              		.align	2
 115              		.global	joystick_get_vertical
 116              		.thumb
 117              		.thumb_func
 118              		.type	joystick_get_vertical, %function
 119              	joystick_get_vertical:
 120              	.LFB2:
  37:MyJoystick.c  **** 
  38:MyJoystick.c  **** joystick_t joystick_get_vertical(){
 121              		.loc 1 38 0
 122              		.cfi_startproc
 123              		@ args = 0, pretend = 0, frame = 8
 124              		@ frame_needed = 1, uses_anonymous_args = 0
 125 0000 80B5     		push	{r7, lr}
 126              		.cfi_def_cfa_offset 8
 127              		.cfi_offset 7, -8
 128              		.cfi_offset 14, -4
 129 0002 82B0     		sub	sp, sp, #8
 130              		.cfi_def_cfa_offset 16
 131 0004 00AF     		add	r7, sp, #0
 132              		.cfi_def_cfa_register 7
  39:MyJoystick.c  ****     int16_t result;
ARM GAS  C:\Users\schmi\AppData\Local\Temp\ccQtq4en.s 			page 4


  40:MyJoystick.c  ****     //ADC_Joy_Start();
  41:MyJoystick.c  ****     result = ADC_Joy_GetResult16(1);
 133              		.loc 1 41 0
 134 0006 0120     		movs	r0, #1
 135 0008 FFF7FEFF 		bl	ADC_Joy_GetResult16
 136 000c 0346     		mov	r3, r0
 137 000e FB80     		strh	r3, [r7, #6]	@ movhi
  42:MyJoystick.c  ****     //ADC_Joy_Stop();
  43:MyJoystick.c  ****     if(result > 140){
 138              		.loc 1 43 0
 139 0010 B7F90630 		ldrsh	r3, [r7, #6]
 140 0014 8C2B     		cmp	r3, #140
 141 0016 01DD     		ble	.L8
  44:MyJoystick.c  ****         return up; 
 142              		.loc 1 44 0
 143 0018 0023     		movs	r3, #0
 144 001a 06E0     		b	.L9
 145              	.L8:
  45:MyJoystick.c  ****     }else if (result < 120){
 146              		.loc 1 45 0
 147 001c B7F90630 		ldrsh	r3, [r7, #6]
 148 0020 772B     		cmp	r3, #119
 149 0022 01DC     		bgt	.L10
  46:MyJoystick.c  ****         return down;
 150              		.loc 1 46 0
 151 0024 0123     		movs	r3, #1
 152 0026 00E0     		b	.L9
 153              	.L10:
  47:MyJoystick.c  ****     }else{
  48:MyJoystick.c  ****         return initial;
 154              		.loc 1 48 0
 155 0028 0423     		movs	r3, #4
 156              	.L9:
  49:MyJoystick.c  ****     }
  50:MyJoystick.c  **** }...
 157              		.loc 1 50 0
 158 002a 1846     		mov	r0, r3
 159 002c 0837     		adds	r7, r7, #8
 160              		.cfi_def_cfa_offset 8
 161 002e BD46     		mov	sp, r7
 162              		.cfi_def_cfa_register 13
 163              		@ sp needed
 164 0030 80BD     		pop	{r7, pc}
 165              		.cfi_endproc
 166              	.LFE2:
 167              		.size	joystick_get_vertical, .-joystick_get_vertical
 168 0032 00BF     		.text
 169              	.Letext0:
 170              		.file 2 ".\\source\\bsw/global.h"
 171              		.file 3 "MyJoystick.h"
 172              		.file 4 "c:\\program files (x86)\\cypress\\psoc creator\\4.4\\psoc creator\\import\\gnu\\arm\\5.4.
 173              		.file 5 "c:\\program files (x86)\\cypress\\psoc creator\\4.4\\psoc creator\\import\\gnu\\arm\\5.4.
 174              		.section	.debug_info,"",%progbits
 175              	.Ldebug_info0:
 176 0000 EB010000 		.4byte	0x1eb
 177 0004 0400     		.2byte	0x4
 178 0006 00000000 		.4byte	.Ldebug_abbrev0
ARM GAS  C:\Users\schmi\AppData\Local\Temp\ccQtq4en.s 			page 5


 179 000a 04       		.byte	0x4
 180 000b 01       		.uleb128 0x1
 181 000c 33000000 		.4byte	.LASF49
 182 0010 0C       		.byte	0xc
 183 0011 D6010000 		.4byte	.LASF50
 184 0015 0E020000 		.4byte	.LASF51
 185 0019 00000000 		.4byte	.Ldebug_ranges0+0
 186 001d 00000000 		.4byte	0
 187 0021 00000000 		.4byte	.Ldebug_line0
 188 0025 02       		.uleb128 0x2
 189 0026 01       		.byte	0x1
 190 0027 06       		.byte	0x6
 191 0028 AE030000 		.4byte	.LASF0
 192 002c 02       		.uleb128 0x2
 193 002d 01       		.byte	0x1
 194 002e 08       		.byte	0x8
 195 002f 52010000 		.4byte	.LASF1
 196 0033 02       		.uleb128 0x2
 197 0034 02       		.byte	0x2
 198 0035 05       		.byte	0x5
 199 0036 5B030000 		.4byte	.LASF2
 200 003a 02       		.uleb128 0x2
 201 003b 02       		.byte	0x2
 202 003c 07       		.byte	0x7
 203 003d 8A010000 		.4byte	.LASF3
 204 0041 02       		.uleb128 0x2
 205 0042 04       		.byte	0x4
 206 0043 05       		.byte	0x5
 207 0044 86030000 		.4byte	.LASF4
 208 0048 02       		.uleb128 0x2
 209 0049 04       		.byte	0x4
 210 004a 07       		.byte	0x7
 211 004b 9D020000 		.4byte	.LASF5
 212 004f 02       		.uleb128 0x2
 213 0050 04       		.byte	0x4
 214 0051 04       		.byte	0x4
 215 0052 4C010000 		.4byte	.LASF6
 216 0056 02       		.uleb128 0x2
 217 0057 08       		.byte	0x8
 218 0058 04       		.byte	0x4
 219 0059 2C010000 		.4byte	.LASF7
 220 005d 02       		.uleb128 0x2
 221 005e 08       		.byte	0x8
 222 005f 05       		.byte	0x5
 223 0060 31030000 		.4byte	.LASF8
 224 0064 02       		.uleb128 0x2
 225 0065 08       		.byte	0x8
 226 0066 07       		.byte	0x7
 227 0067 CA020000 		.4byte	.LASF9
 228 006b 02       		.uleb128 0x2
 229 006c 01       		.byte	0x1
 230 006d 08       		.byte	0x8
 231 006e 3F030000 		.4byte	.LASF10
 232 0072 03       		.uleb128 0x3
 233 0073 01       		.byte	0x1
 234 0074 25000000 		.4byte	0x25
 235 0078 02       		.byte	0x2
ARM GAS  C:\Users\schmi\AppData\Local\Temp\ccQtq4en.s 			page 6


 236 0079 CF       		.byte	0xcf
 237 007a 1B010000 		.4byte	0x11b
 238 007e 04       		.uleb128 0x4
 239 007f 60010000 		.4byte	.LASF11
 240 0083 00       		.byte	0
 241 0084 05       		.uleb128 0x5
 242 0085 2A000000 		.4byte	.LASF12
 243 0089 7F       		.sleb128 -1
 244 008a 05       		.uleb128 0x5
 245 008b 0B010000 		.4byte	.LASF13
 246 008f 7E       		.sleb128 -2
 247 0090 05       		.uleb128 0x5
 248 0091 6B010000 		.4byte	.LASF14
 249 0095 7D       		.sleb128 -3
 250 0096 05       		.uleb128 0x5
 251 0097 7B020000 		.4byte	.LASF15
 252 009b 7C       		.sleb128 -4
 253 009c 05       		.uleb128 0x5
 254 009d D9030000 		.4byte	.LASF16
 255 00a1 7B       		.sleb128 -5
 256 00a2 05       		.uleb128 0x5
 257 00a3 6A020000 		.4byte	.LASF17
 258 00a7 7A       		.sleb128 -6
 259 00a8 05       		.uleb128 0x5
 260 00a9 CB000000 		.4byte	.LASF18
 261 00ad 79       		.sleb128 -7
 262 00ae 05       		.uleb128 0x5
 263 00af 13030000 		.4byte	.LASF19
 264 00b3 78       		.sleb128 -8
 265 00b4 05       		.uleb128 0x5
 266 00b5 00000000 		.4byte	.LASF20
 267 00b9 77       		.sleb128 -9
 268 00ba 05       		.uleb128 0x5
 269 00bb BC020000 		.4byte	.LASF21
 270 00bf 76       		.sleb128 -10
 271 00c0 05       		.uleb128 0x5
 272 00c1 9D010000 		.4byte	.LASF22
 273 00c5 75       		.sleb128 -11
 274 00c6 05       		.uleb128 0x5
 275 00c7 CB030000 		.4byte	.LASF23
 276 00cb 74       		.sleb128 -12
 277 00cc 05       		.uleb128 0x5
 278 00cd E1020000 		.4byte	.LASF24
 279 00d1 73       		.sleb128 -13
 280 00d2 05       		.uleb128 0x5
 281 00d3 9B030000 		.4byte	.LASF25
 282 00d7 72       		.sleb128 -14
 283 00d8 05       		.uleb128 0x5
 284 00d9 6A030000 		.4byte	.LASF26
 285 00dd 71       		.sleb128 -15
 286 00de 05       		.uleb128 0x5
 287 00df BA030000 		.4byte	.LASF27
 288 00e3 70       		.sleb128 -16
 289 00e4 05       		.uleb128 0x5
 290 00e5 16000000 		.4byte	.LASF28
 291 00e9 6F       		.sleb128 -17
 292 00ea 05       		.uleb128 0x5
ARM GAS  C:\Users\schmi\AppData\Local\Temp\ccQtq4en.s 			page 7


 293 00eb C1010000 		.4byte	.LASF29
 294 00ef 6E       		.sleb128 -18
 295 00f0 05       		.uleb128 0x5
 296 00f1 FB010000 		.4byte	.LASF30
 297 00f5 6D       		.sleb128 -19
 298 00f6 05       		.uleb128 0x5
 299 00f7 F3000000 		.4byte	.LASF31
 300 00fb 6C       		.sleb128 -20
 301 00fc 05       		.uleb128 0x5
 302 00fd AF010000 		.4byte	.LASF32
 303 0101 6B       		.sleb128 -21
 304 0102 05       		.uleb128 0x5
 305 0103 8B020000 		.4byte	.LASF33
 306 0107 6A       		.sleb128 -22
 307 0108 05       		.uleb128 0x5
 308 0109 44030000 		.4byte	.LASF34
 309 010d 69       		.sleb128 -23
 310 010e 05       		.uleb128 0x5
 311 010f 02030000 		.4byte	.LASF35
 312 0113 68       		.sleb128 -24
 313 0114 05       		.uleb128 0x5
 314 0115 33010000 		.4byte	.LASF36
 315 0119 67       		.sleb128 -25
 316 011a 00       		.byte	0
 317 011b 06       		.uleb128 0x6
 318 011c 06010000 		.4byte	.LASF41
 319 0120 02       		.byte	0x2
 320 0121 EA       		.byte	0xea
 321 0122 72000000 		.4byte	0x72
 322 0126 03       		.uleb128 0x3
 323 0127 01       		.byte	0x1
 324 0128 2C000000 		.4byte	0x2c
 325 012c 03       		.byte	0x3
 326 012d 0E       		.byte	0xe
 327 012e 50010000 		.4byte	0x150
 328 0132 07       		.uleb128 0x7
 329 0133 757000   		.ascii	"up\000"
 330 0136 00       		.byte	0
 331 0137 04       		.uleb128 0x4
 332 0138 65030000 		.4byte	.LASF37
 333 013c 01       		.byte	0x1
 334 013d 04       		.uleb128 0x4
 335 013e 19010000 		.4byte	.LASF38
 336 0142 02       		.byte	0x2
 337 0143 04       		.uleb128 0x4
 338 0144 84010000 		.4byte	.LASF39
 339 0148 03       		.byte	0x3
 340 0149 04       		.uleb128 0x4
 341 014a 7E030000 		.4byte	.LASF40
 342 014e 04       		.byte	0x4
 343 014f 00       		.byte	0
 344 0150 06       		.uleb128 0x6
 345 0151 79010000 		.4byte	.LASF42
 346 0155 03       		.byte	0x3
 347 0156 14       		.byte	0x14
 348 0157 26010000 		.4byte	0x126
 349 015b 06       		.uleb128 0x6
ARM GAS  C:\Users\schmi\AppData\Local\Temp\ccQtq4en.s 			page 8


 350 015c C1000000 		.4byte	.LASF43
 351 0160 04       		.byte	0x4
 352 0161 29       		.byte	0x29
 353 0162 33000000 		.4byte	0x33
 354 0166 08       		.uleb128 0x8
 355 0167 04       		.byte	0x4
 356 0168 05       		.byte	0x5
 357 0169 696E7400 		.ascii	"int\000"
 358 016d 02       		.uleb128 0x2
 359 016e 04       		.byte	0x4
 360 016f 07       		.byte	0x7
 361 0170 AF020000 		.4byte	.LASF44
 362 0174 06       		.uleb128 0x6
 363 0175 FA020000 		.4byte	.LASF45
 364 0179 05       		.byte	0x5
 365 017a 20       		.byte	0x20
 366 017b 5B010000 		.4byte	0x15b
 367 017f 02       		.uleb128 0x2
 368 0180 08       		.byte	0x8
 369 0181 04       		.byte	0x4
 370 0182 8F030000 		.4byte	.LASF46
 371 0186 02       		.uleb128 0x2
 372 0187 04       		.byte	0x4
 373 0188 07       		.byte	0x7
 374 0189 28030000 		.4byte	.LASF47
 375 018d 09       		.uleb128 0x9
 376 018e 1E010000 		.4byte	.LASF52
 377 0192 01       		.byte	0x1
 378 0193 12       		.byte	0x12
 379 0194 1B010000 		.4byte	0x11b
 380 0198 00000000 		.4byte	.LFB0
 381 019c 0E000000 		.4byte	.LFE0-.LFB0
 382 01a0 01       		.uleb128 0x1
 383 01a1 9C       		.byte	0x9c
 384 01a2 0A       		.uleb128 0xa
 385 01a3 E3010000 		.4byte	.LASF53
 386 01a7 01       		.byte	0x1
 387 01a8 16       		.byte	0x16
 388 01a9 50010000 		.4byte	0x150
 389 01ad 00000000 		.4byte	.LFB1
 390 01b1 44000000 		.4byte	.LFE1-.LFB1
 391 01b5 01       		.uleb128 0x1
 392 01b6 9C       		.byte	0x9c
 393 01b7 CA010000 		.4byte	0x1ca
 394 01bb 0B       		.uleb128 0xb
 395 01bc F3020000 		.4byte	.LASF48
 396 01c0 01       		.byte	0x1
 397 01c1 17       		.byte	0x17
 398 01c2 74010000 		.4byte	0x174
 399 01c6 02       		.uleb128 0x2
 400 01c7 91       		.byte	0x91
 401 01c8 76       		.sleb128 -10
 402 01c9 00       		.byte	0
 403 01ca 0C       		.uleb128 0xc
 404 01cb DD000000 		.4byte	.LASF54
 405 01cf 01       		.byte	0x1
 406 01d0 26       		.byte	0x26
ARM GAS  C:\Users\schmi\AppData\Local\Temp\ccQtq4en.s 			page 9


 407 01d1 50010000 		.4byte	0x150
 408 01d5 00000000 		.4byte	.LFB2
 409 01d9 32000000 		.4byte	.LFE2-.LFB2
 410 01dd 01       		.uleb128 0x1
 411 01de 9C       		.byte	0x9c
 412 01df 0B       		.uleb128 0xb
 413 01e0 F3020000 		.4byte	.LASF48
 414 01e4 01       		.byte	0x1
 415 01e5 27       		.byte	0x27
 416 01e6 74010000 		.4byte	0x174
 417 01ea 02       		.uleb128 0x2
 418 01eb 91       		.byte	0x91
 419 01ec 76       		.sleb128 -10
 420 01ed 00       		.byte	0
 421 01ee 00       		.byte	0
 422              		.section	.debug_abbrev,"",%progbits
 423              	.Ldebug_abbrev0:
 424 0000 01       		.uleb128 0x1
 425 0001 11       		.uleb128 0x11
 426 0002 01       		.byte	0x1
 427 0003 25       		.uleb128 0x25
 428 0004 0E       		.uleb128 0xe
 429 0005 13       		.uleb128 0x13
 430 0006 0B       		.uleb128 0xb
 431 0007 03       		.uleb128 0x3
 432 0008 0E       		.uleb128 0xe
 433 0009 1B       		.uleb128 0x1b
 434 000a 0E       		.uleb128 0xe
 435 000b 55       		.uleb128 0x55
 436 000c 17       		.uleb128 0x17
 437 000d 11       		.uleb128 0x11
 438 000e 01       		.uleb128 0x1
 439 000f 10       		.uleb128 0x10
 440 0010 17       		.uleb128 0x17
 441 0011 00       		.byte	0
 442 0012 00       		.byte	0
 443 0013 02       		.uleb128 0x2
 444 0014 24       		.uleb128 0x24
 445 0015 00       		.byte	0
 446 0016 0B       		.uleb128 0xb
 447 0017 0B       		.uleb128 0xb
 448 0018 3E       		.uleb128 0x3e
 449 0019 0B       		.uleb128 0xb
 450 001a 03       		.uleb128 0x3
 451 001b 0E       		.uleb128 0xe
 452 001c 00       		.byte	0
 453 001d 00       		.byte	0
 454 001e 03       		.uleb128 0x3
 455 001f 04       		.uleb128 0x4
 456 0020 01       		.byte	0x1
 457 0021 0B       		.uleb128 0xb
 458 0022 0B       		.uleb128 0xb
 459 0023 49       		.uleb128 0x49
 460 0024 13       		.uleb128 0x13
 461 0025 3A       		.uleb128 0x3a
 462 0026 0B       		.uleb128 0xb
 463 0027 3B       		.uleb128 0x3b
ARM GAS  C:\Users\schmi\AppData\Local\Temp\ccQtq4en.s 			page 10


 464 0028 0B       		.uleb128 0xb
 465 0029 01       		.uleb128 0x1
 466 002a 13       		.uleb128 0x13
 467 002b 00       		.byte	0
 468 002c 00       		.byte	0
 469 002d 04       		.uleb128 0x4
 470 002e 28       		.uleb128 0x28
 471 002f 00       		.byte	0
 472 0030 03       		.uleb128 0x3
 473 0031 0E       		.uleb128 0xe
 474 0032 1C       		.uleb128 0x1c
 475 0033 0B       		.uleb128 0xb
 476 0034 00       		.byte	0
 477 0035 00       		.byte	0
 478 0036 05       		.uleb128 0x5
 479 0037 28       		.uleb128 0x28
 480 0038 00       		.byte	0
 481 0039 03       		.uleb128 0x3
 482 003a 0E       		.uleb128 0xe
 483 003b 1C       		.uleb128 0x1c
 484 003c 0D       		.uleb128 0xd
 485 003d 00       		.byte	0
 486 003e 00       		.byte	0
 487 003f 06       		.uleb128 0x6
 488 0040 16       		.uleb128 0x16
 489 0041 00       		.byte	0
 490 0042 03       		.uleb128 0x3
 491 0043 0E       		.uleb128 0xe
 492 0044 3A       		.uleb128 0x3a
 493 0045 0B       		.uleb128 0xb
 494 0046 3B       		.uleb128 0x3b
 495 0047 0B       		.uleb128 0xb
 496 0048 49       		.uleb128 0x49
 497 0049 13       		.uleb128 0x13
 498 004a 00       		.byte	0
 499 004b 00       		.byte	0
 500 004c 07       		.uleb128 0x7
 501 004d 28       		.uleb128 0x28
 502 004e 00       		.byte	0
 503 004f 03       		.uleb128 0x3
 504 0050 08       		.uleb128 0x8
 505 0051 1C       		.uleb128 0x1c
 506 0052 0B       		.uleb128 0xb
 507 0053 00       		.byte	0
 508 0054 00       		.byte	0
 509 0055 08       		.uleb128 0x8
 510 0056 24       		.uleb128 0x24
 511 0057 00       		.byte	0
 512 0058 0B       		.uleb128 0xb
 513 0059 0B       		.uleb128 0xb
 514 005a 3E       		.uleb128 0x3e
 515 005b 0B       		.uleb128 0xb
 516 005c 03       		.uleb128 0x3
 517 005d 08       		.uleb128 0x8
 518 005e 00       		.byte	0
 519 005f 00       		.byte	0
 520 0060 09       		.uleb128 0x9
ARM GAS  C:\Users\schmi\AppData\Local\Temp\ccQtq4en.s 			page 11


 521 0061 2E       		.uleb128 0x2e
 522 0062 00       		.byte	0
 523 0063 3F       		.uleb128 0x3f
 524 0064 19       		.uleb128 0x19
 525 0065 03       		.uleb128 0x3
 526 0066 0E       		.uleb128 0xe
 527 0067 3A       		.uleb128 0x3a
 528 0068 0B       		.uleb128 0xb
 529 0069 3B       		.uleb128 0x3b
 530 006a 0B       		.uleb128 0xb
 531 006b 49       		.uleb128 0x49
 532 006c 13       		.uleb128 0x13
 533 006d 11       		.uleb128 0x11
 534 006e 01       		.uleb128 0x1
 535 006f 12       		.uleb128 0x12
 536 0070 06       		.uleb128 0x6
 537 0071 40       		.uleb128 0x40
 538 0072 18       		.uleb128 0x18
 539 0073 9642     		.uleb128 0x2116
 540 0075 19       		.uleb128 0x19
 541 0076 00       		.byte	0
 542 0077 00       		.byte	0
 543 0078 0A       		.uleb128 0xa
 544 0079 2E       		.uleb128 0x2e
 545 007a 01       		.byte	0x1
 546 007b 3F       		.uleb128 0x3f
 547 007c 19       		.uleb128 0x19
 548 007d 03       		.uleb128 0x3
 549 007e 0E       		.uleb128 0xe
 550 007f 3A       		.uleb128 0x3a
 551 0080 0B       		.uleb128 0xb
 552 0081 3B       		.uleb128 0x3b
 553 0082 0B       		.uleb128 0xb
 554 0083 49       		.uleb128 0x49
 555 0084 13       		.uleb128 0x13
 556 0085 11       		.uleb128 0x11
 557 0086 01       		.uleb128 0x1
 558 0087 12       		.uleb128 0x12
 559 0088 06       		.uleb128 0x6
 560 0089 40       		.uleb128 0x40
 561 008a 18       		.uleb128 0x18
 562 008b 9642     		.uleb128 0x2116
 563 008d 19       		.uleb128 0x19
 564 008e 01       		.uleb128 0x1
 565 008f 13       		.uleb128 0x13
 566 0090 00       		.byte	0
 567 0091 00       		.byte	0
 568 0092 0B       		.uleb128 0xb
 569 0093 34       		.uleb128 0x34
 570 0094 00       		.byte	0
 571 0095 03       		.uleb128 0x3
 572 0096 0E       		.uleb128 0xe
 573 0097 3A       		.uleb128 0x3a
 574 0098 0B       		.uleb128 0xb
 575 0099 3B       		.uleb128 0x3b
 576 009a 0B       		.uleb128 0xb
 577 009b 49       		.uleb128 0x49
ARM GAS  C:\Users\schmi\AppData\Local\Temp\ccQtq4en.s 			page 12


 578 009c 13       		.uleb128 0x13
 579 009d 02       		.uleb128 0x2
 580 009e 18       		.uleb128 0x18
 581 009f 00       		.byte	0
 582 00a0 00       		.byte	0
 583 00a1 0C       		.uleb128 0xc
 584 00a2 2E       		.uleb128 0x2e
 585 00a3 01       		.byte	0x1
 586 00a4 3F       		.uleb128 0x3f
 587 00a5 19       		.uleb128 0x19
 588 00a6 03       		.uleb128 0x3
 589 00a7 0E       		.uleb128 0xe
 590 00a8 3A       		.uleb128 0x3a
 591 00a9 0B       		.uleb128 0xb
 592 00aa 3B       		.uleb128 0x3b
 593 00ab 0B       		.uleb128 0xb
 594 00ac 49       		.uleb128 0x49
 595 00ad 13       		.uleb128 0x13
 596 00ae 11       		.uleb128 0x11
 597 00af 01       		.uleb128 0x1
 598 00b0 12       		.uleb128 0x12
 599 00b1 06       		.uleb128 0x6
 600 00b2 40       		.uleb128 0x40
 601 00b3 18       		.uleb128 0x18
 602 00b4 9642     		.uleb128 0x2116
 603 00b6 19       		.uleb128 0x19
 604 00b7 00       		.byte	0
 605 00b8 00       		.byte	0
 606 00b9 00       		.byte	0
 607              		.section	.debug_aranges,"",%progbits
 608 0000 2C000000 		.4byte	0x2c
 609 0004 0200     		.2byte	0x2
 610 0006 00000000 		.4byte	.Ldebug_info0
 611 000a 04       		.byte	0x4
 612 000b 00       		.byte	0
 613 000c 0000     		.2byte	0
 614 000e 0000     		.2byte	0
 615 0010 00000000 		.4byte	.LFB0
 616 0014 0E000000 		.4byte	.LFE0-.LFB0
 617 0018 00000000 		.4byte	.LFB1
 618 001c 44000000 		.4byte	.LFE1-.LFB1
 619 0020 00000000 		.4byte	.LFB2
 620 0024 32000000 		.4byte	.LFE2-.LFB2
 621 0028 00000000 		.4byte	0
 622 002c 00000000 		.4byte	0
 623              		.section	.debug_ranges,"",%progbits
 624              	.Ldebug_ranges0:
 625 0000 00000000 		.4byte	.LFB0
 626 0004 0E000000 		.4byte	.LFE0
 627 0008 00000000 		.4byte	.LFB1
 628 000c 44000000 		.4byte	.LFE1
 629 0010 00000000 		.4byte	.LFB2
 630 0014 32000000 		.4byte	.LFE2
 631 0018 00000000 		.4byte	0
 632 001c 00000000 		.4byte	0
 633              		.section	.debug_line,"",%progbits
 634              	.Ldebug_line0:
ARM GAS  C:\Users\schmi\AppData\Local\Temp\ccQtq4en.s 			page 13


 635 0000 95010000 		.section	.debug_str,"MS",%progbits,1
 635      02004901 
 635      00000201 
 635      FB0E0D00 
 635      01010101 
 636              	.LASF20:
 637 0000 52435F45 		.ascii	"RC_ERROR_BUFFER_EMTPY\000"
 637      52524F52 
 637      5F425546 
 637      4645525F 
 637      454D5450 
 638              	.LASF28:
 639 0016 52435F45 		.ascii	"RC_ERROR_READ_FAILS\000"
 639      52524F52 
 639      5F524541 
 639      445F4641 
 639      494C5300 
 640              	.LASF12:
 641 002a 52435F45 		.ascii	"RC_ERROR\000"
 641      52524F52 
 641      00
 642              	.LASF49:
 643 0033 474E5520 		.ascii	"GNU C11 5.4.1 20160609 (release) [ARM/embedded-5-br"
 643      43313120 
 643      352E342E 
 643      31203230 
 643      31363036 
 644 0066 616E6368 		.ascii	"anch revision 237715] -mcpu=cortex-m3 -mthumb -g -O"
 644      20726576 
 644      6973696F 
 644      6E203233 
 644      37373135 
 645 0099 30202D66 		.ascii	"0 -ffunction-sections -ffat-lto-objects\000"
 645      66756E63 
 645      74696F6E 
 645      2D736563 
 645      74696F6E 
 646              	.LASF43:
 647 00c1 5F5F696E 		.ascii	"__int16_t\000"
 647      7431365F 
 647      7400
 648              	.LASF18:
 649 00cb 52435F45 		.ascii	"RC_ERROR_UNDERRUN\000"
 649      52524F52 
 649      5F554E44 
 649      45525255 
 649      4E00
 650              	.LASF54:
 651 00dd 6A6F7973 		.ascii	"joystick_get_vertical\000"
 651      7469636B 
 651      5F676574 
 651      5F766572 
 651      74696361 
 652              	.LASF31:
 653 00f3 52435F45 		.ascii	"RC_ERROR_BAD_PARAM\000"
 653      52524F52 
 653      5F424144 
ARM GAS  C:\Users\schmi\AppData\Local\Temp\ccQtq4en.s 			page 14


 653      5F504152 
 653      414D00
 654              	.LASF41:
 655 0106 52435F74 		.ascii	"RC_t\000"
 655      00
 656              	.LASF13:
 657 010b 52435F45 		.ascii	"RC_ERROR_NULL\000"
 657      52524F52 
 657      5F4E554C 
 657      4C00
 658              	.LASF38:
 659 0119 6C656674 		.ascii	"left\000"
 659      00
 660              	.LASF52:
 661 011e 6A6F7973 		.ascii	"joystick_init\000"
 661      7469636B 
 661      5F696E69 
 661      7400
 662              	.LASF7:
 663 012c 646F7562 		.ascii	"double\000"
 663      6C6500
 664              	.LASF36:
 665 0133 52435F45 		.ascii	"RC_ERROR_NOT_IMPLEMENTED\000"
 665      52524F52 
 665      5F4E4F54 
 665      5F494D50 
 665      4C454D45 
 666              	.LASF6:
 667 014c 666C6F61 		.ascii	"float\000"
 667      7400
 668              	.LASF1:
 669 0152 756E7369 		.ascii	"unsigned char\000"
 669      676E6564 
 669      20636861 
 669      7200
 670              	.LASF11:
 671 0160 52435F53 		.ascii	"RC_SUCCESS\000"
 671      55434345 
 671      535300
 672              	.LASF14:
 673 016b 52435F45 		.ascii	"RC_ERROR_ZERO\000"
 673      52524F52 
 673      5F5A4552 
 673      4F00
 674              	.LASF42:
 675 0179 6A6F7973 		.ascii	"joystick_t\000"
 675      7469636B 
 675      5F7400
 676              	.LASF39:
 677 0184 72696768 		.ascii	"right\000"
 677      7400
 678              	.LASF3:
 679 018a 73686F72 		.ascii	"short unsigned int\000"
 679      7420756E 
 679      7369676E 
 679      65642069 
 679      6E7400
ARM GAS  C:\Users\schmi\AppData\Local\Temp\ccQtq4en.s 			page 15


 680              	.LASF22:
 681 019d 52435F45 		.ascii	"RC_ERROR_TIME_OUT\000"
 681      52524F52 
 681      5F54494D 
 681      455F4F55 
 681      5400
 682              	.LASF32:
 683 01af 52435F45 		.ascii	"RC_ERROR_BAD_DATA\000"
 683      52524F52 
 683      5F424144 
 683      5F444154 
 683      4100
 684              	.LASF29:
 685 01c1 52435F45 		.ascii	"RC_ERROR_WRITE_FAILS\000"
 685      52524F52 
 685      5F575249 
 685      54455F46 
 685      41494C53 
 686              	.LASF50:
 687 01d6 4D794A6F 		.ascii	"MyJoystick.c\000"
 687      79737469 
 687      636B2E63 
 687      00
 688              	.LASF53:
 689 01e3 6A6F7973 		.ascii	"joystick_get_horizontal\000"
 689      7469636B 
 689      5F676574 
 689      5F686F72 
 689      697A6F6E 
 690              	.LASF30:
 691 01fb 52435F45 		.ascii	"RC_ERROR_NOT_MATCH\000"
 691      52524F52 
 691      5F4E4F54 
 691      5F4D4154 
 691      434800
 692              	.LASF51:
 693 020e 433A5C55 		.ascii	"C:\\Users\\schmi\\OneDrive\\Dokumente\\PSoC Creator"
 693      73657273 
 693      5C736368 
 693      6D695C4F 
 693      6E654472 
 694 023c 5C4A736F 		.ascii	"\\JsonParserLAB3\\holidayProject\\setUpEnv.cydsn\000"
 694      6E506172 
 694      7365724C 
 694      4142335C 
 694      686F6C69 
 695              	.LASF17:
 696 026a 52435F45 		.ascii	"RC_ERROR_OVERRUN\000"
 696      52524F52 
 696      5F4F5645 
 696      5252554E 
 696      00
 697              	.LASF15:
 698 027b 52435F45 		.ascii	"RC_ERROR_MEMORY\000"
 698      52524F52 
 698      5F4D454D 
 698      4F525900 
ARM GAS  C:\Users\schmi\AppData\Local\Temp\ccQtq4en.s 			page 16


 699              	.LASF33:
 700 028b 52435F45 		.ascii	"RC_ERROR_CANCELED\000"
 700      52524F52 
 700      5F43414E 
 700      43454C45 
 700      4400
 701              	.LASF5:
 702 029d 6C6F6E67 		.ascii	"long unsigned int\000"
 702      20756E73 
 702      69676E65 
 702      6420696E 
 702      7400
 703              	.LASF44:
 704 02af 756E7369 		.ascii	"unsigned int\000"
 704      676E6564 
 704      20696E74 
 704      00
 705              	.LASF21:
 706 02bc 52435F45 		.ascii	"RC_ERROR_BUSY\000"
 706      52524F52 
 706      5F425553 
 706      5900
 707              	.LASF9:
 708 02ca 6C6F6E67 		.ascii	"long long unsigned int\000"
 708      206C6F6E 
 708      6720756E 
 708      7369676E 
 708      65642069 
 709              	.LASF24:
 710 02e1 52435F45 		.ascii	"RC_ERROR_CHECKSUM\000"
 710      52524F52 
 710      5F434845 
 710      434B5355 
 710      4D00
 711              	.LASF48:
 712 02f3 72657375 		.ascii	"result\000"
 712      6C7400
 713              	.LASF45:
 714 02fa 696E7431 		.ascii	"int16_t\000"
 714      365F7400 
 715              	.LASF35:
 716 0302 52435F45 		.ascii	"RC_ERROR_UNKNOWN\000"
 716      52524F52 
 716      5F554E4B 
 716      4E4F574E 
 716      00
 717              	.LASF19:
 718 0313 52435F45 		.ascii	"RC_ERROR_BUFFER_FULL\000"
 718      52524F52 
 718      5F425546 
 718      4645525F 
 718      46554C4C 
 719              	.LASF47:
 720 0328 73697A65 		.ascii	"sizetype\000"
 720      74797065 
 720      00
 721              	.LASF8:
ARM GAS  C:\Users\schmi\AppData\Local\Temp\ccQtq4en.s 			page 17


 722 0331 6C6F6E67 		.ascii	"long long int\000"
 722      206C6F6E 
 722      6720696E 
 722      7400
 723              	.LASF10:
 724 033f 63686172 		.ascii	"char\000"
 724      00
 725              	.LASF34:
 726 0344 52435F45 		.ascii	"RC_ERROR_INVALID_STATE\000"
 726      52524F52 
 726      5F494E56 
 726      414C4944 
 726      5F535441 
 727              	.LASF2:
 728 035b 73686F72 		.ascii	"short int\000"
 728      7420696E 
 728      7400
 729              	.LASF37:
 730 0365 646F776E 		.ascii	"down\000"
 730      00
 731              	.LASF26:
 732 036a 52435F45 		.ascii	"RC_ERROR_WRITE_ONLY\000"
 732      52524F52 
 732      5F575249 
 732      54455F4F 
 732      4E4C5900 
 733              	.LASF40:
 734 037e 696E6974 		.ascii	"initial\000"
 734      69616C00 
 735              	.LASF4:
 736 0386 6C6F6E67 		.ascii	"long int\000"
 736      20696E74 
 736      00
 737              	.LASF46:
 738 038f 6C6F6E67 		.ascii	"long double\000"
 738      20646F75 
 738      626C6500 
 739              	.LASF25:
 740 039b 52435F45 		.ascii	"RC_ERROR_READ_ONLY\000"
 740      52524F52 
 740      5F524541 
 740      445F4F4E 
 740      4C5900
 741              	.LASF0:
 742 03ae 7369676E 		.ascii	"signed char\000"
 742      65642063 
 742      68617200 
 743              	.LASF27:
 744 03ba 52435F45 		.ascii	"RC_ERROR_INVALID\000"
 744      52524F52 
 744      5F494E56 
 744      414C4944 
 744      00
 745              	.LASF23:
 746 03cb 52435F45 		.ascii	"RC_ERROR_OPEN\000"
 746      52524F52 
 746      5F4F5045 
ARM GAS  C:\Users\schmi\AppData\Local\Temp\ccQtq4en.s 			page 18


 746      4E00
 747              	.LASF16:
 748 03d9 52435F45 		.ascii	"RC_ERROR_RANGE\000"
 748      52524F52 
 748      5F52414E 
 748      474500
 749              		.ident	"GCC: (GNU Tools for ARM Embedded Processors) 5.4.1 20160609 (release) [ARM/embedded-5-bran
