ARM GAS  C:\Users\schmi\AppData\Local\Temp\cc5uR5UG.s 			page 1


   1              		.syntax unified
   2              		.cpu cortex-m3
   3              		.fpu softvfp
   4              		.eabi_attribute 20, 1
   5              		.eabi_attribute 21, 1
   6              		.eabi_attribute 23, 3
   7              		.eabi_attribute 24, 1
   8              		.eabi_attribute 25, 1
   9              		.eabi_attribute 26, 1
  10              		.eabi_attribute 30, 6
  11              		.eabi_attribute 34, 1
  12              		.eabi_attribute 18, 4
  13              		.thumb
  14              		.syntax unified
  15              		.file	"myLED.c"
  16              		.text
  17              	.Ltext0:
  18              		.cfi_sections	.debug_frame
  19              		.section	.rodata
  20              		.align	2
  21              		.type	LED__Pulse_Width, %object
  22              		.size	LED__Pulse_Width, 512
  23              	LED__Pulse_Width:
  24 0000 0000     		.short	0
  25 0002 0100     		.short	1
  26 0004 0100     		.short	1
  27 0006 0100     		.short	1
  28 0008 0100     		.short	1
  29 000a 0100     		.short	1
  30 000c 0100     		.short	1
  31 000e 0100     		.short	1
  32 0010 0100     		.short	1
  33 0012 0200     		.short	2
  34 0014 0200     		.short	2
  35 0016 0200     		.short	2
  36 0018 0200     		.short	2
  37 001a 0200     		.short	2
  38 001c 0200     		.short	2
  39 001e 0200     		.short	2
  40 0020 0200     		.short	2
  41 0022 0200     		.short	2
  42 0024 0200     		.short	2
  43 0026 0200     		.short	2
  44 0028 0200     		.short	2
  45 002a 0300     		.short	3
  46 002c 0300     		.short	3
  47 002e 0300     		.short	3
  48 0030 0300     		.short	3
  49 0032 0300     		.short	3
  50 0034 0300     		.short	3
  51 0036 0300     		.short	3
  52 0038 0400     		.short	4
  53 003a 0400     		.short	4
  54 003c 0400     		.short	4
  55 003e 0400     		.short	4
  56 0040 0400     		.short	4
  57 0042 0400     		.short	4
ARM GAS  C:\Users\schmi\AppData\Local\Temp\cc5uR5UG.s 			page 2


  58 0044 0500     		.short	5
  59 0046 0500     		.short	5
  60 0048 0500     		.short	5
  61 004a 0500     		.short	5
  62 004c 0500     		.short	5
  63 004e 0600     		.short	6
  64 0050 0600     		.short	6
  65 0052 0600     		.short	6
  66 0054 0600     		.short	6
  67 0056 0700     		.short	7
  68 0058 0700     		.short	7
  69 005a 0700     		.short	7
  70 005c 0800     		.short	8
  71 005e 0800     		.short	8
  72 0060 0800     		.short	8
  73 0062 0900     		.short	9
  74 0064 0900     		.short	9
  75 0066 0A00     		.short	10
  76 0068 0A00     		.short	10
  77 006a 0A00     		.short	10
  78 006c 0B00     		.short	11
  79 006e 0B00     		.short	11
  80 0070 0C00     		.short	12
  81 0072 0C00     		.short	12
  82 0074 0D00     		.short	13
  83 0076 0D00     		.short	13
  84 0078 0E00     		.short	14
  85 007a 0F00     		.short	15
  86 007c 0F00     		.short	15
  87 007e 1000     		.short	16
  88 0080 1100     		.short	17
  89 0082 1100     		.short	17
  90 0084 1200     		.short	18
  91 0086 1300     		.short	19
  92 0088 1400     		.short	20
  93 008a 1500     		.short	21
  94 008c 1600     		.short	22
  95 008e 1700     		.short	23
  96 0090 1800     		.short	24
  97 0092 1900     		.short	25
  98 0094 1A00     		.short	26
  99 0096 1B00     		.short	27
 100 0098 1C00     		.short	28
 101 009a 1D00     		.short	29
 102 009c 1F00     		.short	31
 103 009e 2000     		.short	32
 104 00a0 2100     		.short	33
 105 00a2 2300     		.short	35
 106 00a4 2400     		.short	36
 107 00a6 2600     		.short	38
 108 00a8 2800     		.short	40
 109 00aa 2900     		.short	41
 110 00ac 2B00     		.short	43
 111 00ae 2D00     		.short	45
 112 00b0 2F00     		.short	47
 113 00b2 3100     		.short	49
 114 00b4 3400     		.short	52
ARM GAS  C:\Users\schmi\AppData\Local\Temp\cc5uR5UG.s 			page 3


 115 00b6 3600     		.short	54
 116 00b8 3800     		.short	56
 117 00ba 3B00     		.short	59
 118 00bc 3D00     		.short	61
 119 00be 4000     		.short	64
 120 00c0 4300     		.short	67
 121 00c2 4600     		.short	70
 122 00c4 4900     		.short	73
 123 00c6 4C00     		.short	76
 124 00c8 4F00     		.short	79
 125 00ca 5300     		.short	83
 126 00cc 5700     		.short	87
 127 00ce 5B00     		.short	91
 128 00d0 5F00     		.short	95
 129 00d2 6300     		.short	99
 130 00d4 6700     		.short	103
 131 00d6 6C00     		.short	108
 132 00d8 7000     		.short	112
 133 00da 7500     		.short	117
 134 00dc 7B00     		.short	123
 135 00de 8000     		.short	128
 136 00e0 8600     		.short	134
 137 00e2 8C00     		.short	140
 138 00e4 9200     		.short	146
 139 00e6 9800     		.short	152
 140 00e8 9F00     		.short	159
 141 00ea A600     		.short	166
 142 00ec AD00     		.short	173
 143 00ee B500     		.short	181
 144 00f0 BD00     		.short	189
 145 00f2 C500     		.short	197
 146 00f4 CE00     		.short	206
 147 00f6 D700     		.short	215
 148 00f8 E100     		.short	225
 149 00fa EB00     		.short	235
 150 00fc F500     		.short	245
 151 00fe 0001     		.short	256
 152 0100 0B01     		.short	267
 153 0102 1701     		.short	279
 154 0104 2401     		.short	292
 155 0106 3001     		.short	304
 156 0108 3E01     		.short	318
 157 010a 4C01     		.short	332
 158 010c 5B01     		.short	347
 159 010e 6A01     		.short	362
 160 0110 7A01     		.short	378
 161 0112 8B01     		.short	395
 162 0114 9C01     		.short	412
 163 0116 AF01     		.short	431
 164 0118 C201     		.short	450
 165 011a D601     		.short	470
 166 011c EA01     		.short	490
 167 011e 0002     		.short	512
 168 0120 1702     		.short	535
 169 0122 2E02     		.short	558
 170 0124 4702     		.short	583
 171 0126 6102     		.short	609
ARM GAS  C:\Users\schmi\AppData\Local\Temp\cc5uR5UG.s 			page 4


 172 0128 7C02     		.short	636
 173 012a 9802     		.short	664
 174 012c B502     		.short	693
 175 012e D402     		.short	724
 176 0130 F402     		.short	756
 177 0132 1603     		.short	790
 178 0134 3903     		.short	825
 179 0136 5D03     		.short	861
 180 0138 8303     		.short	899
 181 013a AB03     		.short	939
 182 013c D503     		.short	981
 183 013e 0004     		.short	1024
 184 0140 2D04     		.short	1069
 185 0142 5D04     		.short	1117
 186 0144 8E04     		.short	1166
 187 0146 C204     		.short	1218
 188 0148 F804     		.short	1272
 189 014a 3005     		.short	1328
 190 014c 6B05     		.short	1387
 191 014e A805     		.short	1448
 192 0150 E805     		.short	1512
 193 0152 2B06     		.short	1579
 194 0154 7106     		.short	1649
 195 0156 BA06     		.short	1722
 196 0158 0607     		.short	1798
 197 015a 5607     		.short	1878
 198 015c A907     		.short	1961
 199 015e 0008     		.short	2048
 200 0160 5B08     		.short	2139
 201 0162 B908     		.short	2233
 202 0164 1C09     		.short	2332
 203 0166 8309     		.short	2435
 204 0168 EF09     		.short	2543
 205 016a 600A     		.short	2656
 206 016c D50A     		.short	2773
 207 016e 500B     		.short	2896
 208 0170 D10B     		.short	3025
 209 0172 560C     		.short	3158
 210 0174 E20C     		.short	3298
 211 0176 740D     		.short	3444
 212 0178 0D0E     		.short	3597
 213 017a AC0E     		.short	3756
 214 017c 520F     		.short	3922
 215 017e 0010     		.short	4096
 216 0180 B510     		.short	4277
 217 0182 7311     		.short	4467
 218 0184 3812     		.short	4664
 219 0186 0713     		.short	4871
 220 0188 DF13     		.short	5087
 221 018a C014     		.short	5312
 222 018c AB15     		.short	5547
 223 018e A116     		.short	5793
 224 0190 A117     		.short	6049
 225 0192 AD18     		.short	6317
 226 0194 C419     		.short	6596
 227 0196 E91A     		.short	6889
 228 0198 1A1C     		.short	7194
ARM GAS  C:\Users\schmi\AppData\Local\Temp\cc5uR5UG.s 			page 5


 229 019a 581D     		.short	7512
 230 019c A51E     		.short	7845
 231 019e 0020     		.short	8192
 232 01a0 6B21     		.short	8555
 233 01a2 E522     		.short	8933
 234 01a4 7124     		.short	9329
 235 01a6 0E26     		.short	9742
 236 01a8 BD27     		.short	10173
 237 01aa 8029     		.short	10624
 238 01ac 562B     		.short	11094
 239 01ae 412D     		.short	11585
 240 01b0 422F     		.short	12098
 241 01b2 5A31     		.short	12634
 242 01b4 8933     		.short	13193
 243 01b6 D135     		.short	13777
 244 01b8 3338     		.short	14387
 245 01ba B03A     		.short	15024
 246 01bc 493D     		.short	15689
 247 01be 0040     		.short	16384
 248 01c0 D542     		.short	17109
 249 01c2 CB45     		.short	17867
 250 01c4 E248     		.short	18658
 251 01c6 1C4C     		.short	19484
 252 01c8 7A4F     		.short	20346
 253 01ca FF52     		.short	21247
 254 01cc AC56     		.short	22188
 255 01ce 825A     		.short	23170
 256 01d0 845E     		.short	24196
 257 01d2 B362     		.short	25267
 258 01d4 1267     		.short	26386
 259 01d6 A26B     		.short	27554
 260 01d8 6670     		.short	28774
 261 01da 6075     		.short	30048
 262 01dc 927A     		.short	31378
 263 01de 0080     		.short	-32768
 264 01e0 AA85     		.short	-31318
 265 01e2 958B     		.short	-29803
 266 01e4 C391     		.short	-28221
 267 01e6 3798     		.short	-26569
 268 01e8 F59E     		.short	-24843
 269 01ea FEA5     		.short	-23042
 270 01ec 58AD     		.short	-21160
 271 01ee 04B5     		.short	-19196
 272 01f0 08BD     		.short	-17144
 273 01f2 66C5     		.short	-15002
 274 01f4 24CE     		.short	-12764
 275 01f6 44D7     		.short	-10428
 276 01f8 CCE0     		.short	-7988
 277 01fa C0EA     		.short	-5440
 278 01fc 25F5     		.short	-2779
 279 01fe FFFF     		.short	-1
 280              		.data
 281              		.align	2
 282              		.type	sLED, %object
 283              		.size	sLED, 3
 284              	sLED:
 285 0000 01       		.byte	1
ARM GAS  C:\Users\schmi\AppData\Local\Temp\cc5uR5UG.s 			page 6


 286 0001 01       		.byte	1
 287 0002 01       		.byte	1
 288              		.section	.text.my_LED_init,"ax",%progbits
 289              		.align	2
 290              		.global	my_LED_init
 291              		.thumb
 292              		.thumb_func
 293              		.type	my_LED_init, %function
 294              	my_LED_init:
 295              	.LFB0:
 296              		.file 1 "myLED.c"
   1:myLED.c       **** /* ========================================
   2:myLED.c       ****  *
   3:myLED.c       ****  * Copyright YOUR COMPANY, THE YEAR
   4:myLED.c       ****  * All Rights Reserved
   5:myLED.c       ****  * UNPUBLISHED, LICENSED SOFTWARE.
   6:myLED.c       ****  *
   7:myLED.c       ****  * CONFIDENTIAL AND PROPRIETARY INFORMATION
   8:myLED.c       ****  * WHICH IS THE PROPERTY OF your company.
   9:myLED.c       ****  *
  10:myLED.c       ****  * ========================================
  11:myLED.c       **** */
  12:myLED.c       **** 
  13:myLED.c       **** /* [] END OF FILE */
  14:myLED.c       **** #include "myLED.h"
  15:myLED.c       **** #include "led_G.h"
  16:myLED.c       **** #include "led_R.h"
  17:myLED.c       **** #include "led_Y.h"
  18:myLED.c       **** #include "led_green_rgb.h"
  19:myLED.c       **** #include "led_red_rgb.h"
  20:myLED.c       **** #include "led_blue_rgb.h"
  21:myLED.c       **** #include "PWM_1.h"
  22:myLED.c       **** #include "PWM_2.h"
  23:myLED.c       **** #include "PWM_3.h"
  24:myLED.c       **** 
  25:myLED.c       **** const static uint16 LED__Pulse_Width[256] = {
  26:myLED.c       **** 0, 1, 1, 1, 1, 1, 1, 1, 1, 2, 2, 2, 2, 2, 2, 2, 2, 2, 2, 2, 2, 3,
  27:myLED.c       **** 3, 3, 3, 3, 3, 3, 4, 4, 4, 4, 4, 4, 5, 5, 5, 5, 5, 6, 6, 6, 6, 7,
  28:myLED.c       **** 7, 7, 8, 8, 8, 9, 9, 10, 10, 10, 11, 11, 12, 12, 13, 13, 14, 15,
  29:myLED.c       **** 15, 16, 17, 17, 18, 19, 20, 21, 22, 23, 24, 25, 26, 27, 28, 29,
  30:myLED.c       **** 31, 32, 33, 35, 36, 38, 40, 41, 43, 45, 47, 49, 52, 54, 56, 59,
  31:myLED.c       **** 61, 64, 67, 70, 73, 76, 79, 83, 87, 91, 95, 99, 103, 108, 112,
  32:myLED.c       **** 117, 123, 128, 134, 140, 146, 152, 159, 166, 173, 181, 189, 197,
  33:myLED.c       **** 206, 215, 225, 235, 245, 256, 267, 279, 292, 304, 318, 332, 347,
  34:myLED.c       **** 362, 378, 395, 412, 431, 450, 470, 490, 512, 535, 558, 583, 609,
  35:myLED.c       **** 636, 664, 693, 724, 756, 790, 825, 861, 899, 939, 981, 1024, 1069,
  36:myLED.c       **** 1117, 1166, 1218, 1272, 1328, 1387, 1448, 1512, 1579, 1649, 1722,
  37:myLED.c       **** 1798, 1878, 1961, 2048, 2139, 2233, 2332, 2435, 2543, 2656, 2773,
  38:myLED.c       **** 2896, 3025, 3158, 3298, 3444, 3597, 3756, 3922, 4096, 4277, 4467,
  39:myLED.c       **** 4664, 4871, 5087, 5312, 5547, 5793, 6049, 6317, 6596, 6889, 7194,
  40:myLED.c       **** 7512, 7845, 8192, 8555, 8933, 9329, 9742, 10173, 10624, 11094,
  41:myLED.c       **** 11585, 12098, 12634, 13193, 13777, 14387, 15024, 15689, 16384,
  42:myLED.c       **** 17109, 17867, 18658, 19484, 20346, 21247, 22188, 23170, 24196,
  43:myLED.c       **** 25267, 26386, 27554, 28774, 30048, 31378, 32768, 34218, 35733,
  44:myLED.c       **** 37315, 38967, 40693, 42494, 44376, 46340, 48392, 50534, 52772,
  45:myLED.c       **** 55108, 57548, 60096, 62757, 65535
  46:myLED.c       **** };
ARM GAS  C:\Users\schmi\AppData\Local\Temp\cc5uR5UG.s 			page 7


  47:myLED.c       **** 
  48:myLED.c       **** static LED_ONOF_t sLED[LED_ALL] = { LED_OFF, LED_OFF, LED_OFF };
  49:myLED.c       **** 
  50:myLED.c       **** RC_t my_LED_init(){
 297              		.loc 1 50 0
 298              		.cfi_startproc
 299              		@ args = 0, pretend = 0, frame = 8
 300              		@ frame_needed = 1, uses_anonymous_args = 0
 301 0000 80B5     		push	{r7, lr}
 302              		.cfi_def_cfa_offset 8
 303              		.cfi_offset 7, -8
 304              		.cfi_offset 14, -4
 305 0002 82B0     		sub	sp, sp, #8
 306              		.cfi_def_cfa_offset 16
 307 0004 00AF     		add	r7, sp, #0
 308              		.cfi_def_cfa_register 7
  51:myLED.c       ****     led_R_Write(0);
 309              		.loc 1 51 0
 310 0006 0020     		movs	r0, #0
 311 0008 FFF7FEFF 		bl	led_R_Write
  52:myLED.c       ****     led_G_Write(0);
 312              		.loc 1 52 0
 313 000c 0020     		movs	r0, #0
 314 000e FFF7FEFF 		bl	led_G_Write
  53:myLED.c       ****     led_Y_Write(0);
 315              		.loc 1 53 0
 316 0012 0020     		movs	r0, #0
 317 0014 FFF7FEFF 		bl	led_Y_Write
  54:myLED.c       ****     led_red_rgb_Write(0);
 318              		.loc 1 54 0
 319 0018 0020     		movs	r0, #0
 320 001a FFF7FEFF 		bl	led_red_rgb_Write
  55:myLED.c       ****     led_green_rgb_Write(0);
 321              		.loc 1 55 0
 322 001e 0020     		movs	r0, #0
 323 0020 FFF7FEFF 		bl	led_green_rgb_Write
  56:myLED.c       ****     led_blue_rgb_Write(0);
 324              		.loc 1 56 0
 325 0024 0020     		movs	r0, #0
 326 0026 FFF7FEFF 		bl	led_blue_rgb_Write
 327              	.LBB2:
  57:myLED.c       ****     //PWM_1_Init(); 
  58:myLED.c       ****     //PWM_2_Init(); 
  59:myLED.c       ****     //PWM_3_Init();
  60:myLED.c       ****     for(int i = 0; i < LED_ALL; i++){
 328              		.loc 1 60 0
 329 002a 0023     		movs	r3, #0
 330 002c 7B60     		str	r3, [r7, #4]
 331 002e 07E0     		b	.L2
 332              	.L3:
  61:myLED.c       ****         sLED[i] = LED_OFF;   
 333              		.loc 1 61 0 discriminator 3
 334 0030 074A     		ldr	r2, .L5
 335 0032 7B68     		ldr	r3, [r7, #4]
 336 0034 1344     		add	r3, r3, r2
 337 0036 0122     		movs	r2, #1
 338 0038 1A70     		strb	r2, [r3]
ARM GAS  C:\Users\schmi\AppData\Local\Temp\cc5uR5UG.s 			page 8


  60:myLED.c       ****         sLED[i] = LED_OFF;   
 339              		.loc 1 60 0 discriminator 3
 340 003a 7B68     		ldr	r3, [r7, #4]
 341 003c 0133     		adds	r3, r3, #1
 342 003e 7B60     		str	r3, [r7, #4]
 343              	.L2:
  60:myLED.c       ****         sLED[i] = LED_OFF;   
 344              		.loc 1 60 0 is_stmt 0 discriminator 1
 345 0040 7B68     		ldr	r3, [r7, #4]
 346 0042 022B     		cmp	r3, #2
 347 0044 F4DD     		ble	.L3
 348              	.LBE2:
  62:myLED.c       ****     }
  63:myLED.c       ****     return RC_SUCCESS;
 349              		.loc 1 63 0 is_stmt 1
 350 0046 0023     		movs	r3, #0
  64:myLED.c       **** }
 351              		.loc 1 64 0
 352 0048 1846     		mov	r0, r3
 353 004a 0837     		adds	r7, r7, #8
 354              		.cfi_def_cfa_offset 8
 355 004c BD46     		mov	sp, r7
 356              		.cfi_def_cfa_register 13
 357              		@ sp needed
 358 004e 80BD     		pop	{r7, pc}
 359              	.L6:
 360              		.align	2
 361              	.L5:
 362 0050 00000000 		.word	sLED
 363              		.cfi_endproc
 364              	.LFE0:
 365              		.size	my_LED_init, .-my_LED_init
 366              		.section	.text.my_LED_Set,"ax",%progbits
 367              		.align	2
 368              		.global	my_LED_Set
 369              		.thumb
 370              		.thumb_func
 371              		.type	my_LED_Set, %function
 372              	my_LED_Set:
 373              	.LFB1:
  65:myLED.c       **** RC_t my_LED_Set(LED_id_t ledid, LED_ONOF_t led_onof){
 374              		.loc 1 65 0
 375              		.cfi_startproc
 376              		@ args = 0, pretend = 0, frame = 16
 377              		@ frame_needed = 1, uses_anonymous_args = 0
 378 0000 80B5     		push	{r7, lr}
 379              		.cfi_def_cfa_offset 8
 380              		.cfi_offset 7, -8
 381              		.cfi_offset 14, -4
 382 0002 84B0     		sub	sp, sp, #16
 383              		.cfi_def_cfa_offset 24
 384 0004 00AF     		add	r7, sp, #0
 385              		.cfi_def_cfa_register 7
 386 0006 0346     		mov	r3, r0
 387 0008 0A46     		mov	r2, r1
 388 000a FB71     		strb	r3, [r7, #7]
 389 000c 1346     		mov	r3, r2
ARM GAS  C:\Users\schmi\AppData\Local\Temp\cc5uR5UG.s 			page 9


 390 000e BB71     		strb	r3, [r7, #6]
  66:myLED.c       ****     if(ledid == LED_RED){
 391              		.loc 1 66 0
 392 0010 FB79     		ldrb	r3, [r7, #7]	@ zero_extendqisi2
 393 0012 002B     		cmp	r3, #0
 394 0014 16D1     		bne	.L8
  67:myLED.c       ****         switch(led_onof){
 395              		.loc 1 67 0
 396 0016 BB79     		ldrb	r3, [r7, #6]	@ zero_extendqisi2
 397 0018 002B     		cmp	r3, #0
 398 001a 0AD0     		beq	.L10
 399 001c 012B     		cmp	r3, #1
 400 001e 40F08880 		bne	.L12
  68:myLED.c       ****             case LED_OFF: led_R_Write(0); sLED[ledid] = LED_OFF; break;
 401              		.loc 1 68 0
 402 0022 0020     		movs	r0, #0
 403 0024 FFF7FEFF 		bl	led_R_Write
 404 0028 FB79     		ldrb	r3, [r7, #7]	@ zero_extendqisi2
 405 002a 444A     		ldr	r2, .L30
 406 002c 0121     		movs	r1, #1
 407 002e D154     		strb	r1, [r2, r3]
 408 0030 7FE0     		b	.L12
 409              	.L10:
  69:myLED.c       ****             case LED_ON: led_R_Write(1); sLED[ledid] = LED_ON; break;
 410              		.loc 1 69 0
 411 0032 0120     		movs	r0, #1
 412 0034 FFF7FEFF 		bl	led_R_Write
 413 0038 FB79     		ldrb	r3, [r7, #7]	@ zero_extendqisi2
 414 003a 404A     		ldr	r2, .L30
 415 003c 0021     		movs	r1, #0
 416 003e D154     		strb	r1, [r2, r3]
 417 0040 00BF     		nop
 418 0042 76E0     		b	.L12
 419              	.L8:
  70:myLED.c       ****         }
  71:myLED.c       ****     }else if(ledid == LED_GREEN){
 420              		.loc 1 71 0
 421 0044 FB79     		ldrb	r3, [r7, #7]	@ zero_extendqisi2
 422 0046 012B     		cmp	r3, #1
 423 0048 15D1     		bne	.L13
  72:myLED.c       ****         switch(led_onof){
 424              		.loc 1 72 0
 425 004a BB79     		ldrb	r3, [r7, #6]	@ zero_extendqisi2
 426 004c 002B     		cmp	r3, #0
 427 004e 09D0     		beq	.L15
 428 0050 012B     		cmp	r3, #1
 429 0052 6ED1     		bne	.L12
  73:myLED.c       ****             case LED_OFF: led_G_Write(0); sLED[ledid] = LED_OFF; break;
 430              		.loc 1 73 0
 431 0054 0020     		movs	r0, #0
 432 0056 FFF7FEFF 		bl	led_G_Write
 433 005a FB79     		ldrb	r3, [r7, #7]	@ zero_extendqisi2
 434 005c 374A     		ldr	r2, .L30
 435 005e 0121     		movs	r1, #1
 436 0060 D154     		strb	r1, [r2, r3]
 437 0062 66E0     		b	.L12
 438              	.L15:
ARM GAS  C:\Users\schmi\AppData\Local\Temp\cc5uR5UG.s 			page 10


  74:myLED.c       ****             case LED_ON: led_G_Write(1); sLED[ledid] = LED_ON; break;
 439              		.loc 1 74 0
 440 0064 0120     		movs	r0, #1
 441 0066 FFF7FEFF 		bl	led_G_Write
 442 006a FB79     		ldrb	r3, [r7, #7]	@ zero_extendqisi2
 443 006c 334A     		ldr	r2, .L30
 444 006e 0021     		movs	r1, #0
 445 0070 D154     		strb	r1, [r2, r3]
 446 0072 00BF     		nop
 447 0074 5DE0     		b	.L12
 448              	.L13:
  75:myLED.c       ****         }
  76:myLED.c       ****     }else if (ledid == LED_YELLOW){
 449              		.loc 1 76 0
 450 0076 FB79     		ldrb	r3, [r7, #7]	@ zero_extendqisi2
 451 0078 022B     		cmp	r3, #2
 452 007a 15D1     		bne	.L17
  77:myLED.c       ****         switch(led_onof){
 453              		.loc 1 77 0
 454 007c BB79     		ldrb	r3, [r7, #6]	@ zero_extendqisi2
 455 007e 002B     		cmp	r3, #0
 456 0080 09D0     		beq	.L19
 457 0082 012B     		cmp	r3, #1
 458 0084 55D1     		bne	.L12
  78:myLED.c       ****             case LED_OFF: led_Y_Write(0); sLED[ledid] = LED_OFF; break;
 459              		.loc 1 78 0
 460 0086 0020     		movs	r0, #0
 461 0088 FFF7FEFF 		bl	led_Y_Write
 462 008c FB79     		ldrb	r3, [r7, #7]	@ zero_extendqisi2
 463 008e 2B4A     		ldr	r2, .L30
 464 0090 0121     		movs	r1, #1
 465 0092 D154     		strb	r1, [r2, r3]
 466 0094 4DE0     		b	.L12
 467              	.L19:
  79:myLED.c       ****             case LED_ON: led_Y_Write(1); sLED[ledid] = LED_ON; break;
 468              		.loc 1 79 0
 469 0096 0120     		movs	r0, #1
 470 0098 FFF7FEFF 		bl	led_Y_Write
 471 009c FB79     		ldrb	r3, [r7, #7]	@ zero_extendqisi2
 472 009e 274A     		ldr	r2, .L30
 473 00a0 0021     		movs	r1, #0
 474 00a2 D154     		strb	r1, [r2, r3]
 475 00a4 00BF     		nop
 476 00a6 44E0     		b	.L12
 477              	.L17:
  80:myLED.c       ****         }
  81:myLED.c       ****     }else if(ledid == LED_ALL){
 478              		.loc 1 81 0
 479 00a8 FB79     		ldrb	r3, [r7, #7]	@ zero_extendqisi2
 480 00aa 032B     		cmp	r3, #3
 481 00ac 3ED1     		bne	.L21
  82:myLED.c       ****         switch(led_onof){
 482              		.loc 1 82 0
 483 00ae BB79     		ldrb	r3, [r7, #6]	@ zero_extendqisi2
 484 00b0 002B     		cmp	r3, #0
 485 00b2 19D0     		beq	.L23
 486 00b4 012B     		cmp	r3, #1
ARM GAS  C:\Users\schmi\AppData\Local\Temp\cc5uR5UG.s 			page 11


 487 00b6 3CD1     		bne	.L12
  83:myLED.c       ****             case LED_OFF: led_R_Write(0); 
 488              		.loc 1 83 0
 489 00b8 0020     		movs	r0, #0
 490 00ba FFF7FEFF 		bl	led_R_Write
  84:myLED.c       ****                           led_G_Write(0);
 491              		.loc 1 84 0
 492 00be 0020     		movs	r0, #0
 493 00c0 FFF7FEFF 		bl	led_G_Write
  85:myLED.c       ****                           led_Y_Write(0);
 494              		.loc 1 85 0
 495 00c4 0020     		movs	r0, #0
 496 00c6 FFF7FEFF 		bl	led_Y_Write
 497              	.LBB3:
  86:myLED.c       ****                           for(int i = 0; i < LED_ALL; i++){
 498              		.loc 1 86 0
 499 00ca 0023     		movs	r3, #0
 500 00cc FB60     		str	r3, [r7, #12]
 501 00ce 07E0     		b	.L25
 502              	.L26:
  87:myLED.c       ****                             sLED[i] = LED_OFF;
 503              		.loc 1 87 0 discriminator 3
 504 00d0 1A4A     		ldr	r2, .L30
 505 00d2 FB68     		ldr	r3, [r7, #12]
 506 00d4 1344     		add	r3, r3, r2
 507 00d6 0122     		movs	r2, #1
 508 00d8 1A70     		strb	r2, [r3]
  86:myLED.c       ****                           for(int i = 0; i < LED_ALL; i++){
 509              		.loc 1 86 0 discriminator 3
 510 00da FB68     		ldr	r3, [r7, #12]
 511 00dc 0133     		adds	r3, r3, #1
 512 00de FB60     		str	r3, [r7, #12]
 513              	.L25:
  86:myLED.c       ****                           for(int i = 0; i < LED_ALL; i++){
 514              		.loc 1 86 0 is_stmt 0 discriminator 1
 515 00e0 FB68     		ldr	r3, [r7, #12]
 516 00e2 022B     		cmp	r3, #2
 517 00e4 F4DD     		ble	.L26
 518              	.LBE3:
  88:myLED.c       ****                           }
  89:myLED.c       ****                           break;
 519              		.loc 1 89 0 is_stmt 1
 520 00e6 24E0     		b	.L12
 521              	.L23:
  90:myLED.c       ****             case LED_ON: led_R_Write(1); 
 522              		.loc 1 90 0
 523 00e8 0120     		movs	r0, #1
 524 00ea FFF7FEFF 		bl	led_R_Write
  91:myLED.c       ****                           led_G_Write(1);
 525              		.loc 1 91 0
 526 00ee 0120     		movs	r0, #1
 527 00f0 FFF7FEFF 		bl	led_G_Write
  92:myLED.c       ****                           led_Y_Write(1);
 528              		.loc 1 92 0
 529 00f4 0120     		movs	r0, #1
 530 00f6 FFF7FEFF 		bl	led_Y_Write
  93:myLED.c       ****                           sLED[0] = LED_ON;
ARM GAS  C:\Users\schmi\AppData\Local\Temp\cc5uR5UG.s 			page 12


 531              		.loc 1 93 0
 532 00fa 104B     		ldr	r3, .L30
 533 00fc 0022     		movs	r2, #0
 534 00fe 1A70     		strb	r2, [r3]
  94:myLED.c       ****                           sLED[1] = LED_ON;
 535              		.loc 1 94 0
 536 0100 0E4B     		ldr	r3, .L30
 537 0102 0022     		movs	r2, #0
 538 0104 5A70     		strb	r2, [r3, #1]
  95:myLED.c       ****                           sLED[2] = LED_ON;
 539              		.loc 1 95 0
 540 0106 0D4B     		ldr	r3, .L30
 541 0108 0022     		movs	r2, #0
 542 010a 9A70     		strb	r2, [r3, #2]
 543              	.LBB4:
  96:myLED.c       ****                           for(int i = 0; i < LED_ALL; i++){
 544              		.loc 1 96 0
 545 010c 0023     		movs	r3, #0
 546 010e BB60     		str	r3, [r7, #8]
 547 0110 07E0     		b	.L27
 548              	.L28:
  97:myLED.c       ****                             sLED[i] = LED_ON;
 549              		.loc 1 97 0 discriminator 3
 550 0112 0A4A     		ldr	r2, .L30
 551 0114 BB68     		ldr	r3, [r7, #8]
 552 0116 1344     		add	r3, r3, r2
 553 0118 0022     		movs	r2, #0
 554 011a 1A70     		strb	r2, [r3]
  96:myLED.c       ****                           for(int i = 0; i < LED_ALL; i++){
 555              		.loc 1 96 0 discriminator 3
 556 011c BB68     		ldr	r3, [r7, #8]
 557 011e 0133     		adds	r3, r3, #1
 558 0120 BB60     		str	r3, [r7, #8]
 559              	.L27:
  96:myLED.c       ****                           for(int i = 0; i < LED_ALL; i++){
 560              		.loc 1 96 0 is_stmt 0 discriminator 1
 561 0122 BB68     		ldr	r3, [r7, #8]
 562 0124 022B     		cmp	r3, #2
 563 0126 F4DD     		ble	.L28
 564              	.LBE4:
  98:myLED.c       ****                           }
  99:myLED.c       ****                           break;
 565              		.loc 1 99 0 is_stmt 1 discriminator 2
 566 0128 00BF     		nop
 567 012a 02E0     		b	.L12
 568              	.L21:
 100:myLED.c       ****         }
 101:myLED.c       ****     }else{
 102:myLED.c       ****         return RC_ERROR; 
 569              		.loc 1 102 0
 570 012c 4FF0FF33 		mov	r3, #-1
 571 0130 00E0     		b	.L29
 572              	.L12:
 103:myLED.c       ****     }
 104:myLED.c       ****     return RC_SUCCESS;
 573              		.loc 1 104 0
 574 0132 0023     		movs	r3, #0
ARM GAS  C:\Users\schmi\AppData\Local\Temp\cc5uR5UG.s 			page 13


 575              	.L29:
 105:myLED.c       **** }
 576              		.loc 1 105 0
 577 0134 1846     		mov	r0, r3
 578 0136 1037     		adds	r7, r7, #16
 579              		.cfi_def_cfa_offset 8
 580 0138 BD46     		mov	sp, r7
 581              		.cfi_def_cfa_register 13
 582              		@ sp needed
 583 013a 80BD     		pop	{r7, pc}
 584              	.L31:
 585              		.align	2
 586              	.L30:
 587 013c 00000000 		.word	sLED
 588              		.cfi_endproc
 589              	.LFE1:
 590              		.size	my_LED_Set, .-my_LED_Set
 591              		.section	.text.my_LED_Toggle,"ax",%progbits
 592              		.align	2
 593              		.global	my_LED_Toggle
 594              		.thumb
 595              		.thumb_func
 596              		.type	my_LED_Toggle, %function
 597              	my_LED_Toggle:
 598              	.LFB2:
 106:myLED.c       **** RC_t my_LED_Toggle(LED_id_t ledid){
 599              		.loc 1 106 0
 600              		.cfi_startproc
 601              		@ args = 0, pretend = 0, frame = 8
 602              		@ frame_needed = 1, uses_anonymous_args = 0
 603 0000 80B5     		push	{r7, lr}
 604              		.cfi_def_cfa_offset 8
 605              		.cfi_offset 7, -8
 606              		.cfi_offset 14, -4
 607 0002 82B0     		sub	sp, sp, #8
 608              		.cfi_def_cfa_offset 16
 609 0004 00AF     		add	r7, sp, #0
 610              		.cfi_def_cfa_register 7
 611 0006 0346     		mov	r3, r0
 612 0008 FB71     		strb	r3, [r7, #7]
 107:myLED.c       ****     switch(ledid){
 613              		.loc 1 107 0
 614 000a FB79     		ldrb	r3, [r7, #7]	@ zero_extendqisi2
 615 000c 032B     		cmp	r3, #3
 616 000e 51D8     		bhi	.L33
 617 0010 01A2     		adr	r2, .L35
 618 0012 52F823F0 		ldr	pc, [r2, r3, lsl #2]
 619 0016 00BF     		.p2align 2
 620              	.L35:
 621 0018 29000000 		.word	.L34+1
 622 001c 41000000 		.word	.L36+1
 623 0020 59000000 		.word	.L37+1
 624 0024 71000000 		.word	.L38+1
 625              		.p2align 1
 626              	.L34:
 108:myLED.c       ****         case LED_RED: ( sLED[LED_RED] == LED_OFF) ? led_R_Write(1) : led_R_Write(0); break;
 627              		.loc 1 108 0
ARM GAS  C:\Users\schmi\AppData\Local\Temp\cc5uR5UG.s 			page 14


 628 0028 254B     		ldr	r3, .L53
 629 002a 1B78     		ldrb	r3, [r3]	@ zero_extendqisi2
 630 002c 012B     		cmp	r3, #1
 631 002e 03D1     		bne	.L39
 632              		.loc 1 108 0 is_stmt 0 discriminator 1
 633 0030 0120     		movs	r0, #1
 634 0032 FFF7FEFF 		bl	led_R_Write
 635 0036 3DE0     		b	.L33
 636              	.L39:
 637              		.loc 1 108 0 discriminator 2
 638 0038 0020     		movs	r0, #0
 639 003a FFF7FEFF 		bl	led_R_Write
 640 003e 39E0     		b	.L33
 641              	.L36:
 109:myLED.c       ****         case LED_GREEN: (sLED[LED_GREEN] == LED_OFF) ? led_G_Write(1) : led_G_Write(0); break;
 642              		.loc 1 109 0 is_stmt 1
 643 0040 1F4B     		ldr	r3, .L53
 644 0042 5B78     		ldrb	r3, [r3, #1]	@ zero_extendqisi2
 645 0044 012B     		cmp	r3, #1
 646 0046 03D1     		bne	.L41
 647              		.loc 1 109 0 is_stmt 0 discriminator 1
 648 0048 0120     		movs	r0, #1
 649 004a FFF7FEFF 		bl	led_G_Write
 650 004e 31E0     		b	.L33
 651              	.L41:
 652              		.loc 1 109 0 discriminator 2
 653 0050 0020     		movs	r0, #0
 654 0052 FFF7FEFF 		bl	led_G_Write
 655 0056 2DE0     		b	.L33
 656              	.L37:
 110:myLED.c       ****         case LED_YELLOW: (sLED[LED_YELLOW] == LED_OFF) ? led_Y_Write(1) : led_Y_Write(0); break;
 657              		.loc 1 110 0 is_stmt 1
 658 0058 194B     		ldr	r3, .L53
 659 005a 9B78     		ldrb	r3, [r3, #2]	@ zero_extendqisi2
 660 005c 012B     		cmp	r3, #1
 661 005e 03D1     		bne	.L43
 662              		.loc 1 110 0 is_stmt 0 discriminator 1
 663 0060 0120     		movs	r0, #1
 664 0062 FFF7FEFF 		bl	led_Y_Write
 665 0066 25E0     		b	.L33
 666              	.L43:
 667              		.loc 1 110 0 discriminator 2
 668 0068 0020     		movs	r0, #0
 669 006a FFF7FEFF 		bl	led_Y_Write
 670 006e 21E0     		b	.L33
 671              	.L38:
 111:myLED.c       ****         case LED_ALL: 
 112:myLED.c       ****             (sLED[LED_RED] == LED_OFF) ? led_R_Write(1) : led_R_Write(0);
 672              		.loc 1 112 0 is_stmt 1
 673 0070 134B     		ldr	r3, .L53
 674 0072 1B78     		ldrb	r3, [r3]	@ zero_extendqisi2
 675 0074 012B     		cmp	r3, #1
 676 0076 03D1     		bne	.L45
 677              		.loc 1 112 0 is_stmt 0 discriminator 1
 678 0078 0120     		movs	r0, #1
 679 007a FFF7FEFF 		bl	led_R_Write
 680 007e 02E0     		b	.L46
ARM GAS  C:\Users\schmi\AppData\Local\Temp\cc5uR5UG.s 			page 15


 681              	.L45:
 682              		.loc 1 112 0 discriminator 2
 683 0080 0020     		movs	r0, #0
 684 0082 FFF7FEFF 		bl	led_R_Write
 685              	.L46:
 113:myLED.c       ****             (sLED[LED_GREEN] == LED_OFF) ? led_G_Write(1) : led_G_Write(0);
 686              		.loc 1 113 0 is_stmt 1
 687 0086 0E4B     		ldr	r3, .L53
 688 0088 5B78     		ldrb	r3, [r3, #1]	@ zero_extendqisi2
 689 008a 012B     		cmp	r3, #1
 690 008c 03D1     		bne	.L47
 691              		.loc 1 113 0 is_stmt 0 discriminator 1
 692 008e 0120     		movs	r0, #1
 693 0090 FFF7FEFF 		bl	led_G_Write
 694 0094 02E0     		b	.L48
 695              	.L47:
 696              		.loc 1 113 0 discriminator 2
 697 0096 0020     		movs	r0, #0
 698 0098 FFF7FEFF 		bl	led_G_Write
 699              	.L48:
 114:myLED.c       ****             (sLED[LED_YELLOW] == LED_OFF) ? led_Y_Write(1) : led_Y_Write(0);
 700              		.loc 1 114 0 is_stmt 1
 701 009c 084B     		ldr	r3, .L53
 702 009e 9B78     		ldrb	r3, [r3, #2]	@ zero_extendqisi2
 703 00a0 012B     		cmp	r3, #1
 704 00a2 03D1     		bne	.L49
 705              		.loc 1 114 0 is_stmt 0 discriminator 1
 706 00a4 0120     		movs	r0, #1
 707 00a6 FFF7FEFF 		bl	led_Y_Write
 115:myLED.c       ****             break;
 708              		.loc 1 115 0 is_stmt 1 discriminator 1
 709 00aa 02E0     		b	.L52
 710              	.L49:
 114:myLED.c       ****             (sLED[LED_YELLOW] == LED_OFF) ? led_Y_Write(1) : led_Y_Write(0);
 711              		.loc 1 114 0 discriminator 2
 712 00ac 0020     		movs	r0, #0
 713 00ae FFF7FEFF 		bl	led_Y_Write
 714              	.L52:
 715              		.loc 1 115 0
 716 00b2 00BF     		nop
 717              	.L33:
 116:myLED.c       ****     }
 117:myLED.c       ****     return RC_SUCCESS;
 718              		.loc 1 117 0
 719 00b4 0023     		movs	r3, #0
 118:myLED.c       **** }
 720              		.loc 1 118 0
 721 00b6 1846     		mov	r0, r3
 722 00b8 0837     		adds	r7, r7, #8
 723              		.cfi_def_cfa_offset 8
 724 00ba BD46     		mov	sp, r7
 725              		.cfi_def_cfa_register 13
 726              		@ sp needed
 727 00bc 80BD     		pop	{r7, pc}
 728              	.L54:
 729 00be 00BF     		.align	2
 730              	.L53:
ARM GAS  C:\Users\schmi\AppData\Local\Temp\cc5uR5UG.s 			page 16


 731 00c0 00000000 		.word	sLED
 732              		.cfi_endproc
 733              	.LFE2:
 734              		.size	my_LED_Toggle, .-my_LED_Toggle
 735              		.section	.text.my_LED_RGB_Set,"ax",%progbits
 736              		.align	2
 737              		.global	my_LED_RGB_Set
 738              		.thumb
 739              		.thumb_func
 740              		.type	my_LED_RGB_Set, %function
 741              	my_LED_RGB_Set:
 742              	.LFB3:
 119:myLED.c       **** RC_t my_LED_RGB_Set(uint8_t red, uint8_t green, uint8_t blue){
 743              		.loc 1 119 0
 744              		.cfi_startproc
 745              		@ args = 0, pretend = 0, frame = 8
 746              		@ frame_needed = 1, uses_anonymous_args = 0
 747 0000 80B5     		push	{r7, lr}
 748              		.cfi_def_cfa_offset 8
 749              		.cfi_offset 7, -8
 750              		.cfi_offset 14, -4
 751 0002 82B0     		sub	sp, sp, #8
 752              		.cfi_def_cfa_offset 16
 753 0004 00AF     		add	r7, sp, #0
 754              		.cfi_def_cfa_register 7
 755 0006 0346     		mov	r3, r0
 756 0008 FB71     		strb	r3, [r7, #7]
 757 000a 0B46     		mov	r3, r1
 758 000c BB71     		strb	r3, [r7, #6]
 759 000e 1346     		mov	r3, r2
 760 0010 7B71     		strb	r3, [r7, #5]
 120:myLED.c       ****     PWM_1_WritePeriod(LED__Pulse_Width[red]);
 761              		.loc 1 120 0
 762 0012 FB79     		ldrb	r3, [r7, #7]	@ zero_extendqisi2
 763 0014 0D4A     		ldr	r2, .L57
 764 0016 32F81330 		ldrh	r3, [r2, r3, lsl #1]
 765 001a 1846     		mov	r0, r3
 766 001c FFF7FEFF 		bl	PWM_1_WritePeriod
 121:myLED.c       ****     PWM_2_WritePeriod(LED__Pulse_Width[green]);
 767              		.loc 1 121 0
 768 0020 BB79     		ldrb	r3, [r7, #6]	@ zero_extendqisi2
 769 0022 0A4A     		ldr	r2, .L57
 770 0024 32F81330 		ldrh	r3, [r2, r3, lsl #1]
 771 0028 DBB2     		uxtb	r3, r3
 772 002a 1846     		mov	r0, r3
 773 002c FFF7FEFF 		bl	PWM_2_WritePeriod
 122:myLED.c       ****     PWM_3_WritePeriod(LED__Pulse_Width[blue]);
 774              		.loc 1 122 0
 775 0030 7B79     		ldrb	r3, [r7, #5]	@ zero_extendqisi2
 776 0032 064A     		ldr	r2, .L57
 777 0034 32F81330 		ldrh	r3, [r2, r3, lsl #1]
 778 0038 DBB2     		uxtb	r3, r3
 779 003a 1846     		mov	r0, r3
 780 003c FFF7FEFF 		bl	PWM_3_WritePeriod
 123:myLED.c       ****     return RC_SUCCESS;
 781              		.loc 1 123 0
 782 0040 0023     		movs	r3, #0
ARM GAS  C:\Users\schmi\AppData\Local\Temp\cc5uR5UG.s 			page 17


 124:myLED.c       **** }...
 783              		.loc 1 124 0
 784 0042 1846     		mov	r0, r3
 785 0044 0837     		adds	r7, r7, #8
 786              		.cfi_def_cfa_offset 8
 787 0046 BD46     		mov	sp, r7
 788              		.cfi_def_cfa_register 13
 789              		@ sp needed
 790 0048 80BD     		pop	{r7, pc}
 791              	.L58:
 792 004a 00BF     		.align	2
 793              	.L57:
 794 004c 00000000 		.word	LED__Pulse_Width
 795              		.cfi_endproc
 796              	.LFE3:
 797              		.size	my_LED_RGB_Set, .-my_LED_RGB_Set
 798              		.text
 799              	.Letext0:
 800              		.file 2 ".\\source\\bsw/global.h"
 801              		.file 3 "myLED.h"
 802              		.file 4 "Generated_Source\\PSoC5/cytypes.h"
 803              		.section	.debug_info,"",%progbits
 804              	.Ldebug_info0:
 805 0000 F8020000 		.4byte	0x2f8
 806 0004 0400     		.2byte	0x4
 807 0006 00000000 		.4byte	.Ldebug_abbrev0
 808 000a 04       		.byte	0x4
 809 000b 01       		.uleb128 0x1
 810 000c 29000000 		.4byte	.LASF60
 811 0010 0C       		.byte	0xc
 812 0011 34020000 		.4byte	.LASF61
 813 0015 39010000 		.4byte	.LASF62
 814 0019 00000000 		.4byte	.Ldebug_ranges0+0
 815 001d 00000000 		.4byte	0
 816 0021 00000000 		.4byte	.Ldebug_line0
 817 0025 02       		.uleb128 0x2
 818 0026 01       		.byte	0x1
 819 0027 06       		.byte	0x6
 820 0028 02010000 		.4byte	.LASF0
 821 002c 03       		.uleb128 0x3
 822 002d 0C040000 		.4byte	.LASF37
 823 0031 02       		.byte	0x2
 824 0032 91       		.byte	0x91
 825 0033 37000000 		.4byte	0x37
 826 0037 02       		.uleb128 0x2
 827 0038 01       		.byte	0x1
 828 0039 08       		.byte	0x8
 829 003a 40030000 		.4byte	.LASF1
 830 003e 02       		.uleb128 0x2
 831 003f 02       		.byte	0x2
 832 0040 05       		.byte	0x5
 833 0041 59030000 		.4byte	.LASF2
 834 0045 02       		.uleb128 0x2
 835 0046 02       		.byte	0x2
 836 0047 07       		.byte	0x7
 837 0048 3C020000 		.4byte	.LASF3
 838 004c 02       		.uleb128 0x2
ARM GAS  C:\Users\schmi\AppData\Local\Temp\cc5uR5UG.s 			page 18


 839 004d 04       		.byte	0x4
 840 004e 05       		.byte	0x5
 841 004f 2A010000 		.4byte	.LASF4
 842 0053 02       		.uleb128 0x2
 843 0054 04       		.byte	0x4
 844 0055 07       		.byte	0x7
 845 0056 09020000 		.4byte	.LASF5
 846 005a 02       		.uleb128 0x2
 847 005b 04       		.byte	0x4
 848 005c 04       		.byte	0x4
 849 005d 18030000 		.4byte	.LASF6
 850 0061 02       		.uleb128 0x2
 851 0062 08       		.byte	0x8
 852 0063 04       		.byte	0x4
 853 0064 A3010000 		.4byte	.LASF7
 854 0068 02       		.uleb128 0x2
 855 0069 08       		.byte	0x8
 856 006a 05       		.byte	0x5
 857 006b F4000000 		.4byte	.LASF8
 858 006f 02       		.uleb128 0x2
 859 0070 08       		.byte	0x8
 860 0071 07       		.byte	0x7
 861 0072 B7000000 		.4byte	.LASF9
 862 0076 02       		.uleb128 0x2
 863 0077 01       		.byte	0x1
 864 0078 08       		.byte	0x8
 865 0079 A6030000 		.4byte	.LASF10
 866 007d 04       		.uleb128 0x4
 867 007e 01       		.byte	0x1
 868 007f 25000000 		.4byte	0x25
 869 0083 02       		.byte	0x2
 870 0084 CF       		.byte	0xcf
 871 0085 26010000 		.4byte	0x126
 872 0089 05       		.uleb128 0x5
 873 008a 29020000 		.4byte	.LASF11
 874 008e 00       		.byte	0
 875 008f 06       		.uleb128 0x6
 876 0090 4F020000 		.4byte	.LASF12
 877 0094 7F       		.sleb128 -1
 878 0095 06       		.uleb128 0x6
 879 0096 1B020000 		.4byte	.LASF13
 880 009a 7E       		.sleb128 -2
 881 009b 06       		.uleb128 0x6
 882 009c 63030000 		.4byte	.LASF14
 883 00a0 7D       		.sleb128 -3
 884 00a1 06       		.uleb128 0x6
 885 00a2 B2020000 		.4byte	.LASF15
 886 00a6 7C       		.sleb128 -4
 887 00a7 06       		.uleb128 0x6
 888 00a8 FD030000 		.4byte	.LASF16
 889 00ac 7B       		.sleb128 -5
 890 00ad 06       		.uleb128 0x6
 891 00ae C4030000 		.4byte	.LASF17
 892 00b2 7A       		.sleb128 -6
 893 00b3 06       		.uleb128 0x6
 894 00b4 E8020000 		.4byte	.LASF18
 895 00b8 79       		.sleb128 -7
ARM GAS  C:\Users\schmi\AppData\Local\Temp\cc5uR5UG.s 			page 19


 896 00b9 06       		.uleb128 0x6
 897 00ba 58020000 		.4byte	.LASF19
 898 00be 78       		.sleb128 -8
 899 00bf 06       		.uleb128 0x6
 900 00c0 14010000 		.4byte	.LASF20
 901 00c4 77       		.sleb128 -9
 902 00c5 06       		.uleb128 0x6
 903 00c6 1E030000 		.4byte	.LASF21
 904 00ca 76       		.sleb128 -10
 905 00cb 06       		.uleb128 0x6
 906 00cc 00000000 		.4byte	.LASF22
 907 00d0 75       		.sleb128 -11
 908 00d1 06       		.uleb128 0x6
 909 00d2 95010000 		.4byte	.LASF23
 910 00d6 74       		.sleb128 -12
 911 00d7 06       		.uleb128 0x6
 912 00d8 F7010000 		.4byte	.LASF24
 913 00dc 73       		.sleb128 -13
 914 00dd 06       		.uleb128 0x6
 915 00de 84030000 		.4byte	.LASF25
 916 00e2 72       		.sleb128 -14
 917 00e3 06       		.uleb128 0x6
 918 00e4 2C030000 		.4byte	.LASF26
 919 00e8 71       		.sleb128 -15
 920 00e9 06       		.uleb128 0x6
 921 00ea EC030000 		.4byte	.LASF27
 922 00ee 70       		.sleb128 -16
 923 00ef 06       		.uleb128 0x6
 924 00f0 FA020000 		.4byte	.LASF28
 925 00f4 6F       		.sleb128 -17
 926 00f5 06       		.uleb128 0x6
 927 00f6 8A020000 		.4byte	.LASF29
 928 00fa 6E       		.sleb128 -18
 929 00fb 06       		.uleb128 0x6
 930 00fc 9F020000 		.4byte	.LASF30
 931 0100 6D       		.sleb128 -19
 932 0101 06       		.uleb128 0x6
 933 0102 71030000 		.4byte	.LASF31
 934 0106 6C       		.sleb128 -20
 935 0107 06       		.uleb128 0x6
 936 0108 CE000000 		.4byte	.LASF32
 937 010c 6B       		.sleb128 -21
 938 010d 06       		.uleb128 0x6
 939 010e D6020000 		.4byte	.LASF33
 940 0112 6A       		.sleb128 -22
 941 0113 06       		.uleb128 0x6
 942 0114 C2010000 		.4byte	.LASF34
 943 0118 69       		.sleb128 -23
 944 0119 06       		.uleb128 0x6
 945 011a E6010000 		.4byte	.LASF35
 946 011e 68       		.sleb128 -24
 947 011f 06       		.uleb128 0x6
 948 0120 AB030000 		.4byte	.LASF36
 949 0124 67       		.sleb128 -25
 950 0125 00       		.byte	0
 951 0126 03       		.uleb128 0x3
 952 0127 24000000 		.4byte	.LASF38
ARM GAS  C:\Users\schmi\AppData\Local\Temp\cc5uR5UG.s 			page 20


 953 012b 02       		.byte	0x2
 954 012c EA       		.byte	0xea
 955 012d 7D000000 		.4byte	0x7d
 956 0131 04       		.uleb128 0x4
 957 0132 01       		.byte	0x1
 958 0133 37000000 		.4byte	0x37
 959 0137 03       		.byte	0x3
 960 0138 13       		.byte	0x13
 961 0139 4A010000 		.4byte	0x14a
 962 013d 05       		.uleb128 0x5
 963 013e D5030000 		.4byte	.LASF39
 964 0142 00       		.byte	0
 965 0143 05       		.uleb128 0x5
 966 0144 CE020000 		.4byte	.LASF40
 967 0148 01       		.byte	0x1
 968 0149 00       		.byte	0
 969 014a 03       		.uleb128 0x3
 970 014b E9000000 		.4byte	.LASF41
 971 014f 03       		.byte	0x3
 972 0150 16       		.byte	0x16
 973 0151 31010000 		.4byte	0x131
 974 0155 04       		.uleb128 0x4
 975 0156 01       		.byte	0x1
 976 0157 37000000 		.4byte	0x37
 977 015b 03       		.byte	0x3
 978 015c 18       		.byte	0x18
 979 015d 7A010000 		.4byte	0x17a
 980 0161 05       		.uleb128 0x5
 981 0162 DC030000 		.4byte	.LASF42
 982 0166 00       		.byte	0
 983 0167 05       		.uleb128 0x5
 984 0168 B8010000 		.4byte	.LASF43
 985 016c 01       		.byte	0x1
 986 016d 05       		.uleb128 0x5
 987 016e 4E030000 		.4byte	.LASF44
 988 0172 02       		.byte	0x2
 989 0173 05       		.uleb128 0x5
 990 0174 E4030000 		.4byte	.LASF45
 991 0178 03       		.byte	0x3
 992 0179 00       		.byte	0
 993 017a 03       		.uleb128 0x3
 994 017b 1D040000 		.4byte	.LASF46
 995 017f 03       		.byte	0x3
 996 0180 1D       		.byte	0x1d
 997 0181 55010000 		.4byte	0x155
 998 0185 07       		.uleb128 0x7
 999 0186 04       		.byte	0x4
 1000 0187 05       		.byte	0x5
 1001 0188 696E7400 		.ascii	"int\000"
 1002 018c 02       		.uleb128 0x2
 1003 018d 04       		.byte	0x4
 1004 018e 07       		.byte	0x7
 1005 018f D9010000 		.4byte	.LASF47
 1006 0193 08       		.uleb128 0x8
 1007 0194 12000000 		.4byte	.LASF48
 1008 0198 04       		.byte	0x4
 1009 0199 E901     		.2byte	0x1e9
ARM GAS  C:\Users\schmi\AppData\Local\Temp\cc5uR5UG.s 			page 21


 1010 019b 45000000 		.4byte	0x45
 1011 019f 02       		.uleb128 0x2
 1012 01a0 08       		.byte	0x8
 1013 01a1 04       		.byte	0x4
 1014 01a2 C2020000 		.4byte	.LASF49
 1015 01a6 02       		.uleb128 0x2
 1016 01a7 04       		.byte	0x4
 1017 01a8 07       		.byte	0x7
 1018 01a9 14040000 		.4byte	.LASF50
 1019 01ad 09       		.uleb128 0x9
 1020 01ae 7E020000 		.4byte	.LASF63
 1021 01b2 01       		.byte	0x1
 1022 01b3 32       		.byte	0x32
 1023 01b4 26010000 		.4byte	0x126
 1024 01b8 00000000 		.4byte	.LFB0
 1025 01bc 54000000 		.4byte	.LFE0-.LFB0
 1026 01c0 01       		.uleb128 0x1
 1027 01c1 9C       		.byte	0x9c
 1028 01c2 DD010000 		.4byte	0x1dd
 1029 01c6 0A       		.uleb128 0xa
 1030 01c7 2A000000 		.4byte	.LBB2
 1031 01cb 1C000000 		.4byte	.LBE2-.LBB2
 1032 01cf 0B       		.uleb128 0xb
 1033 01d0 6900     		.ascii	"i\000"
 1034 01d2 01       		.byte	0x1
 1035 01d3 3C       		.byte	0x3c
 1036 01d4 85010000 		.4byte	0x185
 1037 01d8 02       		.uleb128 0x2
 1038 01d9 91       		.byte	0x91
 1039 01da 74       		.sleb128 -12
 1040 01db 00       		.byte	0
 1041 01dc 00       		.byte	0
 1042 01dd 0C       		.uleb128 0xc
 1043 01de 19000000 		.4byte	.LASF53
 1044 01e2 01       		.byte	0x1
 1045 01e3 41       		.byte	0x41
 1046 01e4 26010000 		.4byte	0x126
 1047 01e8 00000000 		.4byte	.LFB1
 1048 01ec 40010000 		.4byte	.LFE1-.LFB1
 1049 01f0 01       		.uleb128 0x1
 1050 01f1 9C       		.byte	0x9c
 1051 01f2 43020000 		.4byte	0x243
 1052 01f6 0D       		.uleb128 0xd
 1053 01f7 33010000 		.4byte	.LASF51
 1054 01fb 01       		.byte	0x1
 1055 01fc 41       		.byte	0x41
 1056 01fd 7A010000 		.4byte	0x17a
 1057 0201 02       		.uleb128 0x2
 1058 0202 91       		.byte	0x91
 1059 0203 6F       		.sleb128 -17
 1060 0204 0D       		.uleb128 0xd
 1061 0205 E0000000 		.4byte	.LASF52
 1062 0209 01       		.byte	0x1
 1063 020a 41       		.byte	0x41
 1064 020b 4A010000 		.4byte	0x14a
 1065 020f 02       		.uleb128 0x2
 1066 0210 91       		.byte	0x91
ARM GAS  C:\Users\schmi\AppData\Local\Temp\cc5uR5UG.s 			page 22


 1067 0211 6E       		.sleb128 -18
 1068 0212 0E       		.uleb128 0xe
 1069 0213 CA000000 		.4byte	.LBB3
 1070 0217 1C000000 		.4byte	.LBE3-.LBB3
 1071 021b 2C020000 		.4byte	0x22c
 1072 021f 0B       		.uleb128 0xb
 1073 0220 6900     		.ascii	"i\000"
 1074 0222 01       		.byte	0x1
 1075 0223 56       		.byte	0x56
 1076 0224 85010000 		.4byte	0x185
 1077 0228 02       		.uleb128 0x2
 1078 0229 91       		.byte	0x91
 1079 022a 74       		.sleb128 -12
 1080 022b 00       		.byte	0
 1081 022c 0A       		.uleb128 0xa
 1082 022d 0C010000 		.4byte	.LBB4
 1083 0231 1C000000 		.4byte	.LBE4-.LBB4
 1084 0235 0B       		.uleb128 0xb
 1085 0236 6900     		.ascii	"i\000"
 1086 0238 01       		.byte	0x1
 1087 0239 60       		.byte	0x60
 1088 023a 85010000 		.4byte	0x185
 1089 023e 02       		.uleb128 0x2
 1090 023f 91       		.byte	0x91
 1091 0240 70       		.sleb128 -16
 1092 0241 00       		.byte	0
 1093 0242 00       		.byte	0
 1094 0243 0C       		.uleb128 0xc
 1095 0244 AA010000 		.4byte	.LASF54
 1096 0248 01       		.byte	0x1
 1097 0249 6A       		.byte	0x6a
 1098 024a 26010000 		.4byte	0x126
 1099 024e 00000000 		.4byte	.LFB2
 1100 0252 C4000000 		.4byte	.LFE2-.LFB2
 1101 0256 01       		.uleb128 0x1
 1102 0257 9C       		.byte	0x9c
 1103 0258 6B020000 		.4byte	0x26b
 1104 025c 0D       		.uleb128 0xd
 1105 025d 33010000 		.4byte	.LASF51
 1106 0261 01       		.byte	0x1
 1107 0262 6A       		.byte	0x6a
 1108 0263 7A010000 		.4byte	0x17a
 1109 0267 02       		.uleb128 0x2
 1110 0268 91       		.byte	0x91
 1111 0269 77       		.sleb128 -9
 1112 026a 00       		.byte	0
 1113 026b 0C       		.uleb128 0xc
 1114 026c 97030000 		.4byte	.LASF55
 1115 0270 01       		.byte	0x1
 1116 0271 77       		.byte	0x77
 1117 0272 26010000 		.4byte	0x126
 1118 0276 00000000 		.4byte	.LFB3
 1119 027a 50000000 		.4byte	.LFE3-.LFB3
 1120 027e 01       		.uleb128 0x1
 1121 027f 9C       		.byte	0x9c
 1122 0280 AF020000 		.4byte	0x2af
 1123 0284 0F       		.uleb128 0xf
ARM GAS  C:\Users\schmi\AppData\Local\Temp\cc5uR5UG.s 			page 23


 1124 0285 72656400 		.ascii	"red\000"
 1125 0289 01       		.byte	0x1
 1126 028a 77       		.byte	0x77
 1127 028b 2C000000 		.4byte	0x2c
 1128 028f 02       		.uleb128 0x2
 1129 0290 91       		.byte	0x91
 1130 0291 77       		.sleb128 -9
 1131 0292 0D       		.uleb128 0xd
 1132 0293 0E010000 		.4byte	.LASF56
 1133 0297 01       		.byte	0x1
 1134 0298 77       		.byte	0x77
 1135 0299 2C000000 		.4byte	0x2c
 1136 029d 02       		.uleb128 0x2
 1137 029e 91       		.byte	0x91
 1138 029f 76       		.sleb128 -10
 1139 02a0 0D       		.uleb128 0xd
 1140 02a1 0E030000 		.4byte	.LASF57
 1141 02a5 01       		.byte	0x1
 1142 02a6 77       		.byte	0x77
 1143 02a7 2C000000 		.4byte	0x2c
 1144 02ab 02       		.uleb128 0x2
 1145 02ac 91       		.byte	0x91
 1146 02ad 75       		.sleb128 -11
 1147 02ae 00       		.byte	0
 1148 02af 10       		.uleb128 0x10
 1149 02b0 BF020000 		.4byte	0x2bf
 1150 02b4 BF020000 		.4byte	0x2bf
 1151 02b8 11       		.uleb128 0x11
 1152 02b9 A6010000 		.4byte	0x1a6
 1153 02bd FF       		.byte	0xff
 1154 02be 00       		.byte	0
 1155 02bf 12       		.uleb128 0x12
 1156 02c0 93010000 		.4byte	0x193
 1157 02c4 13       		.uleb128 0x13
 1158 02c5 6D020000 		.4byte	.LASF58
 1159 02c9 01       		.byte	0x1
 1160 02ca 19       		.byte	0x19
 1161 02cb D5020000 		.4byte	0x2d5
 1162 02cf 05       		.uleb128 0x5
 1163 02d0 03       		.byte	0x3
 1164 02d1 00000000 		.4byte	LED__Pulse_Width
 1165 02d5 12       		.uleb128 0x12
 1166 02d6 AF020000 		.4byte	0x2af
 1167 02da 10       		.uleb128 0x10
 1168 02db 4A010000 		.4byte	0x14a
 1169 02df EA020000 		.4byte	0x2ea
 1170 02e3 11       		.uleb128 0x11
 1171 02e4 A6010000 		.4byte	0x1a6
 1172 02e8 02       		.byte	0x2
 1173 02e9 00       		.byte	0
 1174 02ea 13       		.uleb128 0x13
 1175 02eb 13030000 		.4byte	.LASF59
 1176 02ef 01       		.byte	0x1
 1177 02f0 30       		.byte	0x30
 1178 02f1 DA020000 		.4byte	0x2da
 1179 02f5 05       		.uleb128 0x5
 1180 02f6 03       		.byte	0x3
ARM GAS  C:\Users\schmi\AppData\Local\Temp\cc5uR5UG.s 			page 24


 1181 02f7 00000000 		.4byte	sLED
 1182 02fb 00       		.byte	0
 1183              		.section	.debug_abbrev,"",%progbits
 1184              	.Ldebug_abbrev0:
 1185 0000 01       		.uleb128 0x1
 1186 0001 11       		.uleb128 0x11
 1187 0002 01       		.byte	0x1
 1188 0003 25       		.uleb128 0x25
 1189 0004 0E       		.uleb128 0xe
 1190 0005 13       		.uleb128 0x13
 1191 0006 0B       		.uleb128 0xb
 1192 0007 03       		.uleb128 0x3
 1193 0008 0E       		.uleb128 0xe
 1194 0009 1B       		.uleb128 0x1b
 1195 000a 0E       		.uleb128 0xe
 1196 000b 55       		.uleb128 0x55
 1197 000c 17       		.uleb128 0x17
 1198 000d 11       		.uleb128 0x11
 1199 000e 01       		.uleb128 0x1
 1200 000f 10       		.uleb128 0x10
 1201 0010 17       		.uleb128 0x17
 1202 0011 00       		.byte	0
 1203 0012 00       		.byte	0
 1204 0013 02       		.uleb128 0x2
 1205 0014 24       		.uleb128 0x24
 1206 0015 00       		.byte	0
 1207 0016 0B       		.uleb128 0xb
 1208 0017 0B       		.uleb128 0xb
 1209 0018 3E       		.uleb128 0x3e
 1210 0019 0B       		.uleb128 0xb
 1211 001a 03       		.uleb128 0x3
 1212 001b 0E       		.uleb128 0xe
 1213 001c 00       		.byte	0
 1214 001d 00       		.byte	0
 1215 001e 03       		.uleb128 0x3
 1216 001f 16       		.uleb128 0x16
 1217 0020 00       		.byte	0
 1218 0021 03       		.uleb128 0x3
 1219 0022 0E       		.uleb128 0xe
 1220 0023 3A       		.uleb128 0x3a
 1221 0024 0B       		.uleb128 0xb
 1222 0025 3B       		.uleb128 0x3b
 1223 0026 0B       		.uleb128 0xb
 1224 0027 49       		.uleb128 0x49
 1225 0028 13       		.uleb128 0x13
 1226 0029 00       		.byte	0
 1227 002a 00       		.byte	0
 1228 002b 04       		.uleb128 0x4
 1229 002c 04       		.uleb128 0x4
 1230 002d 01       		.byte	0x1
 1231 002e 0B       		.uleb128 0xb
 1232 002f 0B       		.uleb128 0xb
 1233 0030 49       		.uleb128 0x49
 1234 0031 13       		.uleb128 0x13
 1235 0032 3A       		.uleb128 0x3a
 1236 0033 0B       		.uleb128 0xb
 1237 0034 3B       		.uleb128 0x3b
ARM GAS  C:\Users\schmi\AppData\Local\Temp\cc5uR5UG.s 			page 25


 1238 0035 0B       		.uleb128 0xb
 1239 0036 01       		.uleb128 0x1
 1240 0037 13       		.uleb128 0x13
 1241 0038 00       		.byte	0
 1242 0039 00       		.byte	0
 1243 003a 05       		.uleb128 0x5
 1244 003b 28       		.uleb128 0x28
 1245 003c 00       		.byte	0
 1246 003d 03       		.uleb128 0x3
 1247 003e 0E       		.uleb128 0xe
 1248 003f 1C       		.uleb128 0x1c
 1249 0040 0B       		.uleb128 0xb
 1250 0041 00       		.byte	0
 1251 0042 00       		.byte	0
 1252 0043 06       		.uleb128 0x6
 1253 0044 28       		.uleb128 0x28
 1254 0045 00       		.byte	0
 1255 0046 03       		.uleb128 0x3
 1256 0047 0E       		.uleb128 0xe
 1257 0048 1C       		.uleb128 0x1c
 1258 0049 0D       		.uleb128 0xd
 1259 004a 00       		.byte	0
 1260 004b 00       		.byte	0
 1261 004c 07       		.uleb128 0x7
 1262 004d 24       		.uleb128 0x24
 1263 004e 00       		.byte	0
 1264 004f 0B       		.uleb128 0xb
 1265 0050 0B       		.uleb128 0xb
 1266 0051 3E       		.uleb128 0x3e
 1267 0052 0B       		.uleb128 0xb
 1268 0053 03       		.uleb128 0x3
 1269 0054 08       		.uleb128 0x8
 1270 0055 00       		.byte	0
 1271 0056 00       		.byte	0
 1272 0057 08       		.uleb128 0x8
 1273 0058 16       		.uleb128 0x16
 1274 0059 00       		.byte	0
 1275 005a 03       		.uleb128 0x3
 1276 005b 0E       		.uleb128 0xe
 1277 005c 3A       		.uleb128 0x3a
 1278 005d 0B       		.uleb128 0xb
 1279 005e 3B       		.uleb128 0x3b
 1280 005f 05       		.uleb128 0x5
 1281 0060 49       		.uleb128 0x49
 1282 0061 13       		.uleb128 0x13
 1283 0062 00       		.byte	0
 1284 0063 00       		.byte	0
 1285 0064 09       		.uleb128 0x9
 1286 0065 2E       		.uleb128 0x2e
 1287 0066 01       		.byte	0x1
 1288 0067 3F       		.uleb128 0x3f
 1289 0068 19       		.uleb128 0x19
 1290 0069 03       		.uleb128 0x3
 1291 006a 0E       		.uleb128 0xe
 1292 006b 3A       		.uleb128 0x3a
 1293 006c 0B       		.uleb128 0xb
 1294 006d 3B       		.uleb128 0x3b
ARM GAS  C:\Users\schmi\AppData\Local\Temp\cc5uR5UG.s 			page 26


 1295 006e 0B       		.uleb128 0xb
 1296 006f 49       		.uleb128 0x49
 1297 0070 13       		.uleb128 0x13
 1298 0071 11       		.uleb128 0x11
 1299 0072 01       		.uleb128 0x1
 1300 0073 12       		.uleb128 0x12
 1301 0074 06       		.uleb128 0x6
 1302 0075 40       		.uleb128 0x40
 1303 0076 18       		.uleb128 0x18
 1304 0077 9642     		.uleb128 0x2116
 1305 0079 19       		.uleb128 0x19
 1306 007a 01       		.uleb128 0x1
 1307 007b 13       		.uleb128 0x13
 1308 007c 00       		.byte	0
 1309 007d 00       		.byte	0
 1310 007e 0A       		.uleb128 0xa
 1311 007f 0B       		.uleb128 0xb
 1312 0080 01       		.byte	0x1
 1313 0081 11       		.uleb128 0x11
 1314 0082 01       		.uleb128 0x1
 1315 0083 12       		.uleb128 0x12
 1316 0084 06       		.uleb128 0x6
 1317 0085 00       		.byte	0
 1318 0086 00       		.byte	0
 1319 0087 0B       		.uleb128 0xb
 1320 0088 34       		.uleb128 0x34
 1321 0089 00       		.byte	0
 1322 008a 03       		.uleb128 0x3
 1323 008b 08       		.uleb128 0x8
 1324 008c 3A       		.uleb128 0x3a
 1325 008d 0B       		.uleb128 0xb
 1326 008e 3B       		.uleb128 0x3b
 1327 008f 0B       		.uleb128 0xb
 1328 0090 49       		.uleb128 0x49
 1329 0091 13       		.uleb128 0x13
 1330 0092 02       		.uleb128 0x2
 1331 0093 18       		.uleb128 0x18
 1332 0094 00       		.byte	0
 1333 0095 00       		.byte	0
 1334 0096 0C       		.uleb128 0xc
 1335 0097 2E       		.uleb128 0x2e
 1336 0098 01       		.byte	0x1
 1337 0099 3F       		.uleb128 0x3f
 1338 009a 19       		.uleb128 0x19
 1339 009b 03       		.uleb128 0x3
 1340 009c 0E       		.uleb128 0xe
 1341 009d 3A       		.uleb128 0x3a
 1342 009e 0B       		.uleb128 0xb
 1343 009f 3B       		.uleb128 0x3b
 1344 00a0 0B       		.uleb128 0xb
 1345 00a1 27       		.uleb128 0x27
 1346 00a2 19       		.uleb128 0x19
 1347 00a3 49       		.uleb128 0x49
 1348 00a4 13       		.uleb128 0x13
 1349 00a5 11       		.uleb128 0x11
 1350 00a6 01       		.uleb128 0x1
 1351 00a7 12       		.uleb128 0x12
ARM GAS  C:\Users\schmi\AppData\Local\Temp\cc5uR5UG.s 			page 27


 1352 00a8 06       		.uleb128 0x6
 1353 00a9 40       		.uleb128 0x40
 1354 00aa 18       		.uleb128 0x18
 1355 00ab 9642     		.uleb128 0x2116
 1356 00ad 19       		.uleb128 0x19
 1357 00ae 01       		.uleb128 0x1
 1358 00af 13       		.uleb128 0x13
 1359 00b0 00       		.byte	0
 1360 00b1 00       		.byte	0
 1361 00b2 0D       		.uleb128 0xd
 1362 00b3 05       		.uleb128 0x5
 1363 00b4 00       		.byte	0
 1364 00b5 03       		.uleb128 0x3
 1365 00b6 0E       		.uleb128 0xe
 1366 00b7 3A       		.uleb128 0x3a
 1367 00b8 0B       		.uleb128 0xb
 1368 00b9 3B       		.uleb128 0x3b
 1369 00ba 0B       		.uleb128 0xb
 1370 00bb 49       		.uleb128 0x49
 1371 00bc 13       		.uleb128 0x13
 1372 00bd 02       		.uleb128 0x2
 1373 00be 18       		.uleb128 0x18
 1374 00bf 00       		.byte	0
 1375 00c0 00       		.byte	0
 1376 00c1 0E       		.uleb128 0xe
 1377 00c2 0B       		.uleb128 0xb
 1378 00c3 01       		.byte	0x1
 1379 00c4 11       		.uleb128 0x11
 1380 00c5 01       		.uleb128 0x1
 1381 00c6 12       		.uleb128 0x12
 1382 00c7 06       		.uleb128 0x6
 1383 00c8 01       		.uleb128 0x1
 1384 00c9 13       		.uleb128 0x13
 1385 00ca 00       		.byte	0
 1386 00cb 00       		.byte	0
 1387 00cc 0F       		.uleb128 0xf
 1388 00cd 05       		.uleb128 0x5
 1389 00ce 00       		.byte	0
 1390 00cf 03       		.uleb128 0x3
 1391 00d0 08       		.uleb128 0x8
 1392 00d1 3A       		.uleb128 0x3a
 1393 00d2 0B       		.uleb128 0xb
 1394 00d3 3B       		.uleb128 0x3b
 1395 00d4 0B       		.uleb128 0xb
 1396 00d5 49       		.uleb128 0x49
 1397 00d6 13       		.uleb128 0x13
 1398 00d7 02       		.uleb128 0x2
 1399 00d8 18       		.uleb128 0x18
 1400 00d9 00       		.byte	0
 1401 00da 00       		.byte	0
 1402 00db 10       		.uleb128 0x10
 1403 00dc 01       		.uleb128 0x1
 1404 00dd 01       		.byte	0x1
 1405 00de 49       		.uleb128 0x49
 1406 00df 13       		.uleb128 0x13
 1407 00e0 01       		.uleb128 0x1
 1408 00e1 13       		.uleb128 0x13
ARM GAS  C:\Users\schmi\AppData\Local\Temp\cc5uR5UG.s 			page 28


 1409 00e2 00       		.byte	0
 1410 00e3 00       		.byte	0
 1411 00e4 11       		.uleb128 0x11
 1412 00e5 21       		.uleb128 0x21
 1413 00e6 00       		.byte	0
 1414 00e7 49       		.uleb128 0x49
 1415 00e8 13       		.uleb128 0x13
 1416 00e9 2F       		.uleb128 0x2f
 1417 00ea 0B       		.uleb128 0xb
 1418 00eb 00       		.byte	0
 1419 00ec 00       		.byte	0
 1420 00ed 12       		.uleb128 0x12
 1421 00ee 26       		.uleb128 0x26
 1422 00ef 00       		.byte	0
 1423 00f0 49       		.uleb128 0x49
 1424 00f1 13       		.uleb128 0x13
 1425 00f2 00       		.byte	0
 1426 00f3 00       		.byte	0
 1427 00f4 13       		.uleb128 0x13
 1428 00f5 34       		.uleb128 0x34
 1429 00f6 00       		.byte	0
 1430 00f7 03       		.uleb128 0x3
 1431 00f8 0E       		.uleb128 0xe
 1432 00f9 3A       		.uleb128 0x3a
 1433 00fa 0B       		.uleb128 0xb
 1434 00fb 3B       		.uleb128 0x3b
 1435 00fc 0B       		.uleb128 0xb
 1436 00fd 49       		.uleb128 0x49
 1437 00fe 13       		.uleb128 0x13
 1438 00ff 02       		.uleb128 0x2
 1439 0100 18       		.uleb128 0x18
 1440 0101 00       		.byte	0
 1441 0102 00       		.byte	0
 1442 0103 00       		.byte	0
 1443              		.section	.debug_aranges,"",%progbits
 1444 0000 34000000 		.4byte	0x34
 1445 0004 0200     		.2byte	0x2
 1446 0006 00000000 		.4byte	.Ldebug_info0
 1447 000a 04       		.byte	0x4
 1448 000b 00       		.byte	0
 1449 000c 0000     		.2byte	0
 1450 000e 0000     		.2byte	0
 1451 0010 00000000 		.4byte	.LFB0
 1452 0014 54000000 		.4byte	.LFE0-.LFB0
 1453 0018 00000000 		.4byte	.LFB1
 1454 001c 40010000 		.4byte	.LFE1-.LFB1
 1455 0020 00000000 		.4byte	.LFB2
 1456 0024 C4000000 		.4byte	.LFE2-.LFB2
 1457 0028 00000000 		.4byte	.LFB3
 1458 002c 50000000 		.4byte	.LFE3-.LFB3
 1459 0030 00000000 		.4byte	0
 1460 0034 00000000 		.4byte	0
 1461              		.section	.debug_ranges,"",%progbits
 1462              	.Ldebug_ranges0:
 1463 0000 00000000 		.4byte	.LFB0
 1464 0004 54000000 		.4byte	.LFE0
 1465 0008 00000000 		.4byte	.LFB1
ARM GAS  C:\Users\schmi\AppData\Local\Temp\cc5uR5UG.s 			page 29


 1466 000c 40010000 		.4byte	.LFE1
 1467 0010 00000000 		.4byte	.LFB2
 1468 0014 C4000000 		.4byte	.LFE2
 1469 0018 00000000 		.4byte	.LFB3
 1470 001c 50000000 		.4byte	.LFE3
 1471 0020 00000000 		.4byte	0
 1472 0024 00000000 		.4byte	0
 1473              		.section	.debug_line,"",%progbits
 1474              	.Ldebug_line0:
 1475 0000 65010000 		.section	.debug_str,"MS",%progbits,1
 1475      02006600 
 1475      00000201 
 1475      FB0E0D00 
 1475      01010101 
 1476              	.LASF22:
 1477 0000 52435F45 		.ascii	"RC_ERROR_TIME_OUT\000"
 1477      52524F52 
 1477      5F54494D 
 1477      455F4F55 
 1477      5400
 1478              	.LASF48:
 1479 0012 75696E74 		.ascii	"uint16\000"
 1479      313600
 1480              	.LASF53:
 1481 0019 6D795F4C 		.ascii	"my_LED_Set\000"
 1481      45445F53 
 1481      657400
 1482              	.LASF38:
 1483 0024 52435F74 		.ascii	"RC_t\000"
 1483      00
 1484              	.LASF60:
 1485 0029 474E5520 		.ascii	"GNU C11 5.4.1 20160609 (release) [ARM/embedded-5-br"
 1485      43313120 
 1485      352E342E 
 1485      31203230 
 1485      31363036 
 1486 005c 616E6368 		.ascii	"anch revision 237715] -mcpu=cortex-m3 -mthumb -g -O"
 1486      20726576 
 1486      6973696F 
 1486      6E203233 
 1486      37373135 
 1487 008f 30202D66 		.ascii	"0 -ffunction-sections -ffat-lto-objects\000"
 1487      66756E63 
 1487      74696F6E 
 1487      2D736563 
 1487      74696F6E 
 1488              	.LASF9:
 1489 00b7 6C6F6E67 		.ascii	"long long unsigned int\000"
 1489      206C6F6E 
 1489      6720756E 
 1489      7369676E 
 1489      65642069 
 1490              	.LASF32:
 1491 00ce 52435F45 		.ascii	"RC_ERROR_BAD_DATA\000"
 1491      52524F52 
 1491      5F424144 
 1491      5F444154 
ARM GAS  C:\Users\schmi\AppData\Local\Temp\cc5uR5UG.s 			page 30


 1491      4100
 1492              	.LASF52:
 1493 00e0 6C65645F 		.ascii	"led_onof\000"
 1493      6F6E6F66 
 1493      00
 1494              	.LASF41:
 1495 00e9 4C45445F 		.ascii	"LED_ONOF_t\000"
 1495      4F4E4F46 
 1495      5F7400
 1496              	.LASF8:
 1497 00f4 6C6F6E67 		.ascii	"long long int\000"
 1497      206C6F6E 
 1497      6720696E 
 1497      7400
 1498              	.LASF0:
 1499 0102 7369676E 		.ascii	"signed char\000"
 1499      65642063 
 1499      68617200 
 1500              	.LASF56:
 1501 010e 67726565 		.ascii	"green\000"
 1501      6E00
 1502              	.LASF20:
 1503 0114 52435F45 		.ascii	"RC_ERROR_BUFFER_EMTPY\000"
 1503      52524F52 
 1503      5F425546 
 1503      4645525F 
 1503      454D5450 
 1504              	.LASF4:
 1505 012a 6C6F6E67 		.ascii	"long int\000"
 1505      20696E74 
 1505      00
 1506              	.LASF51:
 1507 0133 6C656469 		.ascii	"ledid\000"
 1507      6400
 1508              	.LASF62:
 1509 0139 433A5C55 		.ascii	"C:\\Users\\schmi\\OneDrive\\Dokumente\\PSoC Creator"
 1509      73657273 
 1509      5C736368 
 1509      6D695C4F 
 1509      6E654472 
 1510 0167 5C4A736F 		.ascii	"\\JsonParserLAB3\\holidayProject\\setUpEnv.cydsn\000"
 1510      6E506172 
 1510      7365724C 
 1510      4142335C 
 1510      686F6C69 
 1511              	.LASF23:
 1512 0195 52435F45 		.ascii	"RC_ERROR_OPEN\000"
 1512      52524F52 
 1512      5F4F5045 
 1512      4E00
 1513              	.LASF7:
 1514 01a3 646F7562 		.ascii	"double\000"
 1514      6C6500
 1515              	.LASF54:
 1516 01aa 6D795F4C 		.ascii	"my_LED_Toggle\000"
 1516      45445F54 
 1516      6F67676C 
ARM GAS  C:\Users\schmi\AppData\Local\Temp\cc5uR5UG.s 			page 31


 1516      6500
 1517              	.LASF43:
 1518 01b8 4C45445F 		.ascii	"LED_GREEN\000"
 1518      47524545 
 1518      4E00
 1519              	.LASF34:
 1520 01c2 52435F45 		.ascii	"RC_ERROR_INVALID_STATE\000"
 1520      52524F52 
 1520      5F494E56 
 1520      414C4944 
 1520      5F535441 
 1521              	.LASF47:
 1522 01d9 756E7369 		.ascii	"unsigned int\000"
 1522      676E6564 
 1522      20696E74 
 1522      00
 1523              	.LASF35:
 1524 01e6 52435F45 		.ascii	"RC_ERROR_UNKNOWN\000"
 1524      52524F52 
 1524      5F554E4B 
 1524      4E4F574E 
 1524      00
 1525              	.LASF24:
 1526 01f7 52435F45 		.ascii	"RC_ERROR_CHECKSUM\000"
 1526      52524F52 
 1526      5F434845 
 1526      434B5355 
 1526      4D00
 1527              	.LASF5:
 1528 0209 6C6F6E67 		.ascii	"long unsigned int\000"
 1528      20756E73 
 1528      69676E65 
 1528      6420696E 
 1528      7400
 1529              	.LASF13:
 1530 021b 52435F45 		.ascii	"RC_ERROR_NULL\000"
 1530      52524F52 
 1530      5F4E554C 
 1530      4C00
 1531              	.LASF11:
 1532 0229 52435F53 		.ascii	"RC_SUCCESS\000"
 1532      55434345 
 1532      535300
 1533              	.LASF61:
 1534 0234 6D794C45 		.ascii	"myLED.c\000"
 1534      442E6300 
 1535              	.LASF3:
 1536 023c 73686F72 		.ascii	"short unsigned int\000"
 1536      7420756E 
 1536      7369676E 
 1536      65642069 
 1536      6E7400
 1537              	.LASF12:
 1538 024f 52435F45 		.ascii	"RC_ERROR\000"
 1538      52524F52 
 1538      00
 1539              	.LASF19:
ARM GAS  C:\Users\schmi\AppData\Local\Temp\cc5uR5UG.s 			page 32


 1540 0258 52435F45 		.ascii	"RC_ERROR_BUFFER_FULL\000"
 1540      52524F52 
 1540      5F425546 
 1540      4645525F 
 1540      46554C4C 
 1541              	.LASF58:
 1542 026d 4C45445F 		.ascii	"LED__Pulse_Width\000"
 1542      5F50756C 
 1542      73655F57 
 1542      69647468 
 1542      00
 1543              	.LASF63:
 1544 027e 6D795F4C 		.ascii	"my_LED_init\000"
 1544      45445F69 
 1544      6E697400 
 1545              	.LASF29:
 1546 028a 52435F45 		.ascii	"RC_ERROR_WRITE_FAILS\000"
 1546      52524F52 
 1546      5F575249 
 1546      54455F46 
 1546      41494C53 
 1547              	.LASF30:
 1548 029f 52435F45 		.ascii	"RC_ERROR_NOT_MATCH\000"
 1548      52524F52 
 1548      5F4E4F54 
 1548      5F4D4154 
 1548      434800
 1549              	.LASF15:
 1550 02b2 52435F45 		.ascii	"RC_ERROR_MEMORY\000"
 1550      52524F52 
 1550      5F4D454D 
 1550      4F525900 
 1551              	.LASF49:
 1552 02c2 6C6F6E67 		.ascii	"long double\000"
 1552      20646F75 
 1552      626C6500 
 1553              	.LASF40:
 1554 02ce 4C45445F 		.ascii	"LED_OFF\000"
 1554      4F464600 
 1555              	.LASF33:
 1556 02d6 52435F45 		.ascii	"RC_ERROR_CANCELED\000"
 1556      52524F52 
 1556      5F43414E 
 1556      43454C45 
 1556      4400
 1557              	.LASF18:
 1558 02e8 52435F45 		.ascii	"RC_ERROR_UNDERRUN\000"
 1558      52524F52 
 1558      5F554E44 
 1558      45525255 
 1558      4E00
 1559              	.LASF28:
 1560 02fa 52435F45 		.ascii	"RC_ERROR_READ_FAILS\000"
 1560      52524F52 
 1560      5F524541 
 1560      445F4641 
 1560      494C5300 
ARM GAS  C:\Users\schmi\AppData\Local\Temp\cc5uR5UG.s 			page 33


 1561              	.LASF57:
 1562 030e 626C7565 		.ascii	"blue\000"
 1562      00
 1563              	.LASF59:
 1564 0313 734C4544 		.ascii	"sLED\000"
 1564      00
 1565              	.LASF6:
 1566 0318 666C6F61 		.ascii	"float\000"
 1566      7400
 1567              	.LASF21:
 1568 031e 52435F45 		.ascii	"RC_ERROR_BUSY\000"
 1568      52524F52 
 1568      5F425553 
 1568      5900
 1569              	.LASF26:
 1570 032c 52435F45 		.ascii	"RC_ERROR_WRITE_ONLY\000"
 1570      52524F52 
 1570      5F575249 
 1570      54455F4F 
 1570      4E4C5900 
 1571              	.LASF1:
 1572 0340 756E7369 		.ascii	"unsigned char\000"
 1572      676E6564 
 1572      20636861 
 1572      7200
 1573              	.LASF44:
 1574 034e 4C45445F 		.ascii	"LED_YELLOW\000"
 1574      59454C4C 
 1574      4F5700
 1575              	.LASF2:
 1576 0359 73686F72 		.ascii	"short int\000"
 1576      7420696E 
 1576      7400
 1577              	.LASF14:
 1578 0363 52435F45 		.ascii	"RC_ERROR_ZERO\000"
 1578      52524F52 
 1578      5F5A4552 
 1578      4F00
 1579              	.LASF31:
 1580 0371 52435F45 		.ascii	"RC_ERROR_BAD_PARAM\000"
 1580      52524F52 
 1580      5F424144 
 1580      5F504152 
 1580      414D00
 1581              	.LASF25:
 1582 0384 52435F45 		.ascii	"RC_ERROR_READ_ONLY\000"
 1582      52524F52 
 1582      5F524541 
 1582      445F4F4E 
 1582      4C5900
 1583              	.LASF55:
 1584 0397 6D795F4C 		.ascii	"my_LED_RGB_Set\000"
 1584      45445F52 
 1584      47425F53 
 1584      657400
 1585              	.LASF10:
 1586 03a6 63686172 		.ascii	"char\000"
ARM GAS  C:\Users\schmi\AppData\Local\Temp\cc5uR5UG.s 			page 34


 1586      00
 1587              	.LASF36:
 1588 03ab 52435F45 		.ascii	"RC_ERROR_NOT_IMPLEMENTED\000"
 1588      52524F52 
 1588      5F4E4F54 
 1588      5F494D50 
 1588      4C454D45 
 1589              	.LASF17:
 1590 03c4 52435F45 		.ascii	"RC_ERROR_OVERRUN\000"
 1590      52524F52 
 1590      5F4F5645 
 1590      5252554E 
 1590      00
 1591              	.LASF39:
 1592 03d5 4C45445F 		.ascii	"LED_ON\000"
 1592      4F4E00
 1593              	.LASF42:
 1594 03dc 4C45445F 		.ascii	"LED_RED\000"
 1594      52454400 
 1595              	.LASF45:
 1596 03e4 4C45445F 		.ascii	"LED_ALL\000"
 1596      414C4C00 
 1597              	.LASF27:
 1598 03ec 52435F45 		.ascii	"RC_ERROR_INVALID\000"
 1598      52524F52 
 1598      5F494E56 
 1598      414C4944 
 1598      00
 1599              	.LASF16:
 1600 03fd 52435F45 		.ascii	"RC_ERROR_RANGE\000"
 1600      52524F52 
 1600      5F52414E 
 1600      474500
 1601              	.LASF37:
 1602 040c 75696E74 		.ascii	"uint8_t\000"
 1602      385F7400 
 1603              	.LASF50:
 1604 0414 73697A65 		.ascii	"sizetype\000"
 1604      74797065 
 1604      00
 1605              	.LASF46:
 1606 041d 4C45445F 		.ascii	"LED_id_t\000"
 1606      69645F74 
 1606      00
 1607              		.ident	"GCC: (GNU Tools for ARM Embedded Processors) 5.4.1 20160609 (release) [ARM/embedded-5-bran
