ARM GAS  C:\Users\schmi\AppData\Local\Temp\cchrVDKk.s 			page 1


   1              		.syntax unified
   2              		.cpu cortex-m3
   3              		.fpu softvfp
   4              		.eabi_attribute 20, 1
   5              		.eabi_attribute 21, 1
   6              		.eabi_attribute 23, 3
   7              		.eabi_attribute 24, 1
   8              		.eabi_attribute 25, 1
   9              		.eabi_attribute 26, 1
  10              		.eabi_attribute 30, 6
  11              		.eabi_attribute 34, 1
  12              		.eabi_attribute 18, 4
  13              		.thumb
  14              		.syntax unified
  15              		.file	"myRingbuffer.c"
  16              		.text
  17              	.Ltext0:
  18              		.cfi_sections	.debug_frame
  19              		.bss
  20              	rb_delimiter:
  21 0000 00       		.space	1
  22              		.section	.text.ringbufferInit,"ax",%progbits
  23              		.align	2
  24              		.global	ringbufferInit
  25              		.thumb
  26              		.thumb_func
  27              		.type	ringbufferInit, %function
  28              	ringbufferInit:
  29              	.LFB110:
  30              		.file 1 "myRingbuffer.c"
   1:myRingbuffer.c **** /* ========================================
   2:myRingbuffer.c ****  *
   3:myRingbuffer.c ****  * Copyright YOUR COMPANY, THE YEAR
   4:myRingbuffer.c ****  * All Rights Reserved
   5:myRingbuffer.c ****  * UNPUBLISHED, LICENSED SOFTWARE.
   6:myRingbuffer.c ****  *
   7:myRingbuffer.c ****  * CONFIDENTIAL AND PROPRIETARY INFORMATION
   8:myRingbuffer.c ****  * WHICH IS THE PROPERTY OF your company.
   9:myRingbuffer.c ****  *
  10:myRingbuffer.c ****  * ========================================
  11:myRingbuffer.c **** */
  12:myRingbuffer.c **** #include "myRingbuffer.h"
  13:myRingbuffer.c **** #include "UART_LOG.h"
  14:myRingbuffer.c **** #include "project.h"
  15:myRingbuffer.c **** 
  16:myRingbuffer.c **** RC_t ringbufferInit(rb_Ringbuffer_t* const me){
  31              		.loc 1 16 0
  32              		.cfi_startproc
  33              		@ args = 0, pretend = 0, frame = 8
  34              		@ frame_needed = 1, uses_anonymous_args = 0
  35              		@ link register save eliminated.
  36 0000 80B4     		push	{r7}
  37              		.cfi_def_cfa_offset 4
  38              		.cfi_offset 7, -4
  39 0002 83B0     		sub	sp, sp, #12
  40              		.cfi_def_cfa_offset 16
  41 0004 00AF     		add	r7, sp, #0
ARM GAS  C:\Users\schmi\AppData\Local\Temp\cchrVDKk.s 			page 2


  42              		.cfi_def_cfa_register 7
  43 0006 7860     		str	r0, [r7, #4]
  17:myRingbuffer.c ****     me->rb_readIndex = 0;
  44              		.loc 1 17 0
  45 0008 7B68     		ldr	r3, [r7, #4]
  46 000a 0022     		movs	r2, #0
  47 000c A3F8F421 		strh	r2, [r3, #500]	@ movhi
  18:myRingbuffer.c ****     me->rb_writeIndex = 0;
  48              		.loc 1 18 0
  49 0010 7B68     		ldr	r3, [r7, #4]
  50 0012 0022     		movs	r2, #0
  51 0014 A3F8F621 		strh	r2, [r3, #502]	@ movhi
  19:myRingbuffer.c ****     me->rb_fillLevel = 0;
  52              		.loc 1 19 0
  53 0018 7B68     		ldr	r3, [r7, #4]
  54 001a 0022     		movs	r2, #0
  55 001c A3F8F821 		strh	r2, [r3, #504]	@ movhi
  20:myRingbuffer.c ****     me->rb_size = BUFFER_SIZE;
  56              		.loc 1 20 0
  57 0020 7B68     		ldr	r3, [r7, #4]
  58 0022 4FF4FA72 		mov	r2, #500
  59 0026 A3F8FA21 		strh	r2, [r3, #506]	@ movhi
  21:myRingbuffer.c ****     return RC_SUCCESS;   
  60              		.loc 1 21 0
  61 002a 0023     		movs	r3, #0
  22:myRingbuffer.c **** }
  62              		.loc 1 22 0
  63 002c 1846     		mov	r0, r3
  64 002e 0C37     		adds	r7, r7, #12
  65              		.cfi_def_cfa_offset 4
  66 0030 BD46     		mov	sp, r7
  67              		.cfi_def_cfa_register 13
  68              		@ sp needed
  69 0032 80BC     		pop	{r7}
  70              		.cfi_restore 7
  71              		.cfi_def_cfa_offset 0
  72 0034 7047     		bx	lr
  73              		.cfi_endproc
  74              	.LFE110:
  75              		.size	ringbufferInit, .-ringbufferInit
  76 0036 00BF     		.section	.text.writeToRingbuffer,"ax",%progbits
  77              		.align	2
  78              		.global	writeToRingbuffer
  79              		.thumb
  80              		.thumb_func
  81              		.type	writeToRingbuffer, %function
  82              	writeToRingbuffer:
  83              	.LFB111:
  23:myRingbuffer.c **** RC_t writeToRingbuffer(rb_Ringbuffer_t* const me, uint8_t byteToWrite){
  84              		.loc 1 23 0
  85              		.cfi_startproc
  86              		@ args = 0, pretend = 0, frame = 16
  87              		@ frame_needed = 1, uses_anonymous_args = 0
  88 0000 80B5     		push	{r7, lr}
  89              		.cfi_def_cfa_offset 8
  90              		.cfi_offset 7, -8
  91              		.cfi_offset 14, -4
ARM GAS  C:\Users\schmi\AppData\Local\Temp\cchrVDKk.s 			page 3


  92 0002 84B0     		sub	sp, sp, #16
  93              		.cfi_def_cfa_offset 24
  94 0004 00AF     		add	r7, sp, #0
  95              		.cfi_def_cfa_register 7
  96 0006 7860     		str	r0, [r7, #4]
  97 0008 0B46     		mov	r3, r1
  98 000a FB70     		strb	r3, [r7, #3]
  24:myRingbuffer.c ****     RC_t res = RC_ERROR;
  99              		.loc 1 24 0
 100 000c FF23     		movs	r3, #255
 101 000e FB73     		strb	r3, [r7, #15]
  25:myRingbuffer.c ****     GetResource(res_UARTLOG_ringbuffer);
 102              		.loc 1 25 0
 103 0010 0020     		movs	r0, #0
 104 0012 FFF7FEFF 		bl	EE_oo_GetResource
  26:myRingbuffer.c ****     if(me->rb_fillLevel < me->rb_size - 1){
 105              		.loc 1 26 0
 106 0016 7B68     		ldr	r3, [r7, #4]
 107 0018 B3F8F831 		ldrh	r3, [r3, #504]
 108 001c 1A46     		mov	r2, r3
 109 001e 7B68     		ldr	r3, [r7, #4]
 110 0020 B3F8FA31 		ldrh	r3, [r3, #506]
 111 0024 013B     		subs	r3, r3, #1
 112 0026 9A42     		cmp	r2, r3
 113 0028 20DA     		bge	.L4
  27:myRingbuffer.c ****         me->rb_buffer[(me->rb_writeIndex++)%BUFFER_SIZE] = byteToWrite;
 114              		.loc 1 27 0
 115 002a 7B68     		ldr	r3, [r7, #4]
 116 002c B3F8F631 		ldrh	r3, [r3, #502]
 117 0030 5A1C     		adds	r2, r3, #1
 118 0032 91B2     		uxth	r1, r2
 119 0034 7A68     		ldr	r2, [r7, #4]
 120 0036 A2F8F611 		strh	r1, [r2, #502]	@ movhi
 121 003a 124A     		ldr	r2, .L7
 122 003c A2FB0312 		umull	r1, r2, r2, r3
 123 0040 5209     		lsrs	r2, r2, #5
 124 0042 4FF4FA71 		mov	r1, #500
 125 0046 01FB02F2 		mul	r2, r1, r2
 126 004a 9B1A     		subs	r3, r3, r2
 127 004c 9BB2     		uxth	r3, r3
 128 004e 1946     		mov	r1, r3
 129 0050 7B68     		ldr	r3, [r7, #4]
 130 0052 FA78     		ldrb	r2, [r7, #3]
 131 0054 5A54     		strb	r2, [r3, r1]
  28:myRingbuffer.c ****         me->rb_fillLevel++;
 132              		.loc 1 28 0
 133 0056 7B68     		ldr	r3, [r7, #4]
 134 0058 B3F8F831 		ldrh	r3, [r3, #504]
 135 005c 0133     		adds	r3, r3, #1
 136 005e 9AB2     		uxth	r2, r3
 137 0060 7B68     		ldr	r3, [r7, #4]
 138 0062 A3F8F821 		strh	r2, [r3, #504]	@ movhi
  29:myRingbuffer.c ****         res = RC_SUCCESS;
 139              		.loc 1 29 0
 140 0066 0023     		movs	r3, #0
 141 0068 FB73     		strb	r3, [r7, #15]
 142 006a 01E0     		b	.L5
ARM GAS  C:\Users\schmi\AppData\Local\Temp\cchrVDKk.s 			page 4


 143              	.L4:
  30:myRingbuffer.c ****     }else{
  31:myRingbuffer.c ****         res = RC_ERROR_OVERRUN;
 144              		.loc 1 31 0
 145 006c FA23     		movs	r3, #250
 146 006e FB73     		strb	r3, [r7, #15]
 147              	.L5:
  32:myRingbuffer.c ****     }
  33:myRingbuffer.c ****     ReleaseResource(res_UARTLOG_ringbuffer);
 148              		.loc 1 33 0
 149 0070 0020     		movs	r0, #0
 150 0072 FFF7FEFF 		bl	EE_oo_ReleaseResource
  34:myRingbuffer.c ****     return res;
 151              		.loc 1 34 0
 152 0076 97F90F30 		ldrsb	r3, [r7, #15]
  35:myRingbuffer.c **** }
 153              		.loc 1 35 0
 154 007a 1846     		mov	r0, r3
 155 007c 1037     		adds	r7, r7, #16
 156              		.cfi_def_cfa_offset 8
 157 007e BD46     		mov	sp, r7
 158              		.cfi_def_cfa_register 13
 159              		@ sp needed
 160 0080 80BD     		pop	{r7, pc}
 161              	.L8:
 162 0082 00BF     		.align	2
 163              	.L7:
 164 0084 D34D6210 		.word	274877907
 165              		.cfi_endproc
 166              	.LFE111:
 167              		.size	writeToRingbuffer, .-writeToRingbuffer
 168              		.section	.text.readFromRingbuffer,"ax",%progbits
 169              		.align	2
 170              		.global	readFromRingbuffer
 171              		.thumb
 172              		.thumb_func
 173              		.type	readFromRingbuffer, %function
 174              	readFromRingbuffer:
 175              	.LFB112:
  36:myRingbuffer.c **** 
  37:myRingbuffer.c **** uint8_t readFromRingbuffer(rb_Ringbuffer_t * const me){
 176              		.loc 1 37 0
 177              		.cfi_startproc
 178              		@ args = 0, pretend = 0, frame = 16
 179              		@ frame_needed = 1, uses_anonymous_args = 0
 180 0000 80B5     		push	{r7, lr}
 181              		.cfi_def_cfa_offset 8
 182              		.cfi_offset 7, -8
 183              		.cfi_offset 14, -4
 184 0002 84B0     		sub	sp, sp, #16
 185              		.cfi_def_cfa_offset 24
 186 0004 00AF     		add	r7, sp, #0
 187              		.cfi_def_cfa_register 7
 188 0006 7860     		str	r0, [r7, #4]
  38:myRingbuffer.c ****     uint8_t buffer_data = '-';
 189              		.loc 1 38 0
 190 0008 2D23     		movs	r3, #45
ARM GAS  C:\Users\schmi\AppData\Local\Temp\cchrVDKk.s 			page 5


 191 000a FB73     		strb	r3, [r7, #15]
  39:myRingbuffer.c ****     GetResource(res_UARTLOG_ringbuffer);
 192              		.loc 1 39 0
 193 000c 0020     		movs	r0, #0
 194 000e FFF7FEFF 		bl	EE_oo_GetResource
  40:myRingbuffer.c ****     if(me->rb_fillLevel > 0){
 195              		.loc 1 40 0
 196 0012 7B68     		ldr	r3, [r7, #4]
 197 0014 B3F8F831 		ldrh	r3, [r3, #504]
 198 0018 002B     		cmp	r3, #0
 199 001a 1DD0     		beq	.L10
  41:myRingbuffer.c ****         buffer_data = me->rb_buffer[(me->rb_readIndex++)%BUFFER_SIZE];
 200              		.loc 1 41 0
 201 001c 7B68     		ldr	r3, [r7, #4]
 202 001e B3F8F431 		ldrh	r3, [r3, #500]
 203 0022 5A1C     		adds	r2, r3, #1
 204 0024 91B2     		uxth	r1, r2
 205 0026 7A68     		ldr	r2, [r7, #4]
 206 0028 A2F8F411 		strh	r1, [r2, #500]	@ movhi
 207 002c 0E4A     		ldr	r2, .L12
 208 002e A2FB0312 		umull	r1, r2, r2, r3
 209 0032 5209     		lsrs	r2, r2, #5
 210 0034 4FF4FA71 		mov	r1, #500
 211 0038 01FB02F2 		mul	r2, r1, r2
 212 003c 9B1A     		subs	r3, r3, r2
 213 003e 9BB2     		uxth	r3, r3
 214 0040 1A46     		mov	r2, r3
 215 0042 7B68     		ldr	r3, [r7, #4]
 216 0044 9B5C     		ldrb	r3, [r3, r2]
 217 0046 FB73     		strb	r3, [r7, #15]
  42:myRingbuffer.c ****         me->rb_fillLevel--;
 218              		.loc 1 42 0
 219 0048 7B68     		ldr	r3, [r7, #4]
 220 004a B3F8F831 		ldrh	r3, [r3, #504]
 221 004e 013B     		subs	r3, r3, #1
 222 0050 9AB2     		uxth	r2, r3
 223 0052 7B68     		ldr	r3, [r7, #4]
 224 0054 A3F8F821 		strh	r2, [r3, #504]	@ movhi
 225              	.L10:
  43:myRingbuffer.c ****     }
  44:myRingbuffer.c ****     ReleaseResource(res_UARTLOG_ringbuffer);
 226              		.loc 1 44 0
 227 0058 0020     		movs	r0, #0
 228 005a FFF7FEFF 		bl	EE_oo_ReleaseResource
  45:myRingbuffer.c ****     return buffer_data;
 229              		.loc 1 45 0
 230 005e FB7B     		ldrb	r3, [r7, #15]	@ zero_extendqisi2
  46:myRingbuffer.c **** }
 231              		.loc 1 46 0
 232 0060 1846     		mov	r0, r3
 233 0062 1037     		adds	r7, r7, #16
 234              		.cfi_def_cfa_offset 8
 235 0064 BD46     		mov	sp, r7
 236              		.cfi_def_cfa_register 13
 237              		@ sp needed
 238 0066 80BD     		pop	{r7, pc}
 239              	.L13:
ARM GAS  C:\Users\schmi\AppData\Local\Temp\cchrVDKk.s 			page 6


 240              		.align	2
 241              	.L12:
 242 0068 D34D6210 		.word	274877907
 243              		.cfi_endproc
 244              	.LFE112:
 245              		.size	readFromRingbuffer, .-readFromRingbuffer
 246              		.section	.text.IndexOfLastDelimiter,"ax",%progbits
 247              		.align	2
 248              		.global	IndexOfLastDelimiter
 249              		.thumb
 250              		.thumb_func
 251              		.type	IndexOfLastDelimiter, %function
 252              	IndexOfLastDelimiter:
 253              	.LFB113:
  47:myRingbuffer.c **** 
  48:myRingbuffer.c **** uint16_t IndexOfLastDelimiter(rb_Ringbuffer_t* const me){
 254              		.loc 1 48 0
 255              		.cfi_startproc
 256              		@ args = 0, pretend = 0, frame = 16
 257              		@ frame_needed = 1, uses_anonymous_args = 0
 258 0000 80B5     		push	{r7, lr}
 259              		.cfi_def_cfa_offset 8
 260              		.cfi_offset 7, -8
 261              		.cfi_offset 14, -4
 262 0002 84B0     		sub	sp, sp, #16
 263              		.cfi_def_cfa_offset 24
 264 0004 00AF     		add	r7, sp, #0
 265              		.cfi_def_cfa_register 7
 266 0006 7860     		str	r0, [r7, #4]
  49:myRingbuffer.c ****         uint8_t lastDelimiter = 'G';
 267              		.loc 1 49 0
 268 0008 4723     		movs	r3, #71
 269 000a FB72     		strb	r3, [r7, #11]
  50:myRingbuffer.c ****         GetResource(res_UARTLOG_ringbuffer);
 270              		.loc 1 50 0
 271 000c 0020     		movs	r0, #0
 272 000e FFF7FEFF 		bl	EE_oo_GetResource
  51:myRingbuffer.c ****         uint16_t lastDelIndex = (me->rb_fillLevel + me->rb_size)%me->rb_size;
 273              		.loc 1 51 0
 274 0012 7B68     		ldr	r3, [r7, #4]
 275 0014 B3F8F831 		ldrh	r3, [r3, #504]
 276 0018 1A46     		mov	r2, r3
 277 001a 7B68     		ldr	r3, [r7, #4]
 278 001c B3F8FA31 		ldrh	r3, [r3, #506]
 279 0020 1344     		add	r3, r3, r2
 280 0022 7A68     		ldr	r2, [r7, #4]
 281 0024 B2F8FA21 		ldrh	r2, [r2, #506]
 282 0028 93FBF2F1 		sdiv	r1, r3, r2
 283 002c 02FB01F2 		mul	r2, r2, r1
 284 0030 9B1A     		subs	r3, r3, r2
 285 0032 3B81     		strh	r3, [r7, #8]	@ movhi
 286              	.LBB2:
  52:myRingbuffer.c ****         for(int i = lastDelIndex; i > 0; i--){
 287              		.loc 1 52 0
 288 0034 3B89     		ldrh	r3, [r7, #8]
 289 0036 FB60     		str	r3, [r7, #12]
 290 0038 0CE0     		b	.L15
ARM GAS  C:\Users\schmi\AppData\Local\Temp\cchrVDKk.s 			page 7


 291              	.L18:
  53:myRingbuffer.c ****             lastDelimiter = me->rb_buffer[i];
 292              		.loc 1 53 0
 293 003a 7A68     		ldr	r2, [r7, #4]
 294 003c FB68     		ldr	r3, [r7, #12]
 295 003e 1344     		add	r3, r3, r2
 296 0040 1B78     		ldrb	r3, [r3]
 297 0042 FB72     		strb	r3, [r7, #11]
  54:myRingbuffer.c ****             if(lastDelimiter == rb_delimiter){
 298              		.loc 1 54 0
 299 0044 0A4B     		ldr	r3, .L21
 300 0046 1B78     		ldrb	r3, [r3]	@ zero_extendqisi2
 301 0048 FA7A     		ldrb	r2, [r7, #11]	@ zero_extendqisi2
 302 004a 9A42     		cmp	r2, r3
 303 004c 06D0     		beq	.L20
  52:myRingbuffer.c ****         for(int i = lastDelIndex; i > 0; i--){
 304              		.loc 1 52 0 discriminator 2
 305 004e FB68     		ldr	r3, [r7, #12]
 306 0050 013B     		subs	r3, r3, #1
 307 0052 FB60     		str	r3, [r7, #12]
 308              	.L15:
  52:myRingbuffer.c ****         for(int i = lastDelIndex; i > 0; i--){
 309              		.loc 1 52 0 is_stmt 0 discriminator 1
 310 0054 FB68     		ldr	r3, [r7, #12]
 311 0056 002B     		cmp	r3, #0
 312 0058 EFDC     		bgt	.L18
 313 005a 00E0     		b	.L17
 314              	.L20:
  55:myRingbuffer.c ****                 break;
 315              		.loc 1 55 0 is_stmt 1
 316 005c 00BF     		nop
 317              	.L17:
 318              	.LBE2:
  56:myRingbuffer.c ****             }
  57:myRingbuffer.c ****         }
  58:myRingbuffer.c ****         ReleaseResource(res_UARTLOG_ringbuffer);
 319              		.loc 1 58 0
 320 005e 0020     		movs	r0, #0
 321 0060 FFF7FEFF 		bl	EE_oo_ReleaseResource
  59:myRingbuffer.c ****     return lastDelIndex;   
 322              		.loc 1 59 0
 323 0064 3B89     		ldrh	r3, [r7, #8]
  60:myRingbuffer.c **** }
 324              		.loc 1 60 0
 325 0066 1846     		mov	r0, r3
 326 0068 1037     		adds	r7, r7, #16
 327              		.cfi_def_cfa_offset 8
 328 006a BD46     		mov	sp, r7
 329              		.cfi_def_cfa_register 13
 330              		@ sp needed
 331 006c 80BD     		pop	{r7, pc}
 332              	.L22:
 333 006e 00BF     		.align	2
 334              	.L21:
 335 0070 00000000 		.word	rb_delimiter
 336              		.cfi_endproc
 337              	.LFE113:
ARM GAS  C:\Users\schmi\AppData\Local\Temp\cchrVDKk.s 			page 8


 338              		.size	IndexOfLastDelimiter, .-IndexOfLastDelimiter
 339              		.text
 340              	.Letext0:
 341              		.file 2 ".\\source\\bsw/global.h"
 342              		.file 3 "myRingbuffer.h"
 343              		.file 4 "c:\\program files (x86)\\cypress\\psoc creator\\4.4\\psoc creator\\import\\gnu\\arm\\5.4.
 344              		.file 5 "c:\\program files (x86)\\cypress\\psoc creator\\4.4\\psoc creator\\import\\gnu\\arm\\5.4.
 345              		.file 6 "Generated_Source\\PSoC5/ErikaOS_1_common_ee_types.inc"
 346              		.file 7 "Generated_Source\\PSoC5/ErikaOS_1_cortex_mx_ee_cpu.inc"
 347              		.file 8 "Generated_Source\\PSoC5/ErikaOS_1_ee_oo_intfunc.inc"
 348              		.file 9 "Generated_Source\\PSoC5/ErikaOS_1_cortex_mx_ee_context.inc"
 349              		.file 10 "Generated_Source\\PSoC5/ErikaOS_1_common_ee_primitives.inc"
 350              		.file 11 "Generated_Source\\PSoC5/core_cm3.h"
 351              		.section	.debug_info,"",%progbits
 352              	.Ldebug_info0:
 353 0000 64030000 		.4byte	0x364
 354 0004 0400     		.2byte	0x4
 355 0006 00000000 		.4byte	.Ldebug_abbrev0
 356 000a 04       		.byte	0x4
 357 000b 01       		.uleb128 0x1
 358 000c B7000000 		.4byte	.LASF71
 359 0010 0C       		.byte	0xc
 360 0011 E3020000 		.4byte	.LASF72
 361 0015 B5030000 		.4byte	.LASF73
 362 0019 00000000 		.4byte	.Ldebug_ranges0+0
 363 001d 00000000 		.4byte	0
 364 0021 00000000 		.4byte	.Ldebug_line0
 365 0025 02       		.uleb128 0x2
 366 0026 01       		.byte	0x1
 367 0027 06       		.byte	0x6
 368 0028 1C030000 		.4byte	.LASF0
 369 002c 03       		.uleb128 0x3
 370 002d 8E010000 		.4byte	.LASF3
 371 0031 02       		.byte	0x2
 372 0032 91       		.byte	0x91
 373 0033 37000000 		.4byte	0x37
 374 0037 02       		.uleb128 0x2
 375 0038 01       		.byte	0x1
 376 0039 08       		.byte	0x8
 377 003a FE020000 		.4byte	.LASF1
 378 003e 02       		.uleb128 0x2
 379 003f 02       		.byte	0x2
 380 0040 05       		.byte	0x5
 381 0041 67000000 		.4byte	.LASF2
 382 0045 03       		.uleb128 0x3
 383 0046 67030000 		.4byte	.LASF4
 384 004a 02       		.byte	0x2
 385 004b 93       		.byte	0x93
 386 004c 50000000 		.4byte	0x50
 387 0050 02       		.uleb128 0x2
 388 0051 02       		.byte	0x2
 389 0052 07       		.byte	0x7
 390 0053 9D030000 		.4byte	.LASF5
 391 0057 02       		.uleb128 0x2
 392 0058 04       		.byte	0x4
 393 0059 05       		.byte	0x5
 394 005a 77020000 		.4byte	.LASF6
ARM GAS  C:\Users\schmi\AppData\Local\Temp\cchrVDKk.s 			page 9


 395 005e 02       		.uleb128 0x2
 396 005f 04       		.byte	0x4
 397 0060 07       		.byte	0x7
 398 0061 60040000 		.4byte	.LASF7
 399 0065 02       		.uleb128 0x2
 400 0066 04       		.byte	0x4
 401 0067 04       		.byte	0x4
 402 0068 F6010000 		.4byte	.LASF8
 403 006c 02       		.uleb128 0x2
 404 006d 08       		.byte	0x8
 405 006e 04       		.byte	0x4
 406 006f 72040000 		.4byte	.LASF9
 407 0073 02       		.uleb128 0x2
 408 0074 08       		.byte	0x8
 409 0075 05       		.byte	0x5
 410 0076 15020000 		.4byte	.LASF10
 411 007a 02       		.uleb128 0x2
 412 007b 08       		.byte	0x8
 413 007c 07       		.byte	0x7
 414 007d 28030000 		.4byte	.LASF11
 415 0081 02       		.uleb128 0x2
 416 0082 01       		.byte	0x1
 417 0083 08       		.byte	0x8
 418 0084 B0030000 		.4byte	.LASF12
 419 0088 04       		.uleb128 0x4
 420 0089 01       		.byte	0x1
 421 008a 25000000 		.4byte	0x25
 422 008e 02       		.byte	0x2
 423 008f CF       		.byte	0xcf
 424 0090 31010000 		.4byte	0x131
 425 0094 05       		.uleb128 0x5
 426 0095 26000000 		.4byte	.LASF13
 427 0099 00       		.byte	0
 428 009a 06       		.uleb128 0x6
 429 009b BC040000 		.4byte	.LASF14
 430 009f 7F       		.sleb128 -1
 431 00a0 06       		.uleb128 0x6
 432 00a1 70030000 		.4byte	.LASF15
 433 00a5 7E       		.sleb128 -2
 434 00a6 06       		.uleb128 0x6
 435 00a7 45010000 		.4byte	.LASF16
 436 00ab 7D       		.sleb128 -3
 437 00ac 06       		.uleb128 0x6
 438 00ad C5040000 		.4byte	.LASF17
 439 00b1 7C       		.sleb128 -4
 440 00b2 06       		.uleb128 0x6
 441 00b3 E7010000 		.4byte	.LASF18
 442 00b7 7B       		.sleb128 -5
 443 00b8 06       		.uleb128 0x6
 444 00b9 71000000 		.4byte	.LASF19
 445 00bd 7A       		.sleb128 -6
 446 00be 06       		.uleb128 0x6
 447 00bf 80020000 		.4byte	.LASF20
 448 00c3 79       		.sleb128 -7
 449 00c4 06       		.uleb128 0x6
 450 00c5 11040000 		.4byte	.LASF21
 451 00c9 78       		.sleb128 -8
ARM GAS  C:\Users\schmi\AppData\Local\Temp\cchrVDKk.s 			page 10


 452 00ca 06       		.uleb128 0x6
 453 00cb 7E030000 		.4byte	.LASF22
 454 00cf 77       		.sleb128 -9
 455 00d0 06       		.uleb128 0x6
 456 00d1 92020000 		.4byte	.LASF23
 457 00d5 76       		.sleb128 -10
 458 00d6 06       		.uleb128 0x6
 459 00d7 FF040000 		.4byte	.LASF24
 460 00db 75       		.sleb128 -11
 461 00dc 06       		.uleb128 0x6
 462 00dd 59030000 		.4byte	.LASF25
 463 00e1 74       		.sleb128 -12
 464 00e2 06       		.uleb128 0x6
 465 00e3 79040000 		.4byte	.LASF26
 466 00e7 73       		.sleb128 -13
 467 00e8 06       		.uleb128 0x6
 468 00e9 13000000 		.4byte	.LASF27
 469 00ed 72       		.sleb128 -14
 470 00ee 06       		.uleb128 0x6
 471 00ef 46000000 		.4byte	.LASF28
 472 00f3 71       		.sleb128 -15
 473 00f4 06       		.uleb128 0x6
 474 00f5 A0020000 		.4byte	.LASF29
 475 00f9 70       		.sleb128 -16
 476 00fa 06       		.uleb128 0x6
 477 00fb 5B010000 		.4byte	.LASF30
 478 00ff 6F       		.sleb128 -17
 479 0100 06       		.uleb128 0x6
 480 0101 82000000 		.4byte	.LASF31
 481 0105 6E       		.sleb128 -18
 482 0106 06       		.uleb128 0x6
 483 0107 46020000 		.4byte	.LASF32
 484 010b 6D       		.sleb128 -19
 485 010c 06       		.uleb128 0x6
 486 010d 2E040000 		.4byte	.LASF33
 487 0111 6C       		.sleb128 -20
 488 0112 06       		.uleb128 0x6
 489 0113 BF020000 		.4byte	.LASF34
 490 0117 6B       		.sleb128 -21
 491 0118 06       		.uleb128 0x6
 492 0119 9D040000 		.4byte	.LASF35
 493 011d 6A       		.sleb128 -22
 494 011e 06       		.uleb128 0x6
 495 011f 96010000 		.4byte	.LASF36
 496 0123 69       		.sleb128 -23
 497 0124 06       		.uleb128 0x6
 498 0125 59020000 		.4byte	.LASF37
 499 0129 68       		.sleb128 -24
 500 012a 06       		.uleb128 0x6
 501 012b FC010000 		.4byte	.LASF38
 502 012f 67       		.sleb128 -25
 503 0130 00       		.byte	0
 504 0131 03       		.uleb128 0x3
 505 0132 FA040000 		.4byte	.LASF39
 506 0136 02       		.byte	0x2
 507 0137 EA       		.byte	0xea
 508 0138 88000000 		.4byte	0x88
ARM GAS  C:\Users\schmi\AppData\Local\Temp\cchrVDKk.s 			page 11


 509 013c 07       		.uleb128 0x7
 510 013d FC01     		.2byte	0x1fc
 511 013f 03       		.byte	0x3
 512 0140 14       		.byte	0x14
 513 0141 86010000 		.4byte	0x186
 514 0145 08       		.uleb128 0x8
 515 0146 23020000 		.4byte	.LASF40
 516 014a 03       		.byte	0x3
 517 014b 15       		.byte	0x15
 518 014c 86010000 		.4byte	0x186
 519 0150 00       		.byte	0
 520 0151 09       		.uleb128 0x9
 521 0152 5A000000 		.4byte	.LASF41
 522 0156 03       		.byte	0x3
 523 0157 16       		.byte	0x16
 524 0158 45000000 		.4byte	0x45
 525 015c F401     		.2byte	0x1f4
 526 015e 09       		.uleb128 0x9
 527 015f B1020000 		.4byte	.LASF42
 528 0163 03       		.byte	0x3
 529 0164 17       		.byte	0x17
 530 0165 45000000 		.4byte	0x45
 531 0169 F601     		.2byte	0x1f6
 532 016b 09       		.uleb128 0x9
 533 016c 3F030000 		.4byte	.LASF43
 534 0170 03       		.byte	0x3
 535 0171 18       		.byte	0x18
 536 0172 45000000 		.4byte	0x45
 537 0176 F801     		.2byte	0x1f8
 538 0178 09       		.uleb128 0x9
 539 0179 A0000000 		.4byte	.LASF44
 540 017d 03       		.byte	0x3
 541 017e 19       		.byte	0x19
 542 017f 45000000 		.4byte	0x45
 543 0183 FA01     		.2byte	0x1fa
 544 0185 00       		.byte	0
 545 0186 0A       		.uleb128 0xa
 546 0187 2C000000 		.4byte	0x2c
 547 018b 97010000 		.4byte	0x197
 548 018f 0B       		.uleb128 0xb
 549 0190 97010000 		.4byte	0x197
 550 0194 F301     		.2byte	0x1f3
 551 0196 00       		.byte	0
 552 0197 02       		.uleb128 0x2
 553 0198 04       		.byte	0x4
 554 0199 07       		.byte	0x7
 555 019a 97000000 		.4byte	.LASF45
 556 019e 03       		.uleb128 0x3
 557 019f 0C030000 		.4byte	.LASF46
 558 01a3 03       		.byte	0x3
 559 01a4 1A       		.byte	0x1a
 560 01a5 3C010000 		.4byte	0x13c
 561 01a9 03       		.uleb128 0x3
 562 01aa 93040000 		.4byte	.LASF47
 563 01ae 04       		.byte	0x4
 564 01af 3F       		.byte	0x3f
 565 01b0 57000000 		.4byte	0x57
ARM GAS  C:\Users\schmi\AppData\Local\Temp\cchrVDKk.s 			page 12


 566 01b4 0C       		.uleb128 0xc
 567 01b5 04       		.byte	0x4
 568 01b6 05       		.byte	0x5
 569 01b7 696E7400 		.ascii	"int\000"
 570 01bb 02       		.uleb128 0x2
 571 01bc 04       		.byte	0x4
 572 01bd 07       		.byte	0x7
 573 01be 4C030000 		.4byte	.LASF48
 574 01c2 03       		.uleb128 0x3
 575 01c3 26040000 		.4byte	.LASF49
 576 01c7 05       		.byte	0x5
 577 01c8 2C       		.byte	0x2c
 578 01c9 A9010000 		.4byte	0x1a9
 579 01cd 02       		.uleb128 0x2
 580 01ce 08       		.byte	0x8
 581 01cf 04       		.byte	0x4
 582 01d0 F2020000 		.4byte	.LASF50
 583 01d4 03       		.uleb128 0x3
 584 01d5 94030000 		.4byte	.LASF51
 585 01d9 06       		.byte	0x6
 586 01da 53       		.byte	0x53
 587 01db B4010000 		.4byte	0x1b4
 588 01df 03       		.uleb128 0x3
 589 01e0 6F010000 		.4byte	.LASF52
 590 01e4 06       		.byte	0x6
 591 01e5 54       		.byte	0x54
 592 01e6 BB010000 		.4byte	0x1bb
 593 01ea 03       		.uleb128 0x3
 594 01eb 8B040000 		.4byte	.LASF53
 595 01ef 07       		.byte	0x7
 596 01f0 4D       		.byte	0x4d
 597 01f1 DF010000 		.4byte	0x1df
 598 01f5 03       		.uleb128 0x3
 599 01f6 53010000 		.4byte	.LASF54
 600 01fa 07       		.byte	0x7
 601 01fb 4F       		.byte	0x4f
 602 01fc DF010000 		.4byte	0x1df
 603 0200 03       		.uleb128 0x3
 604 0201 79010000 		.4byte	.LASF55
 605 0205 07       		.byte	0x7
 606 0206 78       		.byte	0x78
 607 0207 D4010000 		.4byte	0x1d4
 608 020b 0D       		.uleb128 0xd
 609 020c A8000000 		.4byte	.LASF56
 610 0210 01       		.byte	0x1
 611 0211 10       		.byte	0x10
 612 0212 31010000 		.4byte	0x131
 613 0216 00000000 		.4byte	.LFB110
 614 021a 36000000 		.4byte	.LFE110-.LFB110
 615 021e 01       		.uleb128 0x1
 616 021f 9C       		.byte	0x9c
 617 0220 32020000 		.4byte	0x232
 618 0224 0E       		.uleb128 0xe
 619 0225 6D6500   		.ascii	"me\000"
 620 0228 01       		.byte	0x1
 621 0229 10       		.byte	0x10
 622 022a 38020000 		.4byte	0x238
ARM GAS  C:\Users\schmi\AppData\Local\Temp\cchrVDKk.s 			page 13


 623 022e 02       		.uleb128 0x2
 624 022f 91       		.byte	0x91
 625 0230 74       		.sleb128 -12
 626 0231 00       		.byte	0
 627 0232 0F       		.uleb128 0xf
 628 0233 04       		.byte	0x4
 629 0234 9E010000 		.4byte	0x19e
 630 0238 10       		.uleb128 0x10
 631 0239 32020000 		.4byte	0x232
 632 023d 11       		.uleb128 0x11
 633 023e D1020000 		.4byte	.LASF57
 634 0242 01       		.byte	0x1
 635 0243 17       		.byte	0x17
 636 0244 31010000 		.4byte	0x131
 637 0248 00000000 		.4byte	.LFB111
 638 024c 88000000 		.4byte	.LFE111-.LFB111
 639 0250 01       		.uleb128 0x1
 640 0251 9C       		.byte	0x9c
 641 0252 80020000 		.4byte	0x280
 642 0256 0E       		.uleb128 0xe
 643 0257 6D6500   		.ascii	"me\000"
 644 025a 01       		.byte	0x1
 645 025b 17       		.byte	0x17
 646 025c 38020000 		.4byte	0x238
 647 0260 02       		.uleb128 0x2
 648 0261 91       		.byte	0x91
 649 0262 6C       		.sleb128 -20
 650 0263 12       		.uleb128 0x12
 651 0264 41040000 		.4byte	.LASF58
 652 0268 01       		.byte	0x1
 653 0269 17       		.byte	0x17
 654 026a 2C000000 		.4byte	0x2c
 655 026e 02       		.uleb128 0x2
 656 026f 91       		.byte	0x91
 657 0270 6B       		.sleb128 -21
 658 0271 13       		.uleb128 0x13
 659 0272 72657300 		.ascii	"res\000"
 660 0276 01       		.byte	0x1
 661 0277 18       		.byte	0x18
 662 0278 31010000 		.4byte	0x131
 663 027c 02       		.uleb128 0x2
 664 027d 91       		.byte	0x91
 665 027e 77       		.sleb128 -9
 666 027f 00       		.byte	0
 667 0280 11       		.uleb128 0x11
 668 0281 00000000 		.4byte	.LASF59
 669 0285 01       		.byte	0x1
 670 0286 25       		.byte	0x25
 671 0287 2C000000 		.4byte	0x2c
 672 028b 00000000 		.4byte	.LFB112
 673 028f 6C000000 		.4byte	.LFE112-.LFB112
 674 0293 01       		.uleb128 0x1
 675 0294 9C       		.byte	0x9c
 676 0295 B5020000 		.4byte	0x2b5
 677 0299 0E       		.uleb128 0xe
 678 029a 6D6500   		.ascii	"me\000"
 679 029d 01       		.byte	0x1
ARM GAS  C:\Users\schmi\AppData\Local\Temp\cchrVDKk.s 			page 14


 680 029e 25       		.byte	0x25
 681 029f 38020000 		.4byte	0x238
 682 02a3 02       		.uleb128 0x2
 683 02a4 91       		.byte	0x91
 684 02a5 6C       		.sleb128 -20
 685 02a6 14       		.uleb128 0x14
 686 02a7 C2010000 		.4byte	.LASF60
 687 02ab 01       		.byte	0x1
 688 02ac 26       		.byte	0x26
 689 02ad 2C000000 		.4byte	0x2c
 690 02b1 02       		.uleb128 0x2
 691 02b2 91       		.byte	0x91
 692 02b3 77       		.sleb128 -9
 693 02b4 00       		.byte	0
 694 02b5 11       		.uleb128 0x11
 695 02b6 31000000 		.4byte	.LASF61
 696 02ba 01       		.byte	0x1
 697 02bb 30       		.byte	0x30
 698 02bc 45000000 		.4byte	0x45
 699 02c0 00000000 		.4byte	.LFB113
 700 02c4 74000000 		.4byte	.LFE113-.LFB113
 701 02c8 01       		.uleb128 0x1
 702 02c9 9C       		.byte	0x9c
 703 02ca 0E030000 		.4byte	0x30e
 704 02ce 0E       		.uleb128 0xe
 705 02cf 6D6500   		.ascii	"me\000"
 706 02d2 01       		.byte	0x1
 707 02d3 30       		.byte	0x30
 708 02d4 38020000 		.4byte	0x238
 709 02d8 02       		.uleb128 0x2
 710 02d9 91       		.byte	0x91
 711 02da 6C       		.sleb128 -20
 712 02db 14       		.uleb128 0x14
 713 02dc 80010000 		.4byte	.LASF62
 714 02e0 01       		.byte	0x1
 715 02e1 31       		.byte	0x31
 716 02e2 2C000000 		.4byte	0x2c
 717 02e6 02       		.uleb128 0x2
 718 02e7 91       		.byte	0x91
 719 02e8 73       		.sleb128 -13
 720 02e9 14       		.uleb128 0x14
 721 02ea 6A020000 		.4byte	.LASF63
 722 02ee 01       		.byte	0x1
 723 02ef 33       		.byte	0x33
 724 02f0 45000000 		.4byte	0x45
 725 02f4 02       		.uleb128 0x2
 726 02f5 91       		.byte	0x91
 727 02f6 70       		.sleb128 -16
 728 02f7 15       		.uleb128 0x15
 729 02f8 34000000 		.4byte	.LBB2
 730 02fc 2A000000 		.4byte	.LBE2-.LBB2
 731 0300 13       		.uleb128 0x13
 732 0301 6900     		.ascii	"i\000"
 733 0303 01       		.byte	0x1
 734 0304 34       		.byte	0x34
 735 0305 B4010000 		.4byte	0x1b4
 736 0309 02       		.uleb128 0x2
ARM GAS  C:\Users\schmi\AppData\Local\Temp\cchrVDKk.s 			page 15


 737 030a 91       		.byte	0x91
 738 030b 74       		.sleb128 -12
 739 030c 00       		.byte	0
 740 030d 00       		.byte	0
 741 030e 14       		.uleb128 0x14
 742 030f ED040000 		.4byte	.LASF64
 743 0313 03       		.byte	0x3
 744 0314 13       		.byte	0x13
 745 0315 2C000000 		.4byte	0x2c
 746 0319 05       		.uleb128 0x5
 747 031a 03       		.byte	0x3
 748 031b 00000000 		.4byte	rb_delimiter
 749 031f 16       		.uleb128 0x16
 750 0320 D5040000 		.4byte	.LASF65
 751 0324 08       		.byte	0x8
 752 0325 40       		.byte	0x40
 753 0326 EA010000 		.4byte	0x1ea
 754 032a 16       		.uleb128 0x16
 755 032b 2D020000 		.4byte	.LASF66
 756 032f 08       		.byte	0x8
 757 0330 47       		.byte	0x47
 758 0331 F5010000 		.4byte	0x1f5
 759 0335 16       		.uleb128 0x16
 760 0336 4D040000 		.4byte	.LASF67
 761 033a 08       		.byte	0x8
 762 033b 4A       		.byte	0x4a
 763 033c EA010000 		.4byte	0x1ea
 764 0340 16       		.uleb128 0x16
 765 0341 CE010000 		.4byte	.LASF68
 766 0345 09       		.byte	0x9
 767 0346 48       		.byte	0x48
 768 0347 00020000 		.4byte	0x200
 769 034b 16       		.uleb128 0x16
 770 034c AD010000 		.4byte	.LASF69
 771 0350 0A       		.byte	0xa
 772 0351 44       		.byte	0x44
 773 0352 EA010000 		.4byte	0x1ea
 774 0356 17       		.uleb128 0x17
 775 0357 AF040000 		.4byte	.LASF70
 776 035b 0B       		.byte	0xb
 777 035c 1207     		.2byte	0x712
 778 035e 62030000 		.4byte	0x362
 779 0362 18       		.uleb128 0x18
 780 0363 C2010000 		.4byte	0x1c2
 781 0367 00       		.byte	0
 782              		.section	.debug_abbrev,"",%progbits
 783              	.Ldebug_abbrev0:
 784 0000 01       		.uleb128 0x1
 785 0001 11       		.uleb128 0x11
 786 0002 01       		.byte	0x1
 787 0003 25       		.uleb128 0x25
 788 0004 0E       		.uleb128 0xe
 789 0005 13       		.uleb128 0x13
 790 0006 0B       		.uleb128 0xb
 791 0007 03       		.uleb128 0x3
 792 0008 0E       		.uleb128 0xe
 793 0009 1B       		.uleb128 0x1b
ARM GAS  C:\Users\schmi\AppData\Local\Temp\cchrVDKk.s 			page 16


 794 000a 0E       		.uleb128 0xe
 795 000b 55       		.uleb128 0x55
 796 000c 17       		.uleb128 0x17
 797 000d 11       		.uleb128 0x11
 798 000e 01       		.uleb128 0x1
 799 000f 10       		.uleb128 0x10
 800 0010 17       		.uleb128 0x17
 801 0011 00       		.byte	0
 802 0012 00       		.byte	0
 803 0013 02       		.uleb128 0x2
 804 0014 24       		.uleb128 0x24
 805 0015 00       		.byte	0
 806 0016 0B       		.uleb128 0xb
 807 0017 0B       		.uleb128 0xb
 808 0018 3E       		.uleb128 0x3e
 809 0019 0B       		.uleb128 0xb
 810 001a 03       		.uleb128 0x3
 811 001b 0E       		.uleb128 0xe
 812 001c 00       		.byte	0
 813 001d 00       		.byte	0
 814 001e 03       		.uleb128 0x3
 815 001f 16       		.uleb128 0x16
 816 0020 00       		.byte	0
 817 0021 03       		.uleb128 0x3
 818 0022 0E       		.uleb128 0xe
 819 0023 3A       		.uleb128 0x3a
 820 0024 0B       		.uleb128 0xb
 821 0025 3B       		.uleb128 0x3b
 822 0026 0B       		.uleb128 0xb
 823 0027 49       		.uleb128 0x49
 824 0028 13       		.uleb128 0x13
 825 0029 00       		.byte	0
 826 002a 00       		.byte	0
 827 002b 04       		.uleb128 0x4
 828 002c 04       		.uleb128 0x4
 829 002d 01       		.byte	0x1
 830 002e 0B       		.uleb128 0xb
 831 002f 0B       		.uleb128 0xb
 832 0030 49       		.uleb128 0x49
 833 0031 13       		.uleb128 0x13
 834 0032 3A       		.uleb128 0x3a
 835 0033 0B       		.uleb128 0xb
 836 0034 3B       		.uleb128 0x3b
 837 0035 0B       		.uleb128 0xb
 838 0036 01       		.uleb128 0x1
 839 0037 13       		.uleb128 0x13
 840 0038 00       		.byte	0
 841 0039 00       		.byte	0
 842 003a 05       		.uleb128 0x5
 843 003b 28       		.uleb128 0x28
 844 003c 00       		.byte	0
 845 003d 03       		.uleb128 0x3
 846 003e 0E       		.uleb128 0xe
 847 003f 1C       		.uleb128 0x1c
 848 0040 0B       		.uleb128 0xb
 849 0041 00       		.byte	0
 850 0042 00       		.byte	0
ARM GAS  C:\Users\schmi\AppData\Local\Temp\cchrVDKk.s 			page 17


 851 0043 06       		.uleb128 0x6
 852 0044 28       		.uleb128 0x28
 853 0045 00       		.byte	0
 854 0046 03       		.uleb128 0x3
 855 0047 0E       		.uleb128 0xe
 856 0048 1C       		.uleb128 0x1c
 857 0049 0D       		.uleb128 0xd
 858 004a 00       		.byte	0
 859 004b 00       		.byte	0
 860 004c 07       		.uleb128 0x7
 861 004d 13       		.uleb128 0x13
 862 004e 01       		.byte	0x1
 863 004f 0B       		.uleb128 0xb
 864 0050 05       		.uleb128 0x5
 865 0051 3A       		.uleb128 0x3a
 866 0052 0B       		.uleb128 0xb
 867 0053 3B       		.uleb128 0x3b
 868 0054 0B       		.uleb128 0xb
 869 0055 01       		.uleb128 0x1
 870 0056 13       		.uleb128 0x13
 871 0057 00       		.byte	0
 872 0058 00       		.byte	0
 873 0059 08       		.uleb128 0x8
 874 005a 0D       		.uleb128 0xd
 875 005b 00       		.byte	0
 876 005c 03       		.uleb128 0x3
 877 005d 0E       		.uleb128 0xe
 878 005e 3A       		.uleb128 0x3a
 879 005f 0B       		.uleb128 0xb
 880 0060 3B       		.uleb128 0x3b
 881 0061 0B       		.uleb128 0xb
 882 0062 49       		.uleb128 0x49
 883 0063 13       		.uleb128 0x13
 884 0064 38       		.uleb128 0x38
 885 0065 0B       		.uleb128 0xb
 886 0066 00       		.byte	0
 887 0067 00       		.byte	0
 888 0068 09       		.uleb128 0x9
 889 0069 0D       		.uleb128 0xd
 890 006a 00       		.byte	0
 891 006b 03       		.uleb128 0x3
 892 006c 0E       		.uleb128 0xe
 893 006d 3A       		.uleb128 0x3a
 894 006e 0B       		.uleb128 0xb
 895 006f 3B       		.uleb128 0x3b
 896 0070 0B       		.uleb128 0xb
 897 0071 49       		.uleb128 0x49
 898 0072 13       		.uleb128 0x13
 899 0073 38       		.uleb128 0x38
 900 0074 05       		.uleb128 0x5
 901 0075 00       		.byte	0
 902 0076 00       		.byte	0
 903 0077 0A       		.uleb128 0xa
 904 0078 01       		.uleb128 0x1
 905 0079 01       		.byte	0x1
 906 007a 49       		.uleb128 0x49
 907 007b 13       		.uleb128 0x13
ARM GAS  C:\Users\schmi\AppData\Local\Temp\cchrVDKk.s 			page 18


 908 007c 01       		.uleb128 0x1
 909 007d 13       		.uleb128 0x13
 910 007e 00       		.byte	0
 911 007f 00       		.byte	0
 912 0080 0B       		.uleb128 0xb
 913 0081 21       		.uleb128 0x21
 914 0082 00       		.byte	0
 915 0083 49       		.uleb128 0x49
 916 0084 13       		.uleb128 0x13
 917 0085 2F       		.uleb128 0x2f
 918 0086 05       		.uleb128 0x5
 919 0087 00       		.byte	0
 920 0088 00       		.byte	0
 921 0089 0C       		.uleb128 0xc
 922 008a 24       		.uleb128 0x24
 923 008b 00       		.byte	0
 924 008c 0B       		.uleb128 0xb
 925 008d 0B       		.uleb128 0xb
 926 008e 3E       		.uleb128 0x3e
 927 008f 0B       		.uleb128 0xb
 928 0090 03       		.uleb128 0x3
 929 0091 08       		.uleb128 0x8
 930 0092 00       		.byte	0
 931 0093 00       		.byte	0
 932 0094 0D       		.uleb128 0xd
 933 0095 2E       		.uleb128 0x2e
 934 0096 01       		.byte	0x1
 935 0097 3F       		.uleb128 0x3f
 936 0098 19       		.uleb128 0x19
 937 0099 03       		.uleb128 0x3
 938 009a 0E       		.uleb128 0xe
 939 009b 3A       		.uleb128 0x3a
 940 009c 0B       		.uleb128 0xb
 941 009d 3B       		.uleb128 0x3b
 942 009e 0B       		.uleb128 0xb
 943 009f 27       		.uleb128 0x27
 944 00a0 19       		.uleb128 0x19
 945 00a1 49       		.uleb128 0x49
 946 00a2 13       		.uleb128 0x13
 947 00a3 11       		.uleb128 0x11
 948 00a4 01       		.uleb128 0x1
 949 00a5 12       		.uleb128 0x12
 950 00a6 06       		.uleb128 0x6
 951 00a7 40       		.uleb128 0x40
 952 00a8 18       		.uleb128 0x18
 953 00a9 9742     		.uleb128 0x2117
 954 00ab 19       		.uleb128 0x19
 955 00ac 01       		.uleb128 0x1
 956 00ad 13       		.uleb128 0x13
 957 00ae 00       		.byte	0
 958 00af 00       		.byte	0
 959 00b0 0E       		.uleb128 0xe
 960 00b1 05       		.uleb128 0x5
 961 00b2 00       		.byte	0
 962 00b3 03       		.uleb128 0x3
 963 00b4 08       		.uleb128 0x8
 964 00b5 3A       		.uleb128 0x3a
ARM GAS  C:\Users\schmi\AppData\Local\Temp\cchrVDKk.s 			page 19


 965 00b6 0B       		.uleb128 0xb
 966 00b7 3B       		.uleb128 0x3b
 967 00b8 0B       		.uleb128 0xb
 968 00b9 49       		.uleb128 0x49
 969 00ba 13       		.uleb128 0x13
 970 00bb 02       		.uleb128 0x2
 971 00bc 18       		.uleb128 0x18
 972 00bd 00       		.byte	0
 973 00be 00       		.byte	0
 974 00bf 0F       		.uleb128 0xf
 975 00c0 0F       		.uleb128 0xf
 976 00c1 00       		.byte	0
 977 00c2 0B       		.uleb128 0xb
 978 00c3 0B       		.uleb128 0xb
 979 00c4 49       		.uleb128 0x49
 980 00c5 13       		.uleb128 0x13
 981 00c6 00       		.byte	0
 982 00c7 00       		.byte	0
 983 00c8 10       		.uleb128 0x10
 984 00c9 26       		.uleb128 0x26
 985 00ca 00       		.byte	0
 986 00cb 49       		.uleb128 0x49
 987 00cc 13       		.uleb128 0x13
 988 00cd 00       		.byte	0
 989 00ce 00       		.byte	0
 990 00cf 11       		.uleb128 0x11
 991 00d0 2E       		.uleb128 0x2e
 992 00d1 01       		.byte	0x1
 993 00d2 3F       		.uleb128 0x3f
 994 00d3 19       		.uleb128 0x19
 995 00d4 03       		.uleb128 0x3
 996 00d5 0E       		.uleb128 0xe
 997 00d6 3A       		.uleb128 0x3a
 998 00d7 0B       		.uleb128 0xb
 999 00d8 3B       		.uleb128 0x3b
 1000 00d9 0B       		.uleb128 0xb
 1001 00da 27       		.uleb128 0x27
 1002 00db 19       		.uleb128 0x19
 1003 00dc 49       		.uleb128 0x49
 1004 00dd 13       		.uleb128 0x13
 1005 00de 11       		.uleb128 0x11
 1006 00df 01       		.uleb128 0x1
 1007 00e0 12       		.uleb128 0x12
 1008 00e1 06       		.uleb128 0x6
 1009 00e2 40       		.uleb128 0x40
 1010 00e3 18       		.uleb128 0x18
 1011 00e4 9642     		.uleb128 0x2116
 1012 00e6 19       		.uleb128 0x19
 1013 00e7 01       		.uleb128 0x1
 1014 00e8 13       		.uleb128 0x13
 1015 00e9 00       		.byte	0
 1016 00ea 00       		.byte	0
 1017 00eb 12       		.uleb128 0x12
 1018 00ec 05       		.uleb128 0x5
 1019 00ed 00       		.byte	0
 1020 00ee 03       		.uleb128 0x3
 1021 00ef 0E       		.uleb128 0xe
ARM GAS  C:\Users\schmi\AppData\Local\Temp\cchrVDKk.s 			page 20


 1022 00f0 3A       		.uleb128 0x3a
 1023 00f1 0B       		.uleb128 0xb
 1024 00f2 3B       		.uleb128 0x3b
 1025 00f3 0B       		.uleb128 0xb
 1026 00f4 49       		.uleb128 0x49
 1027 00f5 13       		.uleb128 0x13
 1028 00f6 02       		.uleb128 0x2
 1029 00f7 18       		.uleb128 0x18
 1030 00f8 00       		.byte	0
 1031 00f9 00       		.byte	0
 1032 00fa 13       		.uleb128 0x13
 1033 00fb 34       		.uleb128 0x34
 1034 00fc 00       		.byte	0
 1035 00fd 03       		.uleb128 0x3
 1036 00fe 08       		.uleb128 0x8
 1037 00ff 3A       		.uleb128 0x3a
 1038 0100 0B       		.uleb128 0xb
 1039 0101 3B       		.uleb128 0x3b
 1040 0102 0B       		.uleb128 0xb
 1041 0103 49       		.uleb128 0x49
 1042 0104 13       		.uleb128 0x13
 1043 0105 02       		.uleb128 0x2
 1044 0106 18       		.uleb128 0x18
 1045 0107 00       		.byte	0
 1046 0108 00       		.byte	0
 1047 0109 14       		.uleb128 0x14
 1048 010a 34       		.uleb128 0x34
 1049 010b 00       		.byte	0
 1050 010c 03       		.uleb128 0x3
 1051 010d 0E       		.uleb128 0xe
 1052 010e 3A       		.uleb128 0x3a
 1053 010f 0B       		.uleb128 0xb
 1054 0110 3B       		.uleb128 0x3b
 1055 0111 0B       		.uleb128 0xb
 1056 0112 49       		.uleb128 0x49
 1057 0113 13       		.uleb128 0x13
 1058 0114 02       		.uleb128 0x2
 1059 0115 18       		.uleb128 0x18
 1060 0116 00       		.byte	0
 1061 0117 00       		.byte	0
 1062 0118 15       		.uleb128 0x15
 1063 0119 0B       		.uleb128 0xb
 1064 011a 01       		.byte	0x1
 1065 011b 11       		.uleb128 0x11
 1066 011c 01       		.uleb128 0x1
 1067 011d 12       		.uleb128 0x12
 1068 011e 06       		.uleb128 0x6
 1069 011f 00       		.byte	0
 1070 0120 00       		.byte	0
 1071 0121 16       		.uleb128 0x16
 1072 0122 34       		.uleb128 0x34
 1073 0123 00       		.byte	0
 1074 0124 03       		.uleb128 0x3
 1075 0125 0E       		.uleb128 0xe
 1076 0126 3A       		.uleb128 0x3a
 1077 0127 0B       		.uleb128 0xb
 1078 0128 3B       		.uleb128 0x3b
ARM GAS  C:\Users\schmi\AppData\Local\Temp\cchrVDKk.s 			page 21


 1079 0129 0B       		.uleb128 0xb
 1080 012a 49       		.uleb128 0x49
 1081 012b 13       		.uleb128 0x13
 1082 012c 3F       		.uleb128 0x3f
 1083 012d 19       		.uleb128 0x19
 1084 012e 3C       		.uleb128 0x3c
 1085 012f 19       		.uleb128 0x19
 1086 0130 00       		.byte	0
 1087 0131 00       		.byte	0
 1088 0132 17       		.uleb128 0x17
 1089 0133 34       		.uleb128 0x34
 1090 0134 00       		.byte	0
 1091 0135 03       		.uleb128 0x3
 1092 0136 0E       		.uleb128 0xe
 1093 0137 3A       		.uleb128 0x3a
 1094 0138 0B       		.uleb128 0xb
 1095 0139 3B       		.uleb128 0x3b
 1096 013a 05       		.uleb128 0x5
 1097 013b 49       		.uleb128 0x49
 1098 013c 13       		.uleb128 0x13
 1099 013d 3F       		.uleb128 0x3f
 1100 013e 19       		.uleb128 0x19
 1101 013f 3C       		.uleb128 0x3c
 1102 0140 19       		.uleb128 0x19
 1103 0141 00       		.byte	0
 1104 0142 00       		.byte	0
 1105 0143 18       		.uleb128 0x18
 1106 0144 35       		.uleb128 0x35
 1107 0145 00       		.byte	0
 1108 0146 49       		.uleb128 0x49
 1109 0147 13       		.uleb128 0x13
 1110 0148 00       		.byte	0
 1111 0149 00       		.byte	0
 1112 014a 00       		.byte	0
 1113              		.section	.debug_aranges,"",%progbits
 1114 0000 34000000 		.4byte	0x34
 1115 0004 0200     		.2byte	0x2
 1116 0006 00000000 		.4byte	.Ldebug_info0
 1117 000a 04       		.byte	0x4
 1118 000b 00       		.byte	0
 1119 000c 0000     		.2byte	0
 1120 000e 0000     		.2byte	0
 1121 0010 00000000 		.4byte	.LFB110
 1122 0014 36000000 		.4byte	.LFE110-.LFB110
 1123 0018 00000000 		.4byte	.LFB111
 1124 001c 88000000 		.4byte	.LFE111-.LFB111
 1125 0020 00000000 		.4byte	.LFB112
 1126 0024 6C000000 		.4byte	.LFE112-.LFB112
 1127 0028 00000000 		.4byte	.LFB113
 1128 002c 74000000 		.4byte	.LFE113-.LFB113
 1129 0030 00000000 		.4byte	0
 1130 0034 00000000 		.4byte	0
 1131              		.section	.debug_ranges,"",%progbits
 1132              	.Ldebug_ranges0:
 1133 0000 00000000 		.4byte	.LFB110
 1134 0004 36000000 		.4byte	.LFE110
 1135 0008 00000000 		.4byte	.LFB111
ARM GAS  C:\Users\schmi\AppData\Local\Temp\cchrVDKk.s 			page 22


 1136 000c 88000000 		.4byte	.LFE111
 1137 0010 00000000 		.4byte	.LFB112
 1138 0014 6C000000 		.4byte	.LFE112
 1139 0018 00000000 		.4byte	.LFB113
 1140 001c 74000000 		.4byte	.LFE113
 1141 0020 00000000 		.4byte	0
 1142 0024 00000000 		.4byte	0
 1143              		.section	.debug_line,"",%progbits
 1144              	.Ldebug_line0:
 1145 0000 93020000 		.section	.debug_str,"MS",%progbits,1
 1145      02002002 
 1145      00000201 
 1145      FB0E0D00 
 1145      01010101 
 1146              	.LASF59:
 1147 0000 72656164 		.ascii	"readFromRingbuffer\000"
 1147      46726F6D 
 1147      52696E67 
 1147      62756666 
 1147      657200
 1148              	.LASF27:
 1149 0013 52435F45 		.ascii	"RC_ERROR_READ_ONLY\000"
 1149      52524F52 
 1149      5F524541 
 1149      445F4F4E 
 1149      4C5900
 1150              	.LASF13:
 1151 0026 52435F53 		.ascii	"RC_SUCCESS\000"
 1151      55434345 
 1151      535300
 1152              	.LASF61:
 1153 0031 496E6465 		.ascii	"IndexOfLastDelimiter\000"
 1153      784F664C 
 1153      61737444 
 1153      656C696D 
 1153      69746572 
 1154              	.LASF28:
 1155 0046 52435F45 		.ascii	"RC_ERROR_WRITE_ONLY\000"
 1155      52524F52 
 1155      5F575249 
 1155      54455F4F 
 1155      4E4C5900 
 1156              	.LASF41:
 1157 005a 72625F72 		.ascii	"rb_readIndex\000"
 1157      65616449 
 1157      6E646578 
 1157      00
 1158              	.LASF2:
 1159 0067 73686F72 		.ascii	"short int\000"
 1159      7420696E 
 1159      7400
 1160              	.LASF19:
 1161 0071 52435F45 		.ascii	"RC_ERROR_OVERRUN\000"
 1161      52524F52 
 1161      5F4F5645 
 1161      5252554E 
 1161      00
ARM GAS  C:\Users\schmi\AppData\Local\Temp\cchrVDKk.s 			page 23


 1162              	.LASF31:
 1163 0082 52435F45 		.ascii	"RC_ERROR_WRITE_FAILS\000"
 1163      52524F52 
 1163      5F575249 
 1163      54455F46 
 1163      41494C53 
 1164              	.LASF45:
 1165 0097 73697A65 		.ascii	"sizetype\000"
 1165      74797065 
 1165      00
 1166              	.LASF44:
 1167 00a0 72625F73 		.ascii	"rb_size\000"
 1167      697A6500 
 1168              	.LASF56:
 1169 00a8 72696E67 		.ascii	"ringbufferInit\000"
 1169      62756666 
 1169      6572496E 
 1169      697400
 1170              	.LASF71:
 1171 00b7 474E5520 		.ascii	"GNU C11 5.4.1 20160609 (release) [ARM/embedded-5-br"
 1171      43313120 
 1171      352E342E 
 1171      31203230 
 1171      31363036 
 1172 00ea 616E6368 		.ascii	"anch revision 237715] -mcpu=cortex-m3 -mthumb -g -O"
 1172      20726576 
 1172      6973696F 
 1172      6E203233 
 1172      37373135 
 1173 011d 30202D66 		.ascii	"0 -ffunction-sections -ffat-lto-objects\000"
 1173      66756E63 
 1173      74696F6E 
 1173      2D736563 
 1173      74696F6E 
 1174              	.LASF16:
 1175 0145 52435F45 		.ascii	"RC_ERROR_ZERO\000"
 1175      52524F52 
 1175      5F5A4552 
 1175      4F00
 1176              	.LASF54:
 1177 0153 45455F46 		.ascii	"EE_FREG\000"
 1177      52454700 
 1178              	.LASF30:
 1179 015b 52435F45 		.ascii	"RC_ERROR_READ_FAILS\000"
 1179      52524F52 
 1179      5F524541 
 1179      445F4641 
 1179      494C5300 
 1180              	.LASF52:
 1181 016f 45455F55 		.ascii	"EE_UINT32\000"
 1181      494E5433 
 1181      3200
 1182              	.LASF55:
 1183 0179 45455F54 		.ascii	"EE_TID\000"
 1183      494400
 1184              	.LASF62:
 1185 0180 6C617374 		.ascii	"lastDelimiter\000"
ARM GAS  C:\Users\schmi\AppData\Local\Temp\cchrVDKk.s 			page 24


 1185      44656C69 
 1185      6D697465 
 1185      7200
 1186              	.LASF3:
 1187 018e 75696E74 		.ascii	"uint8_t\000"
 1187      385F7400 
 1188              	.LASF36:
 1189 0196 52435F45 		.ascii	"RC_ERROR_INVALID_STATE\000"
 1189      52524F52 
 1189      5F494E56 
 1189      414C4944 
 1189      5F535441 
 1190              	.LASF69:
 1191 01ad 45455F49 		.ascii	"EE_IRQ_nesting_level\000"
 1191      52515F6E 
 1191      65737469 
 1191      6E675F6C 
 1191      6576656C 
 1192              	.LASF60:
 1193 01c2 62756666 		.ascii	"buffer_data\000"
 1193      65725F64 
 1193      61746100 
 1194              	.LASF68:
 1195 01ce 45455F73 		.ascii	"EE_std_endcycle_next_tid\000"
 1195      74645F65 
 1195      6E646379 
 1195      636C655F 
 1195      6E657874 
 1196              	.LASF18:
 1197 01e7 52435F45 		.ascii	"RC_ERROR_RANGE\000"
 1197      52524F52 
 1197      5F52414E 
 1197      474500
 1198              	.LASF8:
 1199 01f6 666C6F61 		.ascii	"float\000"
 1199      7400
 1200              	.LASF38:
 1201 01fc 52435F45 		.ascii	"RC_ERROR_NOT_IMPLEMENTED\000"
 1201      52524F52 
 1201      5F4E4F54 
 1201      5F494D50 
 1201      4C454D45 
 1202              	.LASF10:
 1203 0215 6C6F6E67 		.ascii	"long long int\000"
 1203      206C6F6E 
 1203      6720696E 
 1203      7400
 1204              	.LASF40:
 1205 0223 72625F62 		.ascii	"rb_buffer\000"
 1205      75666665 
 1205      7200
 1206              	.LASF66:
 1207 022d 45455F6F 		.ascii	"EE_oo_IRQ_suspend_status\000"
 1207      6F5F4952 
 1207      515F7375 
 1207      7370656E 
 1207      645F7374 
ARM GAS  C:\Users\schmi\AppData\Local\Temp\cchrVDKk.s 			page 25


 1208              	.LASF32:
 1209 0246 52435F45 		.ascii	"RC_ERROR_NOT_MATCH\000"
 1209      52524F52 
 1209      5F4E4F54 
 1209      5F4D4154 
 1209      434800
 1210              	.LASF37:
 1211 0259 52435F45 		.ascii	"RC_ERROR_UNKNOWN\000"
 1211      52524F52 
 1211      5F554E4B 
 1211      4E4F574E 
 1211      00
 1212              	.LASF63:
 1213 026a 6C617374 		.ascii	"lastDelIndex\000"
 1213      44656C49 
 1213      6E646578 
 1213      00
 1214              	.LASF6:
 1215 0277 6C6F6E67 		.ascii	"long int\000"
 1215      20696E74 
 1215      00
 1216              	.LASF20:
 1217 0280 52435F45 		.ascii	"RC_ERROR_UNDERRUN\000"
 1217      52524F52 
 1217      5F554E44 
 1217      45525255 
 1217      4E00
 1218              	.LASF23:
 1219 0292 52435F45 		.ascii	"RC_ERROR_BUSY\000"
 1219      52524F52 
 1219      5F425553 
 1219      5900
 1220              	.LASF29:
 1221 02a0 52435F45 		.ascii	"RC_ERROR_INVALID\000"
 1221      52524F52 
 1221      5F494E56 
 1221      414C4944 
 1221      00
 1222              	.LASF42:
 1223 02b1 72625F77 		.ascii	"rb_writeIndex\000"
 1223      72697465 
 1223      496E6465 
 1223      7800
 1224              	.LASF34:
 1225 02bf 52435F45 		.ascii	"RC_ERROR_BAD_DATA\000"
 1225      52524F52 
 1225      5F424144 
 1225      5F444154 
 1225      4100
 1226              	.LASF57:
 1227 02d1 77726974 		.ascii	"writeToRingbuffer\000"
 1227      65546F52 
 1227      696E6762 
 1227      75666665 
 1227      7200
 1228              	.LASF72:
 1229 02e3 6D795269 		.ascii	"myRingbuffer.c\000"
ARM GAS  C:\Users\schmi\AppData\Local\Temp\cchrVDKk.s 			page 26


 1229      6E676275 
 1229      66666572 
 1229      2E6300
 1230              	.LASF50:
 1231 02f2 6C6F6E67 		.ascii	"long double\000"
 1231      20646F75 
 1231      626C6500 
 1232              	.LASF1:
 1233 02fe 756E7369 		.ascii	"unsigned char\000"
 1233      676E6564 
 1233      20636861 
 1233      7200
 1234              	.LASF46:
 1235 030c 72625F52 		.ascii	"rb_Ringbuffer_t\000"
 1235      696E6762 
 1235      75666665 
 1235      725F7400 
 1236              	.LASF0:
 1237 031c 7369676E 		.ascii	"signed char\000"
 1237      65642063 
 1237      68617200 
 1238              	.LASF11:
 1239 0328 6C6F6E67 		.ascii	"long long unsigned int\000"
 1239      206C6F6E 
 1239      6720756E 
 1239      7369676E 
 1239      65642069 
 1240              	.LASF43:
 1241 033f 72625F66 		.ascii	"rb_fillLevel\000"
 1241      696C6C4C 
 1241      6576656C 
 1241      00
 1242              	.LASF48:
 1243 034c 756E7369 		.ascii	"unsigned int\000"
 1243      676E6564 
 1243      20696E74 
 1243      00
 1244              	.LASF25:
 1245 0359 52435F45 		.ascii	"RC_ERROR_OPEN\000"
 1245      52524F52 
 1245      5F4F5045 
 1245      4E00
 1246              	.LASF4:
 1247 0367 75696E74 		.ascii	"uint16_t\000"
 1247      31365F74 
 1247      00
 1248              	.LASF15:
 1249 0370 52435F45 		.ascii	"RC_ERROR_NULL\000"
 1249      52524F52 
 1249      5F4E554C 
 1249      4C00
 1250              	.LASF22:
 1251 037e 52435F45 		.ascii	"RC_ERROR_BUFFER_EMTPY\000"
 1251      52524F52 
 1251      5F425546 
 1251      4645525F 
 1251      454D5450 
ARM GAS  C:\Users\schmi\AppData\Local\Temp\cchrVDKk.s 			page 27


 1252              	.LASF51:
 1253 0394 45455F49 		.ascii	"EE_INT32\000"
 1253      4E543332 
 1253      00
 1254              	.LASF5:
 1255 039d 73686F72 		.ascii	"short unsigned int\000"
 1255      7420756E 
 1255      7369676E 
 1255      65642069 
 1255      6E7400
 1256              	.LASF12:
 1257 03b0 63686172 		.ascii	"char\000"
 1257      00
 1258              	.LASF73:
 1259 03b5 433A5C55 		.ascii	"C:\\Users\\schmi\\OneDrive\\Dokumente\\PSoC Creator"
 1259      73657273 
 1259      5C736368 
 1259      6D695C4F 
 1259      6E654472 
 1260 03e3 5C4A736F 		.ascii	"\\JsonParserLAB3\\holidayProject\\setUpEnv.cydsn\000"
 1260      6E506172 
 1260      7365724C 
 1260      4142335C 
 1260      686F6C69 
 1261              	.LASF21:
 1262 0411 52435F45 		.ascii	"RC_ERROR_BUFFER_FULL\000"
 1262      52524F52 
 1262      5F425546 
 1262      4645525F 
 1262      46554C4C 
 1263              	.LASF49:
 1264 0426 696E7433 		.ascii	"int32_t\000"
 1264      325F7400 
 1265              	.LASF33:
 1266 042e 52435F45 		.ascii	"RC_ERROR_BAD_PARAM\000"
 1266      52524F52 
 1266      5F424144 
 1266      5F504152 
 1266      414D00
 1267              	.LASF58:
 1268 0441 62797465 		.ascii	"byteToWrite\000"
 1268      546F5772 
 1268      69746500 
 1269              	.LASF67:
 1270 044d 45455F41 		.ascii	"EE_ApplicationMode\000"
 1270      70706C69 
 1270      63617469 
 1270      6F6E4D6F 
 1270      646500
 1271              	.LASF7:
 1272 0460 6C6F6E67 		.ascii	"long unsigned int\000"
 1272      20756E73 
 1272      69676E65 
 1272      6420696E 
 1272      7400
 1273              	.LASF9:
 1274 0472 646F7562 		.ascii	"double\000"
ARM GAS  C:\Users\schmi\AppData\Local\Temp\cchrVDKk.s 			page 28


 1274      6C6500
 1275              	.LASF26:
 1276 0479 52435F45 		.ascii	"RC_ERROR_CHECKSUM\000"
 1276      52524F52 
 1276      5F434845 
 1276      434B5355 
 1276      4D00
 1277              	.LASF53:
 1278 048b 45455F55 		.ascii	"EE_UREG\000"
 1278      52454700 
 1279              	.LASF47:
 1280 0493 5F5F696E 		.ascii	"__int32_t\000"
 1280      7433325F 
 1280      7400
 1281              	.LASF35:
 1282 049d 52435F45 		.ascii	"RC_ERROR_CANCELED\000"
 1282      52524F52 
 1282      5F43414E 
 1282      43454C45 
 1282      4400
 1283              	.LASF70:
 1284 04af 49544D5F 		.ascii	"ITM_RxBuffer\000"
 1284      52784275 
 1284      66666572 
 1284      00
 1285              	.LASF14:
 1286 04bc 52435F45 		.ascii	"RC_ERROR\000"
 1286      52524F52 
 1286      00
 1287              	.LASF17:
 1288 04c5 52435F45 		.ascii	"RC_ERROR_MEMORY\000"
 1288      52524F52 
 1288      5F4D454D 
 1288      4F525900 
 1289              	.LASF65:
 1290 04d5 45455F6F 		.ascii	"EE_oo_IRQ_disable_count\000"
 1290      6F5F4952 
 1290      515F6469 
 1290      7361626C 
 1290      655F636F 
 1291              	.LASF64:
 1292 04ed 72625F64 		.ascii	"rb_delimiter\000"
 1292      656C696D 
 1292      69746572 
 1292      00
 1293              	.LASF39:
 1294 04fa 52435F74 		.ascii	"RC_t\000"
 1294      00
 1295              	.LASF24:
 1296 04ff 52435F45 		.ascii	"RC_ERROR_TIME_OUT\000"
 1296      52524F52 
 1296      5F54494D 
 1296      455F4F55 
 1296      5400
 1297              		.ident	"GCC: (GNU Tools for ARM Embedded Processors) 5.4.1 20160609 (release) [ARM/embedded-5-bran
