ARM GAS  C:\Users\schmi\AppData\Local\Temp\ccCETGRg.s 			page 1


   1              		.syntax unified
   2              		.cpu cortex-m3
   3              		.fpu softvfp
   4              		.eabi_attribute 20, 1
   5              		.eabi_attribute 21, 1
   6              		.eabi_attribute 23, 3
   7              		.eabi_attribute 24, 1
   8              		.eabi_attribute 25, 1
   9              		.eabi_attribute 26, 1
  10              		.eabi_attribute 30, 6
  11              		.eabi_attribute 34, 1
  12              		.eabi_attribute 18, 4
  13              		.thumb
  14              		.syntax unified
  15              		.file	"ringbuffer.c"
  16              		.text
  17              	.Ltext0:
  18              		.cfi_sections	.debug_frame
  19              		.comm	hey,104,4
  20              		.section	.text.ringbufferInit,"ax",%progbits
  21              		.align	2
  22              		.global	ringbufferInit
  23              		.thumb
  24              		.thumb_func
  25              		.type	ringbufferInit, %function
  26              	ringbufferInit:
  27              	.LFB0:
  28              		.file 1 "source\\bsw\\json\\ringbuffer.c"
   1:source\bsw\json/ringbuffer.c **** #include "ringbuffer.h"
   2:source\bsw\json/ringbuffer.c **** 
   3:source\bsw\json/ringbuffer.c **** RC_t ringbufferInit(){
  29              		.loc 1 3 0
  30              		.cfi_startproc
  31              		@ args = 0, pretend = 0, frame = 0
  32              		@ frame_needed = 1, uses_anonymous_args = 0
  33              		@ link register save eliminated.
  34 0000 80B4     		push	{r7}
  35              		.cfi_def_cfa_offset 4
  36              		.cfi_offset 7, -4
  37 0002 00AF     		add	r7, sp, #0
  38              		.cfi_def_cfa_register 7
   4:source\bsw\json/ringbuffer.c ****     hey.rb_readIndex = 0;
  39              		.loc 1 4 0
  40 0004 064B     		ldr	r3, .L3
  41 0006 0022     		movs	r2, #0
  42 0008 A3F86420 		strh	r2, [r3, #100]	@ movhi
   5:source\bsw\json/ringbuffer.c ****     hey.rb_writeIndex = 0;
  43              		.loc 1 5 0
  44 000c 044B     		ldr	r3, .L3
  45 000e 0022     		movs	r2, #0
  46 0010 A3F86620 		strh	r2, [r3, #102]	@ movhi
   6:source\bsw\json/ringbuffer.c ****     return RC_SUCCESS;   
  47              		.loc 1 6 0
  48 0014 0023     		movs	r3, #0
   7:source\bsw\json/ringbuffer.c **** }
  49              		.loc 1 7 0
  50 0016 1846     		mov	r0, r3
ARM GAS  C:\Users\schmi\AppData\Local\Temp\ccCETGRg.s 			page 2


  51 0018 BD46     		mov	sp, r7
  52              		.cfi_def_cfa_register 13
  53              		@ sp needed
  54 001a 80BC     		pop	{r7}
  55              		.cfi_restore 7
  56              		.cfi_def_cfa_offset 0
  57 001c 7047     		bx	lr
  58              	.L4:
  59 001e 00BF     		.align	2
  60              	.L3:
  61 0020 00000000 		.word	hey
  62              		.cfi_endproc
  63              	.LFE0:
  64              		.size	ringbufferInit, .-ringbufferInit
  65              		.section	.text.writeToRingbuffer,"ax",%progbits
  66              		.align	2
  67              		.global	writeToRingbuffer
  68              		.thumb
  69              		.thumb_func
  70              		.type	writeToRingbuffer, %function
  71              	writeToRingbuffer:
  72              	.LFB1:
   8:source\bsw\json/ringbuffer.c **** RC_t writeToRingbuffer(rb_Ringbuffer_t* const me, uint8_t byteToWrite){
  73              		.loc 1 8 0
  74              		.cfi_startproc
  75              		@ args = 0, pretend = 0, frame = 8
  76              		@ frame_needed = 1, uses_anonymous_args = 0
  77              		@ link register save eliminated.
  78 0000 80B4     		push	{r7}
  79              		.cfi_def_cfa_offset 4
  80              		.cfi_offset 7, -4
  81 0002 83B0     		sub	sp, sp, #12
  82              		.cfi_def_cfa_offset 16
  83 0004 00AF     		add	r7, sp, #0
  84              		.cfi_def_cfa_register 7
  85 0006 7860     		str	r0, [r7, #4]
  86 0008 0B46     		mov	r3, r1
  87 000a FB70     		strb	r3, [r7, #3]
   9:source\bsw\json/ringbuffer.c ****     me->rb_buffer[(me->rb_writeIndex++)%BUFFER_SIZE] = byteToWrite;
  88              		.loc 1 9 0
  89 000c 7B68     		ldr	r3, [r7, #4]
  90 000e B3F86630 		ldrh	r3, [r3, #102]
  91 0012 5A1C     		adds	r2, r3, #1
  92 0014 91B2     		uxth	r1, r2
  93 0016 7A68     		ldr	r2, [r7, #4]
  94 0018 A2F86610 		strh	r1, [r2, #102]	@ movhi
  95 001c 094A     		ldr	r2, .L7
  96 001e A2FB0312 		umull	r1, r2, r2, r3
  97 0022 5209     		lsrs	r2, r2, #5
  98 0024 6421     		movs	r1, #100
  99 0026 01FB02F2 		mul	r2, r1, r2
 100 002a 9B1A     		subs	r3, r3, r2
 101 002c 9BB2     		uxth	r3, r3
 102 002e 1946     		mov	r1, r3
 103 0030 7B68     		ldr	r3, [r7, #4]
 104 0032 FA78     		ldrb	r2, [r7, #3]
 105 0034 5A54     		strb	r2, [r3, r1]
ARM GAS  C:\Users\schmi\AppData\Local\Temp\ccCETGRg.s 			page 3


  10:source\bsw\json/ringbuffer.c ****     return RC_SUCCESS;
 106              		.loc 1 10 0
 107 0036 0023     		movs	r3, #0
  11:source\bsw\json/ringbuffer.c **** }
 108              		.loc 1 11 0
 109 0038 1846     		mov	r0, r3
 110 003a 0C37     		adds	r7, r7, #12
 111              		.cfi_def_cfa_offset 4
 112 003c BD46     		mov	sp, r7
 113              		.cfi_def_cfa_register 13
 114              		@ sp needed
 115 003e 80BC     		pop	{r7}
 116              		.cfi_restore 7
 117              		.cfi_def_cfa_offset 0
 118 0040 7047     		bx	lr
 119              	.L8:
 120 0042 00BF     		.align	2
 121              	.L7:
 122 0044 1F85EB51 		.word	1374389535
 123              		.cfi_endproc
 124              	.LFE1:
 125              		.size	writeToRingbuffer, .-writeToRingbuffer
 126              		.section	.text.readFromRingbuffer,"ax",%progbits
 127              		.align	2
 128              		.global	readFromRingbuffer
 129              		.thumb
 130              		.thumb_func
 131              		.type	readFromRingbuffer, %function
 132              	readFromRingbuffer:
 133              	.LFB2:
  12:source\bsw\json/ringbuffer.c **** 
  13:source\bsw\json/ringbuffer.c **** uint8_t readFromRingbuffer(rb_Ringbuffer_t * const me){
 134              		.loc 1 13 0
 135              		.cfi_startproc
 136              		@ args = 0, pretend = 0, frame = 8
 137              		@ frame_needed = 1, uses_anonymous_args = 0
 138              		@ link register save eliminated.
 139 0000 80B4     		push	{r7}
 140              		.cfi_def_cfa_offset 4
 141              		.cfi_offset 7, -4
 142 0002 83B0     		sub	sp, sp, #12
 143              		.cfi_def_cfa_offset 16
 144 0004 00AF     		add	r7, sp, #0
 145              		.cfi_def_cfa_register 7
 146 0006 7860     		str	r0, [r7, #4]
  14:source\bsw\json/ringbuffer.c ****     return me->rb_buffer[(me->rb_readIndex++)%BUFFER_SIZE];
 147              		.loc 1 14 0
 148 0008 7B68     		ldr	r3, [r7, #4]
 149 000a B3F86430 		ldrh	r3, [r3, #100]
 150 000e 5A1C     		adds	r2, r3, #1
 151 0010 91B2     		uxth	r1, r2
 152 0012 7A68     		ldr	r2, [r7, #4]
 153 0014 A2F86410 		strh	r1, [r2, #100]	@ movhi
 154 0018 084A     		ldr	r2, .L11
 155 001a A2FB0312 		umull	r1, r2, r2, r3
 156 001e 5209     		lsrs	r2, r2, #5
 157 0020 6421     		movs	r1, #100
ARM GAS  C:\Users\schmi\AppData\Local\Temp\ccCETGRg.s 			page 4


 158 0022 01FB02F2 		mul	r2, r1, r2
 159 0026 9B1A     		subs	r3, r3, r2
 160 0028 9BB2     		uxth	r3, r3
 161 002a 1A46     		mov	r2, r3
 162 002c 7B68     		ldr	r3, [r7, #4]
 163 002e 9B5C     		ldrb	r3, [r3, r2]	@ zero_extendqisi2
  15:source\bsw\json/ringbuffer.c **** }
 164              		.loc 1 15 0
 165 0030 1846     		mov	r0, r3
 166 0032 0C37     		adds	r7, r7, #12
 167              		.cfi_def_cfa_offset 4
 168 0034 BD46     		mov	sp, r7
 169              		.cfi_def_cfa_register 13
 170              		@ sp needed
 171 0036 80BC     		pop	{r7}
 172              		.cfi_restore 7
 173              		.cfi_def_cfa_offset 0
 174 0038 7047     		bx	lr
 175              	.L12:
 176 003a 00BF     		.align	2
 177              	.L11:
 178 003c 1F85EB51 		.word	1374389535
 179              		.cfi_endproc
 180              	.LFE2:
 181              		.size	readFromRingbuffer, .-readFromRingbuffer
 182              		.text
 183              	.Letext0:
 184              		.file 2 ".\\source\\bsw/global.h"
 185              		.file 3 "source\\bsw\\json\\ringbuffer.h"
 186              		.section	.debug_info,"",%progbits
 187              	.Ldebug_info0:
 188 0000 19020000 		.4byte	0x219
 189 0004 0400     		.2byte	0x4
 190 0006 00000000 		.4byte	.Ldebug_abbrev0
 191 000a 04       		.byte	0x4
 192 000b 01       		.uleb128 0x1
 193 000c 40000000 		.4byte	.LASF48
 194 0010 0C       		.byte	0xc
 195 0011 39010000 		.4byte	.LASF49
 196 0015 FC010000 		.4byte	.LASF50
 197 0019 00000000 		.4byte	.Ldebug_ranges0+0
 198 001d 00000000 		.4byte	0
 199 0021 00000000 		.4byte	.Ldebug_line0
 200 0025 02       		.uleb128 0x2
 201 0026 01       		.byte	0x1
 202 0027 06       		.byte	0x6
 203 0028 BF030000 		.4byte	.LASF0
 204 002c 03       		.uleb128 0x3
 205 002d E7020000 		.4byte	.LASF3
 206 0031 02       		.byte	0x2
 207 0032 91       		.byte	0x91
 208 0033 37000000 		.4byte	0x37
 209 0037 02       		.uleb128 0x2
 210 0038 01       		.byte	0x1
 211 0039 08       		.byte	0x8
 212 003a 5C010000 		.4byte	.LASF1
 213 003e 02       		.uleb128 0x2
ARM GAS  C:\Users\schmi\AppData\Local\Temp\ccCETGRg.s 			page 5


 214 003f 02       		.byte	0x2
 215 0040 05       		.byte	0x5
 216 0041 41030000 		.4byte	.LASF2
 217 0045 03       		.uleb128 0x3
 218 0046 71030000 		.4byte	.LASF4
 219 004a 02       		.byte	0x2
 220 004b 93       		.byte	0x93
 221 004c 50000000 		.4byte	0x50
 222 0050 02       		.uleb128 0x2
 223 0051 02       		.byte	0x2
 224 0052 07       		.byte	0x7
 225 0053 95010000 		.4byte	.LASF5
 226 0057 02       		.uleb128 0x2
 227 0058 04       		.byte	0x4
 228 0059 05       		.byte	0x5
 229 005a A3030000 		.4byte	.LASF6
 230 005e 02       		.uleb128 0x2
 231 005f 04       		.byte	0x4
 232 0060 07       		.byte	0x7
 233 0061 83010000 		.4byte	.LASF7
 234 0065 02       		.uleb128 0x2
 235 0066 04       		.byte	0x4
 236 0067 04       		.byte	0x4
 237 0068 56010000 		.4byte	.LASF8
 238 006c 02       		.uleb128 0x2
 239 006d 08       		.byte	0x8
 240 006e 04       		.byte	0x4
 241 006f 23010000 		.4byte	.LASF9
 242 0073 02       		.uleb128 0x2
 243 0074 08       		.byte	0x8
 244 0075 05       		.byte	0x5
 245 0076 17030000 		.4byte	.LASF10
 246 007a 02       		.uleb128 0x2
 247 007b 08       		.byte	0x8
 248 007c 07       		.byte	0x7
 249 007d D0020000 		.4byte	.LASF11
 250 0081 02       		.uleb128 0x2
 251 0082 01       		.byte	0x1
 252 0083 08       		.byte	0x8
 253 0084 25030000 		.4byte	.LASF12
 254 0088 04       		.uleb128 0x4
 255 0089 01       		.byte	0x1
 256 008a 25000000 		.4byte	0x25
 257 008e 02       		.byte	0x2
 258 008f CF       		.byte	0xcf
 259 0090 31010000 		.4byte	0x131
 260 0094 05       		.uleb128 0x5
 261 0095 6A010000 		.4byte	.LASF13
 262 0099 00       		.byte	0
 263 009a 06       		.uleb128 0x6
 264 009b 37000000 		.4byte	.LASF14
 265 009f 7F       		.sleb128 -1
 266 00a0 06       		.uleb128 0x6
 267 00a1 09010000 		.4byte	.LASF15
 268 00a5 7E       		.sleb128 -2
 269 00a6 06       		.uleb128 0x6
 270 00a7 75010000 		.4byte	.LASF16
ARM GAS  C:\Users\schmi\AppData\Local\Temp\ccCETGRg.s 			page 6


 271 00ab 7D       		.sleb128 -3
 272 00ac 06       		.uleb128 0x6
 273 00ad 73020000 		.4byte	.LASF17
 274 00b1 7C       		.sleb128 -4
 275 00b2 06       		.uleb128 0x6
 276 00b3 EA030000 		.4byte	.LASF18
 277 00b7 7B       		.sleb128 -5
 278 00b8 06       		.uleb128 0x6
 279 00b9 62020000 		.4byte	.LASF19
 280 00bd 7A       		.sleb128 -6
 281 00be 06       		.uleb128 0x6
 282 00bf CE000000 		.4byte	.LASF20
 283 00c3 79       		.sleb128 -7
 284 00c4 06       		.uleb128 0x6
 285 00c5 00000000 		.4byte	.LASF21
 286 00c9 78       		.sleb128 -8
 287 00ca 06       		.uleb128 0x6
 288 00cb 7A030000 		.4byte	.LASF22
 289 00cf 77       		.sleb128 -9
 290 00d0 06       		.uleb128 0x6
 291 00d1 A8010000 		.4byte	.LASF23
 292 00d5 76       		.sleb128 -10
 293 00d6 06       		.uleb128 0x6
 294 00d7 4B030000 		.4byte	.LASF24
 295 00db 75       		.sleb128 -11
 296 00dc 06       		.uleb128 0x6
 297 00dd DC030000 		.4byte	.LASF25
 298 00e1 74       		.sleb128 -12
 299 00e2 06       		.uleb128 0x6
 300 00e3 EF020000 		.4byte	.LASF26
 301 00e7 73       		.sleb128 -13
 302 00e8 06       		.uleb128 0x6
 303 00e9 AC030000 		.4byte	.LASF27
 304 00ed 72       		.sleb128 -14
 305 00ee 06       		.uleb128 0x6
 306 00ef 5D030000 		.4byte	.LASF28
 307 00f3 71       		.sleb128 -15
 308 00f4 06       		.uleb128 0x6
 309 00f5 CB030000 		.4byte	.LASF29
 310 00f9 70       		.sleb128 -16
 311 00fa 06       		.uleb128 0x6
 312 00fb 23000000 		.4byte	.LASF30
 313 00ff 6F       		.sleb128 -17
 314 0100 06       		.uleb128 0x6
 315 0101 C8010000 		.4byte	.LASF31
 316 0105 6E       		.sleb128 -18
 317 0106 06       		.uleb128 0x6
 318 0107 DD010000 		.4byte	.LASF32
 319 010b 6D       		.sleb128 -19
 320 010c 06       		.uleb128 0x6
 321 010d F1000000 		.4byte	.LASF33
 322 0111 6C       		.sleb128 -20
 323 0112 06       		.uleb128 0x6
 324 0113 B6010000 		.4byte	.LASF34
 325 0117 6B       		.sleb128 -21
 326 0118 06       		.uleb128 0x6
 327 0119 A5020000 		.4byte	.LASF35
ARM GAS  C:\Users\schmi\AppData\Local\Temp\ccCETGRg.s 			page 7


 328 011d 6A       		.sleb128 -22
 329 011e 06       		.uleb128 0x6
 330 011f 2A030000 		.4byte	.LASF36
 331 0123 69       		.sleb128 -23
 332 0124 06       		.uleb128 0x6
 333 0125 E0000000 		.4byte	.LASF37
 334 0129 68       		.sleb128 -24
 335 012a 06       		.uleb128 0x6
 336 012b B7020000 		.4byte	.LASF38
 337 012f 67       		.sleb128 -25
 338 0130 00       		.byte	0
 339 0131 03       		.uleb128 0x3
 340 0132 04010000 		.4byte	.LASF39
 341 0136 02       		.byte	0x2
 342 0137 EA       		.byte	0xea
 343 0138 88000000 		.4byte	0x88
 344 013c 07       		.uleb128 0x7
 345 013d 17010000 		.4byte	.LASF51
 346 0141 68       		.byte	0x68
 347 0142 03       		.byte	0x3
 348 0143 12       		.byte	0x12
 349 0144 6D010000 		.4byte	0x16d
 350 0148 08       		.uleb128 0x8
 351 0149 58020000 		.4byte	.LASF40
 352 014d 03       		.byte	0x3
 353 014e 13       		.byte	0x13
 354 014f 6D010000 		.4byte	0x16d
 355 0153 00       		.byte	0
 356 0154 08       		.uleb128 0x8
 357 0155 01030000 		.4byte	.LASF41
 358 0159 03       		.byte	0x3
 359 015a 14       		.byte	0x14
 360 015b 45000000 		.4byte	0x45
 361 015f 64       		.byte	0x64
 362 0160 08       		.uleb128 0x8
 363 0161 15000000 		.4byte	.LASF42
 364 0165 03       		.byte	0x3
 365 0166 15       		.byte	0x15
 366 0167 45000000 		.4byte	0x45
 367 016b 66       		.byte	0x66
 368 016c 00       		.byte	0
 369 016d 09       		.uleb128 0x9
 370 016e 2C000000 		.4byte	0x2c
 371 0172 7D010000 		.4byte	0x17d
 372 0176 0A       		.uleb128 0xa
 373 0177 7D010000 		.4byte	0x17d
 374 017b 63       		.byte	0x63
 375 017c 00       		.byte	0
 376 017d 02       		.uleb128 0x2
 377 017e 04       		.byte	0x4
 378 017f 07       		.byte	0x7
 379 0180 0E030000 		.4byte	.LASF43
 380 0184 03       		.uleb128 0x3
 381 0185 83020000 		.4byte	.LASF44
 382 0189 03       		.byte	0x3
 383 018a 17       		.byte	0x17
 384 018b 3C010000 		.4byte	0x13c
ARM GAS  C:\Users\schmi\AppData\Local\Temp\ccCETGRg.s 			page 8


 385 018f 0B       		.uleb128 0xb
 386 0190 2A010000 		.4byte	.LASF52
 387 0194 01       		.byte	0x1
 388 0195 03       		.byte	0x3
 389 0196 31010000 		.4byte	0x131
 390 019a 00000000 		.4byte	.LFB0
 391 019e 24000000 		.4byte	.LFE0-.LFB0
 392 01a2 01       		.uleb128 0x1
 393 01a3 9C       		.byte	0x9c
 394 01a4 0C       		.uleb128 0xc
 395 01a5 93020000 		.4byte	.LASF46
 396 01a9 01       		.byte	0x1
 397 01aa 08       		.byte	0x8
 398 01ab 31010000 		.4byte	0x131
 399 01af 00000000 		.4byte	.LFB1
 400 01b3 48000000 		.4byte	.LFE1-.LFB1
 401 01b7 01       		.uleb128 0x1
 402 01b8 9C       		.byte	0x9c
 403 01b9 D9010000 		.4byte	0x1d9
 404 01bd 0D       		.uleb128 0xd
 405 01be 6D6500   		.ascii	"me\000"
 406 01c1 01       		.byte	0x1
 407 01c2 08       		.byte	0x8
 408 01c3 DF010000 		.4byte	0x1df
 409 01c7 02       		.uleb128 0x2
 410 01c8 91       		.byte	0x91
 411 01c9 74       		.sleb128 -12
 412 01ca 0E       		.uleb128 0xe
 413 01cb F0010000 		.4byte	.LASF45
 414 01cf 01       		.byte	0x1
 415 01d0 08       		.byte	0x8
 416 01d1 2C000000 		.4byte	0x2c
 417 01d5 02       		.uleb128 0x2
 418 01d6 91       		.byte	0x91
 419 01d7 73       		.sleb128 -13
 420 01d8 00       		.byte	0
 421 01d9 0F       		.uleb128 0xf
 422 01da 04       		.byte	0x4
 423 01db 84010000 		.4byte	0x184
 424 01df 10       		.uleb128 0x10
 425 01e0 D9010000 		.4byte	0x1d9
 426 01e4 0C       		.uleb128 0xc
 427 01e5 90030000 		.4byte	.LASF47
 428 01e9 01       		.byte	0x1
 429 01ea 0D       		.byte	0xd
 430 01eb 2C000000 		.4byte	0x2c
 431 01ef 00000000 		.4byte	.LFB2
 432 01f3 40000000 		.4byte	.LFE2-.LFB2
 433 01f7 01       		.uleb128 0x1
 434 01f8 9C       		.byte	0x9c
 435 01f9 0B020000 		.4byte	0x20b
 436 01fd 0D       		.uleb128 0xd
 437 01fe 6D6500   		.ascii	"me\000"
 438 0201 01       		.byte	0x1
 439 0202 0D       		.byte	0xd
 440 0203 DF010000 		.4byte	0x1df
 441 0207 02       		.uleb128 0x2
ARM GAS  C:\Users\schmi\AppData\Local\Temp\ccCETGRg.s 			page 9


 442 0208 91       		.byte	0x91
 443 0209 74       		.sleb128 -12
 444 020a 00       		.byte	0
 445 020b 11       		.uleb128 0x11
 446 020c 68657900 		.ascii	"hey\000"
 447 0210 03       		.byte	0x3
 448 0211 19       		.byte	0x19
 449 0212 84010000 		.4byte	0x184
 450 0216 05       		.uleb128 0x5
 451 0217 03       		.byte	0x3
 452 0218 00000000 		.4byte	hey
 453 021c 00       		.byte	0
 454              		.section	.debug_abbrev,"",%progbits
 455              	.Ldebug_abbrev0:
 456 0000 01       		.uleb128 0x1
 457 0001 11       		.uleb128 0x11
 458 0002 01       		.byte	0x1
 459 0003 25       		.uleb128 0x25
 460 0004 0E       		.uleb128 0xe
 461 0005 13       		.uleb128 0x13
 462 0006 0B       		.uleb128 0xb
 463 0007 03       		.uleb128 0x3
 464 0008 0E       		.uleb128 0xe
 465 0009 1B       		.uleb128 0x1b
 466 000a 0E       		.uleb128 0xe
 467 000b 55       		.uleb128 0x55
 468 000c 17       		.uleb128 0x17
 469 000d 11       		.uleb128 0x11
 470 000e 01       		.uleb128 0x1
 471 000f 10       		.uleb128 0x10
 472 0010 17       		.uleb128 0x17
 473 0011 00       		.byte	0
 474 0012 00       		.byte	0
 475 0013 02       		.uleb128 0x2
 476 0014 24       		.uleb128 0x24
 477 0015 00       		.byte	0
 478 0016 0B       		.uleb128 0xb
 479 0017 0B       		.uleb128 0xb
 480 0018 3E       		.uleb128 0x3e
 481 0019 0B       		.uleb128 0xb
 482 001a 03       		.uleb128 0x3
 483 001b 0E       		.uleb128 0xe
 484 001c 00       		.byte	0
 485 001d 00       		.byte	0
 486 001e 03       		.uleb128 0x3
 487 001f 16       		.uleb128 0x16
 488 0020 00       		.byte	0
 489 0021 03       		.uleb128 0x3
 490 0022 0E       		.uleb128 0xe
 491 0023 3A       		.uleb128 0x3a
 492 0024 0B       		.uleb128 0xb
 493 0025 3B       		.uleb128 0x3b
 494 0026 0B       		.uleb128 0xb
 495 0027 49       		.uleb128 0x49
 496 0028 13       		.uleb128 0x13
 497 0029 00       		.byte	0
 498 002a 00       		.byte	0
ARM GAS  C:\Users\schmi\AppData\Local\Temp\ccCETGRg.s 			page 10


 499 002b 04       		.uleb128 0x4
 500 002c 04       		.uleb128 0x4
 501 002d 01       		.byte	0x1
 502 002e 0B       		.uleb128 0xb
 503 002f 0B       		.uleb128 0xb
 504 0030 49       		.uleb128 0x49
 505 0031 13       		.uleb128 0x13
 506 0032 3A       		.uleb128 0x3a
 507 0033 0B       		.uleb128 0xb
 508 0034 3B       		.uleb128 0x3b
 509 0035 0B       		.uleb128 0xb
 510 0036 01       		.uleb128 0x1
 511 0037 13       		.uleb128 0x13
 512 0038 00       		.byte	0
 513 0039 00       		.byte	0
 514 003a 05       		.uleb128 0x5
 515 003b 28       		.uleb128 0x28
 516 003c 00       		.byte	0
 517 003d 03       		.uleb128 0x3
 518 003e 0E       		.uleb128 0xe
 519 003f 1C       		.uleb128 0x1c
 520 0040 0B       		.uleb128 0xb
 521 0041 00       		.byte	0
 522 0042 00       		.byte	0
 523 0043 06       		.uleb128 0x6
 524 0044 28       		.uleb128 0x28
 525 0045 00       		.byte	0
 526 0046 03       		.uleb128 0x3
 527 0047 0E       		.uleb128 0xe
 528 0048 1C       		.uleb128 0x1c
 529 0049 0D       		.uleb128 0xd
 530 004a 00       		.byte	0
 531 004b 00       		.byte	0
 532 004c 07       		.uleb128 0x7
 533 004d 13       		.uleb128 0x13
 534 004e 01       		.byte	0x1
 535 004f 03       		.uleb128 0x3
 536 0050 0E       		.uleb128 0xe
 537 0051 0B       		.uleb128 0xb
 538 0052 0B       		.uleb128 0xb
 539 0053 3A       		.uleb128 0x3a
 540 0054 0B       		.uleb128 0xb
 541 0055 3B       		.uleb128 0x3b
 542 0056 0B       		.uleb128 0xb
 543 0057 01       		.uleb128 0x1
 544 0058 13       		.uleb128 0x13
 545 0059 00       		.byte	0
 546 005a 00       		.byte	0
 547 005b 08       		.uleb128 0x8
 548 005c 0D       		.uleb128 0xd
 549 005d 00       		.byte	0
 550 005e 03       		.uleb128 0x3
 551 005f 0E       		.uleb128 0xe
 552 0060 3A       		.uleb128 0x3a
 553 0061 0B       		.uleb128 0xb
 554 0062 3B       		.uleb128 0x3b
 555 0063 0B       		.uleb128 0xb
ARM GAS  C:\Users\schmi\AppData\Local\Temp\ccCETGRg.s 			page 11


 556 0064 49       		.uleb128 0x49
 557 0065 13       		.uleb128 0x13
 558 0066 38       		.uleb128 0x38
 559 0067 0B       		.uleb128 0xb
 560 0068 00       		.byte	0
 561 0069 00       		.byte	0
 562 006a 09       		.uleb128 0x9
 563 006b 01       		.uleb128 0x1
 564 006c 01       		.byte	0x1
 565 006d 49       		.uleb128 0x49
 566 006e 13       		.uleb128 0x13
 567 006f 01       		.uleb128 0x1
 568 0070 13       		.uleb128 0x13
 569 0071 00       		.byte	0
 570 0072 00       		.byte	0
 571 0073 0A       		.uleb128 0xa
 572 0074 21       		.uleb128 0x21
 573 0075 00       		.byte	0
 574 0076 49       		.uleb128 0x49
 575 0077 13       		.uleb128 0x13
 576 0078 2F       		.uleb128 0x2f
 577 0079 0B       		.uleb128 0xb
 578 007a 00       		.byte	0
 579 007b 00       		.byte	0
 580 007c 0B       		.uleb128 0xb
 581 007d 2E       		.uleb128 0x2e
 582 007e 00       		.byte	0
 583 007f 3F       		.uleb128 0x3f
 584 0080 19       		.uleb128 0x19
 585 0081 03       		.uleb128 0x3
 586 0082 0E       		.uleb128 0xe
 587 0083 3A       		.uleb128 0x3a
 588 0084 0B       		.uleb128 0xb
 589 0085 3B       		.uleb128 0x3b
 590 0086 0B       		.uleb128 0xb
 591 0087 49       		.uleb128 0x49
 592 0088 13       		.uleb128 0x13
 593 0089 11       		.uleb128 0x11
 594 008a 01       		.uleb128 0x1
 595 008b 12       		.uleb128 0x12
 596 008c 06       		.uleb128 0x6
 597 008d 40       		.uleb128 0x40
 598 008e 18       		.uleb128 0x18
 599 008f 9742     		.uleb128 0x2117
 600 0091 19       		.uleb128 0x19
 601 0092 00       		.byte	0
 602 0093 00       		.byte	0
 603 0094 0C       		.uleb128 0xc
 604 0095 2E       		.uleb128 0x2e
 605 0096 01       		.byte	0x1
 606 0097 3F       		.uleb128 0x3f
 607 0098 19       		.uleb128 0x19
 608 0099 03       		.uleb128 0x3
 609 009a 0E       		.uleb128 0xe
 610 009b 3A       		.uleb128 0x3a
 611 009c 0B       		.uleb128 0xb
 612 009d 3B       		.uleb128 0x3b
ARM GAS  C:\Users\schmi\AppData\Local\Temp\ccCETGRg.s 			page 12


 613 009e 0B       		.uleb128 0xb
 614 009f 27       		.uleb128 0x27
 615 00a0 19       		.uleb128 0x19
 616 00a1 49       		.uleb128 0x49
 617 00a2 13       		.uleb128 0x13
 618 00a3 11       		.uleb128 0x11
 619 00a4 01       		.uleb128 0x1
 620 00a5 12       		.uleb128 0x12
 621 00a6 06       		.uleb128 0x6
 622 00a7 40       		.uleb128 0x40
 623 00a8 18       		.uleb128 0x18
 624 00a9 9742     		.uleb128 0x2117
 625 00ab 19       		.uleb128 0x19
 626 00ac 01       		.uleb128 0x1
 627 00ad 13       		.uleb128 0x13
 628 00ae 00       		.byte	0
 629 00af 00       		.byte	0
 630 00b0 0D       		.uleb128 0xd
 631 00b1 05       		.uleb128 0x5
 632 00b2 00       		.byte	0
 633 00b3 03       		.uleb128 0x3
 634 00b4 08       		.uleb128 0x8
 635 00b5 3A       		.uleb128 0x3a
 636 00b6 0B       		.uleb128 0xb
 637 00b7 3B       		.uleb128 0x3b
 638 00b8 0B       		.uleb128 0xb
 639 00b9 49       		.uleb128 0x49
 640 00ba 13       		.uleb128 0x13
 641 00bb 02       		.uleb128 0x2
 642 00bc 18       		.uleb128 0x18
 643 00bd 00       		.byte	0
 644 00be 00       		.byte	0
 645 00bf 0E       		.uleb128 0xe
 646 00c0 05       		.uleb128 0x5
 647 00c1 00       		.byte	0
 648 00c2 03       		.uleb128 0x3
 649 00c3 0E       		.uleb128 0xe
 650 00c4 3A       		.uleb128 0x3a
 651 00c5 0B       		.uleb128 0xb
 652 00c6 3B       		.uleb128 0x3b
 653 00c7 0B       		.uleb128 0xb
 654 00c8 49       		.uleb128 0x49
 655 00c9 13       		.uleb128 0x13
 656 00ca 02       		.uleb128 0x2
 657 00cb 18       		.uleb128 0x18
 658 00cc 00       		.byte	0
 659 00cd 00       		.byte	0
 660 00ce 0F       		.uleb128 0xf
 661 00cf 0F       		.uleb128 0xf
 662 00d0 00       		.byte	0
 663 00d1 0B       		.uleb128 0xb
 664 00d2 0B       		.uleb128 0xb
 665 00d3 49       		.uleb128 0x49
 666 00d4 13       		.uleb128 0x13
 667 00d5 00       		.byte	0
 668 00d6 00       		.byte	0
 669 00d7 10       		.uleb128 0x10
ARM GAS  C:\Users\schmi\AppData\Local\Temp\ccCETGRg.s 			page 13


 670 00d8 26       		.uleb128 0x26
 671 00d9 00       		.byte	0
 672 00da 49       		.uleb128 0x49
 673 00db 13       		.uleb128 0x13
 674 00dc 00       		.byte	0
 675 00dd 00       		.byte	0
 676 00de 11       		.uleb128 0x11
 677 00df 34       		.uleb128 0x34
 678 00e0 00       		.byte	0
 679 00e1 03       		.uleb128 0x3
 680 00e2 08       		.uleb128 0x8
 681 00e3 3A       		.uleb128 0x3a
 682 00e4 0B       		.uleb128 0xb
 683 00e5 3B       		.uleb128 0x3b
 684 00e6 0B       		.uleb128 0xb
 685 00e7 49       		.uleb128 0x49
 686 00e8 13       		.uleb128 0x13
 687 00e9 3F       		.uleb128 0x3f
 688 00ea 19       		.uleb128 0x19
 689 00eb 02       		.uleb128 0x2
 690 00ec 18       		.uleb128 0x18
 691 00ed 00       		.byte	0
 692 00ee 00       		.byte	0
 693 00ef 00       		.byte	0
 694              		.section	.debug_aranges,"",%progbits
 695 0000 2C000000 		.4byte	0x2c
 696 0004 0200     		.2byte	0x2
 697 0006 00000000 		.4byte	.Ldebug_info0
 698 000a 04       		.byte	0x4
 699 000b 00       		.byte	0
 700 000c 0000     		.2byte	0
 701 000e 0000     		.2byte	0
 702 0010 00000000 		.4byte	.LFB0
 703 0014 24000000 		.4byte	.LFE0-.LFB0
 704 0018 00000000 		.4byte	.LFB1
 705 001c 48000000 		.4byte	.LFE1-.LFB1
 706 0020 00000000 		.4byte	.LFB2
 707 0024 40000000 		.4byte	.LFE2-.LFB2
 708 0028 00000000 		.4byte	0
 709 002c 00000000 		.4byte	0
 710              		.section	.debug_ranges,"",%progbits
 711              	.Ldebug_ranges0:
 712 0000 00000000 		.4byte	.LFB0
 713 0004 24000000 		.4byte	.LFE0
 714 0008 00000000 		.4byte	.LFB1
 715 000c 48000000 		.4byte	.LFE1
 716 0010 00000000 		.4byte	.LFB2
 717 0014 40000000 		.4byte	.LFE2
 718 0018 00000000 		.4byte	0
 719 001c 00000000 		.4byte	0
 720              		.section	.debug_line,"",%progbits
 721              	.Ldebug_line0:
 722 0000 96000000 		.section	.debug_str,"MS",%progbits,1
 722      02005C00 
 722      00000201 
 722      FB0E0D00 
 722      01010101 
ARM GAS  C:\Users\schmi\AppData\Local\Temp\ccCETGRg.s 			page 14


 723              	.LASF21:
 724 0000 52435F45 		.ascii	"RC_ERROR_BUFFER_FULL\000"
 724      52524F52 
 724      5F425546 
 724      4645525F 
 724      46554C4C 
 725              	.LASF42:
 726 0015 72625F77 		.ascii	"rb_writeIndex\000"
 726      72697465 
 726      496E6465 
 726      7800
 727              	.LASF30:
 728 0023 52435F45 		.ascii	"RC_ERROR_READ_FAILS\000"
 728      52524F52 
 728      5F524541 
 728      445F4641 
 728      494C5300 
 729              	.LASF14:
 730 0037 52435F45 		.ascii	"RC_ERROR\000"
 730      52524F52 
 730      00
 731              	.LASF48:
 732 0040 474E5520 		.ascii	"GNU C11 5.4.1 20160609 (release) [ARM/embedded-5-br"
 732      43313120 
 732      352E342E 
 732      31203230 
 732      31363036 
 733 0073 616E6368 		.ascii	"anch revision 237715] -mcpu=cortex-m3 -mthumb -g -O"
 733      20726576 
 733      6973696F 
 733      6E203233 
 733      37373135 
 734 00a6 30202D66 		.ascii	"0 -ffunction-sections -ffat-lto-objects\000"
 734      66756E63 
 734      74696F6E 
 734      2D736563 
 734      74696F6E 
 735              	.LASF20:
 736 00ce 52435F45 		.ascii	"RC_ERROR_UNDERRUN\000"
 736      52524F52 
 736      5F554E44 
 736      45525255 
 736      4E00
 737              	.LASF37:
 738 00e0 52435F45 		.ascii	"RC_ERROR_UNKNOWN\000"
 738      52524F52 
 738      5F554E4B 
 738      4E4F574E 
 738      00
 739              	.LASF33:
 740 00f1 52435F45 		.ascii	"RC_ERROR_BAD_PARAM\000"
 740      52524F52 
 740      5F424144 
 740      5F504152 
 740      414D00
 741              	.LASF39:
 742 0104 52435F74 		.ascii	"RC_t\000"
ARM GAS  C:\Users\schmi\AppData\Local\Temp\ccCETGRg.s 			page 15


 742      00
 743              	.LASF15:
 744 0109 52435F45 		.ascii	"RC_ERROR_NULL\000"
 744      52524F52 
 744      5F4E554C 
 744      4C00
 745              	.LASF51:
 746 0117 7352696E 		.ascii	"sRingbuffer\000"
 746      67627566 
 746      66657200 
 747              	.LASF9:
 748 0123 646F7562 		.ascii	"double\000"
 748      6C6500
 749              	.LASF52:
 750 012a 72696E67 		.ascii	"ringbufferInit\000"
 750      62756666 
 750      6572496E 
 750      697400
 751              	.LASF49:
 752 0139 736F7572 		.ascii	"source\\bsw\\json\\ringbuffer.c\000"
 752      63655C62 
 752      73775C6A 
 752      736F6E5C 
 752      72696E67 
 753              	.LASF8:
 754 0156 666C6F61 		.ascii	"float\000"
 754      7400
 755              	.LASF1:
 756 015c 756E7369 		.ascii	"unsigned char\000"
 756      676E6564 
 756      20636861 
 756      7200
 757              	.LASF13:
 758 016a 52435F53 		.ascii	"RC_SUCCESS\000"
 758      55434345 
 758      535300
 759              	.LASF16:
 760 0175 52435F45 		.ascii	"RC_ERROR_ZERO\000"
 760      52524F52 
 760      5F5A4552 
 760      4F00
 761              	.LASF7:
 762 0183 6C6F6E67 		.ascii	"long unsigned int\000"
 762      20756E73 
 762      69676E65 
 762      6420696E 
 762      7400
 763              	.LASF5:
 764 0195 73686F72 		.ascii	"short unsigned int\000"
 764      7420756E 
 764      7369676E 
 764      65642069 
 764      6E7400
 765              	.LASF23:
 766 01a8 52435F45 		.ascii	"RC_ERROR_BUSY\000"
 766      52524F52 
 766      5F425553 
ARM GAS  C:\Users\schmi\AppData\Local\Temp\ccCETGRg.s 			page 16


 766      5900
 767              	.LASF34:
 768 01b6 52435F45 		.ascii	"RC_ERROR_BAD_DATA\000"
 768      52524F52 
 768      5F424144 
 768      5F444154 
 768      4100
 769              	.LASF31:
 770 01c8 52435F45 		.ascii	"RC_ERROR_WRITE_FAILS\000"
 770      52524F52 
 770      5F575249 
 770      54455F46 
 770      41494C53 
 771              	.LASF32:
 772 01dd 52435F45 		.ascii	"RC_ERROR_NOT_MATCH\000"
 772      52524F52 
 772      5F4E4F54 
 772      5F4D4154 
 772      434800
 773              	.LASF45:
 774 01f0 62797465 		.ascii	"byteToWrite\000"
 774      546F5772 
 774      69746500 
 775              	.LASF50:
 776 01fc 433A5C55 		.ascii	"C:\\Users\\schmi\\OneDrive\\Dokumente\\PSoC Creator"
 776      73657273 
 776      5C736368 
 776      6D695C4F 
 776      6E654472 
 777 022a 5C4A736F 		.ascii	"\\JsonParserLAB3\\holidayProject\\setUpEnv.cydsn\000"
 777      6E506172 
 777      7365724C 
 777      4142335C 
 777      686F6C69 
 778              	.LASF40:
 779 0258 72625F62 		.ascii	"rb_buffer\000"
 779      75666665 
 779      7200
 780              	.LASF19:
 781 0262 52435F45 		.ascii	"RC_ERROR_OVERRUN\000"
 781      52524F52 
 781      5F4F5645 
 781      5252554E 
 781      00
 782              	.LASF17:
 783 0273 52435F45 		.ascii	"RC_ERROR_MEMORY\000"
 783      52524F52 
 783      5F4D454D 
 783      4F525900 
 784              	.LASF44:
 785 0283 72625F52 		.ascii	"rb_Ringbuffer_t\000"
 785      696E6762 
 785      75666665 
 785      725F7400 
 786              	.LASF46:
 787 0293 77726974 		.ascii	"writeToRingbuffer\000"
 787      65546F52 
ARM GAS  C:\Users\schmi\AppData\Local\Temp\ccCETGRg.s 			page 17


 787      696E6762 
 787      75666665 
 787      7200
 788              	.LASF35:
 789 02a5 52435F45 		.ascii	"RC_ERROR_CANCELED\000"
 789      52524F52 
 789      5F43414E 
 789      43454C45 
 789      4400
 790              	.LASF38:
 791 02b7 52435F45 		.ascii	"RC_ERROR_NOT_IMPLEMENTED\000"
 791      52524F52 
 791      5F4E4F54 
 791      5F494D50 
 791      4C454D45 
 792              	.LASF11:
 793 02d0 6C6F6E67 		.ascii	"long long unsigned int\000"
 793      206C6F6E 
 793      6720756E 
 793      7369676E 
 793      65642069 
 794              	.LASF3:
 795 02e7 75696E74 		.ascii	"uint8_t\000"
 795      385F7400 
 796              	.LASF26:
 797 02ef 52435F45 		.ascii	"RC_ERROR_CHECKSUM\000"
 797      52524F52 
 797      5F434845 
 797      434B5355 
 797      4D00
 798              	.LASF41:
 799 0301 72625F72 		.ascii	"rb_readIndex\000"
 799      65616449 
 799      6E646578 
 799      00
 800              	.LASF43:
 801 030e 73697A65 		.ascii	"sizetype\000"
 801      74797065 
 801      00
 802              	.LASF10:
 803 0317 6C6F6E67 		.ascii	"long long int\000"
 803      206C6F6E 
 803      6720696E 
 803      7400
 804              	.LASF12:
 805 0325 63686172 		.ascii	"char\000"
 805      00
 806              	.LASF36:
 807 032a 52435F45 		.ascii	"RC_ERROR_INVALID_STATE\000"
 807      52524F52 
 807      5F494E56 
 807      414C4944 
 807      5F535441 
 808              	.LASF2:
 809 0341 73686F72 		.ascii	"short int\000"
 809      7420696E 
 809      7400
ARM GAS  C:\Users\schmi\AppData\Local\Temp\ccCETGRg.s 			page 18


 810              	.LASF24:
 811 034b 52435F45 		.ascii	"RC_ERROR_TIME_OUT\000"
 811      52524F52 
 811      5F54494D 
 811      455F4F55 
 811      5400
 812              	.LASF28:
 813 035d 52435F45 		.ascii	"RC_ERROR_WRITE_ONLY\000"
 813      52524F52 
 813      5F575249 
 813      54455F4F 
 813      4E4C5900 
 814              	.LASF4:
 815 0371 75696E74 		.ascii	"uint16_t\000"
 815      31365F74 
 815      00
 816              	.LASF22:
 817 037a 52435F45 		.ascii	"RC_ERROR_BUFFER_EMTPY\000"
 817      52524F52 
 817      5F425546 
 817      4645525F 
 817      454D5450 
 818              	.LASF47:
 819 0390 72656164 		.ascii	"readFromRingbuffer\000"
 819      46726F6D 
 819      52696E67 
 819      62756666 
 819      657200
 820              	.LASF6:
 821 03a3 6C6F6E67 		.ascii	"long int\000"
 821      20696E74 
 821      00
 822              	.LASF27:
 823 03ac 52435F45 		.ascii	"RC_ERROR_READ_ONLY\000"
 823      52524F52 
 823      5F524541 
 823      445F4F4E 
 823      4C5900
 824              	.LASF0:
 825 03bf 7369676E 		.ascii	"signed char\000"
 825      65642063 
 825      68617200 
 826              	.LASF29:
 827 03cb 52435F45 		.ascii	"RC_ERROR_INVALID\000"
 827      52524F52 
 827      5F494E56 
 827      414C4944 
 827      00
 828              	.LASF25:
 829 03dc 52435F45 		.ascii	"RC_ERROR_OPEN\000"
 829      52524F52 
 829      5F4F5045 
 829      4E00
 830              	.LASF18:
 831 03ea 52435F45 		.ascii	"RC_ERROR_RANGE\000"
 831      52524F52 
 831      5F52414E 
ARM GAS  C:\Users\schmi\AppData\Local\Temp\ccCETGRg.s 			page 19


 831      474500
 832              		.ident	"GCC: (GNU Tools for ARM Embedded Processors) 5.4.1 20160609 (release) [ARM/embedded-5-bran
