ARM GAS  C:\Users\schmi\AppData\Local\Temp\ccWsfia6.s 			page 1


   1              		.syntax unified
   2              		.cpu cortex-m3
   3              		.fpu softvfp
   4              		.eabi_attribute 20, 1
   5              		.eabi_attribute 21, 1
   6              		.eabi_attribute 23, 3
   7              		.eabi_attribute 24, 1
   8              		.eabi_attribute 25, 1
   9              		.eabi_attribute 26, 1
  10              		.eabi_attribute 30, 6
  11              		.eabi_attribute 34, 1
  12              		.eabi_attribute 18, 4
  13              		.thumb
  14              		.syntax unified
  15              		.file	"seven.c"
  16              		.text
  17              	.Ltext0:
  18              		.cfi_sections	.debug_frame
  19              		.section	.rodata
  20              		.align	2
  21              		.type	SEVEN__BitPattern, %object
  22              		.size	SEVEN__BitPattern, 17
  23              	SEVEN__BitPattern:
  24 0000 FC       		.byte	-4
  25 0001 60       		.byte	96
  26 0002 DA       		.byte	-38
  27 0003 F2       		.byte	-14
  28 0004 66       		.byte	102
  29 0005 B6       		.byte	-74
  30 0006 BE       		.byte	-66
  31 0007 E0       		.byte	-32
  32 0008 FE       		.byte	-2
  33 0009 F6       		.byte	-10
  34 000a EE       		.byte	-18
  35 000b 3E       		.byte	62
  36 000c 9C       		.byte	-100
  37 000d 7A       		.byte	122
  38 000e 9E       		.byte	-98
  39 000f 8E       		.byte	-114
  40 0010 01       		.byte	1
  41              		.data
  42              		.align	2
  43              		.type	SEVEN__latch_value, %object
  44              		.size	SEVEN__latch_value, 2
  45              	SEVEN__latch_value:
  46 0000 FF       		.byte	-1
  47 0001 FF       		.byte	-1
  48              		.bss
  49              		.align	2
  50              	SEVEN__latch_pattern:
  51 0000 0000     		.space	2
  52              		.section	.text.SEVEN_Init,"ax",%progbits
  53              		.align	2
  54              		.global	SEVEN_Init
  55              		.thumb
  56              		.thumb_func
  57              		.type	SEVEN_Init, %function
ARM GAS  C:\Users\schmi\AppData\Local\Temp\ccWsfia6.s 			page 2


  58              	SEVEN_Init:
  59              	.LFB110:
  60              		.file 1 "source\\bsw\\labboard\\seven.c"
   1:source\bsw\labboard/seven.c **** /**
   2:source\bsw\labboard/seven.c **** * \file seven.c
   3:source\bsw\labboard/seven.c **** * \author P. Fromm
   4:source\bsw\labboard/seven.c **** * \date 28.8.17
   5:source\bsw\labboard/seven.c **** *
   6:source\bsw\labboard/seven.c **** * \brief Driver for 7 segment displays
   7:source\bsw\labboard/seven.c **** *
   8:source\bsw\labboard/seven.c **** * \copyright Copyright ©2016
   9:source\bsw\labboard/seven.c **** * Department of electrical engineering and information technology, Hochschule Darmstadt - Universit
  10:source\bsw\labboard/seven.c **** * Permission to use, copy, modify, and distribute this software and its documentation for education
  11:source\bsw\labboard/seven.c **** * (unless permitted by h_da) and official h_da projects, is hereby granted for enrolled students of
  12:source\bsw\labboard/seven.c **** * this paragraph and the following paragraph appear in all copies, modifications, and distributions
  13:source\bsw\labboard/seven.c **** * Contact Prof.Dr.-Ing. Peter Fromm, peter.fromm@h-da.de, Birkenweg 8 64295 Darmstadt - GERMANY for
  14:source\bsw\labboard/seven.c **** *
  15:source\bsw\labboard/seven.c **** * \warning This software is a PROTOTYPE version and is not designed or intended for use in producti
  16:source\bsw\labboard/seven.c **** * The user represents and warrants that it will NOT use or redistribute the Software for such purpo
  17:source\bsw\labboard/seven.c **** * This prototype is for research purposes only. This software is provided "AS IS," without a warran
  18:source\bsw\labboard/seven.c **** */
  19:source\bsw\labboard/seven.c **** 
  20:source\bsw\labboard/seven.c **** /*****************************************************************************/
  21:source\bsw\labboard/seven.c **** /* Include files                                                             */
  22:source\bsw\labboard/seven.c **** /*****************************************************************************/
  23:source\bsw\labboard/seven.c **** #include "project.h"
  24:source\bsw\labboard/seven.c **** #include "seven.h"
  25:source\bsw\labboard/seven.c **** 
  26:source\bsw\labboard/seven.c **** 
  27:source\bsw\labboard/seven.c **** 
  28:source\bsw\labboard/seven.c **** 
  29:source\bsw\labboard/seven.c **** /*****************************************************************************/
  30:source\bsw\labboard/seven.c **** /* Local pre-processor symbols/macros ('#define')                            */
  31:source\bsw\labboard/seven.c **** /*****************************************************************************/
  32:source\bsw\labboard/seven.c **** 
  33:source\bsw\labboard/seven.c **** #define SEVEN__A  0b10000000
  34:source\bsw\labboard/seven.c **** #define SEVEN__B  0b01000000
  35:source\bsw\labboard/seven.c **** #define SEVEN__C  0b00100000
  36:source\bsw\labboard/seven.c **** #define SEVEN__D  0b00010000
  37:source\bsw\labboard/seven.c **** #define SEVEN__E  0b00001000
  38:source\bsw\labboard/seven.c **** #define SEVEN__F  0b00000100
  39:source\bsw\labboard/seven.c **** #define SEVEN__G  0b00000010
  40:source\bsw\labboard/seven.c **** #define SEVEN__DP 0b00000001
  41:source\bsw\labboard/seven.c **** 
  42:source\bsw\labboard/seven.c **** 
  43:source\bsw\labboard/seven.c **** /*****************************************************************************/
  44:source\bsw\labboard/seven.c **** /* Global variable definitions (declared in header file with 'extern')       */
  45:source\bsw\labboard/seven.c **** /*****************************************************************************/
  46:source\bsw\labboard/seven.c **** 
  47:source\bsw\labboard/seven.c **** /*****************************************************************************/
  48:source\bsw\labboard/seven.c **** /* Local type definitions ('typedef')                                        */
  49:source\bsw\labboard/seven.c **** /*****************************************************************************/
  50:source\bsw\labboard/seven.c **** 
  51:source\bsw\labboard/seven.c **** /*****************************************************************************/
  52:source\bsw\labboard/seven.c **** /* Local variable definitions ('static')                                     */
  53:source\bsw\labboard/seven.c **** /*****************************************************************************/
  54:source\bsw\labboard/seven.c **** 
ARM GAS  C:\Users\schmi\AppData\Local\Temp\ccWsfia6.s 			page 3


  55:source\bsw\labboard/seven.c **** //    ABCDEFG
  56:source\bsw\labboard/seven.c **** const static uint8_t SEVEN__BitPattern[] = 
  57:source\bsw\labboard/seven.c **** {
  58:source\bsw\labboard/seven.c ****     0b11111100,     //0
  59:source\bsw\labboard/seven.c ****     0b01100000,     //1
  60:source\bsw\labboard/seven.c ****     0b11011010,     //2
  61:source\bsw\labboard/seven.c ****     0b11110010,     //3
  62:source\bsw\labboard/seven.c ****     0b01100110,     //4
  63:source\bsw\labboard/seven.c ****     0b10110110,     //5
  64:source\bsw\labboard/seven.c ****     0b10111110,     //6
  65:source\bsw\labboard/seven.c ****     0b11100000,     //7
  66:source\bsw\labboard/seven.c ****     0b11111110,     //8
  67:source\bsw\labboard/seven.c ****     0b11110110,     //9
  68:source\bsw\labboard/seven.c ****     0b11101110,     //a
  69:source\bsw\labboard/seven.c ****     0b00111110,     //b
  70:source\bsw\labboard/seven.c ****     0b10011100,     //c
  71:source\bsw\labboard/seven.c ****     0b01111010,     //d
  72:source\bsw\labboard/seven.c ****     0b10011110,     //e
  73:source\bsw\labboard/seven.c ****     0b10001110,     //f
  74:source\bsw\labboard/seven.c ****     0b00000001      //decimal point
  75:source\bsw\labboard/seven.c **** };
  76:source\bsw\labboard/seven.c ****     
  77:source\bsw\labboard/seven.c **** //We need to store the last latch value per display
  78:source\bsw\labboard/seven.c **** //-1 means empty
  79:source\bsw\labboard/seven.c **** static sint8_t SEVEN__latch_value[2] = {-1,-1};
  80:source\bsw\labboard/seven.c **** static uint8_t SEVEN__latch_pattern[2] = {0,0};
  81:source\bsw\labboard/seven.c **** 
  82:source\bsw\labboard/seven.c **** /*****************************************************************************/
  83:source\bsw\labboard/seven.c **** /* Local function prototypes ('static')                                      */
  84:source\bsw\labboard/seven.c **** /*****************************************************************************/
  85:source\bsw\labboard/seven.c **** 
  86:source\bsw\labboard/seven.c **** 
  87:source\bsw\labboard/seven.c **** /*****************************************************************************/
  88:source\bsw\labboard/seven.c **** /* Function implementation - global ('extern') and local ('static')          */
  89:source\bsw\labboard/seven.c **** /*****************************************************************************/
  90:source\bsw\labboard/seven.c **** 
  91:source\bsw\labboard/seven.c **** 
  92:source\bsw\labboard/seven.c **** 
  93:source\bsw\labboard/seven.c **** /**
  94:source\bsw\labboard/seven.c ****  * Initilasation of the seven segment display
  95:source\bsw\labboard/seven.c ****  * @return RC_SUCCESS if function was executed correctly, other value in case of error
  96:source\bsw\labboard/seven.c ****  */
  97:source\bsw\labboard/seven.c **** RC_t SEVEN_Init()
  98:source\bsw\labboard/seven.c **** {
  61              		.loc 1 98 0
  62              		.cfi_startproc
  63              		@ args = 0, pretend = 0, frame = 0
  64              		@ frame_needed = 1, uses_anonymous_args = 0
  65 0000 80B5     		push	{r7, lr}
  66              		.cfi_def_cfa_offset 8
  67              		.cfi_offset 7, -8
  68              		.cfi_offset 14, -4
  69 0002 00AF     		add	r7, sp, #0
  70              		.cfi_def_cfa_register 7
  99:source\bsw\labboard/seven.c ****     
 100:source\bsw\labboard/seven.c ****     SEVEN_Clear(SEVEN_0);
  71              		.loc 1 100 0
ARM GAS  C:\Users\schmi\AppData\Local\Temp\ccWsfia6.s 			page 4


  72 0004 0020     		movs	r0, #0
  73 0006 FFF7FEFF 		bl	SEVEN_Clear
 101:source\bsw\labboard/seven.c ****     SEVEN_Clear(SEVEN_1);
  74              		.loc 1 101 0
  75 000a 0120     		movs	r0, #1
  76 000c FFF7FEFF 		bl	SEVEN_Clear
 102:source\bsw\labboard/seven.c ****     
 103:source\bsw\labboard/seven.c ****     return RC_SUCCESS;
  77              		.loc 1 103 0
  78 0010 0023     		movs	r3, #0
 104:source\bsw\labboard/seven.c **** }
  79              		.loc 1 104 0
  80 0012 1846     		mov	r0, r3
  81 0014 80BD     		pop	{r7, pc}
  82              		.cfi_endproc
  83              	.LFE110:
  84              		.size	SEVEN_Init, .-SEVEN_Init
  85 0016 00BF     		.section	.text.SEVEN_Set,"ax",%progbits
  86              		.align	2
  87              		.global	SEVEN_Set
  88              		.thumb
  89              		.thumb_func
  90              		.type	SEVEN_Set, %function
  91              	SEVEN_Set:
  92              	.LFB111:
 105:source\bsw\labboard/seven.c **** 
 106:source\bsw\labboard/seven.c **** 
 107:source\bsw\labboard/seven.c **** /**
 108:source\bsw\labboard/seven.c ****  * Sets value for one display
 109:source\bsw\labboard/seven.c ****  * @param SEVEN_id_t sevenId - identifier for the segment to be set
 110:source\bsw\labboard/seven.c ****  * @param uint8_t value - value to be set, valid range 0...15
 111:source\bsw\labboard/seven.c ****  * @return RC_SUCCESS if function was executed correctly, other value in case of error
 112:source\bsw\labboard/seven.c ****  */
 113:source\bsw\labboard/seven.c **** RC_t SEVEN_Set(SEVEN_id_t sevenId, uint8_t value)
 114:source\bsw\labboard/seven.c **** {
  93              		.loc 1 114 0
  94              		.cfi_startproc
  95              		@ args = 0, pretend = 0, frame = 16
  96              		@ frame_needed = 1, uses_anonymous_args = 0
  97 0000 80B5     		push	{r7, lr}
  98              		.cfi_def_cfa_offset 8
  99              		.cfi_offset 7, -8
 100              		.cfi_offset 14, -4
 101 0002 84B0     		sub	sp, sp, #16
 102              		.cfi_def_cfa_offset 24
 103 0004 00AF     		add	r7, sp, #0
 104              		.cfi_def_cfa_register 7
 105 0006 0346     		mov	r3, r0
 106 0008 0A46     		mov	r2, r1
 107 000a FB71     		strb	r3, [r7, #7]
 108 000c 1346     		mov	r3, r2
 109 000e BB71     		strb	r3, [r7, #6]
 115:source\bsw\labboard/seven.c ****     if (value > 0x0F)
 110              		.loc 1 115 0
 111 0010 BB79     		ldrb	r3, [r7, #6]	@ zero_extendqisi2
 112 0012 0F2B     		cmp	r3, #15
 113 0014 02D9     		bls	.L4
ARM GAS  C:\Users\schmi\AppData\Local\Temp\ccWsfia6.s 			page 5


 116:source\bsw\labboard/seven.c ****     {
 117:source\bsw\labboard/seven.c ****         return RC_ERROR_BAD_PARAM;
 114              		.loc 1 117 0
 115 0016 6FF01303 		mvn	r3, #19
 116 001a 15E0     		b	.L5
 117              	.L4:
 118:source\bsw\labboard/seven.c ****     }
 119:source\bsw\labboard/seven.c ****     
 120:source\bsw\labboard/seven.c ****     //Set the selection bit for the display
 121:source\bsw\labboard/seven.c ****     SEVEN_SELECT_Write((uint8_t)sevenId);
 118              		.loc 1 121 0
 119 001c FB79     		ldrb	r3, [r7, #7]	@ zero_extendqisi2
 120 001e 1846     		mov	r0, r3
 121 0020 FFF7FEFF 		bl	SEVEN_SELECT_Write
 122:source\bsw\labboard/seven.c ****     
 123:source\bsw\labboard/seven.c ****     //Set the bitpattern
 124:source\bsw\labboard/seven.c ****     //As we do not have a single port, we have to do it bit by bit
 125:source\bsw\labboard/seven.c ****     
 126:source\bsw\labboard/seven.c ****     uint8_t pattern = SEVEN__BitPattern[value];
 122              		.loc 1 126 0
 123 0024 BB79     		ldrb	r3, [r7, #6]	@ zero_extendqisi2
 124 0026 0A4A     		ldr	r2, .L6
 125 0028 D35C     		ldrb	r3, [r2, r3]
 126 002a FB73     		strb	r3, [r7, #15]
 127:source\bsw\labboard/seven.c ****     
 128:source\bsw\labboard/seven.c ****     //Store the current pattern in the software latch (needed for the DP function)
 129:source\bsw\labboard/seven.c ****     SEVEN__latch_value[(uint8_t)sevenId] = value;
 127              		.loc 1 129 0
 128 002c FB79     		ldrb	r3, [r7, #7]	@ zero_extendqisi2
 129 002e 97F90610 		ldrsb	r1, [r7, #6]
 130 0032 084A     		ldr	r2, .L6+4
 131 0034 D154     		strb	r1, [r2, r3]
 130:source\bsw\labboard/seven.c ****     SEVEN__latch_pattern[(uint8_t)sevenId] = pattern;
 132              		.loc 1 130 0
 133 0036 FB79     		ldrb	r3, [r7, #7]	@ zero_extendqisi2
 134 0038 0749     		ldr	r1, .L6+8
 135 003a FA7B     		ldrb	r2, [r7, #15]
 136 003c CA54     		strb	r2, [r1, r3]
 131:source\bsw\labboard/seven.c ****     
 132:source\bsw\labboard/seven.c ****     SEVEN_reg_Write(pattern);
 137              		.loc 1 132 0
 138 003e FB7B     		ldrb	r3, [r7, #15]	@ zero_extendqisi2
 139 0040 1846     		mov	r0, r3
 140 0042 FFF7FEFF 		bl	SEVEN_reg_Write
 133:source\bsw\labboard/seven.c ****     return RC_SUCCESS;
 141              		.loc 1 133 0
 142 0046 0023     		movs	r3, #0
 143              	.L5:
 134:source\bsw\labboard/seven.c ****     
 135:source\bsw\labboard/seven.c **** }
 144              		.loc 1 135 0
 145 0048 1846     		mov	r0, r3
 146 004a 1037     		adds	r7, r7, #16
 147              		.cfi_def_cfa_offset 8
 148 004c BD46     		mov	sp, r7
 149              		.cfi_def_cfa_register 13
 150              		@ sp needed
ARM GAS  C:\Users\schmi\AppData\Local\Temp\ccWsfia6.s 			page 6


 151 004e 80BD     		pop	{r7, pc}
 152              	.L7:
 153              		.align	2
 154              	.L6:
 155 0050 00000000 		.word	SEVEN__BitPattern
 156 0054 00000000 		.word	SEVEN__latch_value
 157 0058 00000000 		.word	SEVEN__latch_pattern
 158              		.cfi_endproc
 159              	.LFE111:
 160              		.size	SEVEN_Set, .-SEVEN_Set
 161              		.section	.text.SEVEN_Get,"ax",%progbits
 162              		.align	2
 163              		.global	SEVEN_Get
 164              		.thumb
 165              		.thumb_func
 166              		.type	SEVEN_Get, %function
 167              	SEVEN_Get:
 168              	.LFB112:
 136:source\bsw\labboard/seven.c **** 
 137:source\bsw\labboard/seven.c **** /**
 138:source\bsw\labboard/seven.c ****  * Get value for one display
 139:source\bsw\labboard/seven.c ****  * @param SEVEN_id_t sevenId - identifier for the segment to be set
 140:source\bsw\labboard/seven.c ****  * @param uint8_t value - current value, valid range 0...15
 141:source\bsw\labboard/seven.c ****  * @return RC_SUCCESS if function was executed correctly, other value in case of error
 142:source\bsw\labboard/seven.c ****  */
 143:source\bsw\labboard/seven.c **** RC_t SEVEN_Get(SEVEN_id_t sevenId, sint8_t* value)
 144:source\bsw\labboard/seven.c **** {
 169              		.loc 1 144 0
 170              		.cfi_startproc
 171              		@ args = 0, pretend = 0, frame = 8
 172              		@ frame_needed = 1, uses_anonymous_args = 0
 173              		@ link register save eliminated.
 174 0000 80B4     		push	{r7}
 175              		.cfi_def_cfa_offset 4
 176              		.cfi_offset 7, -4
 177 0002 83B0     		sub	sp, sp, #12
 178              		.cfi_def_cfa_offset 16
 179 0004 00AF     		add	r7, sp, #0
 180              		.cfi_def_cfa_register 7
 181 0006 0346     		mov	r3, r0
 182 0008 3960     		str	r1, [r7]
 183 000a FB71     		strb	r3, [r7, #7]
 145:source\bsw\labboard/seven.c ****     *value = SEVEN__latch_value[(uint8_t)sevenId];
 184              		.loc 1 145 0
 185 000c FB79     		ldrb	r3, [r7, #7]	@ zero_extendqisi2
 186 000e 054A     		ldr	r2, .L10
 187 0010 D256     		ldrsb	r2, [r2, r3]
 188 0012 3B68     		ldr	r3, [r7]
 189 0014 1A70     		strb	r2, [r3]
 146:source\bsw\labboard/seven.c ****     return RC_SUCCESS;
 190              		.loc 1 146 0
 191 0016 0023     		movs	r3, #0
 147:source\bsw\labboard/seven.c **** }
 192              		.loc 1 147 0
 193 0018 1846     		mov	r0, r3
 194 001a 0C37     		adds	r7, r7, #12
 195              		.cfi_def_cfa_offset 4
ARM GAS  C:\Users\schmi\AppData\Local\Temp\ccWsfia6.s 			page 7


 196 001c BD46     		mov	sp, r7
 197              		.cfi_def_cfa_register 13
 198              		@ sp needed
 199 001e 80BC     		pop	{r7}
 200              		.cfi_restore 7
 201              		.cfi_def_cfa_offset 0
 202 0020 7047     		bx	lr
 203              	.L11:
 204 0022 00BF     		.align	2
 205              	.L10:
 206 0024 00000000 		.word	SEVEN__latch_value
 207              		.cfi_endproc
 208              	.LFE112:
 209              		.size	SEVEN_Get, .-SEVEN_Get
 210              		.section	.text.SEVEN_SetHex,"ax",%progbits
 211              		.align	2
 212              		.global	SEVEN_SetHex
 213              		.thumb
 214              		.thumb_func
 215              		.type	SEVEN_SetHex, %function
 216              	SEVEN_SetHex:
 217              	.LFB113:
 148:source\bsw\labboard/seven.c **** 
 149:source\bsw\labboard/seven.c **** 
 150:source\bsw\labboard/seven.c **** /**
 151:source\bsw\labboard/seven.c ****  * Sets both displays
 152:source\bsw\labboard/seven.c ****  * @param uint8_t value - value to be set, valid range 0...255
 153:source\bsw\labboard/seven.c ****  * @return RC_SUCCESS if function was executed correctly, other value in case of error
 154:source\bsw\labboard/seven.c ****  */
 155:source\bsw\labboard/seven.c **** RC_t SEVEN_SetHex(uint8_t value)
 156:source\bsw\labboard/seven.c **** {
 218              		.loc 1 156 0
 219              		.cfi_startproc
 220              		@ args = 0, pretend = 0, frame = 8
 221              		@ frame_needed = 1, uses_anonymous_args = 0
 222 0000 80B5     		push	{r7, lr}
 223              		.cfi_def_cfa_offset 8
 224              		.cfi_offset 7, -8
 225              		.cfi_offset 14, -4
 226 0002 82B0     		sub	sp, sp, #8
 227              		.cfi_def_cfa_offset 16
 228 0004 00AF     		add	r7, sp, #0
 229              		.cfi_def_cfa_register 7
 230 0006 0346     		mov	r3, r0
 231 0008 FB71     		strb	r3, [r7, #7]
 157:source\bsw\labboard/seven.c ****     SEVEN_Set(SEVEN_1, value / 16);
 232              		.loc 1 157 0
 233 000a FB79     		ldrb	r3, [r7, #7]	@ zero_extendqisi2
 234 000c 1B09     		lsrs	r3, r3, #4
 235 000e DBB2     		uxtb	r3, r3
 236 0010 1946     		mov	r1, r3
 237 0012 0120     		movs	r0, #1
 238 0014 FFF7FEFF 		bl	SEVEN_Set
 158:source\bsw\labboard/seven.c ****     SEVEN_Set(SEVEN_0, value % 16);
 239              		.loc 1 158 0
 240 0018 FB79     		ldrb	r3, [r7, #7]
 241 001a 03F00F03 		and	r3, r3, #15
ARM GAS  C:\Users\schmi\AppData\Local\Temp\ccWsfia6.s 			page 8


 242 001e DBB2     		uxtb	r3, r3
 243 0020 1946     		mov	r1, r3
 244 0022 0020     		movs	r0, #0
 245 0024 FFF7FEFF 		bl	SEVEN_Set
 159:source\bsw\labboard/seven.c ****     
 160:source\bsw\labboard/seven.c ****     return RC_SUCCESS;
 246              		.loc 1 160 0
 247 0028 0023     		movs	r3, #0
 161:source\bsw\labboard/seven.c **** }
 248              		.loc 1 161 0
 249 002a 1846     		mov	r0, r3
 250 002c 0837     		adds	r7, r7, #8
 251              		.cfi_def_cfa_offset 8
 252 002e BD46     		mov	sp, r7
 253              		.cfi_def_cfa_register 13
 254              		@ sp needed
 255 0030 80BD     		pop	{r7, pc}
 256              		.cfi_endproc
 257              	.LFE113:
 258              		.size	SEVEN_SetHex, .-SEVEN_SetHex
 259 0032 00BF     		.section	.text.SEVEN_SetDP,"ax",%progbits
 260              		.align	2
 261              		.global	SEVEN_SetDP
 262              		.thumb
 263              		.thumb_func
 264              		.type	SEVEN_SetDP, %function
 265              	SEVEN_SetDP:
 266              	.LFB114:
 162:source\bsw\labboard/seven.c **** 
 163:source\bsw\labboard/seven.c **** /**
 164:source\bsw\labboard/seven.c ****  * Sets decimal point for one display
 165:source\bsw\labboard/seven.c ****  * @param SEVEN_id_t sevenId - identifier for the segment to be set
 166:source\bsw\labboard/seven.c ****  * @param uint8_t value - value to be set, valid range 0 (OFF)...1(ON)
 167:source\bsw\labboard/seven.c ****  * @return RC_SUCCESS if function was executed correctly, other value in case of error
 168:source\bsw\labboard/seven.c ****  */
 169:source\bsw\labboard/seven.c **** RC_t SEVEN_SetDP(SEVEN_id_t sevenId, uint8_t value)
 170:source\bsw\labboard/seven.c **** {
 267              		.loc 1 170 0
 268              		.cfi_startproc
 269              		@ args = 0, pretend = 0, frame = 16
 270              		@ frame_needed = 1, uses_anonymous_args = 0
 271 0000 80B5     		push	{r7, lr}
 272              		.cfi_def_cfa_offset 8
 273              		.cfi_offset 7, -8
 274              		.cfi_offset 14, -4
 275 0002 84B0     		sub	sp, sp, #16
 276              		.cfi_def_cfa_offset 24
 277 0004 00AF     		add	r7, sp, #0
 278              		.cfi_def_cfa_register 7
 279 0006 0346     		mov	r3, r0
 280 0008 0A46     		mov	r2, r1
 281 000a FB71     		strb	r3, [r7, #7]
 282 000c 1346     		mov	r3, r2
 283 000e BB71     		strb	r3, [r7, #6]
 171:source\bsw\labboard/seven.c ****     
 172:source\bsw\labboard/seven.c ****     if (value > 1)
 284              		.loc 1 172 0
ARM GAS  C:\Users\schmi\AppData\Local\Temp\ccWsfia6.s 			page 9


 285 0010 BB79     		ldrb	r3, [r7, #6]	@ zero_extendqisi2
 286 0012 012B     		cmp	r3, #1
 287 0014 02D9     		bls	.L15
 173:source\bsw\labboard/seven.c ****     {
 174:source\bsw\labboard/seven.c ****         return RC_ERROR_BAD_PARAM;
 288              		.loc 1 174 0
 289 0016 6FF01303 		mvn	r3, #19
 290 001a 18E0     		b	.L16
 291              	.L15:
 175:source\bsw\labboard/seven.c ****     }
 176:source\bsw\labboard/seven.c ****     
 177:source\bsw\labboard/seven.c ****     //Restore the last display pattern
 178:source\bsw\labboard/seven.c ****     uint8_t pattern = 0;
 292              		.loc 1 178 0
 293 001c 0023     		movs	r3, #0
 294 001e FB73     		strb	r3, [r7, #15]
 179:source\bsw\labboard/seven.c ****     if (SEVEN__latch_value[(uint8_t)sevenId] != -1)
 295              		.loc 1 179 0
 296 0020 FB79     		ldrb	r3, [r7, #7]	@ zero_extendqisi2
 297 0022 0D4A     		ldr	r2, .L18
 298 0024 D356     		ldrsb	r3, [r2, r3]
 299 0026 B3F1FF3F 		cmp	r3, #-1
 300 002a 03D0     		beq	.L17
 180:source\bsw\labboard/seven.c ****     {
 181:source\bsw\labboard/seven.c ****         pattern = SEVEN__latch_pattern[(uint8_t)sevenId];
 301              		.loc 1 181 0
 302 002c FB79     		ldrb	r3, [r7, #7]	@ zero_extendqisi2
 303 002e 0B4A     		ldr	r2, .L18+4
 304 0030 D35C     		ldrb	r3, [r2, r3]
 305 0032 FB73     		strb	r3, [r7, #15]
 306              	.L17:
 182:source\bsw\labboard/seven.c ****     }
 183:source\bsw\labboard/seven.c ****     
 184:source\bsw\labboard/seven.c ****     //Set the selection bit for the display
 185:source\bsw\labboard/seven.c ****     SEVEN_SELECT_Write((uint8_t)sevenId);
 307              		.loc 1 185 0
 308 0034 FB79     		ldrb	r3, [r7, #7]	@ zero_extendqisi2
 309 0036 1846     		mov	r0, r3
 310 0038 FFF7FEFF 		bl	SEVEN_SELECT_Write
 186:source\bsw\labboard/seven.c ****     
 187:source\bsw\labboard/seven.c ****     //Set the port to the pattern currently active
 188:source\bsw\labboard/seven.c ****     SEVEN_reg_Write(pattern);
 311              		.loc 1 188 0
 312 003c FB7B     		ldrb	r3, [r7, #15]	@ zero_extendqisi2
 313 003e 1846     		mov	r0, r3
 314 0040 FFF7FEFF 		bl	SEVEN_reg_Write
 189:source\bsw\labboard/seven.c ****     
 190:source\bsw\labboard/seven.c ****     //Set the decimal point
 191:source\bsw\labboard/seven.c ****     SEVEN_DP_Write(value);
 315              		.loc 1 191 0
 316 0044 BB79     		ldrb	r3, [r7, #6]	@ zero_extendqisi2
 317 0046 1846     		mov	r0, r3
 318 0048 FFF7FEFF 		bl	SEVEN_DP_Write
 192:source\bsw\labboard/seven.c **** 
 193:source\bsw\labboard/seven.c ****     return RC_SUCCESS;
 319              		.loc 1 193 0
 320 004c 0023     		movs	r3, #0
ARM GAS  C:\Users\schmi\AppData\Local\Temp\ccWsfia6.s 			page 10


 321              	.L16:
 194:source\bsw\labboard/seven.c **** }
 322              		.loc 1 194 0
 323 004e 1846     		mov	r0, r3
 324 0050 1037     		adds	r7, r7, #16
 325              		.cfi_def_cfa_offset 8
 326 0052 BD46     		mov	sp, r7
 327              		.cfi_def_cfa_register 13
 328              		@ sp needed
 329 0054 80BD     		pop	{r7, pc}
 330              	.L19:
 331 0056 00BF     		.align	2
 332              	.L18:
 333 0058 00000000 		.word	SEVEN__latch_value
 334 005c 00000000 		.word	SEVEN__latch_pattern
 335              		.cfi_endproc
 336              	.LFE114:
 337              		.size	SEVEN_SetDP, .-SEVEN_SetDP
 338              		.section	.text.SEVEN_Clear,"ax",%progbits
 339              		.align	2
 340              		.global	SEVEN_Clear
 341              		.thumb
 342              		.thumb_func
 343              		.type	SEVEN_Clear, %function
 344              	SEVEN_Clear:
 345              	.LFB115:
 195:source\bsw\labboard/seven.c **** 
 196:source\bsw\labboard/seven.c **** /**
 197:source\bsw\labboard/seven.c ****  * Clears one display
 198:source\bsw\labboard/seven.c ****  * @param SEVEN_id_t sevenId - identifier for the segment to be set
 199:source\bsw\labboard/seven.c ****  * @return RC_SUCCESS if function was executed correctly, other value in case of error
 200:source\bsw\labboard/seven.c ****  */
 201:source\bsw\labboard/seven.c **** RC_t SEVEN_Clear(SEVEN_id_t sevenId)
 202:source\bsw\labboard/seven.c **** {
 346              		.loc 1 202 0
 347              		.cfi_startproc
 348              		@ args = 0, pretend = 0, frame = 8
 349              		@ frame_needed = 1, uses_anonymous_args = 0
 350 0000 80B5     		push	{r7, lr}
 351              		.cfi_def_cfa_offset 8
 352              		.cfi_offset 7, -8
 353              		.cfi_offset 14, -4
 354 0002 82B0     		sub	sp, sp, #8
 355              		.cfi_def_cfa_offset 16
 356 0004 00AF     		add	r7, sp, #0
 357              		.cfi_def_cfa_register 7
 358 0006 0346     		mov	r3, r0
 359 0008 FB71     		strb	r3, [r7, #7]
 203:source\bsw\labboard/seven.c ****     //Set software latch to cleared
 204:source\bsw\labboard/seven.c ****     SEVEN__latch_value[(uint8_t)sevenId] = -1;
 360              		.loc 1 204 0
 361 000a FB79     		ldrb	r3, [r7, #7]	@ zero_extendqisi2
 362 000c 074A     		ldr	r2, .L22
 363 000e FF21     		movs	r1, #255
 364 0010 D154     		strb	r1, [r2, r3]
 205:source\bsw\labboard/seven.c ****     
 206:source\bsw\labboard/seven.c ****     //Set the selection bit for the display
ARM GAS  C:\Users\schmi\AppData\Local\Temp\ccWsfia6.s 			page 11


 207:source\bsw\labboard/seven.c ****     SEVEN_SELECT_Write((uint8_t)sevenId);
 365              		.loc 1 207 0
 366 0012 FB79     		ldrb	r3, [r7, #7]	@ zero_extendqisi2
 367 0014 1846     		mov	r0, r3
 368 0016 FFF7FEFF 		bl	SEVEN_SELECT_Write
 208:source\bsw\labboard/seven.c ****     
 209:source\bsw\labboard/seven.c ****     //Clear every bit
 210:source\bsw\labboard/seven.c ****     SEVEN_reg_Write(0);
 369              		.loc 1 210 0
 370 001a 0020     		movs	r0, #0
 371 001c FFF7FEFF 		bl	SEVEN_reg_Write
 211:source\bsw\labboard/seven.c ****     
 212:source\bsw\labboard/seven.c ****     return RC_SUCCESS;
 372              		.loc 1 212 0
 373 0020 0023     		movs	r3, #0
 213:source\bsw\labboard/seven.c **** }...
 374              		.loc 1 213 0
 375 0022 1846     		mov	r0, r3
 376 0024 0837     		adds	r7, r7, #8
 377              		.cfi_def_cfa_offset 8
 378 0026 BD46     		mov	sp, r7
 379              		.cfi_def_cfa_register 13
 380              		@ sp needed
 381 0028 80BD     		pop	{r7, pc}
 382              	.L23:
 383 002a 00BF     		.align	2
 384              	.L22:
 385 002c 00000000 		.word	SEVEN__latch_value
 386              		.cfi_endproc
 387              	.LFE115:
 388              		.size	SEVEN_Clear, .-SEVEN_Clear
 389              		.text
 390              	.Letext0:
 391              		.file 2 "c:\\program files (x86)\\cypress\\psoc creator\\4.4\\psoc creator\\import\\gnu\\arm\\5.4.
 392              		.file 3 "c:\\program files (x86)\\cypress\\psoc creator\\4.4\\psoc creator\\import\\gnu\\arm\\5.4.
 393              		.file 4 "Generated_Source\\PSoC5/ErikaOS_1_common_ee_types.inc"
 394              		.file 5 "Generated_Source\\PSoC5/ErikaOS_1_cortex_mx_ee_cpu.inc"
 395              		.file 6 ".\\source\\bsw/global.h"
 396              		.file 7 "source\\bsw\\labboard\\seven.h"
 397              		.file 8 "Generated_Source\\PSoC5/ErikaOS_1_ee_oo_intfunc.inc"
 398              		.file 9 "Generated_Source\\PSoC5/ErikaOS_1_cortex_mx_ee_context.inc"
 399              		.file 10 "Generated_Source\\PSoC5/ErikaOS_1_common_ee_primitives.inc"
 400              		.file 11 "Generated_Source\\PSoC5/core_cm3.h"
 401              		.section	.debug_info,"",%progbits
 402              	.Ldebug_info0:
 403 0000 E7030000 		.4byte	0x3e7
 404 0004 0400     		.2byte	0x4
 405 0006 00000000 		.4byte	.Ldebug_abbrev0
 406 000a 04       		.byte	0x4
 407 000b 01       		.uleb128 0x1
 408 000c 7E000000 		.4byte	.LASF73
 409 0010 0C       		.byte	0xc
 410 0011 86040000 		.4byte	.LASF74
 411 0015 63030000 		.4byte	.LASF75
 412 0019 00000000 		.4byte	.Ldebug_ranges0+0
 413 001d 00000000 		.4byte	0
 414 0021 00000000 		.4byte	.Ldebug_line0
ARM GAS  C:\Users\schmi\AppData\Local\Temp\ccWsfia6.s 			page 12


 415 0025 02       		.uleb128 0x2
 416 0026 01       		.byte	0x1
 417 0027 06       		.byte	0x6
 418 0028 92010000 		.4byte	.LASF0
 419 002c 03       		.uleb128 0x3
 420 002d 48020000 		.4byte	.LASF4
 421 0031 02       		.byte	0x2
 422 0032 1D       		.byte	0x1d
 423 0033 37000000 		.4byte	0x37
 424 0037 02       		.uleb128 0x2
 425 0038 01       		.byte	0x1
 426 0039 08       		.byte	0x8
 427 003a AC020000 		.4byte	.LASF1
 428 003e 02       		.uleb128 0x2
 429 003f 02       		.byte	0x2
 430 0040 05       		.byte	0x5
 431 0041 45000000 		.4byte	.LASF2
 432 0045 02       		.uleb128 0x2
 433 0046 02       		.byte	0x2
 434 0047 07       		.byte	0x7
 435 0048 3B030000 		.4byte	.LASF3
 436 004c 03       		.uleb128 0x3
 437 004d 6D040000 		.4byte	.LASF5
 438 0051 02       		.byte	0x2
 439 0052 3F       		.byte	0x3f
 440 0053 57000000 		.4byte	0x57
 441 0057 02       		.uleb128 0x2
 442 0058 04       		.byte	0x4
 443 0059 05       		.byte	0x5
 444 005a 1F020000 		.4byte	.LASF6
 445 005e 02       		.uleb128 0x2
 446 005f 04       		.byte	0x4
 447 0060 07       		.byte	0x7
 448 0061 20040000 		.4byte	.LASF7
 449 0065 02       		.uleb128 0x2
 450 0066 08       		.byte	0x8
 451 0067 05       		.byte	0x5
 452 0068 BD010000 		.4byte	.LASF8
 453 006c 02       		.uleb128 0x2
 454 006d 08       		.byte	0x8
 455 006e 07       		.byte	0x7
 456 006f CA020000 		.4byte	.LASF9
 457 0073 04       		.uleb128 0x4
 458 0074 04       		.byte	0x4
 459 0075 05       		.byte	0x5
 460 0076 696E7400 		.ascii	"int\000"
 461 007a 02       		.uleb128 0x2
 462 007b 04       		.byte	0x4
 463 007c 07       		.byte	0x7
 464 007d E1020000 		.4byte	.LASF10
 465 0081 03       		.uleb128 0x3
 466 0082 45010000 		.4byte	.LASF11
 467 0086 03       		.byte	0x3
 468 0087 18       		.byte	0x18
 469 0088 2C000000 		.4byte	0x2c
 470 008c 03       		.uleb128 0x3
 471 008d D4030000 		.4byte	.LASF12
ARM GAS  C:\Users\schmi\AppData\Local\Temp\ccWsfia6.s 			page 13


 472 0091 03       		.byte	0x3
 473 0092 2C       		.byte	0x2c
 474 0093 4C000000 		.4byte	0x4c
 475 0097 02       		.uleb128 0x2
 476 0098 04       		.byte	0x4
 477 0099 04       		.byte	0x4
 478 009a 9E010000 		.4byte	.LASF13
 479 009e 02       		.uleb128 0x2
 480 009f 08       		.byte	0x8
 481 00a0 04       		.byte	0x4
 482 00a1 32040000 		.4byte	.LASF14
 483 00a5 02       		.uleb128 0x2
 484 00a6 01       		.byte	0x1
 485 00a7 08       		.byte	0x8
 486 00a8 5E030000 		.4byte	.LASF15
 487 00ac 02       		.uleb128 0x2
 488 00ad 08       		.byte	0x8
 489 00ae 04       		.byte	0x4
 490 00af A0020000 		.4byte	.LASF16
 491 00b3 02       		.uleb128 0x2
 492 00b4 04       		.byte	0x4
 493 00b5 07       		.byte	0x7
 494 00b6 75000000 		.4byte	.LASF17
 495 00ba 03       		.uleb128 0x3
 496 00bb 32030000 		.4byte	.LASF18
 497 00bf 04       		.byte	0x4
 498 00c0 53       		.byte	0x53
 499 00c1 73000000 		.4byte	0x73
 500 00c5 03       		.uleb128 0x3
 501 00c6 2E010000 		.4byte	.LASF19
 502 00ca 04       		.byte	0x4
 503 00cb 54       		.byte	0x54
 504 00cc 7A000000 		.4byte	0x7a
 505 00d0 03       		.uleb128 0x3
 506 00d1 56040000 		.4byte	.LASF20
 507 00d5 05       		.byte	0x5
 508 00d6 4D       		.byte	0x4d
 509 00d7 C5000000 		.4byte	0xc5
 510 00db 03       		.uleb128 0x3
 511 00dc 1A010000 		.4byte	.LASF21
 512 00e0 05       		.byte	0x5
 513 00e1 4F       		.byte	0x4f
 514 00e2 C5000000 		.4byte	0xc5
 515 00e6 03       		.uleb128 0x3
 516 00e7 38010000 		.4byte	.LASF22
 517 00eb 05       		.byte	0x5
 518 00ec 78       		.byte	0x78
 519 00ed BA000000 		.4byte	0xba
 520 00f1 03       		.uleb128 0x3
 521 00f2 08050000 		.4byte	.LASF23
 522 00f6 06       		.byte	0x6
 523 00f7 90       		.byte	0x90
 524 00f8 25000000 		.4byte	0x25
 525 00fc 05       		.uleb128 0x5
 526 00fd 01       		.byte	0x1
 527 00fe 25000000 		.4byte	0x25
 528 0102 06       		.byte	0x6
ARM GAS  C:\Users\schmi\AppData\Local\Temp\ccWsfia6.s 			page 14


 529 0103 CF       		.byte	0xcf
 530 0104 A5010000 		.4byte	0x1a5
 531 0108 06       		.uleb128 0x6
 532 0109 26000000 		.4byte	.LASF24
 533 010d 00       		.byte	0
 534 010e 07       		.uleb128 0x7
 535 010f D2040000 		.4byte	.LASF25
 536 0113 7F       		.sleb128 -1
 537 0114 07       		.uleb128 0x7
 538 0115 0E030000 		.4byte	.LASF26
 539 0119 7E       		.sleb128 -2
 540 011a 07       		.uleb128 0x7
 541 011b 0C010000 		.4byte	.LASF27
 542 011f 7D       		.sleb128 -3
 543 0120 07       		.uleb128 0x7
 544 0121 DB040000 		.4byte	.LASF28
 545 0125 7C       		.sleb128 -4
 546 0126 07       		.uleb128 0x7
 547 0127 5E040000 		.4byte	.LASF29
 548 012b 7B       		.sleb128 -5
 549 012c 07       		.uleb128 0x7
 550 012d 4F000000 		.4byte	.LASF30
 551 0131 7A       		.sleb128 -6
 552 0132 07       		.uleb128 0x7
 553 0133 28020000 		.4byte	.LASF31
 554 0137 79       		.sleb128 -7
 555 0138 07       		.uleb128 0x7
 556 0139 BF030000 		.4byte	.LASF32
 557 013d 78       		.sleb128 -8
 558 013e 07       		.uleb128 0x7
 559 013f 1C030000 		.4byte	.LASF33
 560 0143 77       		.sleb128 -9
 561 0144 07       		.uleb128 0x7
 562 0145 3A020000 		.4byte	.LASF34
 563 0149 76       		.sleb128 -10
 564 014a 07       		.uleb128 0x7
 565 014b 10050000 		.4byte	.LASF35
 566 014f 75       		.sleb128 -11
 567 0150 07       		.uleb128 0x7
 568 0151 EE020000 		.4byte	.LASF36
 569 0155 74       		.sleb128 -12
 570 0156 07       		.uleb128 0x7
 571 0157 44040000 		.4byte	.LASF37
 572 015b 73       		.sleb128 -13
 573 015c 07       		.uleb128 0x7
 574 015d 13000000 		.4byte	.LASF38
 575 0161 72       		.sleb128 -14
 576 0162 07       		.uleb128 0x7
 577 0163 31000000 		.4byte	.LASF39
 578 0167 71       		.sleb128 -15
 579 0168 07       		.uleb128 0x7
 580 0169 B4040000 		.4byte	.LASF40
 581 016d 70       		.sleb128 -16
 582 016e 07       		.uleb128 0x7
 583 016f E6030000 		.4byte	.LASF41
 584 0173 6F       		.sleb128 -17
 585 0174 07       		.uleb128 0x7
ARM GAS  C:\Users\schmi\AppData\Local\Temp\ccWsfia6.s 			page 15


 586 0175 60000000 		.4byte	.LASF42
 587 0179 6E       		.sleb128 -18
 588 017a 07       		.uleb128 0x7
 589 017b F1010000 		.4byte	.LASF43
 590 017f 6D       		.sleb128 -19
 591 0180 07       		.uleb128 0x7
 592 0181 FA030000 		.4byte	.LASF44
 593 0185 6C       		.sleb128 -20
 594 0186 07       		.uleb128 0x7
 595 0187 7A020000 		.4byte	.LASF45
 596 018b 6B       		.sleb128 -21
 597 018c 07       		.uleb128 0x7
 598 018d A2040000 		.4byte	.LASF46
 599 0191 6A       		.sleb128 -22
 600 0192 07       		.uleb128 0x7
 601 0193 4D010000 		.4byte	.LASF47
 602 0197 69       		.sleb128 -23
 603 0198 07       		.uleb128 0x7
 604 0199 04020000 		.4byte	.LASF48
 605 019d 68       		.sleb128 -24
 606 019e 07       		.uleb128 0x7
 607 019f A4010000 		.4byte	.LASF49
 608 01a3 67       		.sleb128 -25
 609 01a4 00       		.byte	0
 610 01a5 03       		.uleb128 0x3
 611 01a6 03050000 		.4byte	.LASF50
 612 01aa 06       		.byte	0x6
 613 01ab EA       		.byte	0xea
 614 01ac FC000000 		.4byte	0xfc
 615 01b0 05       		.uleb128 0x5
 616 01b1 01       		.byte	0x1
 617 01b2 37000000 		.4byte	0x37
 618 01b6 07       		.byte	0x7
 619 01b7 5F       		.byte	0x5f
 620 01b8 C9010000 		.4byte	0x1c9
 621 01bc 06       		.uleb128 0x6
 622 01bd BA020000 		.4byte	.LASF51
 623 01c1 00       		.byte	0
 624 01c2 06       		.uleb128 0x6
 625 01c3 C2020000 		.4byte	.LASF52
 626 01c7 01       		.byte	0x1
 627 01c8 00       		.byte	0
 628 01c9 03       		.uleb128 0x3
 629 01ca 39040000 		.4byte	.LASF53
 630 01ce 07       		.byte	0x7
 631 01cf 62       		.byte	0x62
 632 01d0 B0010000 		.4byte	0x1b0
 633 01d4 08       		.uleb128 0x8
 634 01d5 00000000 		.4byte	.LASF76
 635 01d9 01       		.byte	0x1
 636 01da 61       		.byte	0x61
 637 01db A5010000 		.4byte	0x1a5
 638 01df 00000000 		.4byte	.LFB110
 639 01e3 16000000 		.4byte	.LFE110-.LFB110
 640 01e7 01       		.uleb128 0x1
 641 01e8 9C       		.byte	0x9c
 642 01e9 09       		.uleb128 0x9
ARM GAS  C:\Users\schmi\AppData\Local\Temp\ccWsfia6.s 			page 16


 643 01ea 15020000 		.4byte	.LASF56
 644 01ee 01       		.byte	0x1
 645 01ef 71       		.byte	0x71
 646 01f0 A5010000 		.4byte	0x1a5
 647 01f4 00000000 		.4byte	.LFB111
 648 01f8 5C000000 		.4byte	.LFE111-.LFB111
 649 01fc 01       		.uleb128 0x1
 650 01fd 9C       		.byte	0x9c
 651 01fe 3A020000 		.4byte	0x23a
 652 0202 0A       		.uleb128 0xa
 653 0203 8C020000 		.4byte	.LASF54
 654 0207 01       		.byte	0x1
 655 0208 71       		.byte	0x71
 656 0209 C9010000 		.4byte	0x1c9
 657 020d 02       		.uleb128 0x2
 658 020e 91       		.byte	0x91
 659 020f 6F       		.sleb128 -17
 660 0210 0A       		.uleb128 0xa
 661 0211 3F010000 		.4byte	.LASF55
 662 0215 01       		.byte	0x1
 663 0216 71       		.byte	0x71
 664 0217 81000000 		.4byte	0x81
 665 021b 02       		.uleb128 0x2
 666 021c 91       		.byte	0x91
 667 021d 6E       		.sleb128 -18
 668 021e 0B       		.uleb128 0xb
 669 021f 0B000000 		.4byte	.LASF60
 670 0223 01       		.byte	0x1
 671 0224 7E       		.byte	0x7e
 672 0225 81000000 		.4byte	0x81
 673 0229 02       		.uleb128 0x2
 674 022a 91       		.byte	0x91
 675 022b 77       		.sleb128 -9
 676 022c 0C       		.uleb128 0xc
 677 022d 4E030000 		.4byte	.LASF61
 678 0231 01       		.byte	0x1
 679 0232 84       		.byte	0x84
 680 0233 73000000 		.4byte	0x73
 681 0237 0D       		.uleb128 0xd
 682 0238 00       		.byte	0
 683 0239 00       		.byte	0
 684 023a 0E       		.uleb128 0xe
 685 023b DC030000 		.4byte	.LASF57
 686 023f 01       		.byte	0x1
 687 0240 8F       		.byte	0x8f
 688 0241 A5010000 		.4byte	0x1a5
 689 0245 00000000 		.4byte	.LFB112
 690 0249 28000000 		.4byte	.LFE112-.LFB112
 691 024d 01       		.uleb128 0x1
 692 024e 9C       		.byte	0x9c
 693 024f 70020000 		.4byte	0x270
 694 0253 0A       		.uleb128 0xa
 695 0254 8C020000 		.4byte	.LASF54
 696 0258 01       		.byte	0x1
 697 0259 8F       		.byte	0x8f
 698 025a C9010000 		.4byte	0x1c9
 699 025e 02       		.uleb128 0x2
ARM GAS  C:\Users\schmi\AppData\Local\Temp\ccWsfia6.s 			page 17


 700 025f 91       		.byte	0x91
 701 0260 77       		.sleb128 -9
 702 0261 0A       		.uleb128 0xa
 703 0262 3F010000 		.4byte	.LASF55
 704 0266 01       		.byte	0x1
 705 0267 8F       		.byte	0x8f
 706 0268 70020000 		.4byte	0x270
 707 026c 02       		.uleb128 0x2
 708 026d 91       		.byte	0x91
 709 026e 70       		.sleb128 -16
 710 026f 00       		.byte	0
 711 0270 0F       		.uleb128 0xf
 712 0271 04       		.byte	0x4
 713 0272 F1000000 		.4byte	0xf1
 714 0276 09       		.uleb128 0x9
 715 0277 E4010000 		.4byte	.LASF58
 716 027b 01       		.byte	0x1
 717 027c 9B       		.byte	0x9b
 718 027d A5010000 		.4byte	0x1a5
 719 0281 00000000 		.4byte	.LFB113
 720 0285 32000000 		.4byte	.LFE113-.LFB113
 721 0289 01       		.uleb128 0x1
 722 028a 9C       		.byte	0x9c
 723 028b 9E020000 		.4byte	0x29e
 724 028f 0A       		.uleb128 0xa
 725 0290 3F010000 		.4byte	.LASF55
 726 0294 01       		.byte	0x1
 727 0295 9B       		.byte	0x9b
 728 0296 81000000 		.4byte	0x81
 729 029a 02       		.uleb128 0x2
 730 029b 91       		.byte	0x91
 731 029c 77       		.sleb128 -9
 732 029d 00       		.byte	0
 733 029e 09       		.uleb128 0x9
 734 029f 22010000 		.4byte	.LASF59
 735 02a3 01       		.byte	0x1
 736 02a4 A9       		.byte	0xa9
 737 02a5 A5010000 		.4byte	0x1a5
 738 02a9 00000000 		.4byte	.LFB114
 739 02ad 60000000 		.4byte	.LFE114-.LFB114
 740 02b1 01       		.uleb128 0x1
 741 02b2 9C       		.byte	0x9c
 742 02b3 00030000 		.4byte	0x300
 743 02b7 0A       		.uleb128 0xa
 744 02b8 8C020000 		.4byte	.LASF54
 745 02bc 01       		.byte	0x1
 746 02bd A9       		.byte	0xa9
 747 02be C9010000 		.4byte	0x1c9
 748 02c2 02       		.uleb128 0x2
 749 02c3 91       		.byte	0x91
 750 02c4 6F       		.sleb128 -17
 751 02c5 0A       		.uleb128 0xa
 752 02c6 3F010000 		.4byte	.LASF55
 753 02ca 01       		.byte	0x1
 754 02cb A9       		.byte	0xa9
 755 02cc 81000000 		.4byte	0x81
 756 02d0 02       		.uleb128 0x2
ARM GAS  C:\Users\schmi\AppData\Local\Temp\ccWsfia6.s 			page 18


 757 02d1 91       		.byte	0x91
 758 02d2 6E       		.sleb128 -18
 759 02d3 0B       		.uleb128 0xb
 760 02d4 0B000000 		.4byte	.LASF60
 761 02d8 01       		.byte	0x1
 762 02d9 B2       		.byte	0xb2
 763 02da 81000000 		.4byte	0x81
 764 02de 02       		.uleb128 0x2
 765 02df 91       		.byte	0x91
 766 02e0 77       		.sleb128 -9
 767 02e1 10       		.uleb128 0x10
 768 02e2 4E030000 		.4byte	.LASF61
 769 02e6 01       		.byte	0x1
 770 02e7 84       		.byte	0x84
 771 02e8 73000000 		.4byte	0x73
 772 02ec F2020000 		.4byte	0x2f2
 773 02f0 0D       		.uleb128 0xd
 774 02f1 00       		.byte	0
 775 02f2 0C       		.uleb128 0xc
 776 02f3 77040000 		.4byte	.LASF62
 777 02f7 01       		.byte	0x1
 778 02f8 BF       		.byte	0xbf
 779 02f9 73000000 		.4byte	0x73
 780 02fd 0D       		.uleb128 0xd
 781 02fe 00       		.byte	0
 782 02ff 00       		.byte	0
 783 0300 09       		.uleb128 0x9
 784 0301 94020000 		.4byte	.LASF63
 785 0305 01       		.byte	0x1
 786 0306 C9       		.byte	0xc9
 787 0307 A5010000 		.4byte	0x1a5
 788 030b 00000000 		.4byte	.LFB115
 789 030f 30000000 		.4byte	.LFE115-.LFB115
 790 0313 01       		.uleb128 0x1
 791 0314 9C       		.byte	0x9c
 792 0315 35030000 		.4byte	0x335
 793 0319 0A       		.uleb128 0xa
 794 031a 8C020000 		.4byte	.LASF54
 795 031e 01       		.byte	0x1
 796 031f C9       		.byte	0xc9
 797 0320 C9010000 		.4byte	0x1c9
 798 0324 02       		.uleb128 0x2
 799 0325 91       		.byte	0x91
 800 0326 77       		.sleb128 -9
 801 0327 0C       		.uleb128 0xc
 802 0328 4E030000 		.4byte	.LASF61
 803 032c 01       		.byte	0x1
 804 032d 84       		.byte	0x84
 805 032e 73000000 		.4byte	0x73
 806 0332 0D       		.uleb128 0xd
 807 0333 00       		.byte	0
 808 0334 00       		.byte	0
 809 0335 11       		.uleb128 0x11
 810 0336 45030000 		.4byte	0x345
 811 033a 45030000 		.4byte	0x345
 812 033e 12       		.uleb128 0x12
 813 033f B3000000 		.4byte	0xb3
ARM GAS  C:\Users\schmi\AppData\Local\Temp\ccWsfia6.s 			page 19


 814 0343 10       		.byte	0x10
 815 0344 00       		.byte	0
 816 0345 13       		.uleb128 0x13
 817 0346 81000000 		.4byte	0x81
 818 034a 0B       		.uleb128 0xb
 819 034b FC020000 		.4byte	.LASF64
 820 034f 01       		.byte	0x1
 821 0350 38       		.byte	0x38
 822 0351 5B030000 		.4byte	0x35b
 823 0355 05       		.uleb128 0x5
 824 0356 03       		.byte	0x3
 825 0357 00000000 		.4byte	SEVEN__BitPattern
 826 035b 13       		.uleb128 0x13
 827 035c 35030000 		.4byte	0x335
 828 0360 11       		.uleb128 0x11
 829 0361 F1000000 		.4byte	0xf1
 830 0365 70030000 		.4byte	0x370
 831 0369 12       		.uleb128 0x12
 832 036a B3000000 		.4byte	0xb3
 833 036e 01       		.byte	0x1
 834 036f 00       		.byte	0
 835 0370 0B       		.uleb128 0xb
 836 0371 52020000 		.4byte	.LASF65
 837 0375 01       		.byte	0x1
 838 0376 4F       		.byte	0x4f
 839 0377 60030000 		.4byte	0x360
 840 037b 05       		.uleb128 0x5
 841 037c 03       		.byte	0x3
 842 037d 00000000 		.4byte	SEVEN__latch_value
 843 0381 11       		.uleb128 0x11
 844 0382 81000000 		.4byte	0x81
 845 0386 91030000 		.4byte	0x391
 846 038a 12       		.uleb128 0x12
 847 038b B3000000 		.4byte	0xb3
 848 038f 01       		.byte	0x1
 849 0390 00       		.byte	0
 850 0391 0B       		.uleb128 0xb
 851 0392 65020000 		.4byte	.LASF66
 852 0396 01       		.byte	0x1
 853 0397 50       		.byte	0x50
 854 0398 81030000 		.4byte	0x381
 855 039c 05       		.uleb128 0x5
 856 039d 03       		.byte	0x3
 857 039e 00000000 		.4byte	SEVEN__latch_pattern
 858 03a2 14       		.uleb128 0x14
 859 03a3 EB040000 		.4byte	.LASF67
 860 03a7 08       		.byte	0x8
 861 03a8 40       		.byte	0x40
 862 03a9 D0000000 		.4byte	0xd0
 863 03ad 14       		.uleb128 0x14
 864 03ae CB010000 		.4byte	.LASF68
 865 03b2 08       		.byte	0x8
 866 03b3 47       		.byte	0x47
 867 03b4 DB000000 		.4byte	0xdb
 868 03b8 14       		.uleb128 0x14
 869 03b9 0D040000 		.4byte	.LASF69
 870 03bd 08       		.byte	0x8
ARM GAS  C:\Users\schmi\AppData\Local\Temp\ccWsfia6.s 			page 20


 871 03be 4A       		.byte	0x4a
 872 03bf D0000000 		.4byte	0xd0
 873 03c3 14       		.uleb128 0x14
 874 03c4 79010000 		.4byte	.LASF70
 875 03c8 09       		.byte	0x9
 876 03c9 48       		.byte	0x48
 877 03ca E6000000 		.4byte	0xe6
 878 03ce 14       		.uleb128 0x14
 879 03cf 64010000 		.4byte	.LASF71
 880 03d3 0A       		.byte	0xa
 881 03d4 44       		.byte	0x44
 882 03d5 D0000000 		.4byte	0xd0
 883 03d9 15       		.uleb128 0x15
 884 03da C5040000 		.4byte	.LASF72
 885 03de 0B       		.byte	0xb
 886 03df 1207     		.2byte	0x712
 887 03e1 E5030000 		.4byte	0x3e5
 888 03e5 16       		.uleb128 0x16
 889 03e6 8C000000 		.4byte	0x8c
 890 03ea 00       		.byte	0
 891              		.section	.debug_abbrev,"",%progbits
 892              	.Ldebug_abbrev0:
 893 0000 01       		.uleb128 0x1
 894 0001 11       		.uleb128 0x11
 895 0002 01       		.byte	0x1
 896 0003 25       		.uleb128 0x25
 897 0004 0E       		.uleb128 0xe
 898 0005 13       		.uleb128 0x13
 899 0006 0B       		.uleb128 0xb
 900 0007 03       		.uleb128 0x3
 901 0008 0E       		.uleb128 0xe
 902 0009 1B       		.uleb128 0x1b
 903 000a 0E       		.uleb128 0xe
 904 000b 55       		.uleb128 0x55
 905 000c 17       		.uleb128 0x17
 906 000d 11       		.uleb128 0x11
 907 000e 01       		.uleb128 0x1
 908 000f 10       		.uleb128 0x10
 909 0010 17       		.uleb128 0x17
 910 0011 00       		.byte	0
 911 0012 00       		.byte	0
 912 0013 02       		.uleb128 0x2
 913 0014 24       		.uleb128 0x24
 914 0015 00       		.byte	0
 915 0016 0B       		.uleb128 0xb
 916 0017 0B       		.uleb128 0xb
 917 0018 3E       		.uleb128 0x3e
 918 0019 0B       		.uleb128 0xb
 919 001a 03       		.uleb128 0x3
 920 001b 0E       		.uleb128 0xe
 921 001c 00       		.byte	0
 922 001d 00       		.byte	0
 923 001e 03       		.uleb128 0x3
 924 001f 16       		.uleb128 0x16
 925 0020 00       		.byte	0
 926 0021 03       		.uleb128 0x3
 927 0022 0E       		.uleb128 0xe
ARM GAS  C:\Users\schmi\AppData\Local\Temp\ccWsfia6.s 			page 21


 928 0023 3A       		.uleb128 0x3a
 929 0024 0B       		.uleb128 0xb
 930 0025 3B       		.uleb128 0x3b
 931 0026 0B       		.uleb128 0xb
 932 0027 49       		.uleb128 0x49
 933 0028 13       		.uleb128 0x13
 934 0029 00       		.byte	0
 935 002a 00       		.byte	0
 936 002b 04       		.uleb128 0x4
 937 002c 24       		.uleb128 0x24
 938 002d 00       		.byte	0
 939 002e 0B       		.uleb128 0xb
 940 002f 0B       		.uleb128 0xb
 941 0030 3E       		.uleb128 0x3e
 942 0031 0B       		.uleb128 0xb
 943 0032 03       		.uleb128 0x3
 944 0033 08       		.uleb128 0x8
 945 0034 00       		.byte	0
 946 0035 00       		.byte	0
 947 0036 05       		.uleb128 0x5
 948 0037 04       		.uleb128 0x4
 949 0038 01       		.byte	0x1
 950 0039 0B       		.uleb128 0xb
 951 003a 0B       		.uleb128 0xb
 952 003b 49       		.uleb128 0x49
 953 003c 13       		.uleb128 0x13
 954 003d 3A       		.uleb128 0x3a
 955 003e 0B       		.uleb128 0xb
 956 003f 3B       		.uleb128 0x3b
 957 0040 0B       		.uleb128 0xb
 958 0041 01       		.uleb128 0x1
 959 0042 13       		.uleb128 0x13
 960 0043 00       		.byte	0
 961 0044 00       		.byte	0
 962 0045 06       		.uleb128 0x6
 963 0046 28       		.uleb128 0x28
 964 0047 00       		.byte	0
 965 0048 03       		.uleb128 0x3
 966 0049 0E       		.uleb128 0xe
 967 004a 1C       		.uleb128 0x1c
 968 004b 0B       		.uleb128 0xb
 969 004c 00       		.byte	0
 970 004d 00       		.byte	0
 971 004e 07       		.uleb128 0x7
 972 004f 28       		.uleb128 0x28
 973 0050 00       		.byte	0
 974 0051 03       		.uleb128 0x3
 975 0052 0E       		.uleb128 0xe
 976 0053 1C       		.uleb128 0x1c
 977 0054 0D       		.uleb128 0xd
 978 0055 00       		.byte	0
 979 0056 00       		.byte	0
 980 0057 08       		.uleb128 0x8
 981 0058 2E       		.uleb128 0x2e
 982 0059 00       		.byte	0
 983 005a 3F       		.uleb128 0x3f
 984 005b 19       		.uleb128 0x19
ARM GAS  C:\Users\schmi\AppData\Local\Temp\ccWsfia6.s 			page 22


 985 005c 03       		.uleb128 0x3
 986 005d 0E       		.uleb128 0xe
 987 005e 3A       		.uleb128 0x3a
 988 005f 0B       		.uleb128 0xb
 989 0060 3B       		.uleb128 0x3b
 990 0061 0B       		.uleb128 0xb
 991 0062 49       		.uleb128 0x49
 992 0063 13       		.uleb128 0x13
 993 0064 11       		.uleb128 0x11
 994 0065 01       		.uleb128 0x1
 995 0066 12       		.uleb128 0x12
 996 0067 06       		.uleb128 0x6
 997 0068 40       		.uleb128 0x40
 998 0069 18       		.uleb128 0x18
 999 006a 9642     		.uleb128 0x2116
 1000 006c 19       		.uleb128 0x19
 1001 006d 00       		.byte	0
 1002 006e 00       		.byte	0
 1003 006f 09       		.uleb128 0x9
 1004 0070 2E       		.uleb128 0x2e
 1005 0071 01       		.byte	0x1
 1006 0072 3F       		.uleb128 0x3f
 1007 0073 19       		.uleb128 0x19
 1008 0074 03       		.uleb128 0x3
 1009 0075 0E       		.uleb128 0xe
 1010 0076 3A       		.uleb128 0x3a
 1011 0077 0B       		.uleb128 0xb
 1012 0078 3B       		.uleb128 0x3b
 1013 0079 0B       		.uleb128 0xb
 1014 007a 27       		.uleb128 0x27
 1015 007b 19       		.uleb128 0x19
 1016 007c 49       		.uleb128 0x49
 1017 007d 13       		.uleb128 0x13
 1018 007e 11       		.uleb128 0x11
 1019 007f 01       		.uleb128 0x1
 1020 0080 12       		.uleb128 0x12
 1021 0081 06       		.uleb128 0x6
 1022 0082 40       		.uleb128 0x40
 1023 0083 18       		.uleb128 0x18
 1024 0084 9642     		.uleb128 0x2116
 1025 0086 19       		.uleb128 0x19
 1026 0087 01       		.uleb128 0x1
 1027 0088 13       		.uleb128 0x13
 1028 0089 00       		.byte	0
 1029 008a 00       		.byte	0
 1030 008b 0A       		.uleb128 0xa
 1031 008c 05       		.uleb128 0x5
 1032 008d 00       		.byte	0
 1033 008e 03       		.uleb128 0x3
 1034 008f 0E       		.uleb128 0xe
 1035 0090 3A       		.uleb128 0x3a
 1036 0091 0B       		.uleb128 0xb
 1037 0092 3B       		.uleb128 0x3b
 1038 0093 0B       		.uleb128 0xb
 1039 0094 49       		.uleb128 0x49
 1040 0095 13       		.uleb128 0x13
 1041 0096 02       		.uleb128 0x2
ARM GAS  C:\Users\schmi\AppData\Local\Temp\ccWsfia6.s 			page 23


 1042 0097 18       		.uleb128 0x18
 1043 0098 00       		.byte	0
 1044 0099 00       		.byte	0
 1045 009a 0B       		.uleb128 0xb
 1046 009b 34       		.uleb128 0x34
 1047 009c 00       		.byte	0
 1048 009d 03       		.uleb128 0x3
 1049 009e 0E       		.uleb128 0xe
 1050 009f 3A       		.uleb128 0x3a
 1051 00a0 0B       		.uleb128 0xb
 1052 00a1 3B       		.uleb128 0x3b
 1053 00a2 0B       		.uleb128 0xb
 1054 00a3 49       		.uleb128 0x49
 1055 00a4 13       		.uleb128 0x13
 1056 00a5 02       		.uleb128 0x2
 1057 00a6 18       		.uleb128 0x18
 1058 00a7 00       		.byte	0
 1059 00a8 00       		.byte	0
 1060 00a9 0C       		.uleb128 0xc
 1061 00aa 2E       		.uleb128 0x2e
 1062 00ab 01       		.byte	0x1
 1063 00ac 3F       		.uleb128 0x3f
 1064 00ad 19       		.uleb128 0x19
 1065 00ae 03       		.uleb128 0x3
 1066 00af 0E       		.uleb128 0xe
 1067 00b0 3A       		.uleb128 0x3a
 1068 00b1 0B       		.uleb128 0xb
 1069 00b2 3B       		.uleb128 0x3b
 1070 00b3 0B       		.uleb128 0xb
 1071 00b4 49       		.uleb128 0x49
 1072 00b5 13       		.uleb128 0x13
 1073 00b6 3C       		.uleb128 0x3c
 1074 00b7 19       		.uleb128 0x19
 1075 00b8 00       		.byte	0
 1076 00b9 00       		.byte	0
 1077 00ba 0D       		.uleb128 0xd
 1078 00bb 18       		.uleb128 0x18
 1079 00bc 00       		.byte	0
 1080 00bd 00       		.byte	0
 1081 00be 00       		.byte	0
 1082 00bf 0E       		.uleb128 0xe
 1083 00c0 2E       		.uleb128 0x2e
 1084 00c1 01       		.byte	0x1
 1085 00c2 3F       		.uleb128 0x3f
 1086 00c3 19       		.uleb128 0x19
 1087 00c4 03       		.uleb128 0x3
 1088 00c5 0E       		.uleb128 0xe
 1089 00c6 3A       		.uleb128 0x3a
 1090 00c7 0B       		.uleb128 0xb
 1091 00c8 3B       		.uleb128 0x3b
 1092 00c9 0B       		.uleb128 0xb
 1093 00ca 27       		.uleb128 0x27
 1094 00cb 19       		.uleb128 0x19
 1095 00cc 49       		.uleb128 0x49
 1096 00cd 13       		.uleb128 0x13
 1097 00ce 11       		.uleb128 0x11
 1098 00cf 01       		.uleb128 0x1
ARM GAS  C:\Users\schmi\AppData\Local\Temp\ccWsfia6.s 			page 24


 1099 00d0 12       		.uleb128 0x12
 1100 00d1 06       		.uleb128 0x6
 1101 00d2 40       		.uleb128 0x40
 1102 00d3 18       		.uleb128 0x18
 1103 00d4 9742     		.uleb128 0x2117
 1104 00d6 19       		.uleb128 0x19
 1105 00d7 01       		.uleb128 0x1
 1106 00d8 13       		.uleb128 0x13
 1107 00d9 00       		.byte	0
 1108 00da 00       		.byte	0
 1109 00db 0F       		.uleb128 0xf
 1110 00dc 0F       		.uleb128 0xf
 1111 00dd 00       		.byte	0
 1112 00de 0B       		.uleb128 0xb
 1113 00df 0B       		.uleb128 0xb
 1114 00e0 49       		.uleb128 0x49
 1115 00e1 13       		.uleb128 0x13
 1116 00e2 00       		.byte	0
 1117 00e3 00       		.byte	0
 1118 00e4 10       		.uleb128 0x10
 1119 00e5 2E       		.uleb128 0x2e
 1120 00e6 01       		.byte	0x1
 1121 00e7 3F       		.uleb128 0x3f
 1122 00e8 19       		.uleb128 0x19
 1123 00e9 03       		.uleb128 0x3
 1124 00ea 0E       		.uleb128 0xe
 1125 00eb 3A       		.uleb128 0x3a
 1126 00ec 0B       		.uleb128 0xb
 1127 00ed 3B       		.uleb128 0x3b
 1128 00ee 0B       		.uleb128 0xb
 1129 00ef 49       		.uleb128 0x49
 1130 00f0 13       		.uleb128 0x13
 1131 00f1 3C       		.uleb128 0x3c
 1132 00f2 19       		.uleb128 0x19
 1133 00f3 01       		.uleb128 0x1
 1134 00f4 13       		.uleb128 0x13
 1135 00f5 00       		.byte	0
 1136 00f6 00       		.byte	0
 1137 00f7 11       		.uleb128 0x11
 1138 00f8 01       		.uleb128 0x1
 1139 00f9 01       		.byte	0x1
 1140 00fa 49       		.uleb128 0x49
 1141 00fb 13       		.uleb128 0x13
 1142 00fc 01       		.uleb128 0x1
 1143 00fd 13       		.uleb128 0x13
 1144 00fe 00       		.byte	0
 1145 00ff 00       		.byte	0
 1146 0100 12       		.uleb128 0x12
 1147 0101 21       		.uleb128 0x21
 1148 0102 00       		.byte	0
 1149 0103 49       		.uleb128 0x49
 1150 0104 13       		.uleb128 0x13
 1151 0105 2F       		.uleb128 0x2f
 1152 0106 0B       		.uleb128 0xb
 1153 0107 00       		.byte	0
 1154 0108 00       		.byte	0
 1155 0109 13       		.uleb128 0x13
ARM GAS  C:\Users\schmi\AppData\Local\Temp\ccWsfia6.s 			page 25


 1156 010a 26       		.uleb128 0x26
 1157 010b 00       		.byte	0
 1158 010c 49       		.uleb128 0x49
 1159 010d 13       		.uleb128 0x13
 1160 010e 00       		.byte	0
 1161 010f 00       		.byte	0
 1162 0110 14       		.uleb128 0x14
 1163 0111 34       		.uleb128 0x34
 1164 0112 00       		.byte	0
 1165 0113 03       		.uleb128 0x3
 1166 0114 0E       		.uleb128 0xe
 1167 0115 3A       		.uleb128 0x3a
 1168 0116 0B       		.uleb128 0xb
 1169 0117 3B       		.uleb128 0x3b
 1170 0118 0B       		.uleb128 0xb
 1171 0119 49       		.uleb128 0x49
 1172 011a 13       		.uleb128 0x13
 1173 011b 3F       		.uleb128 0x3f
 1174 011c 19       		.uleb128 0x19
 1175 011d 3C       		.uleb128 0x3c
 1176 011e 19       		.uleb128 0x19
 1177 011f 00       		.byte	0
 1178 0120 00       		.byte	0
 1179 0121 15       		.uleb128 0x15
 1180 0122 34       		.uleb128 0x34
 1181 0123 00       		.byte	0
 1182 0124 03       		.uleb128 0x3
 1183 0125 0E       		.uleb128 0xe
 1184 0126 3A       		.uleb128 0x3a
 1185 0127 0B       		.uleb128 0xb
 1186 0128 3B       		.uleb128 0x3b
 1187 0129 05       		.uleb128 0x5
 1188 012a 49       		.uleb128 0x49
 1189 012b 13       		.uleb128 0x13
 1190 012c 3F       		.uleb128 0x3f
 1191 012d 19       		.uleb128 0x19
 1192 012e 3C       		.uleb128 0x3c
 1193 012f 19       		.uleb128 0x19
 1194 0130 00       		.byte	0
 1195 0131 00       		.byte	0
 1196 0132 16       		.uleb128 0x16
 1197 0133 35       		.uleb128 0x35
 1198 0134 00       		.byte	0
 1199 0135 49       		.uleb128 0x49
 1200 0136 13       		.uleb128 0x13
 1201 0137 00       		.byte	0
 1202 0138 00       		.byte	0
 1203 0139 00       		.byte	0
 1204              		.section	.debug_aranges,"",%progbits
 1205 0000 44000000 		.4byte	0x44
 1206 0004 0200     		.2byte	0x2
 1207 0006 00000000 		.4byte	.Ldebug_info0
 1208 000a 04       		.byte	0x4
 1209 000b 00       		.byte	0
 1210 000c 0000     		.2byte	0
 1211 000e 0000     		.2byte	0
 1212 0010 00000000 		.4byte	.LFB110
ARM GAS  C:\Users\schmi\AppData\Local\Temp\ccWsfia6.s 			page 26


 1213 0014 16000000 		.4byte	.LFE110-.LFB110
 1214 0018 00000000 		.4byte	.LFB111
 1215 001c 5C000000 		.4byte	.LFE111-.LFB111
 1216 0020 00000000 		.4byte	.LFB112
 1217 0024 28000000 		.4byte	.LFE112-.LFB112
 1218 0028 00000000 		.4byte	.LFB113
 1219 002c 32000000 		.4byte	.LFE113-.LFB113
 1220 0030 00000000 		.4byte	.LFB114
 1221 0034 60000000 		.4byte	.LFE114-.LFB114
 1222 0038 00000000 		.4byte	.LFB115
 1223 003c 30000000 		.4byte	.LFE115-.LFB115
 1224 0040 00000000 		.4byte	0
 1225 0044 00000000 		.4byte	0
 1226              		.section	.debug_ranges,"",%progbits
 1227              	.Ldebug_ranges0:
 1228 0000 00000000 		.4byte	.LFB110
 1229 0004 16000000 		.4byte	.LFE110
 1230 0008 00000000 		.4byte	.LFB111
 1231 000c 5C000000 		.4byte	.LFE111
 1232 0010 00000000 		.4byte	.LFB112
 1233 0014 28000000 		.4byte	.LFE112
 1234 0018 00000000 		.4byte	.LFB113
 1235 001c 32000000 		.4byte	.LFE113
 1236 0020 00000000 		.4byte	.LFB114
 1237 0024 60000000 		.4byte	.LFE114
 1238 0028 00000000 		.4byte	.LFB115
 1239 002c 30000000 		.4byte	.LFE115
 1240 0030 00000000 		.4byte	0
 1241 0034 00000000 		.4byte	0
 1242              		.section	.debug_line,"",%progbits
 1243              	.Ldebug_line0:
 1244 0000 AF020000 		.section	.debug_str,"MS",%progbits,1
 1244      02002602 
 1244      00000201 
 1244      FB0E0D00 
 1244      01010101 
 1245              	.LASF76:
 1246 0000 53455645 		.ascii	"SEVEN_Init\000"
 1246      4E5F496E 
 1246      697400
 1247              	.LASF60:
 1248 000b 70617474 		.ascii	"pattern\000"
 1248      65726E00 
 1249              	.LASF38:
 1250 0013 52435F45 		.ascii	"RC_ERROR_READ_ONLY\000"
 1250      52524F52 
 1250      5F524541 
 1250      445F4F4E 
 1250      4C5900
 1251              	.LASF24:
 1252 0026 52435F53 		.ascii	"RC_SUCCESS\000"
 1252      55434345 
 1252      535300
 1253              	.LASF39:
 1254 0031 52435F45 		.ascii	"RC_ERROR_WRITE_ONLY\000"
 1254      52524F52 
 1254      5F575249 
ARM GAS  C:\Users\schmi\AppData\Local\Temp\ccWsfia6.s 			page 27


 1254      54455F4F 
 1254      4E4C5900 
 1255              	.LASF2:
 1256 0045 73686F72 		.ascii	"short int\000"
 1256      7420696E 
 1256      7400
 1257              	.LASF30:
 1258 004f 52435F45 		.ascii	"RC_ERROR_OVERRUN\000"
 1258      52524F52 
 1258      5F4F5645 
 1258      5252554E 
 1258      00
 1259              	.LASF42:
 1260 0060 52435F45 		.ascii	"RC_ERROR_WRITE_FAILS\000"
 1260      52524F52 
 1260      5F575249 
 1260      54455F46 
 1260      41494C53 
 1261              	.LASF17:
 1262 0075 73697A65 		.ascii	"sizetype\000"
 1262      74797065 
 1262      00
 1263              	.LASF73:
 1264 007e 474E5520 		.ascii	"GNU C11 5.4.1 20160609 (release) [ARM/embedded-5-br"
 1264      43313120 
 1264      352E342E 
 1264      31203230 
 1264      31363036 
 1265 00b1 616E6368 		.ascii	"anch revision 237715] -mcpu=cortex-m3 -mthumb -g -O"
 1265      20726576 
 1265      6973696F 
 1265      6E203233 
 1265      37373135 
 1266 00e4 30202D66 		.ascii	"0 -ffunction-sections -ffat-lto-objects\000"
 1266      66756E63 
 1266      74696F6E 
 1266      2D736563 
 1266      74696F6E 
 1267              	.LASF27:
 1268 010c 52435F45 		.ascii	"RC_ERROR_ZERO\000"
 1268      52524F52 
 1268      5F5A4552 
 1268      4F00
 1269              	.LASF21:
 1270 011a 45455F46 		.ascii	"EE_FREG\000"
 1270      52454700 
 1271              	.LASF59:
 1272 0122 53455645 		.ascii	"SEVEN_SetDP\000"
 1272      4E5F5365 
 1272      74445000 
 1273              	.LASF19:
 1274 012e 45455F55 		.ascii	"EE_UINT32\000"
 1274      494E5433 
 1274      3200
 1275              	.LASF22:
 1276 0138 45455F54 		.ascii	"EE_TID\000"
 1276      494400
ARM GAS  C:\Users\schmi\AppData\Local\Temp\ccWsfia6.s 			page 28


 1277              	.LASF55:
 1278 013f 76616C75 		.ascii	"value\000"
 1278      6500
 1279              	.LASF11:
 1280 0145 75696E74 		.ascii	"uint8_t\000"
 1280      385F7400 
 1281              	.LASF47:
 1282 014d 52435F45 		.ascii	"RC_ERROR_INVALID_STATE\000"
 1282      52524F52 
 1282      5F494E56 
 1282      414C4944 
 1282      5F535441 
 1283              	.LASF71:
 1284 0164 45455F49 		.ascii	"EE_IRQ_nesting_level\000"
 1284      52515F6E 
 1284      65737469 
 1284      6E675F6C 
 1284      6576656C 
 1285              	.LASF70:
 1286 0179 45455F73 		.ascii	"EE_std_endcycle_next_tid\000"
 1286      74645F65 
 1286      6E646379 
 1286      636C655F 
 1286      6E657874 
 1287              	.LASF0:
 1288 0192 7369676E 		.ascii	"signed char\000"
 1288      65642063 
 1288      68617200 
 1289              	.LASF13:
 1290 019e 666C6F61 		.ascii	"float\000"
 1290      7400
 1291              	.LASF49:
 1292 01a4 52435F45 		.ascii	"RC_ERROR_NOT_IMPLEMENTED\000"
 1292      52524F52 
 1292      5F4E4F54 
 1292      5F494D50 
 1292      4C454D45 
 1293              	.LASF8:
 1294 01bd 6C6F6E67 		.ascii	"long long int\000"
 1294      206C6F6E 
 1294      6720696E 
 1294      7400
 1295              	.LASF68:
 1296 01cb 45455F6F 		.ascii	"EE_oo_IRQ_suspend_status\000"
 1296      6F5F4952 
 1296      515F7375 
 1296      7370656E 
 1296      645F7374 
 1297              	.LASF58:
 1298 01e4 53455645 		.ascii	"SEVEN_SetHex\000"
 1298      4E5F5365 
 1298      74486578 
 1298      00
 1299              	.LASF43:
 1300 01f1 52435F45 		.ascii	"RC_ERROR_NOT_MATCH\000"
 1300      52524F52 
 1300      5F4E4F54 
ARM GAS  C:\Users\schmi\AppData\Local\Temp\ccWsfia6.s 			page 29


 1300      5F4D4154 
 1300      434800
 1301              	.LASF48:
 1302 0204 52435F45 		.ascii	"RC_ERROR_UNKNOWN\000"
 1302      52524F52 
 1302      5F554E4B 
 1302      4E4F574E 
 1302      00
 1303              	.LASF56:
 1304 0215 53455645 		.ascii	"SEVEN_Set\000"
 1304      4E5F5365 
 1304      7400
 1305              	.LASF6:
 1306 021f 6C6F6E67 		.ascii	"long int\000"
 1306      20696E74 
 1306      00
 1307              	.LASF31:
 1308 0228 52435F45 		.ascii	"RC_ERROR_UNDERRUN\000"
 1308      52524F52 
 1308      5F554E44 
 1308      45525255 
 1308      4E00
 1309              	.LASF34:
 1310 023a 52435F45 		.ascii	"RC_ERROR_BUSY\000"
 1310      52524F52 
 1310      5F425553 
 1310      5900
 1311              	.LASF4:
 1312 0248 5F5F7569 		.ascii	"__uint8_t\000"
 1312      6E74385F 
 1312      7400
 1313              	.LASF65:
 1314 0252 53455645 		.ascii	"SEVEN__latch_value\000"
 1314      4E5F5F6C 
 1314      61746368 
 1314      5F76616C 
 1314      756500
 1315              	.LASF66:
 1316 0265 53455645 		.ascii	"SEVEN__latch_pattern\000"
 1316      4E5F5F6C 
 1316      61746368 
 1316      5F706174 
 1316      7465726E 
 1317              	.LASF45:
 1318 027a 52435F45 		.ascii	"RC_ERROR_BAD_DATA\000"
 1318      52524F52 
 1318      5F424144 
 1318      5F444154 
 1318      4100
 1319              	.LASF54:
 1320 028c 73657665 		.ascii	"sevenId\000"
 1320      6E496400 
 1321              	.LASF63:
 1322 0294 53455645 		.ascii	"SEVEN_Clear\000"
 1322      4E5F436C 
 1322      65617200 
 1323              	.LASF16:
ARM GAS  C:\Users\schmi\AppData\Local\Temp\ccWsfia6.s 			page 30


 1324 02a0 6C6F6E67 		.ascii	"long double\000"
 1324      20646F75 
 1324      626C6500 
 1325              	.LASF1:
 1326 02ac 756E7369 		.ascii	"unsigned char\000"
 1326      676E6564 
 1326      20636861 
 1326      7200
 1327              	.LASF51:
 1328 02ba 53455645 		.ascii	"SEVEN_0\000"
 1328      4E5F3000 
 1329              	.LASF52:
 1330 02c2 53455645 		.ascii	"SEVEN_1\000"
 1330      4E5F3100 
 1331              	.LASF9:
 1332 02ca 6C6F6E67 		.ascii	"long long unsigned int\000"
 1332      206C6F6E 
 1332      6720756E 
 1332      7369676E 
 1332      65642069 
 1333              	.LASF10:
 1334 02e1 756E7369 		.ascii	"unsigned int\000"
 1334      676E6564 
 1334      20696E74 
 1334      00
 1335              	.LASF36:
 1336 02ee 52435F45 		.ascii	"RC_ERROR_OPEN\000"
 1336      52524F52 
 1336      5F4F5045 
 1336      4E00
 1337              	.LASF64:
 1338 02fc 53455645 		.ascii	"SEVEN__BitPattern\000"
 1338      4E5F5F42 
 1338      69745061 
 1338      74746572 
 1338      6E00
 1339              	.LASF26:
 1340 030e 52435F45 		.ascii	"RC_ERROR_NULL\000"
 1340      52524F52 
 1340      5F4E554C 
 1340      4C00
 1341              	.LASF33:
 1342 031c 52435F45 		.ascii	"RC_ERROR_BUFFER_EMTPY\000"
 1342      52524F52 
 1342      5F425546 
 1342      4645525F 
 1342      454D5450 
 1343              	.LASF18:
 1344 0332 45455F49 		.ascii	"EE_INT32\000"
 1344      4E543332 
 1344      00
 1345              	.LASF3:
 1346 033b 73686F72 		.ascii	"short unsigned int\000"
 1346      7420756E 
 1346      7369676E 
 1346      65642069 
 1346      6E7400
ARM GAS  C:\Users\schmi\AppData\Local\Temp\ccWsfia6.s 			page 31


 1347              	.LASF61:
 1348 034e 53455645 		.ascii	"SEVEN_reg_Write\000"
 1348      4E5F7265 
 1348      675F5772 
 1348      69746500 
 1349              	.LASF15:
 1350 035e 63686172 		.ascii	"char\000"
 1350      00
 1351              	.LASF75:
 1352 0363 433A5C55 		.ascii	"C:\\Users\\schmi\\OneDrive\\Dokumente\\PSoC Creator"
 1352      73657273 
 1352      5C736368 
 1352      6D695C4F 
 1352      6E654472 
 1353 0391 5C4A736F 		.ascii	"\\JsonParserLAB3\\holidayProject\\setUpEnv.cydsn\000"
 1353      6E506172 
 1353      7365724C 
 1353      4142335C 
 1353      686F6C69 
 1354              	.LASF32:
 1355 03bf 52435F45 		.ascii	"RC_ERROR_BUFFER_FULL\000"
 1355      52524F52 
 1355      5F425546 
 1355      4645525F 
 1355      46554C4C 
 1356              	.LASF12:
 1357 03d4 696E7433 		.ascii	"int32_t\000"
 1357      325F7400 
 1358              	.LASF57:
 1359 03dc 53455645 		.ascii	"SEVEN_Get\000"
 1359      4E5F4765 
 1359      7400
 1360              	.LASF41:
 1361 03e6 52435F45 		.ascii	"RC_ERROR_READ_FAILS\000"
 1361      52524F52 
 1361      5F524541 
 1361      445F4641 
 1361      494C5300 
 1362              	.LASF44:
 1363 03fa 52435F45 		.ascii	"RC_ERROR_BAD_PARAM\000"
 1363      52524F52 
 1363      5F424144 
 1363      5F504152 
 1363      414D00
 1364              	.LASF69:
 1365 040d 45455F41 		.ascii	"EE_ApplicationMode\000"
 1365      70706C69 
 1365      63617469 
 1365      6F6E4D6F 
 1365      646500
 1366              	.LASF7:
 1367 0420 6C6F6E67 		.ascii	"long unsigned int\000"
 1367      20756E73 
 1367      69676E65 
 1367      6420696E 
 1367      7400
 1368              	.LASF14:
ARM GAS  C:\Users\schmi\AppData\Local\Temp\ccWsfia6.s 			page 32


 1369 0432 646F7562 		.ascii	"double\000"
 1369      6C6500
 1370              	.LASF53:
 1371 0439 53455645 		.ascii	"SEVEN_id_t\000"
 1371      4E5F6964 
 1371      5F7400
 1372              	.LASF37:
 1373 0444 52435F45 		.ascii	"RC_ERROR_CHECKSUM\000"
 1373      52524F52 
 1373      5F434845 
 1373      434B5355 
 1373      4D00
 1374              	.LASF20:
 1375 0456 45455F55 		.ascii	"EE_UREG\000"
 1375      52454700 
 1376              	.LASF29:
 1377 045e 52435F45 		.ascii	"RC_ERROR_RANGE\000"
 1377      52524F52 
 1377      5F52414E 
 1377      474500
 1378              	.LASF5:
 1379 046d 5F5F696E 		.ascii	"__int32_t\000"
 1379      7433325F 
 1379      7400
 1380              	.LASF62:
 1381 0477 53455645 		.ascii	"SEVEN_DP_Write\000"
 1381      4E5F4450 
 1381      5F577269 
 1381      746500
 1382              	.LASF74:
 1383 0486 736F7572 		.ascii	"source\\bsw\\labboard\\seven.c\000"
 1383      63655C62 
 1383      73775C6C 
 1383      6162626F 
 1383      6172645C 
 1384              	.LASF46:
 1385 04a2 52435F45 		.ascii	"RC_ERROR_CANCELED\000"
 1385      52524F52 
 1385      5F43414E 
 1385      43454C45 
 1385      4400
 1386              	.LASF40:
 1387 04b4 52435F45 		.ascii	"RC_ERROR_INVALID\000"
 1387      52524F52 
 1387      5F494E56 
 1387      414C4944 
 1387      00
 1388              	.LASF72:
 1389 04c5 49544D5F 		.ascii	"ITM_RxBuffer\000"
 1389      52784275 
 1389      66666572 
 1389      00
 1390              	.LASF25:
 1391 04d2 52435F45 		.ascii	"RC_ERROR\000"
 1391      52524F52 
 1391      00
 1392              	.LASF28:
ARM GAS  C:\Users\schmi\AppData\Local\Temp\ccWsfia6.s 			page 33


 1393 04db 52435F45 		.ascii	"RC_ERROR_MEMORY\000"
 1393      52524F52 
 1393      5F4D454D 
 1393      4F525900 
 1394              	.LASF67:
 1395 04eb 45455F6F 		.ascii	"EE_oo_IRQ_disable_count\000"
 1395      6F5F4952 
 1395      515F6469 
 1395      7361626C 
 1395      655F636F 
 1396              	.LASF50:
 1397 0503 52435F74 		.ascii	"RC_t\000"
 1397      00
 1398              	.LASF23:
 1399 0508 73696E74 		.ascii	"sint8_t\000"
 1399      385F7400 
 1400              	.LASF35:
 1401 0510 52435F45 		.ascii	"RC_ERROR_TIME_OUT\000"
 1401      52524F52 
 1401      5F54494D 
 1401      455F4F55 
 1401      5400
 1402              		.ident	"GCC: (GNU Tools for ARM Embedded Processors) 5.4.1 20160609 (release) [ARM/embedded-5-bran
